<?xml version="1.0" encoding="utf-8"?>
<test-run id="2" name="GVFS.UnitTests.dll" fullname="D:/a/1/BuildOutput/GVFS.UnitTests/bin/x64/release/netcoreapp2.1/GVFS.UnitTests.dll" testcasecount="570" result="Passed" start-time="2019-11-11 20:29:15Z" end-time="2019-11-11 20:29:29Z" duration="14.030791" total="566" passed="566" failed="0" inconclusive="0" skipped="0" asserts="5570" random-seed="774096602">
  <command-line><![CDATA[D:\a\1\BuildOutput\GVFS.UnitTests\bin\x64\release\netcoreapp2.1\GVFS.UnitTests.dll]]></command-line>
  <filter>
    <not>
      <cat>CaseSensitiveFileSystemOnly</cat>
    </not>
  </filter>
  <test-suite type="Assembly" id="2180" name="GVFS.UnitTests.dll" fullname="D:/a/1/BuildOutput/GVFS.UnitTests/bin/x64/release/netcoreapp2.1/GVFS.UnitTests.dll" runstate="Runnable" testcasecount="570" result="Passed" start-time="2019-11-11 20:29:15Z" end-time="2019-11-11 20:29:29Z" duration="14.030791" total="566" passed="566" failed="0" warnings="0" inconclusive="0" skipped="0" asserts="5570">
    <environment framework-version="3.12.0.0" clr-version="4.0.30319.42000" os-version="Microsoft Windows 10.0.14393 " platform="Win32NT" cwd="D:\a\1\s" machine-name="fv-az639" user="VssAdministrator" user-domain="fv-az639" culture="en-US" uiculture="en-US" os-architecture="x64" />
    <settings>
      <setting name="WorkDirectory" value="D:\a\1\s" />
      <setting name="NumberOfTestWorkers" value="2" />
    </settings>
    <properties>
      <property name="_PID" value="672" />
      <property name="_APPDOMAIN" value="GVFS.UnitTests" />
    </properties>
    <test-suite type="TestSuite" id="2181" name="GVFS" fullname="GVFS" runstate="Runnable" testcasecount="570" result="Passed" start-time="2019-11-11 20:29:15Z" end-time="2019-11-11 20:29:29Z" duration="14.021373" total="566" passed="566" failed="0" warnings="0" inconclusive="0" skipped="0" asserts="5570">
      <properties />
      <test-suite type="SetUpFixture" id="1000" name="UnitTests" fullname="GVFS.UnitTests.Setup" classname="GVFS.UnitTests.Setup" runstate="Runnable" testcasecount="570" result="Passed" start-time="2019-11-11 20:29:15Z" end-time="2019-11-11 20:29:29Z" duration="14.005089" total="566" passed="566" failed="0" warnings="0" inconclusive="0" skipped="0" asserts="5570">
        <properties />
        <test-suite type="TestSuite" id="2198" name="CommandLine" fullname="GVFS.UnitTests.CommandLine" runstate="Runnable" testcasecount="5" result="Passed" start-time="2019-11-11 20:29:15Z" end-time="2019-11-11 20:29:15Z" duration="0.157602" total="5" passed="5" failed="0" warnings="0" inconclusive="0" skipped="0" asserts="14">
          <properties />
          <test-suite type="TestFixture" id="2169" name="HooksInstallerTests" fullname="GVFS.UnitTests.CommandLine.HooksInstallerTests" classname="GVFS.UnitTests.CommandLine.HooksInstallerTests" runstate="Runnable" testcasecount="5" result="Passed" start-time="2019-11-11 20:29:15Z" end-time="2019-11-11 20:29:15Z" duration="0.157239" total="5" passed="5" failed="0" warnings="0" inconclusive="0" skipped="0" asserts="14">
            <properties />
            <test-suite type="ParameterizedMethod" id="2179" name="MergeHooksDataDiscardBlankLines" fullname="GVFS.UnitTests.CommandLine.HooksInstallerTests.MergeHooksDataDiscardBlankLines" classname="GVFS.UnitTests.CommandLine.HooksInstallerTests" runstate="Runnable" testcasecount="1" result="Passed" start-time="2019-11-11 20:29:15Z" end-time="2019-11-11 20:29:15Z" duration="0.034275" total="1" passed="1" failed="0" warnings="0" inconclusive="0" skipped="0" asserts="4">
              <properties />
              <test-case id="2178" name="MergeHooksDataDiscardBlankLines()" fullname="GVFS.UnitTests.CommandLine.HooksInstallerTests.MergeHooksDataDiscardBlankLines()" methodname="MergeHooksDataDiscardBlankLines" classname="GVFS.UnitTests.CommandLine.HooksInstallerTests" runstate="Runnable" seed="804040960" result="Passed" start-time="2019-11-11 20:29:15Z" end-time="2019-11-11 20:29:15Z" duration="0.028226" asserts="4">
                <properties />
              </test-case>
            </test-suite>
            <test-suite type="ParameterizedMethod" id="2173" name="MergeHooksDataEmptyConfig" fullname="GVFS.UnitTests.CommandLine.HooksInstallerTests.MergeHooksDataEmptyConfig" classname="GVFS.UnitTests.CommandLine.HooksInstallerTests" runstate="Runnable" testcasecount="1" result="Passed" start-time="2019-11-11 20:29:15Z" end-time="2019-11-11 20:29:15Z" duration="0.011830" total="1" passed="1" failed="0" warnings="0" inconclusive="0" skipped="0" asserts="1">
              <properties />
              <test-case id="2172" name="MergeHooksDataEmptyConfig()" fullname="GVFS.UnitTests.CommandLine.HooksInstallerTests.MergeHooksDataEmptyConfig()" methodname="MergeHooksDataEmptyConfig" classname="GVFS.UnitTests.CommandLine.HooksInstallerTests" runstate="Runnable" seed="2006465287" result="Passed" start-time="2019-11-11 20:29:15Z" end-time="2019-11-11 20:29:15Z" duration="0.011717" asserts="1">
                <properties />
              </test-case>
            </test-suite>
            <test-suite type="ParameterizedMethod" id="2177" name="MergeHooksDataPostCommandFirst" fullname="GVFS.UnitTests.CommandLine.HooksInstallerTests.MergeHooksDataPostCommandFirst" classname="GVFS.UnitTests.CommandLine.HooksInstallerTests" runstate="Runnable" testcasecount="1" result="Passed" start-time="2019-11-11 20:29:15Z" end-time="2019-11-11 20:29:15Z" duration="0.000939" total="1" passed="1" failed="0" warnings="0" inconclusive="0" skipped="0" asserts="4">
              <properties />
              <test-case id="2176" name="MergeHooksDataPostCommandFirst()" fullname="GVFS.UnitTests.CommandLine.HooksInstallerTests.MergeHooksDataPostCommandFirst()" methodname="MergeHooksDataPostCommandFirst" classname="GVFS.UnitTests.CommandLine.HooksInstallerTests" runstate="Runnable" seed="8825106" result="Passed" start-time="2019-11-11 20:29:15Z" end-time="2019-11-11 20:29:15Z" duration="0.000907" asserts="4">
                <properties />
              </test-case>
            </test-suite>
            <test-suite type="ParameterizedMethod" id="2175" name="MergeHooksDataPreCommandLast" fullname="GVFS.UnitTests.CommandLine.HooksInstallerTests.MergeHooksDataPreCommandLast" classname="GVFS.UnitTests.CommandLine.HooksInstallerTests" runstate="Runnable" testcasecount="1" result="Passed" start-time="2019-11-11 20:29:15Z" end-time="2019-11-11 20:29:15Z" duration="0.000956" total="1" passed="1" failed="0" warnings="0" inconclusive="0" skipped="0" asserts="4">
              <properties />
              <test-case id="2174" name="MergeHooksDataPreCommandLast()" fullname="GVFS.UnitTests.CommandLine.HooksInstallerTests.MergeHooksDataPreCommandLast()" methodname="MergeHooksDataPreCommandLast" classname="GVFS.UnitTests.CommandLine.HooksInstallerTests" runstate="Runnable" seed="2089066521" result="Passed" start-time="2019-11-11 20:29:15Z" end-time="2019-11-11 20:29:15Z" duration="0.000928" asserts="4">
                <properties />
              </test-case>
            </test-suite>
            <test-suite type="ParameterizedMethod" id="2171" name="MergeHooksDataThrowsOnFoundGVFSHooks" fullname="GVFS.UnitTests.CommandLine.HooksInstallerTests.MergeHooksDataThrowsOnFoundGVFSHooks" classname="GVFS.UnitTests.CommandLine.HooksInstallerTests" runstate="Runnable" testcasecount="1" result="Passed" start-time="2019-11-11 20:29:15Z" end-time="2019-11-11 20:29:15Z" duration="0.107314" total="1" passed="1" failed="0" warnings="0" inconclusive="0" skipped="0" asserts="1">
              <properties>
                <property name="Category" value="ExceptionExpected" />
              </properties>
              <test-case id="2170" name="MergeHooksDataThrowsOnFoundGVFSHooks()" fullname="GVFS.UnitTests.CommandLine.HooksInstallerTests.MergeHooksDataThrowsOnFoundGVFSHooks()" methodname="MergeHooksDataThrowsOnFoundGVFSHooks" classname="GVFS.UnitTests.CommandLine.HooksInstallerTests" runstate="Runnable" seed="1652268744" result="Passed" start-time="2019-11-11 20:29:15Z" end-time="2019-11-11 20:29:15Z" duration="0.107281" asserts="1">
                <properties />
              </test-case>
            </test-suite>
          </test-suite>
        </test-suite>
        <test-suite type="TestSuite" id="2194" name="Common" fullname="GVFS.UnitTests.Common" runstate="Runnable" testcasecount="299" result="Passed" start-time="2019-11-11 20:29:15Z" end-time="2019-11-11 20:29:24Z" duration="9.563283" total="299" passed="299" failed="0" warnings="0" inconclusive="0" skipped="0" asserts="1882">
          <properties />
          <test-suite type="TestFixture" id="1583" name="CacheServerResolverTests" fullname="GVFS.UnitTests.Common.CacheServerResolverTests" classname="GVFS.UnitTests.Common.CacheServerResolverTests" runstate="Runnable" testcasecount="13" result="Passed" start-time="2019-11-11 20:29:15Z" end-time="2019-11-11 20:29:16Z" duration="1.108275" total="13" passed="13" failed="0" warnings="0" inconclusive="0" skipped="0" asserts="72">
            <properties />
            <test-suite type="ParameterizedMethod" id="1585" name="CanGetCacheServerFromNewConfig" fullname="GVFS.UnitTests.Common.CacheServerResolverTests.CanGetCacheServerFromNewConfig" classname="GVFS.UnitTests.Common.CacheServerResolverTests" runstate="Runnable" testcasecount="1" result="Passed" start-time="2019-11-11 20:29:15Z" end-time="2019-11-11 20:29:15Z" duration="0.079329" total="1" passed="1" failed="0" warnings="0" inconclusive="0" skipped="0" asserts="4">
              <properties />
              <test-case id="1584" name="CanGetCacheServerFromNewConfig()" fullname="GVFS.UnitTests.Common.CacheServerResolverTests.CanGetCacheServerFromNewConfig()" methodname="CanGetCacheServerFromNewConfig" classname="GVFS.UnitTests.Common.CacheServerResolverTests" runstate="Runnable" seed="1717318477" result="Passed" start-time="2019-11-11 20:29:15Z" end-time="2019-11-11 20:29:15Z" duration="0.079296" asserts="4">
                <properties />
              </test-case>
            </test-suite>
            <test-suite type="ParameterizedMethod" id="1587" name="CanGetCacheServerFromOldConfig" fullname="GVFS.UnitTests.Common.CacheServerResolverTests.CanGetCacheServerFromOldConfig" classname="GVFS.UnitTests.Common.CacheServerResolverTests" runstate="Runnable" testcasecount="1" result="Passed" start-time="2019-11-11 20:29:15Z" end-time="2019-11-11 20:29:15Z" duration="0.004308" total="1" passed="1" failed="0" warnings="0" inconclusive="0" skipped="0" asserts="6">
              <properties />
              <test-case id="1586" name="CanGetCacheServerFromOldConfig()" fullname="GVFS.UnitTests.Common.CacheServerResolverTests.CanGetCacheServerFromOldConfig()" methodname="CanGetCacheServerFromOldConfig" classname="GVFS.UnitTests.Common.CacheServerResolverTests" runstate="Runnable" seed="1628791424" result="Passed" start-time="2019-11-11 20:29:15Z" end-time="2019-11-11 20:29:15Z" duration="0.004232" asserts="6">
                <properties />
              </test-case>
            </test-suite>
            <test-suite type="ParameterizedMethod" id="1589" name="CanGetCacheServerWithNoConfig" fullname="GVFS.UnitTests.Common.CacheServerResolverTests.CanGetCacheServerWithNoConfig" classname="GVFS.UnitTests.Common.CacheServerResolverTests" runstate="Runnable" testcasecount="1" result="Passed" start-time="2019-11-11 20:29:15Z" end-time="2019-11-11 20:29:15Z" duration="0.002673" total="1" passed="1" failed="0" warnings="0" inconclusive="0" skipped="0" asserts="7">
              <properties />
              <test-case id="1588" name="CanGetCacheServerWithNoConfig()" fullname="GVFS.UnitTests.Common.CacheServerResolverTests.CanGetCacheServerWithNoConfig()" methodname="CanGetCacheServerWithNoConfig" classname="GVFS.UnitTests.Common.CacheServerResolverTests" runstate="Runnable" seed="672219951" result="Passed" start-time="2019-11-11 20:29:15Z" end-time="2019-11-11 20:29:15Z" duration="0.002637" asserts="7">
                <properties />
              </test-case>
            </test-suite>
            <test-suite type="ParameterizedMethod" id="1603" name="CanParseAndResolveDefault" fullname="GVFS.UnitTests.Common.CacheServerResolverTests.CanParseAndResolveDefault" classname="GVFS.UnitTests.Common.CacheServerResolverTests" runstate="Runnable" testcasecount="1" result="Passed" start-time="2019-11-11 20:29:15Z" end-time="2019-11-11 20:29:15Z" duration="0.027778" total="1" passed="1" failed="0" warnings="0" inconclusive="0" skipped="0" asserts="4">
              <properties />
              <test-case id="1602" name="CanParseAndResolveDefault()" fullname="GVFS.UnitTests.Common.CacheServerResolverTests.CanParseAndResolveDefault()" methodname="CanParseAndResolveDefault" classname="GVFS.UnitTests.Common.CacheServerResolverTests" runstate="Runnable" seed="948585525" result="Passed" start-time="2019-11-11 20:29:15Z" end-time="2019-11-11 20:29:15Z" duration="0.027724" asserts="4">
                <properties />
              </test-case>
            </test-suite>
            <test-suite type="ParameterizedMethod" id="1607" name="CanParseAndResolveDefaultWhenServerAdvertisesNullListOfCacheServers" fullname="GVFS.UnitTests.Common.CacheServerResolverTests.CanParseAndResolveDefaultWhenServerAdvertisesNullListOfCacheServers" classname="GVFS.UnitTests.Common.CacheServerResolverTests" runstate="Runnable" testcasecount="1" result="Passed" start-time="2019-11-11 20:29:15Z" end-time="2019-11-11 20:29:16Z" duration="0.974421" total="1" passed="1" failed="0" warnings="0" inconclusive="0" skipped="0" asserts="3">
              <properties />
              <test-case id="1606" name="CanParseAndResolveDefaultWhenServerAdvertisesNullListOfCacheServers()" fullname="GVFS.UnitTests.Common.CacheServerResolverTests.CanParseAndResolveDefaultWhenServerAdvertisesNullListOfCacheServers()" methodname="CanParseAndResolveDefaultWhenServerAdvertisesNullListOfCacheServers" classname="GVFS.UnitTests.Common.CacheServerResolverTests" runstate="Runnable" seed="348040715" result="Passed" start-time="2019-11-11 20:29:15Z" end-time="2019-11-11 20:29:16Z" duration="0.974373" asserts="3">
                <properties />
              </test-case>
            </test-suite>
            <test-suite type="ParameterizedMethod" id="1605" name="CanParseAndResolveNoCacheServer" fullname="GVFS.UnitTests.Common.CacheServerResolverTests.CanParseAndResolveNoCacheServer" classname="GVFS.UnitTests.Common.CacheServerResolverTests" runstate="Runnable" testcasecount="1" result="Passed" start-time="2019-11-11 20:29:16Z" end-time="2019-11-11 20:29:16Z" duration="0.003080" total="1" passed="1" failed="0" warnings="0" inconclusive="0" skipped="0" asserts="21">
              <properties />
              <test-case id="1604" name="CanParseAndResolveNoCacheServer()" fullname="GVFS.UnitTests.Common.CacheServerResolverTests.CanParseAndResolveNoCacheServer()" methodname="CanParseAndResolveNoCacheServer" classname="GVFS.UnitTests.Common.CacheServerResolverTests" runstate="Runnable" seed="1344147031" result="Passed" start-time="2019-11-11 20:29:16Z" end-time="2019-11-11 20:29:16Z" duration="0.003036" asserts="21">
                <properties />
              </test-case>
            </test-suite>
            <test-suite type="ParameterizedMethod" id="1609" name="CanParseAndResolveOtherWhenServerAdvertisesNullListOfCacheServers" fullname="GVFS.UnitTests.Common.CacheServerResolverTests.CanParseAndResolveOtherWhenServerAdvertisesNullListOfCacheServers" classname="GVFS.UnitTests.Common.CacheServerResolverTests" runstate="Runnable" testcasecount="1" result="Passed" start-time="2019-11-11 20:29:16Z" end-time="2019-11-11 20:29:16Z" duration="0.002181" total="1" passed="1" failed="0" warnings="0" inconclusive="0" skipped="0" asserts="3">
              <properties />
              <test-case id="1608" name="CanParseAndResolveOtherWhenServerAdvertisesNullListOfCacheServers()" fullname="GVFS.UnitTests.Common.CacheServerResolverTests.CanParseAndResolveOtherWhenServerAdvertisesNullListOfCacheServers()" methodname="CanParseAndResolveOtherWhenServerAdvertisesNullListOfCacheServers" classname="GVFS.UnitTests.Common.CacheServerResolverTests" runstate="Runnable" seed="1700172350" result="Passed" start-time="2019-11-11 20:29:16Z" end-time="2019-11-11 20:29:16Z" duration="0.002140" asserts="3">
                <properties />
              </test-case>
            </test-suite>
            <test-suite type="ParameterizedMethod" id="1601" name="CanParseName" fullname="GVFS.UnitTests.Common.CacheServerResolverTests.CanParseName" classname="GVFS.UnitTests.Common.CacheServerResolverTests" runstate="Runnable" testcasecount="1" result="Passed" start-time="2019-11-11 20:29:16Z" end-time="2019-11-11 20:29:16Z" duration="0.002334" total="1" passed="1" failed="0" warnings="0" inconclusive="0" skipped="0" asserts="2">
              <properties />
              <test-case id="1600" name="CanParseName()" fullname="GVFS.UnitTests.Common.CacheServerResolverTests.CanParseName()" methodname="CanParseName" classname="GVFS.UnitTests.Common.CacheServerResolverTests" runstate="Runnable" seed="1423870688" result="Passed" start-time="2019-11-11 20:29:16Z" end-time="2019-11-11 20:29:16Z" duration="0.002308" asserts="2">
                <properties />
              </test-case>
            </test-suite>
            <test-suite type="ParameterizedMethod" id="1599" name="CanParseUrl" fullname="GVFS.UnitTests.Common.CacheServerResolverTests.CanParseUrl" classname="GVFS.UnitTests.Common.CacheServerResolverTests" runstate="Runnable" testcasecount="1" result="Passed" start-time="2019-11-11 20:29:16Z" end-time="2019-11-11 20:29:16Z" duration="0.002459" total="1" passed="1" failed="0" warnings="0" inconclusive="0" skipped="0" asserts="2">
              <properties />
              <test-case id="1598" name="CanParseUrl()" fullname="GVFS.UnitTests.Common.CacheServerResolverTests.CanParseUrl()" methodname="CanParseUrl" classname="GVFS.UnitTests.Common.CacheServerResolverTests" runstate="Runnable" seed="703013639" result="Passed" start-time="2019-11-11 20:29:16Z" end-time="2019-11-11 20:29:16Z" duration="0.002428" asserts="2">
                <properties />
              </test-case>
            </test-suite>
            <test-suite type="ParameterizedMethod" id="1595" name="CanResolveNameFromCustomUrl" fullname="GVFS.UnitTests.Common.CacheServerResolverTests.CanResolveNameFromCustomUrl" classname="GVFS.UnitTests.Common.CacheServerResolverTests" runstate="Runnable" testcasecount="1" result="Passed" start-time="2019-11-11 20:29:16Z" end-time="2019-11-11 20:29:16Z" duration="0.002726" total="1" passed="1" failed="0" warnings="0" inconclusive="0" skipped="0" asserts="2">
              <properties />
              <test-case id="1594" name="CanResolveNameFromCustomUrl()" fullname="GVFS.UnitTests.Common.CacheServerResolverTests.CanResolveNameFromCustomUrl()" methodname="CanResolveNameFromCustomUrl" classname="GVFS.UnitTests.Common.CacheServerResolverTests" runstate="Runnable" seed="652965357" result="Passed" start-time="2019-11-11 20:29:16Z" end-time="2019-11-11 20:29:16Z" duration="0.002645" asserts="2">
                <properties />
              </test-case>
            </test-suite>
            <test-suite type="ParameterizedMethod" id="1593" name="CanResolveNameFromKnownUrl" fullname="GVFS.UnitTests.Common.CacheServerResolverTests.CanResolveNameFromKnownUrl" classname="GVFS.UnitTests.Common.CacheServerResolverTests" runstate="Runnable" testcasecount="1" result="Passed" start-time="2019-11-11 20:29:16Z" end-time="2019-11-11 20:29:16Z" duration="0.002024" total="1" passed="1" failed="0" warnings="0" inconclusive="0" skipped="0" asserts="2">
              <properties />
              <test-case id="1592" name="CanResolveNameFromKnownUrl()" fullname="GVFS.UnitTests.Common.CacheServerResolverTests.CanResolveNameFromKnownUrl()" methodname="CanResolveNameFromKnownUrl" classname="GVFS.UnitTests.Common.CacheServerResolverTests" runstate="Runnable" seed="882827331" result="Passed" start-time="2019-11-11 20:29:16Z" end-time="2019-11-11 20:29:16Z" duration="0.001987" asserts="2">
                <properties />
              </test-case>
            </test-suite>
            <test-suite type="ParameterizedMethod" id="1597" name="CanResolveUrlAsRepoUrl" fullname="GVFS.UnitTests.Common.CacheServerResolverTests.CanResolveUrlAsRepoUrl" classname="GVFS.UnitTests.Common.CacheServerResolverTests" runstate="Runnable" testcasecount="1" result="Passed" start-time="2019-11-11 20:29:16Z" end-time="2019-11-11 20:29:16Z" duration="0.002438" total="1" passed="1" failed="0" warnings="0" inconclusive="0" skipped="0" asserts="14">
              <properties />
              <test-case id="1596" name="CanResolveUrlAsRepoUrl()" fullname="GVFS.UnitTests.Common.CacheServerResolverTests.CanResolveUrlAsRepoUrl()" methodname="CanResolveUrlAsRepoUrl" classname="GVFS.UnitTests.Common.CacheServerResolverTests" runstate="Runnable" seed="2066372667" result="Passed" start-time="2019-11-11 20:29:16Z" end-time="2019-11-11 20:29:16Z" duration="0.002407" asserts="14">
                <properties />
              </test-case>
            </test-suite>
            <test-suite type="ParameterizedMethod" id="1591" name="CanResolveUrlForKnownName" fullname="GVFS.UnitTests.Common.CacheServerResolverTests.CanResolveUrlForKnownName" classname="GVFS.UnitTests.Common.CacheServerResolverTests" runstate="Runnable" testcasecount="1" result="Passed" start-time="2019-11-11 20:29:16Z" end-time="2019-11-11 20:29:16Z" duration="0.002320" total="1" passed="1" failed="0" warnings="0" inconclusive="0" skipped="0" asserts="2">
              <properties />
              <test-case id="1590" name="CanResolveUrlForKnownName()" fullname="GVFS.UnitTests.Common.CacheServerResolverTests.CanResolveUrlForKnownName()" methodname="CanResolveUrlForKnownName" classname="GVFS.UnitTests.Common.CacheServerResolverTests" runstate="Runnable" seed="984911917" result="Passed" start-time="2019-11-11 20:29:16Z" end-time="2019-11-11 20:29:16Z" duration="0.002277" asserts="2">
                <properties />
              </test-case>
            </test-suite>
          </test-suite>
          <test-suite type="TestSuite" id="2197" name="Database" fullname="GVFS.UnitTests.Common.Database" runstate="Runnable" testcasecount="49" result="Passed" start-time="2019-11-11 20:29:15Z" end-time="2019-11-11 20:29:18Z" duration="2.936119" total="49" passed="49" failed="0" warnings="0" inconclusive="0" skipped="0" asserts="111">
            <properties />
            <test-suite type="TestFixture" id="2068" name="GVFSDatabaseTests" fullname="GVFS.UnitTests.Common.Database.GVFSDatabaseTests" classname="GVFS.UnitTests.Common.Database.GVFSDatabaseTests" runstate="Runnable" testcasecount="5" result="Passed" start-time="2019-11-11 20:29:16Z" end-time="2019-11-11 20:29:17Z" duration="0.682005" total="5" passed="5" failed="0" warnings="0" inconclusive="0" skipped="0" asserts="5">
              <properties />
              <test-suite type="ParameterizedMethod" id="2070" name="ConstructorTest" fullname="GVFS.UnitTests.Common.Database.GVFSDatabaseTests.ConstructorTest" classname="GVFS.UnitTests.Common.Database.GVFSDatabaseTests" runstate="Runnable" testcasecount="1" result="Passed" start-time="2019-11-11 20:29:16Z" end-time="2019-11-11 20:29:17Z" duration="0.617796" total="1" passed="1" failed="0" warnings="0" inconclusive="0" skipped="0" asserts="0">
                <properties />
                <test-case id="2069" name="ConstructorTest()" fullname="GVFS.UnitTests.Common.Database.GVFSDatabaseTests.ConstructorTest()" methodname="ConstructorTest" classname="GVFS.UnitTests.Common.Database.GVFSDatabaseTests" runstate="Runnable" seed="1759455257" result="Passed" start-time="2019-11-11 20:29:16Z" end-time="2019-11-11 20:29:17Z" duration="0.617752" asserts="0">
                  <properties />
                </test-case>
              </test-suite>
              <test-suite type="ParameterizedMethod" id="2072" name="ConstructorThrowsGVFSDatabaseException" fullname="GVFS.UnitTests.Common.Database.GVFSDatabaseTests.ConstructorThrowsGVFSDatabaseException" classname="GVFS.UnitTests.Common.Database.GVFSDatabaseTests" runstate="Runnable" testcasecount="1" result="Passed" start-time="2019-11-11 20:29:17Z" end-time="2019-11-11 20:29:17Z" duration="0.002058" total="1" passed="1" failed="0" warnings="0" inconclusive="0" skipped="0" asserts="3">
                <properties>
                  <property name="Category" value="ExceptionExpected" />
                </properties>
                <test-case id="2071" name="ConstructorThrowsGVFSDatabaseException()" fullname="GVFS.UnitTests.Common.Database.GVFSDatabaseTests.ConstructorThrowsGVFSDatabaseException()" methodname="ConstructorThrowsGVFSDatabaseException" classname="GVFS.UnitTests.Common.Database.GVFSDatabaseTests" runstate="Runnable" seed="501367064" result="Passed" start-time="2019-11-11 20:29:17Z" end-time="2019-11-11 20:29:17Z" duration="0.002025" asserts="3">
                  <properties />
                </test-case>
              </test-suite>
              <test-suite type="ParameterizedMethod" id="2074" name="DisposeTest" fullname="GVFS.UnitTests.Common.Database.GVFSDatabaseTests.DisposeTest" classname="GVFS.UnitTests.Common.Database.GVFSDatabaseTests" runstate="Runnable" testcasecount="1" result="Passed" start-time="2019-11-11 20:29:17Z" end-time="2019-11-11 20:29:17Z" duration="0.001655" total="1" passed="1" failed="0" warnings="0" inconclusive="0" skipped="0" asserts="0">
                <properties />
                <test-case id="2073" name="DisposeTest()" fullname="GVFS.UnitTests.Common.Database.GVFSDatabaseTests.DisposeTest()" methodname="DisposeTest" classname="GVFS.UnitTests.Common.Database.GVFSDatabaseTests" runstate="Runnable" seed="1787362532" result="Passed" start-time="2019-11-11 20:29:17Z" end-time="2019-11-11 20:29:17Z" duration="0.001628" asserts="0">
                  <properties />
                </test-case>
              </test-suite>
              <test-suite type="ParameterizedMethod" id="2076" name="GetConnectionAfterDisposeShouldThrowException" fullname="GVFS.UnitTests.Common.Database.GVFSDatabaseTests.GetConnectionAfterDisposeShouldThrowException" classname="GVFS.UnitTests.Common.Database.GVFSDatabaseTests" runstate="Runnable" testcasecount="1" result="Passed" start-time="2019-11-11 20:29:17Z" end-time="2019-11-11 20:29:17Z" duration="0.002335" total="1" passed="1" failed="0" warnings="0" inconclusive="0" skipped="0" asserts="1">
                <properties>
                  <property name="Category" value="ExceptionExpected" />
                </properties>
                <test-case id="2075" name="GetConnectionAfterDisposeShouldThrowException()" fullname="GVFS.UnitTests.Common.Database.GVFSDatabaseTests.GetConnectionAfterDisposeShouldThrowException()" methodname="GetConnectionAfterDisposeShouldThrowException" classname="GVFS.UnitTests.Common.Database.GVFSDatabaseTests" runstate="Runnable" seed="1372703461" result="Passed" start-time="2019-11-11 20:29:17Z" end-time="2019-11-11 20:29:17Z" duration="0.002307" asserts="1">
                  <properties />
                </test-case>
              </test-suite>
              <test-suite type="ParameterizedMethod" id="2078" name="GetConnectionMoreThanInPoolTest" fullname="GVFS.UnitTests.Common.Database.GVFSDatabaseTests.GetConnectionMoreThanInPoolTest" classname="GVFS.UnitTests.Common.Database.GVFSDatabaseTests" runstate="Runnable" testcasecount="1" result="Passed" start-time="2019-11-11 20:29:17Z" end-time="2019-11-11 20:29:17Z" duration="0.058008" total="1" passed="1" failed="0" warnings="0" inconclusive="0" skipped="0" asserts="1">
                <properties />
                <test-case id="2077" name="GetConnectionMoreThanInPoolTest()" fullname="GVFS.UnitTests.Common.Database.GVFSDatabaseTests.GetConnectionMoreThanInPoolTest()" methodname="GetConnectionMoreThanInPoolTest" classname="GVFS.UnitTests.Common.Database.GVFSDatabaseTests" runstate="Runnable" seed="1744405003" result="Passed" start-time="2019-11-11 20:29:17Z" end-time="2019-11-11 20:29:17Z" duration="0.057959" asserts="1">
                  <properties />
                </test-case>
              </test-suite>
            </test-suite>
            <test-suite type="TestFixture" id="2079" name="PlaceholderTableTests" fullname="GVFS.UnitTests.Common.Database.PlaceholderTableTests" classname="GVFS.UnitTests.Common.Database.PlaceholderTableTests" runstate="Runnable" testcasecount="34" result="Passed" start-time="2019-11-11 20:29:17Z" end-time="2019-11-11 20:29:17Z" duration="0.200642" total="34" passed="34" failed="0" warnings="0" inconclusive="0" skipped="0" asserts="92">
              <properties />
              <test-suite type="ParameterizedMethod" id="2127" name="AddExpandedFolder" fullname="GVFS.UnitTests.Common.Database.PlaceholderTableTests.AddExpandedFolder" classname="GVFS.UnitTests.Common.Database.PlaceholderTableTests" runstate="Runnable" testcasecount="1" result="Passed" start-time="2019-11-11 20:29:17Z" end-time="2019-11-11 20:29:17Z" duration="0.059286" total="1" passed="1" failed="0" warnings="0" inconclusive="0" skipped="0" asserts="0">
                <properties />
                <test-case id="2126" name="AddExpandedFolder()" fullname="GVFS.UnitTests.Common.Database.PlaceholderTableTests.AddExpandedFolder()" methodname="AddExpandedFolder" classname="GVFS.UnitTests.Common.Database.PlaceholderTableTests" runstate="Runnable" seed="1143384540" result="Passed" start-time="2019-11-11 20:29:17Z" end-time="2019-11-11 20:29:17Z" duration="0.059254" asserts="0">
                  <properties />
                </test-case>
              </test-suite>
              <test-suite type="ParameterizedMethod" id="2129" name="AddExpandedFolderThrowsGVFSDatabaseException" fullname="GVFS.UnitTests.Common.Database.PlaceholderTableTests.AddExpandedFolderThrowsGVFSDatabaseException" classname="GVFS.UnitTests.Common.Database.PlaceholderTableTests" runstate="Runnable" testcasecount="1" result="Passed" start-time="2019-11-11 20:29:17Z" end-time="2019-11-11 20:29:17Z" duration="0.003527" total="1" passed="1" failed="0" warnings="0" inconclusive="0" skipped="0" asserts="3">
                <properties>
                  <property name="Category" value="ExceptionExpected" />
                </properties>
                <test-case id="2128" name="AddExpandedFolderThrowsGVFSDatabaseException()" fullname="GVFS.UnitTests.Common.Database.PlaceholderTableTests.AddExpandedFolderThrowsGVFSDatabaseException()" methodname="AddExpandedFolderThrowsGVFSDatabaseException" classname="GVFS.UnitTests.Common.Database.PlaceholderTableTests" runstate="Runnable" seed="1700511289" result="Passed" start-time="2019-11-11 20:29:17Z" end-time="2019-11-11 20:29:17Z" duration="0.003475" asserts="3">
                  <properties />
                </test-case>
              </test-suite>
              <test-suite type="ParameterizedMethod" id="2101" name="AddFilePlaceholderDataWithNullShaThrowsException" fullname="GVFS.UnitTests.Common.Database.PlaceholderTableTests.AddFilePlaceholderDataWithNullShaThrowsException" classname="GVFS.UnitTests.Common.Database.PlaceholderTableTests" runstate="Runnable" testcasecount="1" result="Passed" start-time="2019-11-11 20:29:17Z" end-time="2019-11-11 20:29:17Z" duration="0.003790" total="1" passed="1" failed="0" warnings="0" inconclusive="0" skipped="0" asserts="2">
                <properties>
                  <property name="Category" value="ExceptionExpected" />
                </properties>
                <test-case id="2100" name="AddFilePlaceholderDataWithNullShaThrowsException()" fullname="GVFS.UnitTests.Common.Database.PlaceholderTableTests.AddFilePlaceholderDataWithNullShaThrowsException()" methodname="AddFilePlaceholderDataWithNullShaThrowsException" classname="GVFS.UnitTests.Common.Database.PlaceholderTableTests" runstate="Runnable" seed="2048151595" result="Passed" start-time="2019-11-11 20:29:17Z" end-time="2019-11-11 20:29:17Z" duration="0.003762" asserts="2">
                  <properties />
                </test-case>
              </test-suite>
              <test-suite type="ParameterizedMethod" id="2113" name="AddFileTest" fullname="GVFS.UnitTests.Common.Database.PlaceholderTableTests.AddFileTest" classname="GVFS.UnitTests.Common.Database.PlaceholderTableTests" runstate="Runnable" testcasecount="1" result="Passed" start-time="2019-11-11 20:29:17Z" end-time="2019-11-11 20:29:17Z" duration="0.005064" total="1" passed="1" failed="0" warnings="0" inconclusive="0" skipped="0" asserts="0">
                <properties />
                <test-case id="2112" name="AddFileTest()" fullname="GVFS.UnitTests.Common.Database.PlaceholderTableTests.AddFileTest()" methodname="AddFileTest" classname="GVFS.UnitTests.Common.Database.PlaceholderTableTests" runstate="Runnable" seed="1256921650" result="Passed" start-time="2019-11-11 20:29:17Z" end-time="2019-11-11 20:29:17Z" duration="0.005033" asserts="0">
                  <properties />
                </test-case>
              </test-suite>
              <test-suite type="ParameterizedMethod" id="2121" name="AddFileThrowsGVFSDatabaseException" fullname="GVFS.UnitTests.Common.Database.PlaceholderTableTests.AddFileThrowsGVFSDatabaseException" classname="GVFS.UnitTests.Common.Database.PlaceholderTableTests" runstate="Runnable" testcasecount="1" result="Passed" start-time="2019-11-11 20:29:17Z" end-time="2019-11-11 20:29:17Z" duration="0.003126" total="1" passed="1" failed="0" warnings="0" inconclusive="0" skipped="0" asserts="3">
                <properties>
                  <property name="Category" value="ExceptionExpected" />
                </properties>
                <test-case id="2120" name="AddFileThrowsGVFSDatabaseException()" fullname="GVFS.UnitTests.Common.Database.PlaceholderTableTests.AddFileThrowsGVFSDatabaseException()" methodname="AddFileThrowsGVFSDatabaseException" classname="GVFS.UnitTests.Common.Database.PlaceholderTableTests" runstate="Runnable" seed="595217923" result="Passed" start-time="2019-11-11 20:29:17Z" end-time="2019-11-11 20:29:17Z" duration="0.003097" asserts="3">
                  <properties />
                </test-case>
              </test-suite>
              <test-suite type="ParameterizedMethod" id="2117" name="AddFileWithEmptyShaThrowsException" fullname="GVFS.UnitTests.Common.Database.PlaceholderTableTests.AddFileWithEmptyShaThrowsException" classname="GVFS.UnitTests.Common.Database.PlaceholderTableTests" runstate="Runnable" testcasecount="1" result="Passed" start-time="2019-11-11 20:29:17Z" end-time="2019-11-11 20:29:17Z" duration="0.003437" total="1" passed="1" failed="0" warnings="0" inconclusive="0" skipped="0" asserts="2">
                <properties>
                  <property name="Category" value="ExceptionExpected" />
                </properties>
                <test-case id="2116" name="AddFileWithEmptyShaThrowsException()" fullname="GVFS.UnitTests.Common.Database.PlaceholderTableTests.AddFileWithEmptyShaThrowsException()" methodname="AddFileWithEmptyShaThrowsException" classname="GVFS.UnitTests.Common.Database.PlaceholderTableTests" runstate="Runnable" seed="1947769094" result="Passed" start-time="2019-11-11 20:29:17Z" end-time="2019-11-11 20:29:17Z" duration="0.003395" asserts="2">
                  <properties />
                </test-case>
              </test-suite>
              <test-suite type="ParameterizedMethod" id="2119" name="AddFileWithInvalidLengthShaThrowsException" fullname="GVFS.UnitTests.Common.Database.PlaceholderTableTests.AddFileWithInvalidLengthShaThrowsException" classname="GVFS.UnitTests.Common.Database.PlaceholderTableTests" runstate="Runnable" testcasecount="1" result="Passed" start-time="2019-11-11 20:29:17Z" end-time="2019-11-11 20:29:17Z" duration="0.003080" total="1" passed="1" failed="0" warnings="0" inconclusive="0" skipped="0" asserts="2">
                <properties>
                  <property name="Category" value="ExceptionExpected" />
                </properties>
                <test-case id="2118" name="AddFileWithInvalidLengthShaThrowsException()" fullname="GVFS.UnitTests.Common.Database.PlaceholderTableTests.AddFileWithInvalidLengthShaThrowsException()" methodname="AddFileWithInvalidLengthShaThrowsException" classname="GVFS.UnitTests.Common.Database.PlaceholderTableTests" runstate="Runnable" seed="2138898874" result="Passed" start-time="2019-11-11 20:29:17Z" end-time="2019-11-11 20:29:17Z" duration="0.003006" asserts="2">
                  <properties />
                </test-case>
              </test-suite>
              <test-suite type="ParameterizedMethod" id="2115" name="AddFileWithNullShaThrowsException" fullname="GVFS.UnitTests.Common.Database.PlaceholderTableTests.AddFileWithNullShaThrowsException" classname="GVFS.UnitTests.Common.Database.PlaceholderTableTests" runstate="Runnable" testcasecount="1" result="Passed" start-time="2019-11-11 20:29:17Z" end-time="2019-11-11 20:29:17Z" duration="0.002838" total="1" passed="1" failed="0" warnings="0" inconclusive="0" skipped="0" asserts="2">
                <properties>
                  <property name="Category" value="ExceptionExpected" />
                </properties>
                <test-case id="2114" name="AddFileWithNullShaThrowsException()" fullname="GVFS.UnitTests.Common.Database.PlaceholderTableTests.AddFileWithNullShaThrowsException()" methodname="AddFileWithNullShaThrowsException" classname="GVFS.UnitTests.Common.Database.PlaceholderTableTests" runstate="Runnable" seed="157785559" result="Passed" start-time="2019-11-11 20:29:17Z" end-time="2019-11-11 20:29:17Z" duration="0.002792" asserts="2">
                  <properties />
                </test-case>
              </test-suite>
              <test-suite type="ParameterizedMethod" id="2123" name="AddPartialFolder" fullname="GVFS.UnitTests.Common.Database.PlaceholderTableTests.AddPartialFolder" classname="GVFS.UnitTests.Common.Database.PlaceholderTableTests" runstate="Runnable" testcasecount="1" result="Passed" start-time="2019-11-11 20:29:17Z" end-time="2019-11-11 20:29:17Z" duration="0.004938" total="1" passed="1" failed="0" warnings="0" inconclusive="0" skipped="0" asserts="0">
                <properties />
                <test-case id="2122" name="AddPartialFolder()" fullname="GVFS.UnitTests.Common.Database.PlaceholderTableTests.AddPartialFolder()" methodname="AddPartialFolder" classname="GVFS.UnitTests.Common.Database.PlaceholderTableTests" runstate="Runnable" seed="1094891952" result="Passed" start-time="2019-11-11 20:29:17Z" end-time="2019-11-11 20:29:17Z" duration="0.004899" asserts="0">
                  <properties />
                </test-case>
              </test-suite>
              <test-suite type="ParameterizedMethod" id="2125" name="AddPartialFolderThrowsGVFSDatabaseException" fullname="GVFS.UnitTests.Common.Database.PlaceholderTableTests.AddPartialFolderThrowsGVFSDatabaseException" classname="GVFS.UnitTests.Common.Database.PlaceholderTableTests" runstate="Runnable" testcasecount="1" result="Passed" start-time="2019-11-11 20:29:17Z" end-time="2019-11-11 20:29:17Z" duration="0.003188" total="1" passed="1" failed="0" warnings="0" inconclusive="0" skipped="0" asserts="3">
                <properties>
                  <property name="Category" value="ExceptionExpected" />
                </properties>
                <test-case id="2124" name="AddPartialFolderThrowsGVFSDatabaseException()" fullname="GVFS.UnitTests.Common.Database.PlaceholderTableTests.AddPartialFolderThrowsGVFSDatabaseException()" methodname="AddPartialFolderThrowsGVFSDatabaseException" classname="GVFS.UnitTests.Common.Database.PlaceholderTableTests" runstate="Runnable" seed="177320085" result="Passed" start-time="2019-11-11 20:29:17Z" end-time="2019-11-11 20:29:17Z" duration="0.003134" asserts="3">
                  <properties />
                </test-case>
              </test-suite>
              <test-suite type="ParameterizedMethod" id="2103" name="AddPlaceholderDataThrowsGVFSDatabaseException" fullname="GVFS.UnitTests.Common.Database.PlaceholderTableTests.AddPlaceholderDataThrowsGVFSDatabaseException" classname="GVFS.UnitTests.Common.Database.PlaceholderTableTests" runstate="Runnable" testcasecount="1" result="Passed" start-time="2019-11-11 20:29:17Z" end-time="2019-11-11 20:29:17Z" duration="0.003162" total="1" passed="1" failed="0" warnings="0" inconclusive="0" skipped="0" asserts="3">
                <properties>
                  <property name="Category" value="ExceptionExpected" />
                </properties>
                <test-case id="2102" name="AddPlaceholderDataThrowsGVFSDatabaseException()" fullname="GVFS.UnitTests.Common.Database.PlaceholderTableTests.AddPlaceholderDataThrowsGVFSDatabaseException()" methodname="AddPlaceholderDataThrowsGVFSDatabaseException" classname="GVFS.UnitTests.Common.Database.PlaceholderTableTests" runstate="Runnable" seed="776382627" result="Passed" start-time="2019-11-11 20:29:17Z" end-time="2019-11-11 20:29:17Z" duration="0.003125" asserts="3">
                  <properties />
                </test-case>
              </test-suite>
              <test-suite type="ParameterizedMethod" id="2109" name="AddPlaceholderDataWithExpandedFolder" fullname="GVFS.UnitTests.Common.Database.PlaceholderTableTests.AddPlaceholderDataWithExpandedFolder" classname="GVFS.UnitTests.Common.Database.PlaceholderTableTests" runstate="Runnable" testcasecount="1" result="Passed" start-time="2019-11-11 20:29:17Z" end-time="2019-11-11 20:29:17Z" duration="0.005090" total="1" passed="1" failed="0" warnings="0" inconclusive="0" skipped="0" asserts="0">
                <properties />
                <test-case id="2108" name="AddPlaceholderDataWithExpandedFolder()" fullname="GVFS.UnitTests.Common.Database.PlaceholderTableTests.AddPlaceholderDataWithExpandedFolder()" methodname="AddPlaceholderDataWithExpandedFolder" classname="GVFS.UnitTests.Common.Database.PlaceholderTableTests" runstate="Runnable" seed="420816216" result="Passed" start-time="2019-11-11 20:29:17Z" end-time="2019-11-11 20:29:17Z" duration="0.005054" asserts="0">
                  <properties />
                </test-case>
              </test-suite>
              <test-suite type="ParameterizedMethod" id="2105" name="AddPlaceholderDataWithFile" fullname="GVFS.UnitTests.Common.Database.PlaceholderTableTests.AddPlaceholderDataWithFile" classname="GVFS.UnitTests.Common.Database.PlaceholderTableTests" runstate="Runnable" testcasecount="1" result="Passed" start-time="2019-11-11 20:29:17Z" end-time="2019-11-11 20:29:17Z" duration="0.004965" total="1" passed="1" failed="0" warnings="0" inconclusive="0" skipped="0" asserts="0">
                <properties />
                <test-case id="2104" name="AddPlaceholderDataWithFile()" fullname="GVFS.UnitTests.Common.Database.PlaceholderTableTests.AddPlaceholderDataWithFile()" methodname="AddPlaceholderDataWithFile" classname="GVFS.UnitTests.Common.Database.PlaceholderTableTests" runstate="Runnable" seed="489125434" result="Passed" start-time="2019-11-11 20:29:17Z" end-time="2019-11-11 20:29:17Z" duration="0.004934" asserts="0">
                  <properties />
                </test-case>
              </test-suite>
              <test-suite type="ParameterizedMethod" id="2107" name="AddPlaceholderDataWithPartialFolder" fullname="GVFS.UnitTests.Common.Database.PlaceholderTableTests.AddPlaceholderDataWithPartialFolder" classname="GVFS.UnitTests.Common.Database.PlaceholderTableTests" runstate="Runnable" testcasecount="1" result="Passed" start-time="2019-11-11 20:29:17Z" end-time="2019-11-11 20:29:17Z" duration="0.005138" total="1" passed="1" failed="0" warnings="0" inconclusive="0" skipped="0" asserts="0">
                <properties />
                <test-case id="2106" name="AddPlaceholderDataWithPartialFolder()" fullname="GVFS.UnitTests.Common.Database.PlaceholderTableTests.AddPlaceholderDataWithPartialFolder()" methodname="AddPlaceholderDataWithPartialFolder" classname="GVFS.UnitTests.Common.Database.PlaceholderTableTests" runstate="Runnable" seed="1098770961" result="Passed" start-time="2019-11-11 20:29:17Z" end-time="2019-11-11 20:29:17Z" duration="0.005106" asserts="0">
                  <properties />
                </test-case>
              </test-suite>
              <test-suite type="ParameterizedMethod" id="2111" name="AddPlaceholderDataWithPossibleTombstoneFolder" fullname="GVFS.UnitTests.Common.Database.PlaceholderTableTests.AddPlaceholderDataWithPossibleTombstoneFolder" classname="GVFS.UnitTests.Common.Database.PlaceholderTableTests" runstate="Runnable" testcasecount="1" result="Passed" start-time="2019-11-11 20:29:17Z" end-time="2019-11-11 20:29:17Z" duration="0.005187" total="1" passed="1" failed="0" warnings="0" inconclusive="0" skipped="0" asserts="0">
                <properties />
                <test-case id="2110" name="AddPlaceholderDataWithPossibleTombstoneFolder()" fullname="GVFS.UnitTests.Common.Database.PlaceholderTableTests.AddPlaceholderDataWithPossibleTombstoneFolder()" methodname="AddPlaceholderDataWithPossibleTombstoneFolder" classname="GVFS.UnitTests.Common.Database.PlaceholderTableTests" runstate="Runnable" seed="1162742050" result="Passed" start-time="2019-11-11 20:29:17Z" end-time="2019-11-11 20:29:17Z" duration="0.005159" asserts="0">
                  <properties />
                </test-case>
              </test-suite>
              <test-suite type="ParameterizedMethod" id="2131" name="AddPossibleTombstoneFolder" fullname="GVFS.UnitTests.Common.Database.PlaceholderTableTests.AddPossibleTombstoneFolder" classname="GVFS.UnitTests.Common.Database.PlaceholderTableTests" runstate="Runnable" testcasecount="1" result="Passed" start-time="2019-11-11 20:29:17Z" end-time="2019-11-11 20:29:17Z" duration="0.004920" total="1" passed="1" failed="0" warnings="0" inconclusive="0" skipped="0" asserts="0">
                <properties />
                <test-case id="2130" name="AddPossibleTombstoneFolder()" fullname="GVFS.UnitTests.Common.Database.PlaceholderTableTests.AddPossibleTombstoneFolder()" methodname="AddPossibleTombstoneFolder" classname="GVFS.UnitTests.Common.Database.PlaceholderTableTests" runstate="Runnable" seed="751467808" result="Passed" start-time="2019-11-11 20:29:17Z" end-time="2019-11-11 20:29:17Z" duration="0.004889" asserts="0">
                  <properties />
                </test-case>
              </test-suite>
              <test-suite type="ParameterizedMethod" id="2133" name="AddPossibleTombstoneFolderThrowsGVFSDatabaseException" fullname="GVFS.UnitTests.Common.Database.PlaceholderTableTests.AddPossibleTombstoneFolderThrowsGVFSDatabaseException" classname="GVFS.UnitTests.Common.Database.PlaceholderTableTests" runstate="Runnable" testcasecount="1" result="Passed" start-time="2019-11-11 20:29:17Z" end-time="2019-11-11 20:29:17Z" duration="0.003060" total="1" passed="1" failed="0" warnings="0" inconclusive="0" skipped="0" asserts="3">
                <properties>
                  <property name="Category" value="ExceptionExpected" />
                </properties>
                <test-case id="2132" name="AddPossibleTombstoneFolderThrowsGVFSDatabaseException()" fullname="GVFS.UnitTests.Common.Database.PlaceholderTableTests.AddPossibleTombstoneFolderThrowsGVFSDatabaseException()" methodname="AddPossibleTombstoneFolderThrowsGVFSDatabaseException" classname="GVFS.UnitTests.Common.Database.PlaceholderTableTests" runstate="Runnable" seed="739463847" result="Passed" start-time="2019-11-11 20:29:17Z" end-time="2019-11-11 20:29:17Z" duration="0.003029" asserts="3">
                  <properties />
                </test-case>
              </test-suite>
              <test-suite type="ParameterizedMethod" id="2143" name="ConstructorTest" fullname="GVFS.UnitTests.Common.Database.PlaceholderTableTests.ConstructorTest" classname="GVFS.UnitTests.Common.Database.TableTests`1" runstate="Runnable" testcasecount="1" result="Passed" start-time="2019-11-11 20:29:17Z" end-time="2019-11-11 20:29:17Z" duration="0.000419" total="1" passed="1" failed="0" warnings="0" inconclusive="0" skipped="0" asserts="0">
                <properties />
                <test-case id="2142" name="ConstructorTest()" fullname="GVFS.UnitTests.Common.Database.PlaceholderTableTests.ConstructorTest()" methodname="ConstructorTest" classname="GVFS.UnitTests.Common.Database.TableTests`1" runstate="Runnable" seed="653153278" result="Passed" start-time="2019-11-11 20:29:17Z" end-time="2019-11-11 20:29:17Z" duration="0.000367" asserts="0">
                  <properties />
                </test-case>
              </test-suite>
              <test-suite type="ParameterizedMethod" id="2145" name="CreateTableTest" fullname="GVFS.UnitTests.Common.Database.PlaceholderTableTests.CreateTableTest" classname="GVFS.UnitTests.Common.Database.TableTests`1" runstate="Runnable" testcasecount="1" result="Passed" start-time="2019-11-11 20:29:17Z" end-time="2019-11-11 20:29:17Z" duration="0.002053" total="1" passed="1" failed="0" warnings="0" inconclusive="0" skipped="0" asserts="0">
                <properties />
                <test-case id="2144" name="CreateTableTest()" fullname="GVFS.UnitTests.Common.Database.PlaceholderTableTests.CreateTableTest()" methodname="CreateTableTest" classname="GVFS.UnitTests.Common.Database.TableTests`1" runstate="Runnable" seed="592792532" result="Passed" start-time="2019-11-11 20:29:17Z" end-time="2019-11-11 20:29:17Z" duration="0.002024" asserts="0">
                  <properties />
                </test-case>
              </test-suite>
              <test-suite type="ParameterizedMethod" id="2147" name="CreateTableThrowsExceptionNotWrappedInGVFSDatabaseException" fullname="GVFS.UnitTests.Common.Database.PlaceholderTableTests.CreateTableThrowsExceptionNotWrappedInGVFSDatabaseException" classname="GVFS.UnitTests.Common.Database.TableTests`1" runstate="Runnable" testcasecount="1" result="Passed" start-time="2019-11-11 20:29:17Z" end-time="2019-11-11 20:29:17Z" duration="0.002655" total="1" passed="1" failed="0" warnings="0" inconclusive="0" skipped="0" asserts="2">
                <properties>
                  <property name="Category" value="ExceptionExpected" />
                </properties>
                <test-case id="2146" name="CreateTableThrowsExceptionNotWrappedInGVFSDatabaseException()" fullname="GVFS.UnitTests.Common.Database.PlaceholderTableTests.CreateTableThrowsExceptionNotWrappedInGVFSDatabaseException()" methodname="CreateTableThrowsExceptionNotWrappedInGVFSDatabaseException" classname="GVFS.UnitTests.Common.Database.TableTests`1" runstate="Runnable" seed="906301241" result="Passed" start-time="2019-11-11 20:29:17Z" end-time="2019-11-11 20:29:17Z" duration="0.002621" asserts="2">
                  <properties />
                </test-case>
              </test-suite>
              <test-suite type="ParameterizedMethod" id="2099" name="GetAllEntriesReturnsMultiple" fullname="GVFS.UnitTests.Common.Database.PlaceholderTableTests.GetAllEntriesReturnsMultiple" classname="GVFS.UnitTests.Common.Database.PlaceholderTableTests" runstate="Runnable" testcasecount="1" result="Passed" start-time="2019-11-11 20:29:17Z" end-time="2019-11-11 20:29:17Z" duration="0.032181" total="1" passed="1" failed="0" warnings="0" inconclusive="0" skipped="0" asserts="24">
                <properties />
                <test-case id="2098" name="GetAllEntriesReturnsMultiple()" fullname="GVFS.UnitTests.Common.Database.PlaceholderTableTests.GetAllEntriesReturnsMultiple()" methodname="GetAllEntriesReturnsMultiple" classname="GVFS.UnitTests.Common.Database.PlaceholderTableTests" runstate="Runnable" seed="542972944" result="Passed" start-time="2019-11-11 20:29:17Z" end-time="2019-11-11 20:29:17Z" duration="0.032143" asserts="24">
                  <properties />
                </test-case>
              </test-suite>
              <test-suite type="ParameterizedMethod" id="2093" name="GetAllEntriesReturnsNothing" fullname="GVFS.UnitTests.Common.Database.PlaceholderTableTests.GetAllEntriesReturnsNothing" classname="GVFS.UnitTests.Common.Database.PlaceholderTableTests" runstate="Runnable" testcasecount="1" result="Passed" start-time="2019-11-11 20:29:17Z" end-time="2019-11-11 20:29:17Z" duration="0.001254" total="1" passed="1" failed="0" warnings="0" inconclusive="0" skipped="0" asserts="4">
                <properties />
                <test-case id="2092" name="GetAllEntriesReturnsNothing()" fullname="GVFS.UnitTests.Common.Database.PlaceholderTableTests.GetAllEntriesReturnsNothing()" methodname="GetAllEntriesReturnsNothing" classname="GVFS.UnitTests.Common.Database.PlaceholderTableTests" runstate="Runnable" seed="1522787064" result="Passed" start-time="2019-11-11 20:29:17Z" end-time="2019-11-11 20:29:17Z" duration="0.001219" asserts="4">
                  <properties />
                </test-case>
              </test-suite>
              <test-suite type="ParameterizedMethod" id="2095" name="GetAllEntriesReturnsOneFile" fullname="GVFS.UnitTests.Common.Database.PlaceholderTableTests.GetAllEntriesReturnsOneFile" classname="GVFS.UnitTests.Common.Database.PlaceholderTableTests" runstate="Runnable" testcasecount="1" result="Passed" start-time="2019-11-11 20:29:17Z" end-time="2019-11-11 20:29:17Z" duration="0.001622" total="1" passed="1" failed="0" warnings="0" inconclusive="0" skipped="0" asserts="9">
                <properties />
                <test-case id="2094" name="GetAllEntriesReturnsOneFile()" fullname="GVFS.UnitTests.Common.Database.PlaceholderTableTests.GetAllEntriesReturnsOneFile()" methodname="GetAllEntriesReturnsOneFile" classname="GVFS.UnitTests.Common.Database.PlaceholderTableTests" runstate="Runnable" seed="1220141769" result="Passed" start-time="2019-11-11 20:29:17Z" end-time="2019-11-11 20:29:17Z" duration="0.001588" asserts="9">
                  <properties />
                </test-case>
              </test-suite>
              <test-suite type="ParameterizedMethod" id="2097" name="GetAllEntriesReturnsOneFolder" fullname="GVFS.UnitTests.Common.Database.PlaceholderTableTests.GetAllEntriesReturnsOneFolder" classname="GVFS.UnitTests.Common.Database.PlaceholderTableTests" runstate="Runnable" testcasecount="1" result="Passed" start-time="2019-11-11 20:29:17Z" end-time="2019-11-11 20:29:17Z" duration="0.001488" total="1" passed="1" failed="0" warnings="0" inconclusive="0" skipped="0" asserts="9">
                <properties />
                <test-case id="2096" name="GetAllEntriesReturnsOneFolder()" fullname="GVFS.UnitTests.Common.Database.PlaceholderTableTests.GetAllEntriesReturnsOneFolder()" methodname="GetAllEntriesReturnsOneFolder" classname="GVFS.UnitTests.Common.Database.PlaceholderTableTests" runstate="Runnable" seed="582510527" result="Passed" start-time="2019-11-11 20:29:17Z" end-time="2019-11-11 20:29:17Z" duration="0.001446" asserts="9">
                  <properties />
                </test-case>
              </test-suite>
              <test-suite type="ParameterizedMethod" id="2091" name="GetAllEntriesThrowsGVFSDatabaseException" fullname="GVFS.UnitTests.Common.Database.PlaceholderTableTests.GetAllEntriesThrowsGVFSDatabaseException" classname="GVFS.UnitTests.Common.Database.PlaceholderTableTests" runstate="Runnable" testcasecount="1" result="Passed" start-time="2019-11-11 20:29:17Z" end-time="2019-11-11 20:29:17Z" duration="0.002039" total="1" passed="1" failed="0" warnings="0" inconclusive="0" skipped="0" asserts="3">
                <properties>
                  <property name="Category" value="ExceptionExpected" />
                </properties>
                <test-case id="2090" name="GetAllEntriesThrowsGVFSDatabaseException()" fullname="GVFS.UnitTests.Common.Database.PlaceholderTableTests.GetAllEntriesThrowsGVFSDatabaseException()" methodname="GetAllEntriesThrowsGVFSDatabaseException" classname="GVFS.UnitTests.Common.Database.PlaceholderTableTests" runstate="Runnable" seed="51728441" result="Passed" start-time="2019-11-11 20:29:17Z" end-time="2019-11-11 20:29:17Z" duration="0.002006" asserts="3">
                  <properties />
                </test-case>
              </test-suite>
              <test-suite type="ParameterizedMethod" id="2089" name="GetAllFilePathsTest" fullname="GVFS.UnitTests.Common.Database.PlaceholderTableTests.GetAllFilePathsTest" classname="GVFS.UnitTests.Common.Database.PlaceholderTableTests" runstate="Runnable" testcasecount="1" result="Passed" start-time="2019-11-11 20:29:17Z" end-time="2019-11-11 20:29:17Z" duration="0.003708" total="1" passed="1" failed="0" warnings="0" inconclusive="0" skipped="0" asserts="3">
                <properties />
                <test-case id="2088" name="GetAllFilePathsTest()" fullname="GVFS.UnitTests.Common.Database.PlaceholderTableTests.GetAllFilePathsTest()" methodname="GetAllFilePathsTest" classname="GVFS.UnitTests.Common.Database.PlaceholderTableTests" runstate="Runnable" seed="370167183" result="Passed" start-time="2019-11-11 20:29:17Z" end-time="2019-11-11 20:29:17Z" duration="0.003669" asserts="3">
                  <properties />
                </test-case>
              </test-suite>
              <test-suite type="ParameterizedMethod" id="2087" name="GetAllFilePathsThrowsGVFSDatabaseException" fullname="GVFS.UnitTests.Common.Database.PlaceholderTableTests.GetAllFilePathsThrowsGVFSDatabaseException" classname="GVFS.UnitTests.Common.Database.PlaceholderTableTests" runstate="Runnable" testcasecount="1" result="Passed" start-time="2019-11-11 20:29:17Z" end-time="2019-11-11 20:29:17Z" duration="0.001868" total="1" passed="1" failed="0" warnings="0" inconclusive="0" skipped="0" asserts="3">
                <properties>
                  <property name="Category" value="ExceptionExpected" />
                </properties>
                <test-case id="2086" name="GetAllFilePathsThrowsGVFSDatabaseException()" fullname="GVFS.UnitTests.Common.Database.PlaceholderTableTests.GetAllFilePathsThrowsGVFSDatabaseException()" methodname="GetAllFilePathsThrowsGVFSDatabaseException" classname="GVFS.UnitTests.Common.Database.PlaceholderTableTests" runstate="Runnable" seed="717789892" result="Passed" start-time="2019-11-11 20:29:17Z" end-time="2019-11-11 20:29:17Z" duration="0.001833" asserts="3">
                  <properties />
                </test-case>
              </test-suite>
              <test-suite type="ParameterizedMethod" id="2085" name="GetAllFilePathsWithNoResults" fullname="GVFS.UnitTests.Common.Database.PlaceholderTableTests.GetAllFilePathsWithNoResults" classname="GVFS.UnitTests.Common.Database.PlaceholderTableTests" runstate="Runnable" testcasecount="1" result="Passed" start-time="2019-11-11 20:29:17Z" end-time="2019-11-11 20:29:17Z" duration="0.001652" total="1" passed="1" failed="0" warnings="0" inconclusive="0" skipped="0" asserts="2">
                <properties />
                <test-case id="2084" name="GetAllFilePathsWithNoResults()" fullname="GVFS.UnitTests.Common.Database.PlaceholderTableTests.GetAllFilePathsWithNoResults()" methodname="GetAllFilePathsWithNoResults" classname="GVFS.UnitTests.Common.Database.PlaceholderTableTests" runstate="Runnable" seed="469376111" result="Passed" start-time="2019-11-11 20:29:17Z" end-time="2019-11-11 20:29:17Z" duration="0.001613" asserts="2">
                  <properties />
                </test-case>
              </test-suite>
              <test-suite type="ParameterizedMethod" id="2081" name="GetCountTest" fullname="GVFS.UnitTests.Common.Database.PlaceholderTableTests.GetCountTest" classname="GVFS.UnitTests.Common.Database.PlaceholderTableTests" runstate="Runnable" testcasecount="1" result="Passed" start-time="2019-11-11 20:29:17Z" end-time="2019-11-11 20:29:17Z" duration="0.001909" total="1" passed="1" failed="0" warnings="0" inconclusive="0" skipped="0" asserts="1">
                <properties />
                <test-case id="2080" name="GetCountTest()" fullname="GVFS.UnitTests.Common.Database.PlaceholderTableTests.GetCountTest()" methodname="GetCountTest" classname="GVFS.UnitTests.Common.Database.PlaceholderTableTests" runstate="Runnable" seed="1446506191" result="Passed" start-time="2019-11-11 20:29:17Z" end-time="2019-11-11 20:29:17Z" duration="0.001820" asserts="1">
                  <properties />
                </test-case>
              </test-suite>
              <test-suite type="ParameterizedMethod" id="2083" name="GetCountThrowsGVFSDatabaseException" fullname="GVFS.UnitTests.Common.Database.PlaceholderTableTests.GetCountThrowsGVFSDatabaseException" classname="GVFS.UnitTests.Common.Database.PlaceholderTableTests" runstate="Runnable" testcasecount="1" result="Passed" start-time="2019-11-11 20:29:17Z" end-time="2019-11-11 20:29:17Z" duration="0.001969" total="1" passed="1" failed="0" warnings="0" inconclusive="0" skipped="0" asserts="3">
                <properties>
                  <property name="Category" value="ExceptionExpected" />
                </properties>
                <test-case id="2082" name="GetCountThrowsGVFSDatabaseException()" fullname="GVFS.UnitTests.Common.Database.PlaceholderTableTests.GetCountThrowsGVFSDatabaseException()" methodname="GetCountThrowsGVFSDatabaseException" classname="GVFS.UnitTests.Common.Database.PlaceholderTableTests" runstate="Runnable" seed="681869321" result="Passed" start-time="2019-11-11 20:29:17Z" end-time="2019-11-11 20:29:17Z" duration="0.001919" asserts="3">
                  <properties />
                </test-case>
              </test-suite>
              <test-suite type="ParameterizedMethod" id="2139" name="RemoveAllEntriesForFolderTest" fullname="GVFS.UnitTests.Common.Database.PlaceholderTableTests.RemoveAllEntriesForFolderTest" classname="GVFS.UnitTests.Common.Database.PlaceholderTableTests" runstate="Runnable" testcasecount="1" result="Passed" start-time="2019-11-11 20:29:17Z" end-time="2019-11-11 20:29:17Z" duration="0.011249" total="1" passed="1" failed="0" warnings="0" inconclusive="0" skipped="0" asserts="0">
                <properties />
                <test-case id="2138" name="RemoveAllEntriesForFolderTest()" fullname="GVFS.UnitTests.Common.Database.PlaceholderTableTests.RemoveAllEntriesForFolderTest()" methodname="RemoveAllEntriesForFolderTest" classname="GVFS.UnitTests.Common.Database.PlaceholderTableTests" runstate="Runnable" seed="1839483392" result="Passed" start-time="2019-11-11 20:29:17Z" end-time="2019-11-11 20:29:17Z" duration="0.011212" asserts="0">
                  <properties />
                </test-case>
              </test-suite>
              <test-suite type="ParameterizedMethod" id="2141" name="RemoveAllEntriesForFolderThrowsGVFSDatabaseException" fullname="GVFS.UnitTests.Common.Database.PlaceholderTableTests.RemoveAllEntriesForFolderThrowsGVFSDatabaseException" classname="GVFS.UnitTests.Common.Database.PlaceholderTableTests" runstate="Runnable" testcasecount="1" result="Passed" start-time="2019-11-11 20:29:17Z" end-time="2019-11-11 20:29:17Z" duration="0.001674" total="1" passed="1" failed="0" warnings="0" inconclusive="0" skipped="0" asserts="3">
                <properties>
                  <property name="Category" value="ExceptionExpected" />
                </properties>
                <test-case id="2140" name="RemoveAllEntriesForFolderThrowsGVFSDatabaseException()" fullname="GVFS.UnitTests.Common.Database.PlaceholderTableTests.RemoveAllEntriesForFolderThrowsGVFSDatabaseException()" methodname="RemoveAllEntriesForFolderThrowsGVFSDatabaseException" classname="GVFS.UnitTests.Common.Database.PlaceholderTableTests" runstate="Runnable" seed="1079451439" result="Passed" start-time="2019-11-11 20:29:17Z" end-time="2019-11-11 20:29:17Z" duration="0.001639" asserts="3">
                  <properties />
                </test-case>
              </test-suite>
              <test-suite type="ParameterizedMethod" id="2135" name="RemoveTest" fullname="GVFS.UnitTests.Common.Database.PlaceholderTableTests.RemoveTest" classname="GVFS.UnitTests.Common.Database.PlaceholderTableTests" runstate="Runnable" testcasecount="1" result="Passed" start-time="2019-11-11 20:29:17Z" end-time="2019-11-11 20:29:17Z" duration="0.007096" total="1" passed="1" failed="0" warnings="0" inconclusive="0" skipped="0" asserts="0">
                <properties />
                <test-case id="2134" name="RemoveTest()" fullname="GVFS.UnitTests.Common.Database.PlaceholderTableTests.RemoveTest()" methodname="RemoveTest" classname="GVFS.UnitTests.Common.Database.PlaceholderTableTests" runstate="Runnable" seed="1792515860" result="Passed" start-time="2019-11-11 20:29:17Z" end-time="2019-11-11 20:29:17Z" duration="0.007066" asserts="0">
                  <properties />
                </test-case>
              </test-suite>
              <test-suite type="ParameterizedMethod" id="2137" name="RemoveThrowsGVFSDatabaseException" fullname="GVFS.UnitTests.Common.Database.PlaceholderTableTests.RemoveThrowsGVFSDatabaseException" classname="GVFS.UnitTests.Common.Database.PlaceholderTableTests" runstate="Runnable" testcasecount="1" result="Passed" start-time="2019-11-11 20:29:17Z" end-time="2019-11-11 20:29:17Z" duration="0.001567" total="1" passed="1" failed="0" warnings="0" inconclusive="0" skipped="0" asserts="3">
                <properties>
                  <property name="Category" value="ExceptionExpected" />
                </properties>
                <test-case id="2136" name="RemoveThrowsGVFSDatabaseException()" fullname="GVFS.UnitTests.Common.Database.PlaceholderTableTests.RemoveThrowsGVFSDatabaseException()" methodname="RemoveThrowsGVFSDatabaseException" classname="GVFS.UnitTests.Common.Database.PlaceholderTableTests" runstate="Runnable" seed="1664419068" result="Passed" start-time="2019-11-11 20:29:17Z" end-time="2019-11-11 20:29:17Z" duration="0.001516" asserts="3">
                  <properties />
                </test-case>
              </test-suite>
            </test-suite>
            <test-suite type="TestFixture" id="2148" name="SparseTableTests" fullname="GVFS.UnitTests.Common.Database.SparseTableTests" classname="GVFS.UnitTests.Common.Database.SparseTableTests" runstate="Runnable" testcasecount="10" result="Passed" start-time="2019-11-11 20:29:17Z" end-time="2019-11-11 20:29:18Z" duration="0.784783" total="10" passed="10" failed="0" warnings="0" inconclusive="0" skipped="0" asserts="14">
              <properties />
              <test-suite type="ParameterizedMethod" id="2158" name="AddThrowsGVFSDatabaseException" fullname="GVFS.UnitTests.Common.Database.SparseTableTests.AddThrowsGVFSDatabaseException" classname="GVFS.UnitTests.Common.Database.SparseTableTests" runstate="Runnable" testcasecount="1" result="Passed" start-time="2019-11-11 20:29:17Z" end-time="2019-11-11 20:29:18Z" duration="0.743839" total="1" passed="1" failed="0" warnings="0" inconclusive="0" skipped="0" asserts="3">
                <properties>
                  <property name="Category" value="ExceptionExpected" />
                </properties>
                <test-case id="2157" name="AddThrowsGVFSDatabaseException()" fullname="GVFS.UnitTests.Common.Database.SparseTableTests.AddThrowsGVFSDatabaseException()" methodname="AddThrowsGVFSDatabaseException" classname="GVFS.UnitTests.Common.Database.SparseTableTests" runstate="Runnable" seed="1625546554" result="Passed" start-time="2019-11-11 20:29:17Z" end-time="2019-11-11 20:29:18Z" duration="0.743797" asserts="3">
                  <properties />
                </test-case>
              </test-suite>
              <test-suite type="ParameterizedMethod" id="2156" name="AddVariousPaths" fullname="GVFS.UnitTests.Common.Database.SparseTableTests.AddVariousPaths" classname="GVFS.UnitTests.Common.Database.SparseTableTests" runstate="Runnable" testcasecount="1" result="Passed" start-time="2019-11-11 20:29:18Z" end-time="2019-11-11 20:29:18Z" duration="0.014952" total="1" passed="1" failed="0" warnings="0" inconclusive="0" skipped="0" asserts="0">
                <properties />
                <test-case id="2155" name="AddVariousPaths()" fullname="GVFS.UnitTests.Common.Database.SparseTableTests.AddVariousPaths()" methodname="AddVariousPaths" classname="GVFS.UnitTests.Common.Database.SparseTableTests" runstate="Runnable" seed="1537455507" result="Passed" start-time="2019-11-11 20:29:18Z" end-time="2019-11-11 20:29:18Z" duration="0.014901" asserts="0">
                  <properties />
                </test-case>
              </test-suite>
              <test-suite type="ParameterizedMethod" id="2164" name="ConstructorTest" fullname="GVFS.UnitTests.Common.Database.SparseTableTests.ConstructorTest" classname="GVFS.UnitTests.Common.Database.TableTests`1" runstate="Runnable" testcasecount="1" result="Passed" start-time="2019-11-11 20:29:18Z" end-time="2019-11-11 20:29:18Z" duration="0.000074" total="1" passed="1" failed="0" warnings="0" inconclusive="0" skipped="0" asserts="0">
                <properties />
                <test-case id="2163" name="ConstructorTest()" fullname="GVFS.UnitTests.Common.Database.SparseTableTests.ConstructorTest()" methodname="ConstructorTest" classname="GVFS.UnitTests.Common.Database.TableTests`1" runstate="Runnable" seed="1611856402" result="Passed" start-time="2019-11-11 20:29:18Z" end-time="2019-11-11 20:29:18Z" duration="0.000049" asserts="0">
                  <properties />
                </test-case>
              </test-suite>
              <test-suite type="ParameterizedMethod" id="2166" name="CreateTableTest" fullname="GVFS.UnitTests.Common.Database.SparseTableTests.CreateTableTest" classname="GVFS.UnitTests.Common.Database.TableTests`1" runstate="Runnable" testcasecount="1" result="Passed" start-time="2019-11-11 20:29:18Z" end-time="2019-11-11 20:29:18Z" duration="0.000255" total="1" passed="1" failed="0" warnings="0" inconclusive="0" skipped="0" asserts="0">
                <properties />
                <test-case id="2165" name="CreateTableTest()" fullname="GVFS.UnitTests.Common.Database.SparseTableTests.CreateTableTest()" methodname="CreateTableTest" classname="GVFS.UnitTests.Common.Database.TableTests`1" runstate="Runnable" seed="1482365027" result="Passed" start-time="2019-11-11 20:29:18Z" end-time="2019-11-11 20:29:18Z" duration="0.000214" asserts="0">
                  <properties />
                </test-case>
              </test-suite>
              <test-suite type="ParameterizedMethod" id="2168" name="CreateTableThrowsExceptionNotWrappedInGVFSDatabaseException" fullname="GVFS.UnitTests.Common.Database.SparseTableTests.CreateTableThrowsExceptionNotWrappedInGVFSDatabaseException" classname="GVFS.UnitTests.Common.Database.TableTests`1" runstate="Runnable" testcasecount="1" result="Passed" start-time="2019-11-11 20:29:18Z" end-time="2019-11-11 20:29:18Z" duration="0.000390" total="1" passed="1" failed="0" warnings="0" inconclusive="0" skipped="0" asserts="2">
                <properties>
                  <property name="Category" value="ExceptionExpected" />
                </properties>
                <test-case id="2167" name="CreateTableThrowsExceptionNotWrappedInGVFSDatabaseException()" fullname="GVFS.UnitTests.Common.Database.SparseTableTests.CreateTableThrowsExceptionNotWrappedInGVFSDatabaseException()" methodname="CreateTableThrowsExceptionNotWrappedInGVFSDatabaseException" classname="GVFS.UnitTests.Common.Database.TableTests`1" runstate="Runnable" seed="1793407391" result="Passed" start-time="2019-11-11 20:29:18Z" end-time="2019-11-11 20:29:18Z" duration="0.000322" asserts="2">
                  <properties />
                </test-case>
              </test-suite>
              <test-suite type="ParameterizedMethod" id="2154" name="GetAllThrowsGVFSDatabaseException" fullname="GVFS.UnitTests.Common.Database.SparseTableTests.GetAllThrowsGVFSDatabaseException" classname="GVFS.UnitTests.Common.Database.SparseTableTests" runstate="Runnable" testcasecount="1" result="Passed" start-time="2019-11-11 20:29:18Z" end-time="2019-11-11 20:29:18Z" duration="0.003173" total="1" passed="1" failed="0" warnings="0" inconclusive="0" skipped="0" asserts="3">
                <properties>
                  <property name="Category" value="ExceptionExpected" />
                </properties>
                <test-case id="2153" name="GetAllThrowsGVFSDatabaseException()" fullname="GVFS.UnitTests.Common.Database.SparseTableTests.GetAllThrowsGVFSDatabaseException()" methodname="GetAllThrowsGVFSDatabaseException" classname="GVFS.UnitTests.Common.Database.SparseTableTests" runstate="Runnable" seed="1807757667" result="Passed" start-time="2019-11-11 20:29:18Z" end-time="2019-11-11 20:29:18Z" duration="0.003129" asserts="3">
                  <properties />
                </test-case>
              </test-suite>
              <test-suite type="ParameterizedMethod" id="2150" name="GetAllWithNoResults" fullname="GVFS.UnitTests.Common.Database.SparseTableTests.GetAllWithNoResults" classname="GVFS.UnitTests.Common.Database.SparseTableTests" runstate="Runnable" testcasecount="1" result="Passed" start-time="2019-11-11 20:29:18Z" end-time="2019-11-11 20:29:18Z" duration="0.001573" total="1" passed="1" failed="0" warnings="0" inconclusive="0" skipped="0" asserts="1">
                <properties />
                <test-case id="2149" name="GetAllWithNoResults()" fullname="GVFS.UnitTests.Common.Database.SparseTableTests.GetAllWithNoResults()" methodname="GetAllWithNoResults" classname="GVFS.UnitTests.Common.Database.SparseTableTests" runstate="Runnable" seed="1367693927" result="Passed" start-time="2019-11-11 20:29:18Z" end-time="2019-11-11 20:29:18Z" duration="0.001545" asserts="1">
                  <properties />
                </test-case>
              </test-suite>
              <test-suite type="ParameterizedMethod" id="2152" name="GetAllWithWithOneResult" fullname="GVFS.UnitTests.Common.Database.SparseTableTests.GetAllWithWithOneResult" classname="GVFS.UnitTests.Common.Database.SparseTableTests" runstate="Runnable" testcasecount="1" result="Passed" start-time="2019-11-11 20:29:18Z" end-time="2019-11-11 20:29:18Z" duration="0.002782" total="1" passed="1" failed="0" warnings="0" inconclusive="0" skipped="0" asserts="2">
                <properties />
                <test-case id="2151" name="GetAllWithWithOneResult()" fullname="GVFS.UnitTests.Common.Database.SparseTableTests.GetAllWithWithOneResult()" methodname="GetAllWithWithOneResult" classname="GVFS.UnitTests.Common.Database.SparseTableTests" runstate="Runnable" seed="1968468218" result="Passed" start-time="2019-11-11 20:29:18Z" end-time="2019-11-11 20:29:18Z" duration="0.002697" asserts="2">
                  <properties />
                </test-case>
              </test-suite>
              <test-suite type="ParameterizedMethod" id="2162" name="RemoveThrowsGVFSDatabaseException" fullname="GVFS.UnitTests.Common.Database.SparseTableTests.RemoveThrowsGVFSDatabaseException" classname="GVFS.UnitTests.Common.Database.SparseTableTests" runstate="Runnable" testcasecount="1" result="Passed" start-time="2019-11-11 20:29:18Z" end-time="2019-11-11 20:29:18Z" duration="0.003169" total="1" passed="1" failed="0" warnings="0" inconclusive="0" skipped="0" asserts="3">
                <properties>
                  <property name="Category" value="ExceptionExpected" />
                </properties>
                <test-case id="2161" name="RemoveThrowsGVFSDatabaseException()" fullname="GVFS.UnitTests.Common.Database.SparseTableTests.RemoveThrowsGVFSDatabaseException()" methodname="RemoveThrowsGVFSDatabaseException" classname="GVFS.UnitTests.Common.Database.SparseTableTests" runstate="Runnable" seed="999735122" result="Passed" start-time="2019-11-11 20:29:18Z" end-time="2019-11-11 20:29:18Z" duration="0.003140" asserts="3">
                  <properties />
                </test-case>
              </test-suite>
              <test-suite type="ParameterizedMethod" id="2160" name="RemoveVariousPaths" fullname="GVFS.UnitTests.Common.Database.SparseTableTests.RemoveVariousPaths" classname="GVFS.UnitTests.Common.Database.SparseTableTests" runstate="Runnable" testcasecount="1" result="Passed" start-time="2019-11-11 20:29:18Z" end-time="2019-11-11 20:29:18Z" duration="0.014376" total="1" passed="1" failed="0" warnings="0" inconclusive="0" skipped="0" asserts="0">
                <properties />
                <test-case id="2159" name="RemoveVariousPaths()" fullname="GVFS.UnitTests.Common.Database.SparseTableTests.RemoveVariousPaths()" methodname="RemoveVariousPaths" classname="GVFS.UnitTests.Common.Database.SparseTableTests" runstate="Runnable" seed="629655300" result="Passed" start-time="2019-11-11 20:29:18Z" end-time="2019-11-11 20:29:18Z" duration="0.014345" asserts="0">
                  <properties />
                </test-case>
              </test-suite>
            </test-suite>
          </test-suite>
          <test-suite type="TestFixture" id="1610" name="EpochConverterTests" fullname="GVFS.UnitTests.Common.EpochConverterTests" classname="GVFS.UnitTests.Common.EpochConverterTests" runstate="Runnable" testcasecount="3" result="Passed" start-time="2019-11-11 20:29:18Z" end-time="2019-11-11 20:29:18Z" duration="0.003091" total="3" passed="3" failed="0" warnings="0" inconclusive="0" skipped="0" asserts="8">
            <properties />
            <test-suite type="ParameterizedMethod" id="1612" name="DateToEpochToDate" fullname="GVFS.UnitTests.Common.EpochConverterTests.DateToEpochToDate" classname="GVFS.UnitTests.Common.EpochConverterTests" runstate="Runnable" testcasecount="1" result="Passed" start-time="2019-11-11 20:29:18Z" end-time="2019-11-11 20:29:18Z" duration="0.001096" total="1" passed="1" failed="0" warnings="0" inconclusive="0" skipped="0" asserts="1">
              <properties />
              <test-case id="1611" name="DateToEpochToDate()" fullname="GVFS.UnitTests.Common.EpochConverterTests.DateToEpochToDate()" methodname="DateToEpochToDate" classname="GVFS.UnitTests.Common.EpochConverterTests" runstate="Runnable" seed="1899770229" result="Passed" start-time="2019-11-11 20:29:18Z" end-time="2019-11-11 20:29:18Z" duration="0.001069" asserts="1">
                <properties />
              </test-case>
            </test-suite>
            <test-suite type="ParameterizedMethod" id="1614" name="EpochToDateToEpoch" fullname="GVFS.UnitTests.Common.EpochConverterTests.EpochToDateToEpoch" classname="GVFS.UnitTests.Common.EpochConverterTests" runstate="Runnable" testcasecount="1" result="Passed" start-time="2019-11-11 20:29:18Z" end-time="2019-11-11 20:29:18Z" duration="0.000863" total="1" passed="1" failed="0" warnings="0" inconclusive="0" skipped="0" asserts="1">
              <properties />
              <test-case id="1613" name="EpochToDateToEpoch()" fullname="GVFS.UnitTests.Common.EpochConverterTests.EpochToDateToEpoch()" methodname="EpochToDateToEpoch" classname="GVFS.UnitTests.Common.EpochConverterTests" runstate="Runnable" seed="2087381439" result="Passed" start-time="2019-11-11 20:29:18Z" end-time="2019-11-11 20:29:18Z" duration="0.000833" asserts="1">
                <properties />
              </test-case>
            </test-suite>
            <test-suite type="ParameterizedMethod" id="1616" name="FixedDates" fullname="GVFS.UnitTests.Common.EpochConverterTests.FixedDates" classname="GVFS.UnitTests.Common.EpochConverterTests" runstate="Runnable" testcasecount="1" result="Passed" start-time="2019-11-11 20:29:18Z" end-time="2019-11-11 20:29:18Z" duration="0.001038" total="1" passed="1" failed="0" warnings="0" inconclusive="0" skipped="0" asserts="6">
              <properties />
              <test-case id="1615" name="FixedDates()" fullname="GVFS.UnitTests.Common.EpochConverterTests.FixedDates()" methodname="FixedDates" classname="GVFS.UnitTests.Common.EpochConverterTests" runstate="Runnable" seed="669073260" result="Passed" start-time="2019-11-11 20:29:18Z" end-time="2019-11-11 20:29:18Z" duration="0.000989" asserts="6">
                <properties />
              </test-case>
            </test-suite>
          </test-suite>
          <test-suite type="TestFixture" id="1617" name="FileBasedDictionaryTests" fullname="GVFS.UnitTests.Common.FileBasedDictionaryTests" classname="GVFS.UnitTests.Common.FileBasedDictionaryTests" runstate="Runnable" testcasecount="14" result="Passed" start-time="2019-11-11 20:29:18Z" end-time="2019-11-11 20:29:19Z" duration="1.493095" total="14" passed="14" failed="0" warnings="0" inconclusive="0" skipped="0" asserts="185">
            <properties />
            <test-suite type="ParameterizedMethod" id="1643" name="DeleteFlushesToDisk" fullname="GVFS.UnitTests.Common.FileBasedDictionaryTests.DeleteFlushesToDisk" classname="GVFS.UnitTests.Common.FileBasedDictionaryTests" runstate="Runnable" testcasecount="1" result="Passed" start-time="2019-11-11 20:29:18Z" end-time="2019-11-11 20:29:18Z" duration="0.075762" total="1" passed="1" failed="0" warnings="0" inconclusive="0" skipped="0" asserts="9">
              <properties />
              <test-case id="1642" name="DeleteFlushesToDisk()" fullname="GVFS.UnitTests.Common.FileBasedDictionaryTests.DeleteFlushesToDisk()" methodname="DeleteFlushesToDisk" classname="GVFS.UnitTests.Common.FileBasedDictionaryTests" runstate="Runnable" seed="1355690992" result="Passed" start-time="2019-11-11 20:29:18Z" end-time="2019-11-11 20:29:18Z" duration="0.075708" asserts="9">
                <properties />
              </test-case>
            </test-suite>
            <test-suite type="ParameterizedMethod" id="1645" name="DeleteUnusedKeyFlushesToDisk" fullname="GVFS.UnitTests.Common.FileBasedDictionaryTests.DeleteUnusedKeyFlushesToDisk" classname="GVFS.UnitTests.Common.FileBasedDictionaryTests" runstate="Runnable" testcasecount="1" result="Passed" start-time="2019-11-11 20:29:18Z" end-time="2019-11-11 20:29:18Z" duration="0.000412" total="1" passed="1" failed="0" warnings="0" inconclusive="0" skipped="0" asserts="5">
              <properties />
              <test-case id="1644" name="DeleteUnusedKeyFlushesToDisk()" fullname="GVFS.UnitTests.Common.FileBasedDictionaryTests.DeleteUnusedKeyFlushesToDisk()" methodname="DeleteUnusedKeyFlushesToDisk" classname="GVFS.UnitTests.Common.FileBasedDictionaryTests" runstate="Runnable" seed="908350539" result="Passed" start-time="2019-11-11 20:29:18Z" end-time="2019-11-11 20:29:18Z" duration="0.000375" asserts="5">
                <properties />
              </test-case>
            </test-suite>
            <test-suite type="ParameterizedMethod" id="1619" name="ParsesExistingDataCorrectly" fullname="GVFS.UnitTests.Common.FileBasedDictionaryTests.ParsesExistingDataCorrectly" classname="GVFS.UnitTests.Common.FileBasedDictionaryTests" runstate="Runnable" testcasecount="1" result="Passed" start-time="2019-11-11 20:29:18Z" end-time="2019-11-11 20:29:18Z" duration="0.000609" total="1" passed="1" failed="0" warnings="0" inconclusive="0" skipped="0" asserts="6">
              <properties />
              <test-case id="1618" name="ParsesExistingDataCorrectly()" fullname="GVFS.UnitTests.Common.FileBasedDictionaryTests.ParsesExistingDataCorrectly()" methodname="ParsesExistingDataCorrectly" classname="GVFS.UnitTests.Common.FileBasedDictionaryTests" runstate="Runnable" seed="2068542577" result="Passed" start-time="2019-11-11 20:29:18Z" end-time="2019-11-11 20:29:18Z" duration="0.000578" asserts="6">
                <properties />
              </test-case>
            </test-suite>
            <test-suite type="ParameterizedMethod" id="1639" name="SetValueAndFlushRecoversFromDeletedTempAndFailedOverwrite" fullname="GVFS.UnitTests.Common.FileBasedDictionaryTests.SetValueAndFlushRecoversFromDeletedTempAndFailedOverwrite" classname="GVFS.UnitTests.Common.FileBasedDictionaryTests" runstate="Runnable" testcasecount="1" result="Passed" start-time="2019-11-11 20:29:18Z" end-time="2019-11-11 20:29:18Z" duration="0.345679" total="1" passed="1" failed="0" warnings="0" inconclusive="0" skipped="0" asserts="21">
              <properties>
                <property name="Category" value="ExceptionExpected" />
              </properties>
              <test-case id="1638" name="SetValueAndFlushRecoversFromDeletedTempAndFailedOverwrite()" fullname="GVFS.UnitTests.Common.FileBasedDictionaryTests.SetValueAndFlushRecoversFromDeletedTempAndFailedOverwrite()" methodname="SetValueAndFlushRecoversFromDeletedTempAndFailedOverwrite" classname="GVFS.UnitTests.Common.FileBasedDictionaryTests" runstate="Runnable" seed="1609847211" result="Passed" start-time="2019-11-11 20:29:18Z" end-time="2019-11-11 20:29:18Z" duration="0.345620" asserts="21">
                <properties />
              </test-case>
            </test-suite>
            <test-suite type="ParameterizedMethod" id="1635" name="SetValueAndFlushRecoversFromDeletedTmp" fullname="GVFS.UnitTests.Common.FileBasedDictionaryTests.SetValueAndFlushRecoversFromDeletedTmp" classname="GVFS.UnitTests.Common.FileBasedDictionaryTests" runstate="Runnable" testcasecount="1" result="Passed" start-time="2019-11-11 20:29:18Z" end-time="2019-11-11 20:29:18Z" duration="0.000605" total="1" passed="1" failed="0" warnings="0" inconclusive="0" skipped="0" asserts="21">
              <properties />
              <test-case id="1634" name="SetValueAndFlushRecoversFromDeletedTmp()" fullname="GVFS.UnitTests.Common.FileBasedDictionaryTests.SetValueAndFlushRecoversFromDeletedTmp()" methodname="SetValueAndFlushRecoversFromDeletedTmp" classname="GVFS.UnitTests.Common.FileBasedDictionaryTests" runstate="Runnable" seed="754448773" result="Passed" start-time="2019-11-11 20:29:18Z" end-time="2019-11-11 20:29:18Z" duration="0.000563" asserts="21">
                <properties />
              </test-case>
            </test-suite>
            <test-suite type="ParameterizedMethod" id="1633" name="SetValueAndFlushRecoversFromFailedOpenFileStream" fullname="GVFS.UnitTests.Common.FileBasedDictionaryTests.SetValueAndFlushRecoversFromFailedOpenFileStream" classname="GVFS.UnitTests.Common.FileBasedDictionaryTests" runstate="Runnable" testcasecount="1" result="Passed" start-time="2019-11-11 20:29:18Z" end-time="2019-11-11 20:29:19Z" duration="0.624371" total="1" passed="1" failed="0" warnings="0" inconclusive="0" skipped="0" asserts="16">
              <properties>
                <property name="Category" value="ExceptionExpected" />
              </properties>
              <test-case id="1632" name="SetValueAndFlushRecoversFromFailedOpenFileStream()" fullname="GVFS.UnitTests.Common.FileBasedDictionaryTests.SetValueAndFlushRecoversFromFailedOpenFileStream()" methodname="SetValueAndFlushRecoversFromFailedOpenFileStream" classname="GVFS.UnitTests.Common.FileBasedDictionaryTests" runstate="Runnable" seed="1411302150" result="Passed" start-time="2019-11-11 20:29:18Z" end-time="2019-11-11 20:29:19Z" duration="0.624328" asserts="16">
                <properties />
              </test-case>
            </test-suite>
            <test-suite type="ParameterizedMethod" id="1637" name="SetValueAndFlushRecoversFromFailedOverwrite" fullname="GVFS.UnitTests.Common.FileBasedDictionaryTests.SetValueAndFlushRecoversFromFailedOverwrite" classname="GVFS.UnitTests.Common.FileBasedDictionaryTests" runstate="Runnable" testcasecount="1" result="Passed" start-time="2019-11-11 20:29:19Z" end-time="2019-11-11 20:29:19Z" duration="0.313960" total="1" passed="1" failed="0" warnings="0" inconclusive="0" skipped="0" asserts="11">
              <properties>
                <property name="Category" value="ExceptionExpected" />
              </properties>
              <test-case id="1636" name="SetValueAndFlushRecoversFromFailedOverwrite()" fullname="GVFS.UnitTests.Common.FileBasedDictionaryTests.SetValueAndFlushRecoversFromFailedOverwrite()" methodname="SetValueAndFlushRecoversFromFailedOverwrite" classname="GVFS.UnitTests.Common.FileBasedDictionaryTests" runstate="Runnable" seed="403422575" result="Passed" start-time="2019-11-11 20:29:19Z" end-time="2019-11-11 20:29:19Z" duration="0.313896" asserts="11">
                <properties />
              </test-case>
            </test-suite>
            <test-suite type="ParameterizedMethod" id="1641" name="SetValueAndFlushRecoversFromMixOfFailures" fullname="GVFS.UnitTests.Common.FileBasedDictionaryTests.SetValueAndFlushRecoversFromMixOfFailures" classname="GVFS.UnitTests.Common.FileBasedDictionaryTests" runstate="Runnable" testcasecount="1" result="Passed" start-time="2019-11-11 20:29:19Z" end-time="2019-11-11 20:29:19Z" duration="0.126185" total="1" passed="1" failed="0" warnings="0" inconclusive="0" skipped="0" asserts="14">
              <properties>
                <property name="Category" value="ExceptionExpected" />
              </properties>
              <test-case id="1640" name="SetValueAndFlushRecoversFromMixOfFailures()" fullname="GVFS.UnitTests.Common.FileBasedDictionaryTests.SetValueAndFlushRecoversFromMixOfFailures()" methodname="SetValueAndFlushRecoversFromMixOfFailures" classname="GVFS.UnitTests.Common.FileBasedDictionaryTests" runstate="Runnable" seed="722462531" result="Passed" start-time="2019-11-11 20:29:19Z" end-time="2019-11-11 20:29:19Z" duration="0.126133" asserts="14">
                <properties />
              </test-case>
            </test-suite>
            <test-suite type="ParameterizedMethod" id="1631" name="SetValueAndFlushUpdatedEntryOnDisk" fullname="GVFS.UnitTests.Common.FileBasedDictionaryTests.SetValueAndFlushUpdatedEntryOnDisk" classname="GVFS.UnitTests.Common.FileBasedDictionaryTests" runstate="Runnable" testcasecount="1" result="Passed" start-time="2019-11-11 20:29:19Z" end-time="2019-11-11 20:29:19Z" duration="0.000695" total="1" passed="1" failed="0" warnings="0" inconclusive="0" skipped="0" asserts="11">
              <properties />
              <test-case id="1630" name="SetValueAndFlushUpdatedEntryOnDisk()" fullname="GVFS.UnitTests.Common.FileBasedDictionaryTests.SetValueAndFlushUpdatedEntryOnDisk()" methodname="SetValueAndFlushUpdatedEntryOnDisk" classname="GVFS.UnitTests.Common.FileBasedDictionaryTests" runstate="Runnable" seed="1777649182" result="Passed" start-time="2019-11-11 20:29:19Z" end-time="2019-11-11 20:29:19Z" duration="0.000649" asserts="11">
                <properties />
              </test-case>
            </test-suite>
            <test-suite type="ParameterizedMethod" id="1621" name="SetValueAndFlushWritesEntryToDisk" fullname="GVFS.UnitTests.Common.FileBasedDictionaryTests.SetValueAndFlushWritesEntryToDisk" classname="GVFS.UnitTests.Common.FileBasedDictionaryTests" runstate="Runnable" testcasecount="1" result="Passed" start-time="2019-11-11 20:29:19Z" end-time="2019-11-11 20:29:19Z" duration="0.000476" total="1" passed="1" failed="0" warnings="0" inconclusive="0" skipped="0" asserts="11">
              <properties />
              <test-case id="1620" name="SetValueAndFlushWritesEntryToDisk()" fullname="GVFS.UnitTests.Common.FileBasedDictionaryTests.SetValueAndFlushWritesEntryToDisk()" methodname="SetValueAndFlushWritesEntryToDisk" classname="GVFS.UnitTests.Common.FileBasedDictionaryTests" runstate="Runnable" seed="843695190" result="Passed" start-time="2019-11-11 20:29:19Z" end-time="2019-11-11 20:29:19Z" duration="0.000446" asserts="11">
                <properties />
              </test-case>
            </test-suite>
            <test-suite type="ParameterizedMethod" id="1629" name="SetValuesAndFlushUsesLastValueWhenKeyDuplicated" fullname="GVFS.UnitTests.Common.FileBasedDictionaryTests.SetValuesAndFlushUsesLastValueWhenKeyDuplicated" classname="GVFS.UnitTests.Common.FileBasedDictionaryTests" runstate="Runnable" testcasecount="1" result="Passed" start-time="2019-11-11 20:29:19Z" end-time="2019-11-11 20:29:19Z" duration="0.002049" total="1" passed="1" failed="0" warnings="0" inconclusive="0" skipped="0" asserts="11">
              <properties />
              <test-case id="1628" name="SetValuesAndFlushUsesLastValueWhenKeyDuplicated()" fullname="GVFS.UnitTests.Common.FileBasedDictionaryTests.SetValuesAndFlushUsesLastValueWhenKeyDuplicated()" methodname="SetValuesAndFlushUsesLastValueWhenKeyDuplicated" classname="GVFS.UnitTests.Common.FileBasedDictionaryTests" runstate="Runnable" seed="1734859164" result="Passed" start-time="2019-11-11 20:29:19Z" end-time="2019-11-11 20:29:19Z" duration="0.002021" asserts="11">
                <properties />
              </test-case>
            </test-suite>
            <test-suite type="ParameterizedMethod" id="1623" name="SetValuesAndFlushWritesEntriesToDisk" fullname="GVFS.UnitTests.Common.FileBasedDictionaryTests.SetValuesAndFlushWritesEntriesToDisk" classname="GVFS.UnitTests.Common.FileBasedDictionaryTests" runstate="Runnable" testcasecount="1" result="Passed" start-time="2019-11-11 20:29:19Z" end-time="2019-11-11 20:29:19Z" duration="0.000475" total="1" passed="1" failed="0" warnings="0" inconclusive="0" skipped="0" asserts="12">
              <properties />
              <test-case id="1622" name="SetValuesAndFlushWritesEntriesToDisk()" fullname="GVFS.UnitTests.Common.FileBasedDictionaryTests.SetValuesAndFlushWritesEntriesToDisk()" methodname="SetValuesAndFlushWritesEntriesToDisk" classname="GVFS.UnitTests.Common.FileBasedDictionaryTests" runstate="Runnable" seed="1986386270" result="Passed" start-time="2019-11-11 20:29:19Z" end-time="2019-11-11 20:29:19Z" duration="0.000450" asserts="12">
                <properties />
              </test-case>
            </test-suite>
            <test-suite type="ParameterizedMethod" id="1625" name="SetValuesAndFlushWritesNewEntryAndUpdatesExistingEntryOnDisk" fullname="GVFS.UnitTests.Common.FileBasedDictionaryTests.SetValuesAndFlushWritesNewEntryAndUpdatesExistingEntryOnDisk" classname="GVFS.UnitTests.Common.FileBasedDictionaryTests" runstate="Runnable" testcasecount="1" result="Passed" start-time="2019-11-11 20:29:19Z" end-time="2019-11-11 20:29:19Z" duration="0.000818" total="1" passed="1" failed="0" warnings="0" inconclusive="0" skipped="0" asserts="17">
              <properties />
              <test-case id="1624" name="SetValuesAndFlushWritesNewEntryAndUpdatesExistingEntryOnDisk()" fullname="GVFS.UnitTests.Common.FileBasedDictionaryTests.SetValuesAndFlushWritesNewEntryAndUpdatesExistingEntryOnDisk()" methodname="SetValuesAndFlushWritesNewEntryAndUpdatesExistingEntryOnDisk" classname="GVFS.UnitTests.Common.FileBasedDictionaryTests" runstate="Runnable" seed="2009351790" result="Passed" start-time="2019-11-11 20:29:19Z" end-time="2019-11-11 20:29:19Z" duration="0.000767" asserts="17">
                <properties />
              </test-case>
            </test-suite>
            <test-suite type="ParameterizedMethod" id="1627" name="SetValuesAndFlushWritesUpdatesExistingEntriesOnDisk" fullname="GVFS.UnitTests.Common.FileBasedDictionaryTests.SetValuesAndFlushWritesUpdatesExistingEntriesOnDisk" classname="GVFS.UnitTests.Common.FileBasedDictionaryTests" runstate="Runnable" testcasecount="1" result="Passed" start-time="2019-11-11 20:29:19Z" end-time="2019-11-11 20:29:19Z" duration="0.000807" total="1" passed="1" failed="0" warnings="0" inconclusive="0" skipped="0" asserts="20">
              <properties />
              <test-case id="1626" name="SetValuesAndFlushWritesUpdatesExistingEntriesOnDisk()" fullname="GVFS.UnitTests.Common.FileBasedDictionaryTests.SetValuesAndFlushWritesUpdatesExistingEntriesOnDisk()" methodname="SetValuesAndFlushWritesUpdatesExistingEntriesOnDisk" classname="GVFS.UnitTests.Common.FileBasedDictionaryTests" runstate="Runnable" seed="1002682850" result="Passed" start-time="2019-11-11 20:29:19Z" end-time="2019-11-11 20:29:19Z" duration="0.000776" asserts="20">
                <properties />
              </test-case>
            </test-suite>
          </test-suite>
          <test-suite type="TestFixture" id="1568" name="FileSystemTaskQueueTests" fullname="GVFS.UnitTests.Common.FileSystemTaskQueueTests" classname="GVFS.UnitTests.Common.FileSystemTaskQueueTests" runstate="Runnable" testcasecount="7" result="Passed" start-time="2019-11-11 20:29:19Z" end-time="2019-11-11 20:29:19Z" duration="0.037354" total="7" passed="7" failed="0" warnings="0" inconclusive="0" skipped="0" asserts="63">
            <properties />
            <test-suite type="ParameterizedMethod" id="1578" name="RecoversWhenCorrupt" fullname="GVFS.UnitTests.Common.FileSystemTaskQueueTests.RecoversWhenCorrupt" classname="GVFS.UnitTests.Common.FileSystemTaskQueueTests" runstate="Runnable" testcasecount="1" result="Passed" start-time="2019-11-11 20:29:19Z" end-time="2019-11-11 20:29:19Z" duration="0.013086" total="1" passed="1" failed="0" warnings="0" inconclusive="0" skipped="0" asserts="6">
              <properties />
              <test-case id="1577" name="RecoversWhenCorrupt()" fullname="GVFS.UnitTests.Common.FileSystemTaskQueueTests.RecoversWhenCorrupt()" methodname="RecoversWhenCorrupt" classname="GVFS.UnitTests.Common.FileSystemTaskQueueTests" runstate="Runnable" seed="832378942" result="Passed" start-time="2019-11-11 20:29:19Z" end-time="2019-11-11 20:29:19Z" duration="0.013061" asserts="6">
                <properties />
              </test-case>
            </test-suite>
            <test-suite type="ParameterizedMethod" id="1570" name="ReturnsFalseWhenOpenFails" fullname="GVFS.UnitTests.Common.FileSystemTaskQueueTests.ReturnsFalseWhenOpenFails" classname="GVFS.UnitTests.Common.FileSystemTaskQueueTests" runstate="Runnable" testcasecount="1" result="Passed" start-time="2019-11-11 20:29:19Z" end-time="2019-11-11 20:29:19Z" duration="0.000896" total="1" passed="1" failed="0" warnings="0" inconclusive="0" skipped="0" asserts="3">
              <properties>
                <property name="Category" value="ExceptionExpected" />
              </properties>
              <test-case id="1569" name="ReturnsFalseWhenOpenFails()" fullname="GVFS.UnitTests.Common.FileSystemTaskQueueTests.ReturnsFalseWhenOpenFails()" methodname="ReturnsFalseWhenOpenFails" classname="GVFS.UnitTests.Common.FileSystemTaskQueueTests" runstate="Runnable" seed="812210255" result="Passed" start-time="2019-11-11 20:29:19Z" end-time="2019-11-11 20:29:19Z" duration="0.000865" asserts="3">
                <properties />
              </test-case>
            </test-suite>
            <test-suite type="ParameterizedMethod" id="1574" name="StoresAddRecord" fullname="GVFS.UnitTests.Common.FileSystemTaskQueueTests.StoresAddRecord" classname="GVFS.UnitTests.Common.FileSystemTaskQueueTests" runstate="Runnable" testcasecount="1" result="Passed" start-time="2019-11-11 20:29:19Z" end-time="2019-11-11 20:29:19Z" duration="0.002540" total="1" passed="1" failed="0" warnings="0" inconclusive="0" skipped="0" asserts="6">
              <properties />
              <test-case id="1573" name="StoresAddRecord()" fullname="GVFS.UnitTests.Common.FileSystemTaskQueueTests.StoresAddRecord()" methodname="StoresAddRecord" classname="GVFS.UnitTests.Common.FileSystemTaskQueueTests" runstate="Runnable" seed="1841290878" result="Passed" start-time="2019-11-11 20:29:19Z" end-time="2019-11-11 20:29:19Z" duration="0.002513" asserts="6">
                <properties />
              </test-case>
            </test-suite>
            <test-suite type="ParameterizedMethod" id="1580" name="StoresDeleteRecord" fullname="GVFS.UnitTests.Common.FileSystemTaskQueueTests.StoresDeleteRecord" classname="GVFS.UnitTests.Common.FileSystemTaskQueueTests" runstate="Runnable" testcasecount="1" result="Passed" start-time="2019-11-11 20:29:19Z" end-time="2019-11-11 20:29:19Z" duration="0.017468" total="1" passed="1" failed="0" warnings="0" inconclusive="0" skipped="0" asserts="15">
              <properties />
              <test-case id="1579" name="StoresDeleteRecord()" fullname="GVFS.UnitTests.Common.FileSystemTaskQueueTests.StoresDeleteRecord()" methodname="StoresDeleteRecord" classname="GVFS.UnitTests.Common.FileSystemTaskQueueTests" runstate="Runnable" seed="1780150601" result="Passed" start-time="2019-11-11 20:29:19Z" end-time="2019-11-11 20:29:19Z" duration="0.017437" asserts="15">
                <properties />
              </test-case>
            </test-suite>
            <test-suite type="ParameterizedMethod" id="1576" name="TruncatesWhenEmpty" fullname="GVFS.UnitTests.Common.FileSystemTaskQueueTests.TruncatesWhenEmpty" classname="GVFS.UnitTests.Common.FileSystemTaskQueueTests" runstate="Runnable" testcasecount="1" result="Passed" start-time="2019-11-11 20:29:19Z" end-time="2019-11-11 20:29:19Z" duration="0.000546" total="1" passed="1" failed="0" warnings="0" inconclusive="0" skipped="0" asserts="6">
              <properties />
              <test-case id="1575" name="TruncatesWhenEmpty()" fullname="GVFS.UnitTests.Common.FileSystemTaskQueueTests.TruncatesWhenEmpty()" methodname="TruncatesWhenEmpty" classname="GVFS.UnitTests.Common.FileSystemTaskQueueTests" runstate="Runnable" seed="112338080" result="Passed" start-time="2019-11-11 20:29:19Z" end-time="2019-11-11 20:29:19Z" duration="0.000513" asserts="6">
                <properties />
              </test-case>
            </test-suite>
            <test-suite type="ParameterizedMethod" id="1572" name="TryPeekDoesNotDequeue" fullname="GVFS.UnitTests.Common.FileSystemTaskQueueTests.TryPeekDoesNotDequeue" classname="GVFS.UnitTests.Common.FileSystemTaskQueueTests" runstate="Runnable" testcasecount="1" result="Passed" start-time="2019-11-11 20:29:19Z" end-time="2019-11-11 20:29:19Z" duration="0.000675" total="1" passed="1" failed="0" warnings="0" inconclusive="0" skipped="0" asserts="15">
              <properties />
              <test-case id="1571" name="TryPeekDoesNotDequeue()" fullname="GVFS.UnitTests.Common.FileSystemTaskQueueTests.TryPeekDoesNotDequeue()" methodname="TryPeekDoesNotDequeue" classname="GVFS.UnitTests.Common.FileSystemTaskQueueTests" runstate="Runnable" seed="747538835" result="Passed" start-time="2019-11-11 20:29:19Z" end-time="2019-11-11 20:29:19Z" duration="0.000645" asserts="15">
                <properties />
              </test-case>
            </test-suite>
            <test-suite type="ParameterizedMethod" id="1582" name="WrapsIOExceptionsDuringWrite" fullname="GVFS.UnitTests.Common.FileSystemTaskQueueTests.WrapsIOExceptionsDuringWrite" classname="GVFS.UnitTests.Common.FileSystemTaskQueueTests" runstate="Runnable" testcasecount="1" result="Passed" start-time="2019-11-11 20:29:19Z" end-time="2019-11-11 20:29:19Z" duration="0.002031" total="1" passed="1" failed="0" warnings="0" inconclusive="0" skipped="0" asserts="12">
              <properties>
                <property name="Category" value="ExceptionExpected" />
              </properties>
              <test-case id="1581" name="WrapsIOExceptionsDuringWrite()" fullname="GVFS.UnitTests.Common.FileSystemTaskQueueTests.WrapsIOExceptionsDuringWrite()" methodname="WrapsIOExceptionsDuringWrite" classname="GVFS.UnitTests.Common.FileSystemTaskQueueTests" runstate="Runnable" seed="1538564974" result="Passed" start-time="2019-11-11 20:29:19Z" end-time="2019-11-11 20:29:19Z" duration="0.001993" asserts="12">
                <properties />
              </test-case>
            </test-suite>
          </test-suite>
          <test-suite type="TestSuite" id="2196" name="Git" fullname="GVFS.UnitTests.Common.Git" runstate="Runnable" testcasecount="14" result="Passed" start-time="2019-11-11 20:29:15Z" end-time="2019-11-11 20:29:20Z" duration="5.046313" total="14" passed="14" failed="0" warnings="0" inconclusive="0" skipped="0" asserts="32">
            <properties />
            <test-suite type="TestFixture" id="2040" name="GitSslTests" fullname="GVFS.UnitTests.Common.Git.GitSslTests" classname="GVFS.UnitTests.Common.Git.GitSslTests" runstate="Runnable" testcasecount="11" result="Passed" start-time="2019-11-11 20:29:19Z" end-time="2019-11-11 20:29:20Z" duration="0.571645" total="11" passed="11" failed="0" warnings="0" inconclusive="0" skipped="0" asserts="22">
              <properties />
              <test-suite type="ParameterizedMethod" id="2046" name="ConstructorShouldNotThrowWhenLastBoolSettingIsABool" fullname="GVFS.UnitTests.Common.Git.GitSslTests.ConstructorShouldNotThrowWhenLastBoolSettingIsABool" classname="GVFS.UnitTests.Common.Git.GitSslTests" runstate="Runnable" testcasecount="2" result="Passed" start-time="2019-11-11 20:29:19Z" end-time="2019-11-11 20:29:19Z" duration="0.008734" total="2" passed="2" failed="0" warnings="0" inconclusive="0" skipped="0" asserts="2">
                <properties />
                <test-case id="2044" name="ConstructorShouldNotThrowWhenLastBoolSettingIsABool(&quot;http.sslcertpasswordprotected&quot;)" fullname="GVFS.UnitTests.Common.Git.GitSslTests.ConstructorShouldNotThrowWhenLastBoolSettingIsABool(&quot;http.sslcertpasswordprotected&quot;)" methodname="ConstructorShouldNotThrowWhenLastBoolSettingIsABool" classname="GVFS.UnitTests.Common.Git.GitSslTests" runstate="Runnable" seed="56869570" result="Passed" start-time="2019-11-11 20:29:19Z" end-time="2019-11-11 20:29:19Z" duration="0.007583" asserts="1">
                  <properties />
                </test-case>
                <test-case id="2045" name="ConstructorShouldNotThrowWhenLastBoolSettingIsABool(&quot;http.sslverify&quot;)" fullname="GVFS.UnitTests.Common.Git.GitSslTests.ConstructorShouldNotThrowWhenLastBoolSettingIsABool(&quot;http.sslverify&quot;)" methodname="ConstructorShouldNotThrowWhenLastBoolSettingIsABool" classname="GVFS.UnitTests.Common.Git.GitSslTests" runstate="Runnable" seed="1472905651" result="Passed" start-time="2019-11-11 20:29:19Z" end-time="2019-11-11 20:29:19Z" duration="0.001090" asserts="1">
                  <properties />
                </test-case>
              </test-suite>
              <test-suite type="ParameterizedMethod" id="2043" name="ConstructorShouldThrowWhenLastBoolSettingNotABool" fullname="GVFS.UnitTests.Common.Git.GitSslTests.ConstructorShouldThrowWhenLastBoolSettingNotABool" classname="GVFS.UnitTests.Common.Git.GitSslTests" runstate="Runnable" testcasecount="2" result="Passed" start-time="2019-11-11 20:29:19Z" end-time="2019-11-11 20:29:19Z" duration="0.018632" total="2" passed="2" failed="0" warnings="0" inconclusive="0" skipped="0" asserts="2">
                <properties>
                  <property name="Category" value="ExceptionExpected" />
                </properties>
                <test-case id="2041" name="ConstructorShouldThrowWhenLastBoolSettingNotABool(&quot;http.sslcertpasswordprotected&quot;)" fullname="GVFS.UnitTests.Common.Git.GitSslTests.ConstructorShouldThrowWhenLastBoolSettingNotABool(&quot;http.sslcertpasswordprotected&quot;)" methodname="ConstructorShouldThrowWhenLastBoolSettingNotABool" classname="GVFS.UnitTests.Common.Git.GitSslTests" runstate="Runnable" seed="466261193" result="Passed" start-time="2019-11-11 20:29:19Z" end-time="2019-11-11 20:29:19Z" duration="0.017471" asserts="1">
                  <properties />
                </test-case>
                <test-case id="2042" name="ConstructorShouldThrowWhenLastBoolSettingNotABool(&quot;http.sslverify&quot;)" fullname="GVFS.UnitTests.Common.Git.GitSslTests.ConstructorShouldThrowWhenLastBoolSettingNotABool(&quot;http.sslverify&quot;)" methodname="ConstructorShouldThrowWhenLastBoolSettingNotABool" classname="GVFS.UnitTests.Common.Git.GitSslTests" runstate="Runnable" seed="1293042288" result="Passed" start-time="2019-11-11 20:29:19Z" end-time="2019-11-11 20:29:19Z" duration="0.001103" asserts="1">
                  <properties />
                </test-case>
              </test-suite>
              <test-suite type="ParameterizedMethod" id="2056" name="GetCertificateShouldReturnCertificateFromFileWhenFileExistsAndIsNotPasswordProtectedAndIsInvalidAndShouldVerifyIsFalse" fullname="GVFS.UnitTests.Common.Git.GitSslTests.GetCertificateShouldReturnCertificateFromFileWhenFileExistsAndIsNotPasswordProtectedAndIsInvalidAndShouldVerifyIsFalse" classname="GVFS.UnitTests.Common.Git.GitSslTests" runstate="Runnable" testcasecount="1" result="Passed" start-time="2019-11-11 20:29:19Z" end-time="2019-11-11 20:29:20Z" duration="0.346370" total="1" passed="1" failed="0" warnings="0" inconclusive="0" skipped="0" asserts="3">
                <properties />
                <test-case id="2055" name="GetCertificateShouldReturnCertificateFromFileWhenFileExistsAndIsNotPasswordProtectedAndIsInvalidAndShouldVerifyIsFalse()" fullname="GVFS.UnitTests.Common.Git.GitSslTests.GetCertificateShouldReturnCertificateFromFileWhenFileExistsAndIsNotPasswordProtectedAndIsInvalidAndShouldVerifyIsFalse()" methodname="GetCertificateShouldReturnCertificateFromFileWhenFileExistsAndIsNotPasswordProtectedAndIsInvalidAndShouldVerifyIsFalse" classname="GVFS.UnitTests.Common.Git.GitSslTests" runstate="Runnable" seed="660281345" result="Passed" start-time="2019-11-11 20:29:19Z" end-time="2019-11-11 20:29:20Z" duration="0.346330" asserts="3">
                  <properties />
                </test-case>
              </test-suite>
              <test-suite type="ParameterizedMethod" id="2052" name="GetCertificateShouldReturnCertificateFromFileWhenFileExistsAndIsNotPasswordProtectedAndIsValid" fullname="GVFS.UnitTests.Common.Git.GitSslTests.GetCertificateShouldReturnCertificateFromFileWhenFileExistsAndIsNotPasswordProtectedAndIsValid" classname="GVFS.UnitTests.Common.Git.GitSslTests" runstate="Runnable" testcasecount="1" result="Passed" start-time="2019-11-11 20:29:20Z" end-time="2019-11-11 20:29:20Z" duration="0.026378" total="1" passed="1" failed="0" warnings="0" inconclusive="0" skipped="0" asserts="3">
                <properties />
                <test-case id="2051" name="GetCertificateShouldReturnCertificateFromFileWhenFileExistsAndIsNotPasswordProtectedAndIsValid()" fullname="GVFS.UnitTests.Common.Git.GitSslTests.GetCertificateShouldReturnCertificateFromFileWhenFileExistsAndIsNotPasswordProtectedAndIsValid()" methodname="GetCertificateShouldReturnCertificateFromFileWhenFileExistsAndIsNotPasswordProtectedAndIsValid" classname="GVFS.UnitTests.Common.Git.GitSslTests" runstate="Runnable" seed="117679449" result="Passed" start-time="2019-11-11 20:29:20Z" end-time="2019-11-11 20:29:20Z" duration="0.026332" asserts="3">
                  <properties />
                </test-case>
              </test-suite>
              <test-suite type="ParameterizedMethod" id="2050" name="GetCertificateShouldReturnCertificateFromFileWhenFileExistsAndIsPasswordProtectedAndIsValid" fullname="GVFS.UnitTests.Common.Git.GitSslTests.GetCertificateShouldReturnCertificateFromFileWhenFileExistsAndIsPasswordProtectedAndIsValid" classname="GVFS.UnitTests.Common.Git.GitSslTests" runstate="Runnable" testcasecount="1" result="Passed" start-time="2019-11-11 20:29:20Z" end-time="2019-11-11 20:29:20Z" duration="0.027887" total="1" passed="1" failed="0" warnings="0" inconclusive="0" skipped="0" asserts="4">
                <properties />
                <test-case id="2049" name="GetCertificateShouldReturnCertificateFromFileWhenFileExistsAndIsPasswordProtectedAndIsValid()" fullname="GVFS.UnitTests.Common.Git.GitSslTests.GetCertificateShouldReturnCertificateFromFileWhenFileExistsAndIsPasswordProtectedAndIsValid()" methodname="GetCertificateShouldReturnCertificateFromFileWhenFileExistsAndIsPasswordProtectedAndIsValid" classname="GVFS.UnitTests.Common.Git.GitSslTests" runstate="Runnable" seed="348027144" result="Passed" start-time="2019-11-11 20:29:20Z" end-time="2019-11-11 20:29:20Z" duration="0.027845" asserts="4">
                  <properties />
                </test-case>
              </test-suite>
              <test-suite type="ParameterizedMethod" id="2058" name="GetCertificateShouldReturnCertificateFromStoreAccordingToRulesWhenFileDoesNotExist" fullname="GVFS.UnitTests.Common.Git.GitSslTests.GetCertificateShouldReturnCertificateFromStoreAccordingToRulesWhenFileDoesNotExist" classname="GVFS.UnitTests.Common.Git.GitSslTests" runstate="Runnable" testcasecount="1" result="Passed" start-time="2019-11-11 20:29:20Z" end-time="2019-11-11 20:29:20Z" duration="0.094516" total="1" passed="1" failed="0" warnings="0" inconclusive="0" skipped="0" asserts="3">
                <properties />
                <test-case id="2057" name="GetCertificateShouldReturnCertificateFromStoreAccordingToRulesWhenFileDoesNotExist()" fullname="GVFS.UnitTests.Common.Git.GitSslTests.GetCertificateShouldReturnCertificateFromStoreAccordingToRulesWhenFileDoesNotExist()" methodname="GetCertificateShouldReturnCertificateFromStoreAccordingToRulesWhenFileDoesNotExist" classname="GVFS.UnitTests.Common.Git.GitSslTests" runstate="Runnable" seed="634771383" result="Passed" start-time="2019-11-11 20:29:20Z" end-time="2019-11-11 20:29:20Z" duration="0.094477" asserts="3">
                  <properties />
                </test-case>
              </test-suite>
              <test-suite type="ParameterizedMethod" id="2048" name="GetCertificateShouldReturnNullWhenCertificateCommonNameSettingIsEmpty" fullname="GVFS.UnitTests.Common.Git.GitSslTests.GetCertificateShouldReturnNullWhenCertificateCommonNameSettingIsEmpty" classname="GVFS.UnitTests.Common.Git.GitSslTests" runstate="Runnable" testcasecount="1" result="Passed" start-time="2019-11-11 20:29:20Z" end-time="2019-11-11 20:29:20Z" duration="0.001266" total="1" passed="1" failed="0" warnings="0" inconclusive="0" skipped="0" asserts="1">
                <properties />
                <test-case id="2047" name="GetCertificateShouldReturnNullWhenCertificateCommonNameSettingIsEmpty()" fullname="GVFS.UnitTests.Common.Git.GitSslTests.GetCertificateShouldReturnNullWhenCertificateCommonNameSettingIsEmpty()" methodname="GetCertificateShouldReturnNullWhenCertificateCommonNameSettingIsEmpty" classname="GVFS.UnitTests.Common.Git.GitSslTests" runstate="Runnable" seed="965952013" result="Passed" start-time="2019-11-11 20:29:20Z" end-time="2019-11-11 20:29:20Z" duration="0.001217" asserts="1">
                  <properties />
                </test-case>
              </test-suite>
              <test-suite type="ParameterizedMethod" id="2054" name="GetCertificateShouldReturnNullWhenFileExistsAndIsNotPasswordProtectedAndIsInvalid" fullname="GVFS.UnitTests.Common.Git.GitSslTests.GetCertificateShouldReturnNullWhenFileExistsAndIsNotPasswordProtectedAndIsInvalid" classname="GVFS.UnitTests.Common.Git.GitSslTests" runstate="Runnable" testcasecount="1" result="Passed" start-time="2019-11-11 20:29:20Z" end-time="2019-11-11 20:29:20Z" duration="0.025626" total="1" passed="1" failed="0" warnings="0" inconclusive="0" skipped="0" asserts="2">
                <properties />
                <test-case id="2053" name="GetCertificateShouldReturnNullWhenFileExistsAndIsNotPasswordProtectedAndIsInvalid()" fullname="GVFS.UnitTests.Common.Git.GitSslTests.GetCertificateShouldReturnNullWhenFileExistsAndIsNotPasswordProtectedAndIsInvalid()" methodname="GetCertificateShouldReturnNullWhenFileExistsAndIsNotPasswordProtectedAndIsInvalid" classname="GVFS.UnitTests.Common.Git.GitSslTests" runstate="Runnable" seed="592846818" result="Passed" start-time="2019-11-11 20:29:20Z" end-time="2019-11-11 20:29:20Z" duration="0.025593" asserts="2">
                  <properties />
                </test-case>
              </test-suite>
              <test-suite type="ParameterizedMethod" id="2060" name="GetCertificateShouldReturnNullWhenNoMatchingCertificatesExist" fullname="GVFS.UnitTests.Common.Git.GitSslTests.GetCertificateShouldReturnNullWhenNoMatchingCertificatesExist" classname="GVFS.UnitTests.Common.Git.GitSslTests" runstate="Runnable" testcasecount="1" result="Passed" start-time="2019-11-11 20:29:20Z" end-time="2019-11-11 20:29:20Z" duration="0.022006" total="1" passed="1" failed="0" warnings="0" inconclusive="0" skipped="0" asserts="2">
                <properties />
                <test-case id="2059" name="GetCertificateShouldReturnNullWhenNoMatchingCertificatesExist()" fullname="GVFS.UnitTests.Common.Git.GitSslTests.GetCertificateShouldReturnNullWhenNoMatchingCertificatesExist()" methodname="GetCertificateShouldReturnNullWhenNoMatchingCertificatesExist" classname="GVFS.UnitTests.Common.Git.GitSslTests" runstate="Runnable" seed="465742425" result="Passed" start-time="2019-11-11 20:29:20Z" end-time="2019-11-11 20:29:20Z" duration="0.021978" asserts="2">
                  <properties />
                </test-case>
              </test-suite>
            </test-suite>
            <test-suite type="TestFixture" id="2061" name="Sha1IdTests" fullname="GVFS.UnitTests.Common.Git.Sha1IdTests" classname="GVFS.UnitTests.Common.Git.Sha1IdTests" runstate="Runnable" testcasecount="3" result="Passed" start-time="2019-11-11 20:29:20Z" end-time="2019-11-11 20:29:20Z" duration="0.004833" total="3" passed="3" failed="0" warnings="0" inconclusive="0" skipped="0" asserts="10">
              <properties />
              <test-suite type="ParameterizedMethod" id="2065" name="TryParseFailsForInvalidShas" fullname="GVFS.UnitTests.Common.Git.Sha1IdTests.TryParseFailsForInvalidShas" classname="GVFS.UnitTests.Common.Git.Sha1IdTests" runstate="Runnable" testcasecount="1" result="Passed" start-time="2019-11-11 20:29:20Z" end-time="2019-11-11 20:29:20Z" duration="0.002089" total="1" passed="1" failed="0" warnings="0" inconclusive="0" skipped="0" asserts="4">
                <properties>
                  <property name="Category" value="ExceptionExpected" />
                </properties>
                <test-case id="2064" name="TryParseFailsForInvalidShas()" fullname="GVFS.UnitTests.Common.Git.Sha1IdTests.TryParseFailsForInvalidShas()" methodname="TryParseFailsForInvalidShas" classname="GVFS.UnitTests.Common.Git.Sha1IdTests" runstate="Runnable" seed="581798632" result="Passed" start-time="2019-11-11 20:29:20Z" end-time="2019-11-11 20:29:20Z" duration="0.002064" asserts="4">
                  <properties />
                </test-case>
              </test-suite>
              <test-suite type="ParameterizedMethod" id="2063" name="TryParseFailsForLowerCaseShas" fullname="GVFS.UnitTests.Common.Git.Sha1IdTests.TryParseFailsForLowerCaseShas" classname="GVFS.UnitTests.Common.Git.Sha1IdTests" runstate="Runnable" testcasecount="1" result="Passed" start-time="2019-11-11 20:29:20Z" end-time="2019-11-11 20:29:20Z" duration="0.000561" total="1" passed="1" failed="0" warnings="0" inconclusive="0" skipped="0" asserts="2">
                <properties>
                  <property name="Category" value="ExceptionExpected" />
                </properties>
                <test-case id="2062" name="TryParseFailsForLowerCaseShas()" fullname="GVFS.UnitTests.Common.Git.Sha1IdTests.TryParseFailsForLowerCaseShas()" methodname="TryParseFailsForLowerCaseShas" classname="GVFS.UnitTests.Common.Git.Sha1IdTests" runstate="Runnable" seed="2108603502" result="Passed" start-time="2019-11-11 20:29:20Z" end-time="2019-11-11 20:29:20Z" duration="0.000532" asserts="2">
                  <properties />
                </test-case>
              </test-suite>
              <test-suite type="ParameterizedMethod" id="2067" name="TryParseSucceedsForUpperCaseShas" fullname="GVFS.UnitTests.Common.Git.Sha1IdTests.TryParseSucceedsForUpperCaseShas" classname="GVFS.UnitTests.Common.Git.Sha1IdTests" runstate="Runnable" testcasecount="1" result="Passed" start-time="2019-11-11 20:29:20Z" end-time="2019-11-11 20:29:20Z" duration="0.002095" total="1" passed="1" failed="0" warnings="0" inconclusive="0" skipped="0" asserts="4">
                <properties />
                <test-case id="2066" name="TryParseSucceedsForUpperCaseShas()" fullname="GVFS.UnitTests.Common.Git.Sha1IdTests.TryParseSucceedsForUpperCaseShas()" methodname="TryParseSucceedsForUpperCaseShas" classname="GVFS.UnitTests.Common.Git.Sha1IdTests" runstate="Runnable" seed="1545640702" result="Passed" start-time="2019-11-11 20:29:20Z" end-time="2019-11-11 20:29:20Z" duration="0.002057" asserts="4">
                  <properties />
                </test-case>
              </test-suite>
            </test-suite>
          </test-suite>
          <test-suite type="TestFixture" id="1646" name="GitCommandLineParserTests" fullname="GVFS.UnitTests.Common.GitCommandLineParserTests" classname="GVFS.UnitTests.Common.GitCommandLineParserTests" runstate="Runnable" testcasecount="4" result="Passed" start-time="2019-11-11 20:29:20Z" end-time="2019-11-11 20:29:20Z" duration="0.009814" total="4" passed="4" failed="0" warnings="0" inconclusive="0" skipped="0" asserts="57">
            <properties />
            <test-suite type="ParameterizedMethod" id="1652" name="IsCheckoutWithFilePathsTests" fullname="GVFS.UnitTests.Common.GitCommandLineParserTests.IsCheckoutWithFilePathsTests" classname="GVFS.UnitTests.Common.GitCommandLineParserTests" runstate="Runnable" testcasecount="1" result="Passed" start-time="2019-11-11 20:29:20Z" end-time="2019-11-11 20:29:20Z" duration="0.004207" total="1" passed="1" failed="0" warnings="0" inconclusive="0" skipped="0" asserts="13">
              <properties />
              <test-case id="1651" name="IsCheckoutWithFilePathsTests()" fullname="GVFS.UnitTests.Common.GitCommandLineParserTests.IsCheckoutWithFilePathsTests()" methodname="IsCheckoutWithFilePathsTests" classname="GVFS.UnitTests.Common.GitCommandLineParserTests" runstate="Runnable" seed="2110101175" result="Passed" start-time="2019-11-11 20:29:20Z" end-time="2019-11-11 20:29:20Z" duration="0.004178" asserts="13">
                <properties />
              </test-case>
            </test-suite>
            <test-suite type="ParameterizedMethod" id="1650" name="IsResetSoftOrMixedTests" fullname="GVFS.UnitTests.Common.GitCommandLineParserTests.IsResetSoftOrMixedTests" classname="GVFS.UnitTests.Common.GitCommandLineParserTests" runstate="Runnable" testcasecount="1" result="Passed" start-time="2019-11-11 20:29:20Z" end-time="2019-11-11 20:29:20Z" duration="0.001468" total="1" passed="1" failed="0" warnings="0" inconclusive="0" skipped="0" asserts="9">
              <properties />
              <test-case id="1649" name="IsResetSoftOrMixedTests()" fullname="GVFS.UnitTests.Common.GitCommandLineParserTests.IsResetSoftOrMixedTests()" methodname="IsResetSoftOrMixedTests" classname="GVFS.UnitTests.Common.GitCommandLineParserTests" runstate="Runnable" seed="150804658" result="Passed" start-time="2019-11-11 20:29:20Z" end-time="2019-11-11 20:29:20Z" duration="0.001430" asserts="9">
                <properties />
              </test-case>
            </test-suite>
            <test-suite type="ParameterizedMethod" id="1654" name="IsSerializedStatusTests" fullname="GVFS.UnitTests.Common.GitCommandLineParserTests.IsSerializedStatusTests" classname="GVFS.UnitTests.Common.GitCommandLineParserTests" runstate="Runnable" testcasecount="1" result="Passed" start-time="2019-11-11 20:29:20Z" end-time="2019-11-11 20:29:20Z" duration="0.001275" total="1" passed="1" failed="0" warnings="0" inconclusive="0" skipped="0" asserts="7">
              <properties />
              <test-case id="1653" name="IsSerializedStatusTests()" fullname="GVFS.UnitTests.Common.GitCommandLineParserTests.IsSerializedStatusTests()" methodname="IsSerializedStatusTests" classname="GVFS.UnitTests.Common.GitCommandLineParserTests" runstate="Runnable" seed="747537500" result="Passed" start-time="2019-11-11 20:29:20Z" end-time="2019-11-11 20:29:20Z" duration="0.001188" asserts="7">
                <properties />
              </test-case>
            </test-suite>
            <test-suite type="ParameterizedMethod" id="1648" name="IsVerbTests" fullname="GVFS.UnitTests.Common.GitCommandLineParserTests.IsVerbTests" classname="GVFS.UnitTests.Common.GitCommandLineParserTests" runstate="Runnable" testcasecount="1" result="Passed" start-time="2019-11-11 20:29:20Z" end-time="2019-11-11 20:29:20Z" duration="0.002766" total="1" passed="1" failed="0" warnings="0" inconclusive="0" skipped="0" asserts="28">
              <properties />
              <test-case id="1647" name="IsVerbTests()" fullname="GVFS.UnitTests.Common.GitCommandLineParserTests.IsVerbTests()" methodname="IsVerbTests" classname="GVFS.UnitTests.Common.GitCommandLineParserTests" runstate="Runnable" seed="394320114" result="Passed" start-time="2019-11-11 20:29:20Z" end-time="2019-11-11 20:29:20Z" duration="0.002718" asserts="28">
                <properties />
              </test-case>
            </test-suite>
          </test-suite>
          <test-suite type="TestFixture" id="1655" name="GitConfigHelperTests" fullname="GVFS.UnitTests.Common.GitConfigHelperTests" classname="GVFS.UnitTests.Common.GitConfigHelperTests" runstate="Runnable" testcasecount="8" result="Passed" start-time="2019-11-11 20:29:20Z" end-time="2019-11-11 20:29:20Z" duration="0.010528" total="8" passed="8" failed="0" warnings="0" inconclusive="0" skipped="0" asserts="57">
            <properties />
            <test-suite type="ParameterizedMethod" id="1671" name="GetSettingsTest" fullname="GVFS.UnitTests.Common.GitConfigHelperTests.GetSettingsTest" classname="GVFS.UnitTests.Common.GitConfigHelperTests" runstate="Runnable" testcasecount="1" result="Passed" start-time="2019-11-11 20:29:20Z" end-time="2019-11-11 20:29:20Z" duration="0.003639" total="1" passed="1" failed="0" warnings="0" inconclusive="0" skipped="0" asserts="8">
              <properties />
              <test-case id="1670" name="GetSettingsTest()" fullname="GVFS.UnitTests.Common.GitConfigHelperTests.GetSettingsTest()" methodname="GetSettingsTest" classname="GVFS.UnitTests.Common.GitConfigHelperTests" runstate="Runnable" seed="1764106026" result="Passed" start-time="2019-11-11 20:29:20Z" end-time="2019-11-11 20:29:20Z" duration="0.003607" asserts="8">
                <properties />
              </test-case>
            </test-suite>
            <test-suite type="ParameterizedMethod" id="1667" name="ParseKeyValuesTest" fullname="GVFS.UnitTests.Common.GitConfigHelperTests.ParseKeyValuesTest" classname="GVFS.UnitTests.Common.GitConfigHelperTests" runstate="Runnable" testcasecount="1" result="Passed" start-time="2019-11-11 20:29:20Z" end-time="2019-11-11 20:29:20Z" duration="0.002794" total="1" passed="1" failed="0" warnings="0" inconclusive="0" skipped="0" asserts="10">
              <properties />
              <test-case id="1666" name="ParseKeyValuesTest()" fullname="GVFS.UnitTests.Common.GitConfigHelperTests.ParseKeyValuesTest()" methodname="ParseKeyValuesTest" classname="GVFS.UnitTests.Common.GitConfigHelperTests" runstate="Runnable" seed="613156385" result="Passed" start-time="2019-11-11 20:29:20Z" end-time="2019-11-11 20:29:20Z" duration="0.002758" asserts="10">
                <properties />
              </test-case>
            </test-suite>
            <test-suite type="ParameterizedMethod" id="1669" name="ParseSpaceSeparatedKeyValuesTest" fullname="GVFS.UnitTests.Common.GitConfigHelperTests.ParseSpaceSeparatedKeyValuesTest" classname="GVFS.UnitTests.Common.GitConfigHelperTests" runstate="Runnable" testcasecount="1" result="Passed" start-time="2019-11-11 20:29:20Z" end-time="2019-11-11 20:29:20Z" duration="0.001936" total="1" passed="1" failed="0" warnings="0" inconclusive="0" skipped="0" asserts="10">
              <properties />
              <test-case id="1668" name="ParseSpaceSeparatedKeyValuesTest()" fullname="GVFS.UnitTests.Common.GitConfigHelperTests.ParseSpaceSeparatedKeyValuesTest()" methodname="ParseSpaceSeparatedKeyValuesTest" classname="GVFS.UnitTests.Common.GitConfigHelperTests" runstate="Runnable" seed="945917776" result="Passed" start-time="2019-11-11 20:29:20Z" end-time="2019-11-11 20:29:20Z" duration="0.001873" asserts="10">
                <properties />
              </test-case>
            </test-suite>
            <test-suite type="ParameterizedMethod" id="1661" name="SanitizeComment" fullname="GVFS.UnitTests.Common.GitConfigHelperTests.SanitizeComment" classname="GVFS.UnitTests.Common.GitConfigHelperTests" runstate="Runnable" testcasecount="1" result="Passed" start-time="2019-11-11 20:29:20Z" end-time="2019-11-11 20:29:20Z" duration="0.000626" total="1" passed="1" failed="0" warnings="0" inconclusive="0" skipped="0" asserts="5">
              <properties />
              <test-case id="1660" name="SanitizeComment()" fullname="GVFS.UnitTests.Common.GitConfigHelperTests.SanitizeComment()" methodname="SanitizeComment" classname="GVFS.UnitTests.Common.GitConfigHelperTests" runstate="Runnable" seed="997127990" result="Passed" start-time="2019-11-11 20:29:20Z" end-time="2019-11-11 20:29:20Z" duration="0.000594" asserts="5">
                <properties />
              </test-case>
            </test-suite>
            <test-suite type="ParameterizedMethod" id="1657" name="SanitizeEmptyString" fullname="GVFS.UnitTests.Common.GitConfigHelperTests.SanitizeEmptyString" classname="GVFS.UnitTests.Common.GitConfigHelperTests" runstate="Runnable" testcasecount="1" result="Passed" start-time="2019-11-11 20:29:20Z" end-time="2019-11-11 20:29:20Z" duration="0.000179" total="1" passed="1" failed="0" warnings="0" inconclusive="0" skipped="0" asserts="1">
              <properties />
              <test-case id="1656" name="SanitizeEmptyString()" fullname="GVFS.UnitTests.Common.GitConfigHelperTests.SanitizeEmptyString()" methodname="SanitizeEmptyString" classname="GVFS.UnitTests.Common.GitConfigHelperTests" runstate="Runnable" seed="133823844" result="Passed" start-time="2019-11-11 20:29:20Z" end-time="2019-11-11 20:29:20Z" duration="0.000141" asserts="1">
                <properties />
              </test-case>
            </test-suite>
            <test-suite type="ParameterizedMethod" id="1659" name="SanitizePureWhiteSpace" fullname="GVFS.UnitTests.Common.GitConfigHelperTests.SanitizePureWhiteSpace" classname="GVFS.UnitTests.Common.GitConfigHelperTests" runstate="Runnable" testcasecount="1" result="Passed" start-time="2019-11-11 20:29:20Z" end-time="2019-11-11 20:29:20Z" duration="0.000222" total="1" passed="1" failed="0" warnings="0" inconclusive="0" skipped="0" asserts="3">
              <properties />
              <test-case id="1658" name="SanitizePureWhiteSpace()" fullname="GVFS.UnitTests.Common.GitConfigHelperTests.SanitizePureWhiteSpace()" methodname="SanitizePureWhiteSpace" classname="GVFS.UnitTests.Common.GitConfigHelperTests" runstate="Runnable" seed="2068449176" result="Passed" start-time="2019-11-11 20:29:20Z" end-time="2019-11-11 20:29:20Z" duration="0.000195" asserts="3">
                <properties />
              </test-case>
            </test-suite>
            <test-suite type="ParameterizedMethod" id="1665" name="TrimTrailingComment" fullname="GVFS.UnitTests.Common.GitConfigHelperTests.TrimTrailingComment" classname="GVFS.UnitTests.Common.GitConfigHelperTests" runstate="Runnable" testcasecount="1" result="Passed" start-time="2019-11-11 20:29:20Z" end-time="2019-11-11 20:29:20Z" duration="0.000531" total="1" passed="1" failed="0" warnings="0" inconclusive="0" skipped="0" asserts="10">
              <properties />
              <test-case id="1664" name="TrimTrailingComment()" fullname="GVFS.UnitTests.Common.GitConfigHelperTests.TrimTrailingComment()" methodname="TrimTrailingComment" classname="GVFS.UnitTests.Common.GitConfigHelperTests" runstate="Runnable" seed="2074753281" result="Passed" start-time="2019-11-11 20:29:20Z" end-time="2019-11-11 20:29:20Z" duration="0.000504" asserts="10">
                <properties />
              </test-case>
            </test-suite>
            <test-suite type="ParameterizedMethod" id="1663" name="TrimWhitspace" fullname="GVFS.UnitTests.Common.GitConfigHelperTests.TrimWhitspace" classname="GVFS.UnitTests.Common.GitConfigHelperTests" runstate="Runnable" testcasecount="1" result="Passed" start-time="2019-11-11 20:29:20Z" end-time="2019-11-11 20:29:20Z" duration="0.000461" total="1" passed="1" failed="0" warnings="0" inconclusive="0" skipped="0" asserts="10">
              <properties />
              <test-case id="1662" name="TrimWhitspace()" fullname="GVFS.UnitTests.Common.GitConfigHelperTests.TrimWhitspace()" methodname="TrimWhitspace" classname="GVFS.UnitTests.Common.GitConfigHelperTests" runstate="Runnable" seed="1967668007" result="Passed" start-time="2019-11-11 20:29:20Z" end-time="2019-11-11 20:29:20Z" duration="0.000434" asserts="10">
                <properties />
              </test-case>
            </test-suite>
          </test-suite>
          <test-suite type="TestFixture" id="1672" name="GitObjectsTests" fullname="GVFS.UnitTests.Common.GitObjectsTests" classname="GVFS.UnitTests.Common.GitObjectsTests" runstate="Runnable" testcasecount="2" result="Passed" start-time="2019-11-11 20:29:20Z" end-time="2019-11-11 20:29:20Z" duration="0.002155" total="2" passed="2" failed="0" warnings="0" inconclusive="0" skipped="0" asserts="9">
            <properties />
            <test-suite type="ParameterizedMethod" id="1676" name="IsLooseObjectsDirectory_InvalidDirectories" fullname="GVFS.UnitTests.Common.GitObjectsTests.IsLooseObjectsDirectory_InvalidDirectories" classname="GVFS.UnitTests.Common.GitObjectsTests" runstate="Runnable" testcasecount="1" result="Passed" start-time="2019-11-11 20:29:20Z" end-time="2019-11-11 20:29:20Z" duration="0.001655" total="1" passed="1" failed="0" warnings="0" inconclusive="0" skipped="0" asserts="5">
              <properties />
              <test-case id="1675" name="IsLooseObjectsDirectory_InvalidDirectories()" fullname="GVFS.UnitTests.Common.GitObjectsTests.IsLooseObjectsDirectory_InvalidDirectories()" methodname="IsLooseObjectsDirectory_InvalidDirectories" classname="GVFS.UnitTests.Common.GitObjectsTests" runstate="Runnable" seed="407364152" result="Passed" start-time="2019-11-11 20:29:20Z" end-time="2019-11-11 20:29:20Z" duration="0.001627" asserts="5">
                <properties />
              </test-case>
            </test-suite>
            <test-suite type="ParameterizedMethod" id="1674" name="IsLooseObjectsDirectory_ValidDirectories" fullname="GVFS.UnitTests.Common.GitObjectsTests.IsLooseObjectsDirectory_ValidDirectories" classname="GVFS.UnitTests.Common.GitObjectsTests" runstate="Runnable" testcasecount="1" result="Passed" start-time="2019-11-11 20:29:20Z" end-time="2019-11-11 20:29:20Z" duration="0.000325" total="1" passed="1" failed="0" warnings="0" inconclusive="0" skipped="0" asserts="4">
              <properties />
              <test-case id="1673" name="IsLooseObjectsDirectory_ValidDirectories()" fullname="GVFS.UnitTests.Common.GitObjectsTests.IsLooseObjectsDirectory_ValidDirectories()" methodname="IsLooseObjectsDirectory_ValidDirectories" classname="GVFS.UnitTests.Common.GitObjectsTests" runstate="Runnable" seed="1716196811" result="Passed" start-time="2019-11-11 20:29:20Z" end-time="2019-11-11 20:29:20Z" duration="0.000293" asserts="4">
                <properties />
              </test-case>
            </test-suite>
          </test-suite>
          <test-suite type="TestFixture" id="1677" name="GitPathConverterTests" fullname="GVFS.UnitTests.Common.GitPathConverterTests" classname="GVFS.UnitTests.Common.GitPathConverterTests" runstate="Runnable" testcasecount="7" result="Passed" start-time="2019-11-11 20:29:20Z" end-time="2019-11-11 20:29:20Z" duration="0.002439" total="7" passed="7" failed="0" warnings="0" inconclusive="0" skipped="0" asserts="7">
            <properties />
            <test-suite type="ParameterizedMethod" id="1681" name="EmptyFilepathTest" fullname="GVFS.UnitTests.Common.GitPathConverterTests.EmptyFilepathTest" classname="GVFS.UnitTests.Common.GitPathConverterTests" runstate="Runnable" testcasecount="1" result="Passed" start-time="2019-11-11 20:29:20Z" end-time="2019-11-11 20:29:20Z" duration="0.001062" total="1" passed="1" failed="0" warnings="0" inconclusive="0" skipped="0" asserts="1">
              <properties />
              <test-case id="1680" name="EmptyFilepathTest()" fullname="GVFS.UnitTests.Common.GitPathConverterTests.EmptyFilepathTest()" methodname="EmptyFilepathTest" classname="GVFS.UnitTests.Common.GitPathConverterTests" runstate="Runnable" seed="982269807" result="Passed" start-time="2019-11-11 20:29:20Z" end-time="2019-11-11 20:29:20Z" duration="0.001032" asserts="1">
                <properties />
              </test-case>
            </test-suite>
            <test-suite type="ParameterizedMethod" id="1683" name="FilepathWithoutOctets" fullname="GVFS.UnitTests.Common.GitPathConverterTests.FilepathWithoutOctets" classname="GVFS.UnitTests.Common.GitPathConverterTests" runstate="Runnable" testcasecount="1" result="Passed" start-time="2019-11-11 20:29:20Z" end-time="2019-11-11 20:29:20Z" duration="0.000160" total="1" passed="1" failed="0" warnings="0" inconclusive="0" skipped="0" asserts="1">
              <properties />
              <test-case id="1682" name="FilepathWithoutOctets()" fullname="GVFS.UnitTests.Common.GitPathConverterTests.FilepathWithoutOctets()" methodname="FilepathWithoutOctets" classname="GVFS.UnitTests.Common.GitPathConverterTests" runstate="Runnable" seed="1271203570" result="Passed" start-time="2019-11-11 20:29:20Z" end-time="2019-11-11 20:29:20Z" duration="0.000127" asserts="1">
                <properties />
              </test-case>
            </test-suite>
            <test-suite type="ParameterizedMethod" id="1691" name="FilepathWithoutOctetsAsFileAndFolder" fullname="GVFS.UnitTests.Common.GitPathConverterTests.FilepathWithoutOctetsAsFileAndFolder" classname="GVFS.UnitTests.Common.GitPathConverterTests" runstate="Runnable" testcasecount="1" result="Passed" start-time="2019-11-11 20:29:20Z" end-time="2019-11-11 20:29:20Z" duration="0.000418" total="1" passed="1" failed="0" warnings="0" inconclusive="0" skipped="0" asserts="1">
              <properties />
              <test-case id="1690" name="FilepathWithoutOctetsAsFileAndFolder()" fullname="GVFS.UnitTests.Common.GitPathConverterTests.FilepathWithoutOctetsAsFileAndFolder()" methodname="FilepathWithoutOctetsAsFileAndFolder" classname="GVFS.UnitTests.Common.GitPathConverterTests" runstate="Runnable" seed="38220473" result="Passed" start-time="2019-11-11 20:29:20Z" end-time="2019-11-11 20:29:20Z" duration="0.000374" asserts="1">
                <properties />
              </test-case>
            </test-suite>
            <test-suite type="ParameterizedMethod" id="1685" name="FilepathWithoutOctetsAsFilename" fullname="GVFS.UnitTests.Common.GitPathConverterTests.FilepathWithoutOctetsAsFilename" classname="GVFS.UnitTests.Common.GitPathConverterTests" runstate="Runnable" testcasecount="1" result="Passed" start-time="2019-11-11 20:29:20Z" end-time="2019-11-11 20:29:20Z" duration="0.000199" total="1" passed="1" failed="0" warnings="0" inconclusive="0" skipped="0" asserts="1">
              <properties />
              <test-case id="1684" name="FilepathWithoutOctetsAsFilename()" fullname="GVFS.UnitTests.Common.GitPathConverterTests.FilepathWithoutOctetsAsFilename()" methodname="FilepathWithoutOctetsAsFilename" classname="GVFS.UnitTests.Common.GitPathConverterTests" runstate="Runnable" seed="106981683" result="Passed" start-time="2019-11-11 20:29:20Z" end-time="2019-11-11 20:29:20Z" duration="0.000171" asserts="1">
                <properties />
              </test-case>
            </test-suite>
            <test-suite type="ParameterizedMethod" id="1687" name="FilepathWithoutOctetsAsFilenameNoExtension" fullname="GVFS.UnitTests.Common.GitPathConverterTests.FilepathWithoutOctetsAsFilenameNoExtension" classname="GVFS.UnitTests.Common.GitPathConverterTests" runstate="Runnable" testcasecount="1" result="Passed" start-time="2019-11-11 20:29:20Z" end-time="2019-11-11 20:29:20Z" duration="0.000162" total="1" passed="1" failed="0" warnings="0" inconclusive="0" skipped="0" asserts="1">
              <properties />
              <test-case id="1686" name="FilepathWithoutOctetsAsFilenameNoExtension()" fullname="GVFS.UnitTests.Common.GitPathConverterTests.FilepathWithoutOctetsAsFilenameNoExtension()" methodname="FilepathWithoutOctetsAsFilenameNoExtension" classname="GVFS.UnitTests.Common.GitPathConverterTests" runstate="Runnable" seed="870869609" result="Passed" start-time="2019-11-11 20:29:20Z" end-time="2019-11-11 20:29:20Z" duration="0.000134" asserts="1">
                <properties />
              </test-case>
            </test-suite>
            <test-suite type="ParameterizedMethod" id="1689" name="FilepathWithoutOctetsAsFolder" fullname="GVFS.UnitTests.Common.GitPathConverterTests.FilepathWithoutOctetsAsFolder" classname="GVFS.UnitTests.Common.GitPathConverterTests" runstate="Runnable" testcasecount="1" result="Passed" start-time="2019-11-11 20:29:20Z" end-time="2019-11-11 20:29:20Z" duration="0.000182" total="1" passed="1" failed="0" warnings="0" inconclusive="0" skipped="0" asserts="1">
              <properties />
              <test-case id="1688" name="FilepathWithoutOctetsAsFolder()" fullname="GVFS.UnitTests.Common.GitPathConverterTests.FilepathWithoutOctetsAsFolder()" methodname="FilepathWithoutOctetsAsFolder" classname="GVFS.UnitTests.Common.GitPathConverterTests" runstate="Runnable" seed="1267562233" result="Passed" start-time="2019-11-11 20:29:20Z" end-time="2019-11-11 20:29:20Z" duration="0.000131" asserts="1">
                <properties />
              </test-case>
            </test-suite>
            <test-suite type="ParameterizedMethod" id="1679" name="NullFilepathTest" fullname="GVFS.UnitTests.Common.GitPathConverterTests.NullFilepathTest" classname="GVFS.UnitTests.Common.GitPathConverterTests" runstate="Runnable" testcasecount="1" result="Passed" start-time="2019-11-11 20:29:20Z" end-time="2019-11-11 20:29:20Z" duration="0.000131" total="1" passed="1" failed="0" warnings="0" inconclusive="0" skipped="0" asserts="1">
              <properties />
              <test-case id="1678" name="NullFilepathTest()" fullname="GVFS.UnitTests.Common.GitPathConverterTests.NullFilepathTest()" methodname="NullFilepathTest" classname="GVFS.UnitTests.Common.GitPathConverterTests" runstate="Runnable" seed="1002860366" result="Passed" start-time="2019-11-11 20:29:20Z" end-time="2019-11-11 20:29:20Z" duration="0.000089" asserts="1">
                <properties />
              </test-case>
            </test-suite>
          </test-suite>
          <test-suite type="TestFixture" id="1692" name="GitStatusCacheTests" fullname="GVFS.UnitTests.Common.GitStatusCacheTests" classname="GVFS.UnitTests.Common.GitStatusCacheTests" runstate="Runnable" testcasecount="5" result="Passed" start-time="2019-11-11 20:29:20Z" end-time="2019-11-11 20:29:20Z" duration="0.061791" total="5" passed="5" failed="0" warnings="0" inconclusive="0" skipped="0" asserts="27">
            <properties />
            <test-suite type="ParameterizedMethod" id="1696" name="CacheFileErrorShouldBlock" fullname="GVFS.UnitTests.Common.GitStatusCacheTests.CacheFileErrorShouldBlock" classname="GVFS.UnitTests.Common.GitStatusCacheTests" runstate="Runnable" testcasecount="1" result="Passed" start-time="2019-11-11 20:29:20Z" end-time="2019-11-11 20:29:20Z" duration="0.029128" total="1" passed="1" failed="0" warnings="0" inconclusive="0" skipped="0" asserts="3">
              <properties>
                <property name="Category" value="ExceptionExpected" />
              </properties>
              <test-case id="1695" name="CacheFileErrorShouldBlock()" fullname="GVFS.UnitTests.Common.GitStatusCacheTests.CacheFileErrorShouldBlock()" methodname="CacheFileErrorShouldBlock" classname="GVFS.UnitTests.Common.GitStatusCacheTests" runstate="Runnable" seed="1031120727" result="Passed" start-time="2019-11-11 20:29:20Z" end-time="2019-11-11 20:29:20Z" duration="0.029099" asserts="3">
                <properties />
              </test-case>
            </test-suite>
            <test-suite type="ParameterizedMethod" id="1694" name="CanInvalidateCleanCache" fullname="GVFS.UnitTests.Common.GitStatusCacheTests.CanInvalidateCleanCache" classname="GVFS.UnitTests.Common.GitStatusCacheTests" runstate="Runnable" testcasecount="1" result="Passed" start-time="2019-11-11 20:29:20Z" end-time="2019-11-11 20:29:20Z" duration="0.008542" total="1" passed="1" failed="0" warnings="0" inconclusive="0" skipped="0" asserts="8">
              <properties />
              <test-case id="1693" name="CanInvalidateCleanCache()" fullname="GVFS.UnitTests.Common.GitStatusCacheTests.CanInvalidateCleanCache()" methodname="CanInvalidateCleanCache" classname="GVFS.UnitTests.Common.GitStatusCacheTests" runstate="Runnable" seed="766858281" result="Passed" start-time="2019-11-11 20:29:20Z" end-time="2019-11-11 20:29:20Z" duration="0.008487" asserts="8">
                <properties />
              </test-case>
            </test-suite>
            <test-suite type="ParameterizedMethod" id="1698" name="CanRefreshCache" fullname="GVFS.UnitTests.Common.GitStatusCacheTests.CanRefreshCache" classname="GVFS.UnitTests.Common.GitStatusCacheTests" runstate="Runnable" testcasecount="1" result="Passed" start-time="2019-11-11 20:29:20Z" end-time="2019-11-11 20:29:20Z" duration="0.003117" total="1" passed="1" failed="0" warnings="0" inconclusive="0" skipped="0" asserts="6">
              <properties />
              <test-case id="1697" name="CanRefreshCache()" fullname="GVFS.UnitTests.Common.GitStatusCacheTests.CanRefreshCache()" methodname="CanRefreshCache" classname="GVFS.UnitTests.Common.GitStatusCacheTests" runstate="Runnable" seed="1458112130" result="Passed" start-time="2019-11-11 20:29:20Z" end-time="2019-11-11 20:29:20Z" duration="0.003077" asserts="6">
                <properties />
              </test-case>
            </test-suite>
            <test-suite type="ParameterizedMethod" id="1701" name="HandlesExceptionsCreatingDirectory" fullname="GVFS.UnitTests.Common.GitStatusCacheTests.HandlesExceptionsCreatingDirectory" classname="GVFS.UnitTests.Common.GitStatusCacheTests" runstate="Runnable" testcasecount="2" result="Passed" start-time="2019-11-11 20:29:20Z" end-time="2019-11-11 20:29:20Z" duration="0.020864" total="2" passed="2" failed="0" warnings="0" inconclusive="0" skipped="0" asserts="10">
              <properties>
                <property name="Category" value="ExceptionExpected" />
              </properties>
              <test-case id="1699" name="HandlesExceptionsCreatingDirectory(System.IO.IOException: Error creating directory)" fullname="GVFS.UnitTests.Common.GitStatusCacheTests.HandlesExceptionsCreatingDirectory(System.IO.IOException: Error creating directory)" methodname="HandlesExceptionsCreatingDirectory" classname="GVFS.UnitTests.Common.GitStatusCacheTests" runstate="Runnable" seed="1075061991" result="Passed" start-time="2019-11-11 20:29:20Z" end-time="2019-11-11 20:29:20Z" duration="0.018120" asserts="5">
                <properties />
              </test-case>
              <test-case id="1700" name="HandlesExceptionsCreatingDirectory(System.UnauthorizedAccessException: Error creating directory)" fullname="GVFS.UnitTests.Common.GitStatusCacheTests.HandlesExceptionsCreatingDirectory(System.UnauthorizedAccessException: Error creating directory)" methodname="HandlesExceptionsCreatingDirectory" classname="GVFS.UnitTests.Common.GitStatusCacheTests" runstate="Runnable" seed="1964617585" result="Passed" start-time="2019-11-11 20:29:20Z" end-time="2019-11-11 20:29:20Z" duration="0.002647" asserts="5">
                <properties />
              </test-case>
            </test-suite>
          </test-suite>
          <test-suite type="TestFixture" id="1702" name="GitVersionTests" fullname="GVFS.UnitTests.Common.GitVersionTests" classname="GVFS.UnitTests.Common.GitVersionTests" runstate="Runnable" testcasecount="20" result="Passed" start-time="2019-11-11 20:29:20Z" end-time="2019-11-11 20:29:20Z" duration="0.010295" total="20" passed="20" failed="0" warnings="0" inconclusive="0" skipped="0" asserts="64">
            <properties />
            <test-suite type="ParameterizedMethod" id="1740" name="Allow_Blank_Minor_Revision" fullname="GVFS.UnitTests.Common.GitVersionTests.Allow_Blank_Minor_Revision" classname="GVFS.UnitTests.Common.GitVersionTests" runstate="Runnable" testcasecount="1" result="Passed" start-time="2019-11-11 20:29:20Z" end-time="2019-11-11 20:29:20Z" duration="0.001605" total="1" passed="1" failed="0" warnings="0" inconclusive="0" skipped="0" asserts="7">
              <properties />
              <test-case id="1739" name="Allow_Blank_Minor_Revision()" fullname="GVFS.UnitTests.Common.GitVersionTests.Allow_Blank_Minor_Revision()" methodname="Allow_Blank_Minor_Revision" classname="GVFS.UnitTests.Common.GitVersionTests" runstate="Runnable" seed="1855937772" result="Passed" start-time="2019-11-11 20:29:20Z" end-time="2019-11-11 20:29:20Z" duration="0.001564" asserts="7">
                <properties />
              </test-case>
            </test-suite>
            <test-suite type="ParameterizedMethod" id="1742" name="Allow_Invalid_Minor_Revision" fullname="GVFS.UnitTests.Common.GitVersionTests.Allow_Invalid_Minor_Revision" classname="GVFS.UnitTests.Common.GitVersionTests" runstate="Runnable" testcasecount="1" result="Passed" start-time="2019-11-11 20:29:20Z" end-time="2019-11-11 20:29:20Z" duration="0.000459" total="1" passed="1" failed="0" warnings="0" inconclusive="0" skipped="0" asserts="7">
              <properties />
              <test-case id="1741" name="Allow_Invalid_Minor_Revision()" fullname="GVFS.UnitTests.Common.GitVersionTests.Allow_Invalid_Minor_Revision()" methodname="Allow_Invalid_Minor_Revision" classname="GVFS.UnitTests.Common.GitVersionTests" runstate="Runnable" seed="1279197711" result="Passed" start-time="2019-11-11 20:29:20Z" end-time="2019-11-11 20:29:20Z" duration="0.000407" asserts="7">
                <properties />
              </test-case>
            </test-suite>
            <test-suite type="ParameterizedMethod" id="1716" name="Compare_Different_Platforms_Returns_False" fullname="GVFS.UnitTests.Common.GitVersionTests.Compare_Different_Platforms_Returns_False" classname="GVFS.UnitTests.Common.GitVersionTests" runstate="Runnable" testcasecount="1" result="Passed" start-time="2019-11-11 20:29:20Z" end-time="2019-11-11 20:29:20Z" duration="0.001225" total="1" passed="1" failed="0" warnings="0" inconclusive="0" skipped="0" asserts="2">
              <properties />
              <test-case id="1715" name="Compare_Different_Platforms_Returns_False()" fullname="GVFS.UnitTests.Common.GitVersionTests.Compare_Different_Platforms_Returns_False()" methodname="Compare_Different_Platforms_Returns_False" classname="GVFS.UnitTests.Common.GitVersionTests" runstate="Runnable" seed="621528659" result="Passed" start-time="2019-11-11 20:29:20Z" end-time="2019-11-11 20:29:20Z" duration="0.001193" asserts="2">
                <properties />
              </test-case>
            </test-suite>
            <test-suite type="ParameterizedMethod" id="1730" name="Compare_Version_Build_Greater" fullname="GVFS.UnitTests.Common.GitVersionTests.Compare_Version_Build_Greater" classname="GVFS.UnitTests.Common.GitVersionTests" runstate="Runnable" testcasecount="1" result="Passed" start-time="2019-11-11 20:29:20Z" end-time="2019-11-11 20:29:20Z" duration="0.000436" total="1" passed="1" failed="0" warnings="0" inconclusive="0" skipped="0" asserts="2">
              <properties />
              <test-case id="1729" name="Compare_Version_Build_Greater()" fullname="GVFS.UnitTests.Common.GitVersionTests.Compare_Version_Build_Greater()" methodname="Compare_Version_Build_Greater" classname="GVFS.UnitTests.Common.GitVersionTests" runstate="Runnable" seed="201053287" result="Passed" start-time="2019-11-11 20:29:20Z" end-time="2019-11-11 20:29:20Z" duration="0.000402" asserts="2">
                <properties />
              </test-case>
            </test-suite>
            <test-suite type="ParameterizedMethod" id="1728" name="Compare_Version_Build_Less" fullname="GVFS.UnitTests.Common.GitVersionTests.Compare_Version_Build_Less" classname="GVFS.UnitTests.Common.GitVersionTests" runstate="Runnable" testcasecount="1" result="Passed" start-time="2019-11-11 20:29:20Z" end-time="2019-11-11 20:29:20Z" duration="0.000447" total="1" passed="1" failed="0" warnings="0" inconclusive="0" skipped="0" asserts="2">
              <properties />
              <test-case id="1727" name="Compare_Version_Build_Less()" fullname="GVFS.UnitTests.Common.GitVersionTests.Compare_Version_Build_Less()" methodname="Compare_Version_Build_Less" classname="GVFS.UnitTests.Common.GitVersionTests" runstate="Runnable" seed="1949122011" result="Passed" start-time="2019-11-11 20:29:20Z" end-time="2019-11-11 20:29:20Z" duration="0.000411" asserts="2">
                <properties />
              </test-case>
            </test-suite>
            <test-suite type="ParameterizedMethod" id="1718" name="Compare_Version_Equal" fullname="GVFS.UnitTests.Common.GitVersionTests.Compare_Version_Equal" classname="GVFS.UnitTests.Common.GitVersionTests" runstate="Runnable" testcasecount="1" result="Passed" start-time="2019-11-11 20:29:20Z" end-time="2019-11-11 20:29:20Z" duration="0.000489" total="1" passed="1" failed="0" warnings="0" inconclusive="0" skipped="0" asserts="2">
              <properties />
              <test-case id="1717" name="Compare_Version_Equal()" fullname="GVFS.UnitTests.Common.GitVersionTests.Compare_Version_Equal()" methodname="Compare_Version_Equal" classname="GVFS.UnitTests.Common.GitVersionTests" runstate="Runnable" seed="687992736" result="Passed" start-time="2019-11-11 20:29:20Z" end-time="2019-11-11 20:29:20Z" duration="0.000453" asserts="2">
                <properties />
              </test-case>
            </test-suite>
            <test-suite type="ParameterizedMethod" id="1722" name="Compare_Version_Major_Greater" fullname="GVFS.UnitTests.Common.GitVersionTests.Compare_Version_Major_Greater" classname="GVFS.UnitTests.Common.GitVersionTests" runstate="Runnable" testcasecount="1" result="Passed" start-time="2019-11-11 20:29:20Z" end-time="2019-11-11 20:29:20Z" duration="0.000398" total="1" passed="1" failed="0" warnings="0" inconclusive="0" skipped="0" asserts="2">
              <properties />
              <test-case id="1721" name="Compare_Version_Major_Greater()" fullname="GVFS.UnitTests.Common.GitVersionTests.Compare_Version_Major_Greater()" methodname="Compare_Version_Major_Greater" classname="GVFS.UnitTests.Common.GitVersionTests" runstate="Runnable" seed="1406162746" result="Passed" start-time="2019-11-11 20:29:20Z" end-time="2019-11-11 20:29:20Z" duration="0.000362" asserts="2">
                <properties />
              </test-case>
            </test-suite>
            <test-suite type="ParameterizedMethod" id="1720" name="Compare_Version_Major_Less" fullname="GVFS.UnitTests.Common.GitVersionTests.Compare_Version_Major_Less" classname="GVFS.UnitTests.Common.GitVersionTests" runstate="Runnable" testcasecount="1" result="Passed" start-time="2019-11-11 20:29:20Z" end-time="2019-11-11 20:29:20Z" duration="0.000434" total="1" passed="1" failed="0" warnings="0" inconclusive="0" skipped="0" asserts="2">
              <properties />
              <test-case id="1719" name="Compare_Version_Major_Less()" fullname="GVFS.UnitTests.Common.GitVersionTests.Compare_Version_Major_Less()" methodname="Compare_Version_Major_Less" classname="GVFS.UnitTests.Common.GitVersionTests" runstate="Runnable" seed="1559688947" result="Passed" start-time="2019-11-11 20:29:20Z" end-time="2019-11-11 20:29:20Z" duration="0.000399" asserts="2">
                <properties />
              </test-case>
            </test-suite>
            <test-suite type="ParameterizedMethod" id="1726" name="Compare_Version_Minor_Greater" fullname="GVFS.UnitTests.Common.GitVersionTests.Compare_Version_Minor_Greater" classname="GVFS.UnitTests.Common.GitVersionTests" runstate="Runnable" testcasecount="1" result="Passed" start-time="2019-11-11 20:29:20Z" end-time="2019-11-11 20:29:20Z" duration="0.000475" total="1" passed="1" failed="0" warnings="0" inconclusive="0" skipped="0" asserts="2">
              <properties />
              <test-case id="1725" name="Compare_Version_Minor_Greater()" fullname="GVFS.UnitTests.Common.GitVersionTests.Compare_Version_Minor_Greater()" methodname="Compare_Version_Minor_Greater" classname="GVFS.UnitTests.Common.GitVersionTests" runstate="Runnable" seed="1494194055" result="Passed" start-time="2019-11-11 20:29:20Z" end-time="2019-11-11 20:29:20Z" duration="0.000439" asserts="2">
                <properties />
              </test-case>
            </test-suite>
            <test-suite type="ParameterizedMethod" id="1724" name="Compare_Version_Minor_Less" fullname="GVFS.UnitTests.Common.GitVersionTests.Compare_Version_Minor_Less" classname="GVFS.UnitTests.Common.GitVersionTests" runstate="Runnable" testcasecount="1" result="Passed" start-time="2019-11-11 20:29:20Z" end-time="2019-11-11 20:29:20Z" duration="0.000367" total="1" passed="1" failed="0" warnings="0" inconclusive="0" skipped="0" asserts="2">
              <properties />
              <test-case id="1723" name="Compare_Version_Minor_Less()" fullname="GVFS.UnitTests.Common.GitVersionTests.Compare_Version_Minor_Less()" methodname="Compare_Version_Minor_Less" classname="GVFS.UnitTests.Common.GitVersionTests" runstate="Runnable" seed="1578313809" result="Passed" start-time="2019-11-11 20:29:20Z" end-time="2019-11-11 20:29:20Z" duration="0.000328" asserts="2">
                <properties />
              </test-case>
            </test-suite>
            <test-suite type="ParameterizedMethod" id="1738" name="Compare_Version_MinorRevision_Greater" fullname="GVFS.UnitTests.Common.GitVersionTests.Compare_Version_MinorRevision_Greater" classname="GVFS.UnitTests.Common.GitVersionTests" runstate="Runnable" testcasecount="1" result="Passed" start-time="2019-11-11 20:29:20Z" end-time="2019-11-11 20:29:20Z" duration="0.000478" total="1" passed="1" failed="0" warnings="0" inconclusive="0" skipped="0" asserts="2">
              <properties />
              <test-case id="1737" name="Compare_Version_MinorRevision_Greater()" fullname="GVFS.UnitTests.Common.GitVersionTests.Compare_Version_MinorRevision_Greater()" methodname="Compare_Version_MinorRevision_Greater" classname="GVFS.UnitTests.Common.GitVersionTests" runstate="Runnable" seed="1555653969" result="Passed" start-time="2019-11-11 20:29:20Z" end-time="2019-11-11 20:29:20Z" duration="0.000406" asserts="2">
                <properties />
              </test-case>
            </test-suite>
            <test-suite type="ParameterizedMethod" id="1736" name="Compare_Version_MinorRevision_Less" fullname="GVFS.UnitTests.Common.GitVersionTests.Compare_Version_MinorRevision_Less" classname="GVFS.UnitTests.Common.GitVersionTests" runstate="Runnable" testcasecount="1" result="Passed" start-time="2019-11-11 20:29:20Z" end-time="2019-11-11 20:29:20Z" duration="0.000355" total="1" passed="1" failed="0" warnings="0" inconclusive="0" skipped="0" asserts="2">
              <properties />
              <test-case id="1735" name="Compare_Version_MinorRevision_Less()" fullname="GVFS.UnitTests.Common.GitVersionTests.Compare_Version_MinorRevision_Less()" methodname="Compare_Version_MinorRevision_Less" classname="GVFS.UnitTests.Common.GitVersionTests" runstate="Runnable" seed="597847508" result="Passed" start-time="2019-11-11 20:29:20Z" end-time="2019-11-11 20:29:20Z" duration="0.000324" asserts="2">
                <properties />
              </test-case>
            </test-suite>
            <test-suite type="ParameterizedMethod" id="1734" name="Compare_Version_Revision_Greater" fullname="GVFS.UnitTests.Common.GitVersionTests.Compare_Version_Revision_Greater" classname="GVFS.UnitTests.Common.GitVersionTests" runstate="Runnable" testcasecount="1" result="Passed" start-time="2019-11-11 20:29:20Z" end-time="2019-11-11 20:29:20Z" duration="0.000462" total="1" passed="1" failed="0" warnings="0" inconclusive="0" skipped="0" asserts="2">
              <properties />
              <test-case id="1733" name="Compare_Version_Revision_Greater()" fullname="GVFS.UnitTests.Common.GitVersionTests.Compare_Version_Revision_Greater()" methodname="Compare_Version_Revision_Greater" classname="GVFS.UnitTests.Common.GitVersionTests" runstate="Runnable" seed="1557013328" result="Passed" start-time="2019-11-11 20:29:20Z" end-time="2019-11-11 20:29:20Z" duration="0.000427" asserts="2">
                <properties />
              </test-case>
            </test-suite>
            <test-suite type="ParameterizedMethod" id="1732" name="Compare_Version_Revision_Less" fullname="GVFS.UnitTests.Common.GitVersionTests.Compare_Version_Revision_Less" classname="GVFS.UnitTests.Common.GitVersionTests" runstate="Runnable" testcasecount="1" result="Passed" start-time="2019-11-11 20:29:20Z" end-time="2019-11-11 20:29:20Z" duration="0.000468" total="1" passed="1" failed="0" warnings="0" inconclusive="0" skipped="0" asserts="2">
              <properties />
              <test-case id="1731" name="Compare_Version_Revision_Less()" fullname="GVFS.UnitTests.Common.GitVersionTests.Compare_Version_Revision_Less()" methodname="Compare_Version_Revision_Less" classname="GVFS.UnitTests.Common.GitVersionTests" runstate="Runnable" seed="1573138702" result="Passed" start-time="2019-11-11 20:29:20Z" end-time="2019-11-11 20:29:20Z" duration="0.000434" asserts="2">
                <properties />
              </test-case>
            </test-suite>
            <test-suite type="ParameterizedMethod" id="1704" name="TryParseInstallerName" fullname="GVFS.UnitTests.Common.GitVersionTests.TryParseInstallerName" classname="GVFS.UnitTests.Common.GitVersionTests" runstate="Runnable" testcasecount="1" result="Passed" start-time="2019-11-11 20:29:20Z" end-time="2019-11-11 20:29:20Z" duration="0.001005" total="1" passed="1" failed="0" warnings="0" inconclusive="0" skipped="0" asserts="21">
              <properties />
              <test-case id="1703" name="TryParseInstallerName()" fullname="GVFS.UnitTests.Common.GitVersionTests.TryParseInstallerName()" methodname="TryParseInstallerName" classname="GVFS.UnitTests.Common.GitVersionTests" runstate="Runnable" seed="1995392038" result="Passed" start-time="2019-11-11 20:29:20Z" end-time="2019-11-11 20:29:20Z" duration="0.000974" asserts="21">
                <properties />
              </test-case>
            </test-suite>
            <test-suite type="ParameterizedMethod" id="1708" name="Version_Data_Empty_Returns_False" fullname="GVFS.UnitTests.Common.GitVersionTests.Version_Data_Empty_Returns_False" classname="GVFS.UnitTests.Common.GitVersionTests" runstate="Runnable" testcasecount="1" result="Passed" start-time="2019-11-11 20:29:20Z" end-time="2019-11-11 20:29:20Z" duration="0.000203" total="1" passed="1" failed="0" warnings="0" inconclusive="0" skipped="0" asserts="1">
              <properties />
              <test-case id="1707" name="Version_Data_Empty_Returns_False()" fullname="GVFS.UnitTests.Common.GitVersionTests.Version_Data_Empty_Returns_False()" methodname="Version_Data_Empty_Returns_False" classname="GVFS.UnitTests.Common.GitVersionTests" runstate="Runnable" seed="717964135" result="Passed" start-time="2019-11-11 20:29:20Z" end-time="2019-11-11 20:29:20Z" duration="0.000123" asserts="1">
                <properties />
              </test-case>
            </test-suite>
            <test-suite type="ParameterizedMethod" id="1710" name="Version_Data_Not_Enough_Numbers_Returns_False" fullname="GVFS.UnitTests.Common.GitVersionTests.Version_Data_Not_Enough_Numbers_Returns_False" classname="GVFS.UnitTests.Common.GitVersionTests" runstate="Runnable" testcasecount="1" result="Passed" start-time="2019-11-11 20:29:20Z" end-time="2019-11-11 20:29:20Z" duration="0.000177" total="1" passed="1" failed="0" warnings="0" inconclusive="0" skipped="0" asserts="1">
              <properties />
              <test-case id="1709" name="Version_Data_Not_Enough_Numbers_Returns_False()" fullname="GVFS.UnitTests.Common.GitVersionTests.Version_Data_Not_Enough_Numbers_Returns_False()" methodname="Version_Data_Not_Enough_Numbers_Returns_False" classname="GVFS.UnitTests.Common.GitVersionTests" runstate="Runnable" seed="2064399878" result="Passed" start-time="2019-11-11 20:29:20Z" end-time="2019-11-11 20:29:20Z" duration="0.000141" asserts="1">
                <properties />
              </test-case>
            </test-suite>
            <test-suite type="ParameterizedMethod" id="1706" name="Version_Data_Null_Returns_False" fullname="GVFS.UnitTests.Common.GitVersionTests.Version_Data_Null_Returns_False" classname="GVFS.UnitTests.Common.GitVersionTests" runstate="Runnable" testcasecount="1" result="Passed" start-time="2019-11-11 20:29:20Z" end-time="2019-11-11 20:29:20Z" duration="0.000190" total="1" passed="1" failed="0" warnings="0" inconclusive="0" skipped="0" asserts="1">
              <properties />
              <test-case id="1705" name="Version_Data_Null_Returns_False()" fullname="GVFS.UnitTests.Common.GitVersionTests.Version_Data_Null_Returns_False()" methodname="Version_Data_Null_Returns_False" classname="GVFS.UnitTests.Common.GitVersionTests" runstate="Runnable" seed="1670393528" result="Passed" start-time="2019-11-11 20:29:20Z" end-time="2019-11-11 20:29:20Z" duration="0.000150" asserts="1">
                <properties />
              </test-case>
            </test-suite>
            <test-suite type="ParameterizedMethod" id="1712" name="Version_Data_Too_Many_Numbers_Returns_True" fullname="GVFS.UnitTests.Common.GitVersionTests.Version_Data_Too_Many_Numbers_Returns_True" classname="GVFS.UnitTests.Common.GitVersionTests" runstate="Runnable" testcasecount="1" result="Passed" start-time="2019-11-11 20:29:20Z" end-time="2019-11-11 20:29:20Z" duration="0.000135" total="1" passed="1" failed="0" warnings="0" inconclusive="0" skipped="0" asserts="1">
              <properties />
              <test-case id="1711" name="Version_Data_Too_Many_Numbers_Returns_True()" fullname="GVFS.UnitTests.Common.GitVersionTests.Version_Data_Too_Many_Numbers_Returns_True()" methodname="Version_Data_Too_Many_Numbers_Returns_True" classname="GVFS.UnitTests.Common.GitVersionTests" runstate="Runnable" seed="1349264600" result="Passed" start-time="2019-11-11 20:29:20Z" end-time="2019-11-11 20:29:20Z" duration="0.000109" asserts="1">
                <properties />
              </test-case>
            </test-suite>
            <test-suite type="ParameterizedMethod" id="1714" name="Version_Data_Valid_Returns_True" fullname="GVFS.UnitTests.Common.GitVersionTests.Version_Data_Valid_Returns_True" classname="GVFS.UnitTests.Common.GitVersionTests" runstate="Runnable" testcasecount="1" result="Passed" start-time="2019-11-11 20:29:20Z" end-time="2019-11-11 20:29:20Z" duration="0.000126" total="1" passed="1" failed="0" warnings="0" inconclusive="0" skipped="0" asserts="1">
              <properties />
              <test-case id="1713" name="Version_Data_Valid_Returns_True()" fullname="GVFS.UnitTests.Common.GitVersionTests.Version_Data_Valid_Returns_True()" methodname="Version_Data_Valid_Returns_True" classname="GVFS.UnitTests.Common.GitVersionTests" runstate="Runnable" seed="751955838" result="Passed" start-time="2019-11-11 20:29:20Z" end-time="2019-11-11 20:29:20Z" duration="0.000100" asserts="1">
                <properties />
              </test-case>
            </test-suite>
          </test-suite>
          <test-suite type="TestFixture" id="1743" name="GVFSEnlistmentHealthTests" fullname="GVFS.UnitTests.Common.GVFSEnlistmentHealthTests" classname="GVFS.UnitTests.Common.GVFSEnlistmentHealthTests" runstate="Runnable" testcasecount="11" result="Passed" start-time="2019-11-11 20:29:20Z" end-time="2019-11-11 20:29:20Z" duration="0.037092" total="11" passed="11" failed="0" warnings="0" inconclusive="0" skipped="0" asserts="69">
            <properties />
            <test-suite type="ParameterizedMethod" id="1747" name="AllEmptyLists" fullname="GVFS.UnitTests.Common.GVFSEnlistmentHealthTests.AllEmptyLists" classname="GVFS.UnitTests.Common.GVFSEnlistmentHealthTests" runstate="Runnable" testcasecount="1" result="Passed" start-time="2019-11-11 20:29:20Z" end-time="2019-11-11 20:29:20Z" duration="0.014721" total="1" passed="1" failed="0" warnings="0" inconclusive="0" skipped="0" asserts="5">
              <properties />
              <test-case id="1746" name="AllEmptyLists()" fullname="GVFS.UnitTests.Common.GVFSEnlistmentHealthTests.AllEmptyLists()" methodname="AllEmptyLists" classname="GVFS.UnitTests.Common.GVFSEnlistmentHealthTests" runstate="Runnable" seed="1689856596" result="Passed" start-time="2019-11-11 20:29:20Z" end-time="2019-11-11 20:29:20Z" duration="0.014692" asserts="5">
                <properties />
              </test-case>
            </test-suite>
            <test-suite type="ParameterizedMethod" id="1761" name="EnsureFolderNotIncludedInOwnCount" fullname="GVFS.UnitTests.Common.GVFSEnlistmentHealthTests.EnsureFolderNotIncludedInOwnCount" classname="GVFS.UnitTests.Common.GVFSEnlistmentHealthTests" runstate="Runnable" testcasecount="1" result="Passed" start-time="2019-11-11 20:29:20Z" end-time="2019-11-11 20:29:20Z" duration="0.006329" total="1" passed="1" failed="0" warnings="0" inconclusive="0" skipped="0" asserts="5">
              <properties />
              <test-case id="1760" name="EnsureFolderNotIncludedInOwnCount()" fullname="GVFS.UnitTests.Common.GVFSEnlistmentHealthTests.EnsureFolderNotIncludedInOwnCount()" methodname="EnsureFolderNotIncludedInOwnCount" classname="GVFS.UnitTests.Common.GVFSEnlistmentHealthTests" runstate="Runnable" seed="22448945" result="Passed" start-time="2019-11-11 20:29:20Z" end-time="2019-11-11 20:29:20Z" duration="0.006290" asserts="5">
                <properties />
              </test-case>
            </test-suite>
            <test-suite type="ParameterizedMethod" id="1757" name="FilterByDirectory" fullname="GVFS.UnitTests.Common.GVFSEnlistmentHealthTests.FilterByDirectory" classname="GVFS.UnitTests.Common.GVFSEnlistmentHealthTests" runstate="Runnable" testcasecount="1" result="Passed" start-time="2019-11-11 20:29:20Z" end-time="2019-11-11 20:29:20Z" duration="0.002463" total="1" passed="1" failed="0" warnings="0" inconclusive="0" skipped="0" asserts="10">
              <properties />
              <test-case id="1756" name="FilterByDirectory()" fullname="GVFS.UnitTests.Common.GVFSEnlistmentHealthTests.FilterByDirectory()" methodname="FilterByDirectory" classname="GVFS.UnitTests.Common.GVFSEnlistmentHealthTests" runstate="Runnable" seed="252393765" result="Passed" start-time="2019-11-11 20:29:20Z" end-time="2019-11-11 20:29:20Z" duration="0.002429" asserts="10">
                <properties />
              </test-case>
            </test-suite>
            <test-suite type="ParameterizedMethod" id="1759" name="FilterByDirectoryWithoutPathSeparator" fullname="GVFS.UnitTests.Common.GVFSEnlistmentHealthTests.FilterByDirectoryWithoutPathSeparator" classname="GVFS.UnitTests.Common.GVFSEnlistmentHealthTests" runstate="Runnable" testcasecount="1" result="Passed" start-time="2019-11-11 20:29:20Z" end-time="2019-11-11 20:29:20Z" duration="0.001282" total="1" passed="1" failed="0" warnings="0" inconclusive="0" skipped="0" asserts="5">
              <properties />
              <test-case id="1758" name="FilterByDirectoryWithoutPathSeparator()" fullname="GVFS.UnitTests.Common.GVFSEnlistmentHealthTests.FilterByDirectoryWithoutPathSeparator()" methodname="FilterByDirectoryWithoutPathSeparator" classname="GVFS.UnitTests.Common.GVFSEnlistmentHealthTests" runstate="Runnable" seed="662298663" result="Passed" start-time="2019-11-11 20:29:20Z" end-time="2019-11-11 20:29:20Z" duration="0.001250" asserts="5">
                <properties />
              </test-case>
            </test-suite>
            <test-suite type="ParameterizedMethod" id="1763" name="FolderNotDoubleCounted" fullname="GVFS.UnitTests.Common.GVFSEnlistmentHealthTests.FolderNotDoubleCounted" classname="GVFS.UnitTests.Common.GVFSEnlistmentHealthTests" runstate="Runnable" testcasecount="1" result="Passed" start-time="2019-11-11 20:29:20Z" end-time="2019-11-11 20:29:20Z" duration="0.001333" total="1" passed="1" failed="0" warnings="0" inconclusive="0" skipped="0" asserts="5">
              <properties />
              <test-case id="1762" name="FolderNotDoubleCounted()" fullname="GVFS.UnitTests.Common.GVFSEnlistmentHealthTests.FolderNotDoubleCounted()" methodname="FolderNotDoubleCounted" classname="GVFS.UnitTests.Common.GVFSEnlistmentHealthTests" runstate="Runnable" seed="1481661545" result="Passed" start-time="2019-11-11 20:29:20Z" end-time="2019-11-11 20:29:20Z" duration="0.001298" asserts="5">
                <properties />
              </test-case>
            </test-suite>
            <test-suite type="ParameterizedMethod" id="1749" name="OverHydrated" fullname="GVFS.UnitTests.Common.GVFSEnlistmentHealthTests.OverHydrated" classname="GVFS.UnitTests.Common.GVFSEnlistmentHealthTests" runstate="Runnable" testcasecount="1" result="Passed" start-time="2019-11-11 20:29:20Z" end-time="2019-11-11 20:29:20Z" duration="0.001386" total="1" passed="1" failed="0" warnings="0" inconclusive="0" skipped="0" asserts="5">
              <properties />
              <test-case id="1748" name="OverHydrated()" fullname="GVFS.UnitTests.Common.GVFSEnlistmentHealthTests.OverHydrated()" methodname="OverHydrated" classname="GVFS.UnitTests.Common.GVFSEnlistmentHealthTests" runstate="Runnable" seed="1083046051" result="Passed" start-time="2019-11-11 20:29:20Z" end-time="2019-11-11 20:29:20Z" duration="0.001322" asserts="5">
                <properties />
              </test-case>
            </test-suite>
            <test-suite type="ParameterizedMethod" id="1745" name="SingleHydratedDirectoryShouldHaveOtherDirectoriesCompletelyHealthy" fullname="GVFS.UnitTests.Common.GVFSEnlistmentHealthTests.SingleHydratedDirectoryShouldHaveOtherDirectoriesCompletelyHealthy" classname="GVFS.UnitTests.Common.GVFSEnlistmentHealthTests" runstate="Runnable" testcasecount="1" result="Passed" start-time="2019-11-11 20:29:20Z" end-time="2019-11-11 20:29:20Z" duration="0.002328" total="1" passed="1" failed="0" warnings="0" inconclusive="0" skipped="0" asserts="14">
              <properties />
              <test-case id="1744" name="SingleHydratedDirectoryShouldHaveOtherDirectoriesCompletelyHealthy()" fullname="GVFS.UnitTests.Common.GVFSEnlistmentHealthTests.SingleHydratedDirectoryShouldHaveOtherDirectoriesCompletelyHealthy()" methodname="SingleHydratedDirectoryShouldHaveOtherDirectoriesCompletelyHealthy" classname="GVFS.UnitTests.Common.GVFSEnlistmentHealthTests" runstate="Runnable" seed="1196742515" result="Passed" start-time="2019-11-11 20:29:20Z" end-time="2019-11-11 20:29:20Z" duration="0.002299" asserts="14">
                <properties />
              </test-case>
            </test-suite>
            <test-suite type="ParameterizedMethod" id="1751" name="SortByHydration" fullname="GVFS.UnitTests.Common.GVFSEnlistmentHealthTests.SortByHydration" classname="GVFS.UnitTests.Common.GVFSEnlistmentHealthTests" runstate="Runnable" testcasecount="1" result="Passed" start-time="2019-11-11 20:29:20Z" end-time="2019-11-11 20:29:20Z" duration="0.001346" total="1" passed="1" failed="0" warnings="0" inconclusive="0" skipped="0" asserts="5">
              <properties />
              <test-case id="1750" name="SortByHydration()" fullname="GVFS.UnitTests.Common.GVFSEnlistmentHealthTests.SortByHydration()" methodname="SortByHydration" classname="GVFS.UnitTests.Common.GVFSEnlistmentHealthTests" runstate="Runnable" seed="442837971" result="Passed" start-time="2019-11-11 20:29:20Z" end-time="2019-11-11 20:29:20Z" duration="0.001305" asserts="5">
                <properties />
              </test-case>
            </test-suite>
            <test-suite type="ParameterizedMethod" id="1765" name="UnionOfSkipWorktreeAndModifiedPathsNoDuplicates" fullname="GVFS.UnitTests.Common.GVFSEnlistmentHealthTests.UnionOfSkipWorktreeAndModifiedPathsNoDuplicates" classname="GVFS.UnitTests.Common.GVFSEnlistmentHealthTests" runstate="Runnable" testcasecount="1" result="Passed" start-time="2019-11-11 20:29:20Z" end-time="2019-11-11 20:29:20Z" duration="0.001412" total="1" passed="1" failed="0" warnings="0" inconclusive="0" skipped="0" asserts="3">
              <properties />
              <test-case id="1764" name="UnionOfSkipWorktreeAndModifiedPathsNoDuplicates()" fullname="GVFS.UnitTests.Common.GVFSEnlistmentHealthTests.UnionOfSkipWorktreeAndModifiedPathsNoDuplicates()" methodname="UnionOfSkipWorktreeAndModifiedPathsNoDuplicates" classname="GVFS.UnitTests.Common.GVFSEnlistmentHealthTests" runstate="Runnable" seed="727017932" result="Passed" start-time="2019-11-11 20:29:20Z" end-time="2019-11-11 20:29:20Z" duration="0.001378" asserts="3">
                <properties />
              </test-case>
            </test-suite>
            <test-suite type="ParameterizedMethod" id="1753" name="VariedDirectoryFormatting" fullname="GVFS.UnitTests.Common.GVFSEnlistmentHealthTests.VariedDirectoryFormatting" classname="GVFS.UnitTests.Common.GVFSEnlistmentHealthTests" runstate="Runnable" testcasecount="1" result="Passed" start-time="2019-11-11 20:29:20Z" end-time="2019-11-11 20:29:20Z" duration="0.001230" total="1" passed="1" failed="0" warnings="0" inconclusive="0" skipped="0" asserts="2">
              <properties />
              <test-case id="1752" name="VariedDirectoryFormatting()" fullname="GVFS.UnitTests.Common.GVFSEnlistmentHealthTests.VariedDirectoryFormatting()" methodname="VariedDirectoryFormatting" classname="GVFS.UnitTests.Common.GVFSEnlistmentHealthTests" runstate="Runnable" seed="1483992601" result="Passed" start-time="2019-11-11 20:29:20Z" end-time="2019-11-11 20:29:20Z" duration="0.001191" asserts="2">
                <properties />
              </test-case>
            </test-suite>
            <test-suite type="ParameterizedMethod" id="1755" name="VariedFilePathFormatting" fullname="GVFS.UnitTests.Common.GVFSEnlistmentHealthTests.VariedFilePathFormatting" classname="GVFS.UnitTests.Common.GVFSEnlistmentHealthTests" runstate="Runnable" testcasecount="1" result="Passed" start-time="2019-11-11 20:29:20Z" end-time="2019-11-11 20:29:20Z" duration="0.003051" total="1" passed="1" failed="0" warnings="0" inconclusive="0" skipped="0" asserts="10">
              <properties />
              <test-case id="1754" name="VariedFilePathFormatting()" fullname="GVFS.UnitTests.Common.GVFSEnlistmentHealthTests.VariedFilePathFormatting()" methodname="VariedFilePathFormatting" classname="GVFS.UnitTests.Common.GVFSEnlistmentHealthTests" runstate="Runnable" seed="1810176713" result="Passed" start-time="2019-11-11 20:29:20Z" end-time="2019-11-11 20:29:20Z" duration="0.003019" asserts="10">
                <properties />
              </test-case>
            </test-suite>
          </test-suite>
          <test-suite type="TestFixture" id="1766" name="GVFSEnlistmentTests" fullname="GVFS.UnitTests.Common.GVFSEnlistmentTests" classname="GVFS.UnitTests.Common.GVFSEnlistmentTests" runstate="Runnable" testcasecount="2" result="Passed" start-time="2019-11-11 20:29:20Z" end-time="2019-11-11 20:29:20Z" duration="0.006502" total="2" passed="2" failed="0" warnings="0" inconclusive="0" skipped="0" asserts="4">
            <properties />
            <test-suite type="ParameterizedMethod" id="1770" name="CanGetEnlistmentId" fullname="GVFS.UnitTests.Common.GVFSEnlistmentTests.CanGetEnlistmentId" classname="GVFS.UnitTests.Common.GVFSEnlistmentTests" runstate="Runnable" testcasecount="1" result="Passed" start-time="2019-11-11 20:29:20Z" end-time="2019-11-11 20:29:20Z" duration="0.003945" total="1" passed="1" failed="0" warnings="0" inconclusive="0" skipped="0" asserts="2">
              <properties />
              <test-case id="1769" name="CanGetEnlistmentId()" fullname="GVFS.UnitTests.Common.GVFSEnlistmentTests.CanGetEnlistmentId()" methodname="CanGetEnlistmentId" classname="GVFS.UnitTests.Common.GVFSEnlistmentTests" runstate="Runnable" seed="510121284" result="Passed" start-time="2019-11-11 20:29:20Z" end-time="2019-11-11 20:29:20Z" duration="0.003890" asserts="2">
                <properties />
              </test-case>
            </test-suite>
            <test-suite type="ParameterizedMethod" id="1768" name="CanGetMountId" fullname="GVFS.UnitTests.Common.GVFSEnlistmentTests.CanGetMountId" classname="GVFS.UnitTests.Common.GVFSEnlistmentTests" runstate="Runnable" testcasecount="1" result="Passed" start-time="2019-11-11 20:29:20Z" end-time="2019-11-11 20:29:20Z" duration="0.002455" total="1" passed="1" failed="0" warnings="0" inconclusive="0" skipped="0" asserts="2">
              <properties />
              <test-case id="1767" name="CanGetMountId()" fullname="GVFS.UnitTests.Common.GVFSEnlistmentTests.CanGetMountId()" methodname="CanGetMountId" classname="GVFS.UnitTests.Common.GVFSEnlistmentTests" runstate="Runnable" seed="1020261852" result="Passed" start-time="2019-11-11 20:29:20Z" end-time="2019-11-11 20:29:20Z" duration="0.002422" asserts="2">
                <properties />
              </test-case>
            </test-suite>
          </test-suite>
          <test-suite type="TestFixture" id="1771" name="GVFSLockTests" fullname="GVFS.UnitTests.Common.GVFSLockTests" classname="GVFS.UnitTests.Common.GVFSLockTests" runstate="Runnable" testcasecount="11" result="Passed" start-time="2019-11-11 20:29:20Z" end-time="2019-11-11 20:29:20Z" duration="0.398053" total="11" passed="11" failed="0" warnings="0" inconclusive="0" skipped="0" asserts="571">
            <properties />
            <test-suite type="ParameterizedMethod" id="1777" name="ReleaseLockHeldByExternalProcess_DifferentPID" fullname="GVFS.UnitTests.Common.GVFSLockTests.ReleaseLockHeldByExternalProcess_DifferentPID" classname="GVFS.UnitTests.Common.GVFSLockTests" runstate="Runnable" testcasecount="1" result="Passed" start-time="2019-11-11 20:29:20Z" end-time="2019-11-11 20:29:20Z" duration="0.340514" total="1" passed="1" failed="0" warnings="0" inconclusive="0" skipped="0" asserts="70">
              <properties />
              <test-case id="1776" name="ReleaseLockHeldByExternalProcess_DifferentPID()" fullname="GVFS.UnitTests.Common.GVFSLockTests.ReleaseLockHeldByExternalProcess_DifferentPID()" methodname="ReleaseLockHeldByExternalProcess_DifferentPID" classname="GVFS.UnitTests.Common.GVFSLockTests" runstate="Runnable" seed="617695098" result="Passed" start-time="2019-11-11 20:29:20Z" end-time="2019-11-11 20:29:20Z" duration="0.340440" asserts="70">
                <properties />
              </test-case>
            </test-suite>
            <test-suite type="ParameterizedMethod" id="1779" name="ReleaseLockHeldByExternalProcess_WhenGVFSHasLock" fullname="GVFS.UnitTests.Common.GVFSLockTests.ReleaseLockHeldByExternalProcess_WhenGVFSHasLock" classname="GVFS.UnitTests.Common.GVFSLockTests" runstate="Runnable" testcasecount="1" result="Passed" start-time="2019-11-11 20:29:20Z" end-time="2019-11-11 20:29:20Z" duration="0.024917" total="1" passed="1" failed="0" warnings="0" inconclusive="0" skipped="0" asserts="42">
              <properties />
              <test-case id="1778" name="ReleaseLockHeldByExternalProcess_WhenGVFSHasLock()" fullname="GVFS.UnitTests.Common.GVFSLockTests.ReleaseLockHeldByExternalProcess_WhenGVFSHasLock()" methodname="ReleaseLockHeldByExternalProcess_WhenGVFSHasLock" classname="GVFS.UnitTests.Common.GVFSLockTests" runstate="Runnable" seed="2121144693" result="Passed" start-time="2019-11-11 20:29:20Z" end-time="2019-11-11 20:29:20Z" duration="0.024835" asserts="42">
                <properties />
              </test-case>
            </test-suite>
            <test-suite type="ParameterizedMethod" id="1775" name="ReleaseLockHeldByExternalProcess_WhenNoLock" fullname="GVFS.UnitTests.Common.GVFSLockTests.ReleaseLockHeldByExternalProcess_WhenNoLock" classname="GVFS.UnitTests.Common.GVFSLockTests" runstate="Runnable" testcasecount="1" result="Passed" start-time="2019-11-11 20:29:20Z" end-time="2019-11-11 20:29:20Z" duration="0.002715" total="1" passed="1" failed="0" warnings="0" inconclusive="0" skipped="0" asserts="36">
              <properties />
              <test-case id="1774" name="ReleaseLockHeldByExternalProcess_WhenNoLock()" fullname="GVFS.UnitTests.Common.GVFSLockTests.ReleaseLockHeldByExternalProcess_WhenNoLock()" methodname="ReleaseLockHeldByExternalProcess_WhenNoLock" classname="GVFS.UnitTests.Common.GVFSLockTests" runstate="Runnable" seed="1211392479" result="Passed" start-time="2019-11-11 20:29:20Z" end-time="2019-11-11 20:29:20Z" duration="0.002667" asserts="36">
                <properties />
              </test-case>
            </test-suite>
            <test-suite type="ParameterizedMethod" id="1783" name="ReleaseLockHeldByGVFS_WhenExternalHasLockShouldThrow" fullname="GVFS.UnitTests.Common.GVFSLockTests.ReleaseLockHeldByGVFS_WhenExternalHasLockShouldThrow" classname="GVFS.UnitTests.Common.GVFSLockTests" runstate="Runnable" testcasecount="1" result="Passed" start-time="2019-11-11 20:29:20Z" end-time="2019-11-11 20:29:20Z" duration="0.003401" total="1" passed="1" failed="0" warnings="0" inconclusive="0" skipped="0" asserts="50">
              <properties>
                <property name="Category" value="ExceptionExpected" />
              </properties>
              <test-case id="1782" name="ReleaseLockHeldByGVFS_WhenExternalHasLockShouldThrow()" fullname="GVFS.UnitTests.Common.GVFSLockTests.ReleaseLockHeldByGVFS_WhenExternalHasLockShouldThrow()" methodname="ReleaseLockHeldByGVFS_WhenExternalHasLockShouldThrow" classname="GVFS.UnitTests.Common.GVFSLockTests" runstate="Runnable" seed="1853872617" result="Passed" start-time="2019-11-11 20:29:20Z" end-time="2019-11-11 20:29:20Z" duration="0.003373" asserts="50">
                <properties />
              </test-case>
            </test-suite>
            <test-suite type="ParameterizedMethod" id="1781" name="ReleaseLockHeldByGVFS_WhenNoLock" fullname="GVFS.UnitTests.Common.GVFSLockTests.ReleaseLockHeldByGVFS_WhenNoLock" classname="GVFS.UnitTests.Common.GVFSLockTests" runstate="Runnable" testcasecount="1" result="Passed" start-time="2019-11-11 20:29:20Z" end-time="2019-11-11 20:29:20Z" duration="0.001793" total="1" passed="1" failed="0" warnings="0" inconclusive="0" skipped="0" asserts="31">
              <properties>
                <property name="Category" value="ExceptionExpected" />
              </properties>
              <test-case id="1780" name="ReleaseLockHeldByGVFS_WhenNoLock()" fullname="GVFS.UnitTests.Common.GVFSLockTests.ReleaseLockHeldByGVFS_WhenNoLock()" methodname="ReleaseLockHeldByGVFS_WhenNoLock" classname="GVFS.UnitTests.Common.GVFSLockTests" runstate="Runnable" seed="1940927253" result="Passed" start-time="2019-11-11 20:29:20Z" end-time="2019-11-11 20:29:20Z" duration="0.001764" asserts="31">
                <properties />
              </test-case>
            </test-suite>
            <test-suite type="ParameterizedMethod" id="1773" name="TryAcquireAndReleaseLockForExternalRequestor" fullname="GVFS.UnitTests.Common.GVFSLockTests.TryAcquireAndReleaseLockForExternalRequestor" classname="GVFS.UnitTests.Common.GVFSLockTests" runstate="Runnable" testcasecount="1" result="Passed" start-time="2019-11-11 20:29:20Z" end-time="2019-11-11 20:29:20Z" duration="0.005555" total="1" passed="1" failed="0" warnings="0" inconclusive="0" skipped="0" asserts="57">
              <properties />
              <test-case id="1772" name="TryAcquireAndReleaseLockForExternalRequestor()" fullname="GVFS.UnitTests.Common.GVFSLockTests.TryAcquireAndReleaseLockForExternalRequestor()" methodname="TryAcquireAndReleaseLockForExternalRequestor" classname="GVFS.UnitTests.Common.GVFSLockTests" runstate="Runnable" seed="108032132" result="Passed" start-time="2019-11-11 20:29:20Z" end-time="2019-11-11 20:29:20Z" duration="0.005534" asserts="57">
                <properties />
              </test-case>
            </test-suite>
            <test-suite type="ParameterizedMethod" id="1793" name="TryAcquireLockForExternalRequestor_WhenExternalHolderTerminated" fullname="GVFS.UnitTests.Common.GVFSLockTests.TryAcquireLockForExternalRequestor_WhenExternalHolderTerminated" classname="GVFS.UnitTests.Common.GVFSLockTests" runstate="Runnable" testcasecount="1" result="Passed" start-time="2019-11-11 20:29:20Z" end-time="2019-11-11 20:29:20Z" duration="0.004966" total="1" passed="1" failed="0" warnings="0" inconclusive="0" skipped="0" asserts="71">
              <properties />
              <test-case id="1792" name="TryAcquireLockForExternalRequestor_WhenExternalHolderTerminated()" fullname="GVFS.UnitTests.Common.GVFSLockTests.TryAcquireLockForExternalRequestor_WhenExternalHolderTerminated()" methodname="TryAcquireLockForExternalRequestor_WhenExternalHolderTerminated" classname="GVFS.UnitTests.Common.GVFSLockTests" runstate="Runnable" seed="1796177655" result="Passed" start-time="2019-11-11 20:29:20Z" end-time="2019-11-11 20:29:20Z" duration="0.004940" asserts="71">
                <properties />
              </test-case>
            </test-suite>
            <test-suite type="ParameterizedMethod" id="1791" name="TryAcquireLockForExternalRequestor_WhenExternalLock" fullname="GVFS.UnitTests.Common.GVFSLockTests.TryAcquireLockForExternalRequestor_WhenExternalLock" classname="GVFS.UnitTests.Common.GVFSLockTests" runstate="Runnable" testcasecount="1" result="Passed" start-time="2019-11-11 20:29:20Z" end-time="2019-11-11 20:29:20Z" duration="0.003822" total="1" passed="1" failed="0" warnings="0" inconclusive="0" skipped="0" asserts="74">
              <properties />
              <test-case id="1790" name="TryAcquireLockForExternalRequestor_WhenExternalLock()" fullname="GVFS.UnitTests.Common.GVFSLockTests.TryAcquireLockForExternalRequestor_WhenExternalLock()" methodname="TryAcquireLockForExternalRequestor_WhenExternalLock" classname="GVFS.UnitTests.Common.GVFSLockTests" runstate="Runnable" seed="1332963724" result="Passed" start-time="2019-11-11 20:29:20Z" end-time="2019-11-11 20:29:20Z" duration="0.003793" asserts="74">
                <properties />
              </test-case>
            </test-suite>
            <test-suite type="ParameterizedMethod" id="1789" name="TryAcquireLockForExternalRequestor_WhenGVFSLock" fullname="GVFS.UnitTests.Common.GVFSLockTests.TryAcquireLockForExternalRequestor_WhenGVFSLock" classname="GVFS.UnitTests.Common.GVFSLockTests" runstate="Runnable" testcasecount="1" result="Passed" start-time="2019-11-11 20:29:20Z" end-time="2019-11-11 20:29:20Z" duration="0.003369" total="1" passed="1" failed="0" warnings="0" inconclusive="0" skipped="0" asserts="43">
              <properties />
              <test-case id="1788" name="TryAcquireLockForExternalRequestor_WhenGVFSLock()" fullname="GVFS.UnitTests.Common.GVFSLockTests.TryAcquireLockForExternalRequestor_WhenGVFSLock()" methodname="TryAcquireLockForExternalRequestor_WhenGVFSLock" classname="GVFS.UnitTests.Common.GVFSLockTests" runstate="Runnable" seed="852151346" result="Passed" start-time="2019-11-11 20:29:20Z" end-time="2019-11-11 20:29:20Z" duration="0.003302" asserts="43">
                <properties />
              </test-case>
            </test-suite>
            <test-suite type="ParameterizedMethod" id="1785" name="TryAcquireLockForGVFS" fullname="GVFS.UnitTests.Common.GVFSLockTests.TryAcquireLockForGVFS" classname="GVFS.UnitTests.Common.GVFSLockTests" runstate="Runnable" testcasecount="1" result="Passed" start-time="2019-11-11 20:29:20Z" end-time="2019-11-11 20:29:20Z" duration="0.003363" total="1" passed="1" failed="0" warnings="0" inconclusive="0" skipped="0" asserts="47">
              <properties />
              <test-case id="1784" name="TryAcquireLockForGVFS()" fullname="GVFS.UnitTests.Common.GVFSLockTests.TryAcquireLockForGVFS()" methodname="TryAcquireLockForGVFS" classname="GVFS.UnitTests.Common.GVFSLockTests" runstate="Runnable" seed="1271110169" result="Passed" start-time="2019-11-11 20:29:20Z" end-time="2019-11-11 20:29:20Z" duration="0.003336" asserts="47">
                <properties />
              </test-case>
            </test-suite>
            <test-suite type="ParameterizedMethod" id="1787" name="TryAcquireLockForGVFS_WhenExternalLock" fullname="GVFS.UnitTests.Common.GVFSLockTests.TryAcquireLockForGVFS_WhenExternalLock" classname="GVFS.UnitTests.Common.GVFSLockTests" runstate="Runnable" testcasecount="1" result="Passed" start-time="2019-11-11 20:29:20Z" end-time="2019-11-11 20:29:20Z" duration="0.003328" total="1" passed="1" failed="0" warnings="0" inconclusive="0" skipped="0" asserts="50">
              <properties />
              <test-case id="1786" name="TryAcquireLockForGVFS_WhenExternalLock()" fullname="GVFS.UnitTests.Common.GVFSLockTests.TryAcquireLockForGVFS_WhenExternalLock()" methodname="TryAcquireLockForGVFS_WhenExternalLock" classname="GVFS.UnitTests.Common.GVFSLockTests" runstate="Runnable" seed="260414483" result="Passed" start-time="2019-11-11 20:29:20Z" end-time="2019-11-11 20:29:20Z" duration="0.003299" asserts="50">
                <properties />
              </test-case>
            </test-suite>
          </test-suite>
          <test-suite type="TestFixture" id="1794" name="JsonInstallManifestTests" fullname="GVFS.UnitTests.Common.JsonInstallManifestTests" classname="GVFS.UnitTests.Common.JsonInstallManifestTests" runstate="Runnable" testcasecount="2" result="Passed" start-time="2019-11-11 20:29:20Z" end-time="2019-11-11 20:29:20Z" duration="0.043814" total="2" passed="2" failed="0" warnings="0" inconclusive="0" skipped="0" asserts="21">
            <properties />
            <test-suite type="ParameterizedMethod" id="1798" name="CanDeserializeAndSerializeInstallManifest" fullname="GVFS.UnitTests.Common.JsonInstallManifestTests.CanDeserializeAndSerializeInstallManifest" classname="GVFS.UnitTests.Common.JsonInstallManifestTests" runstate="Runnable" testcasecount="1" result="Passed" start-time="2019-11-11 20:29:20Z" end-time="2019-11-11 20:29:20Z" duration="0.040795" total="1" passed="1" failed="0" warnings="0" inconclusive="0" skipped="0" asserts="10">
              <properties />
              <test-case id="1797" name="CanDeserializeAndSerializeInstallManifest()" fullname="GVFS.UnitTests.Common.JsonInstallManifestTests.CanDeserializeAndSerializeInstallManifest()" methodname="CanDeserializeAndSerializeInstallManifest" classname="GVFS.UnitTests.Common.JsonInstallManifestTests" runstate="Runnable" seed="1033702945" result="Passed" start-time="2019-11-11 20:29:20Z" end-time="2019-11-11 20:29:20Z" duration="0.040761" asserts="10">
                <properties />
              </test-case>
            </test-suite>
            <test-suite type="ParameterizedMethod" id="1796" name="CanReadExpectedJsonString" fullname="GVFS.UnitTests.Common.JsonInstallManifestTests.CanReadExpectedJsonString" classname="GVFS.UnitTests.Common.JsonInstallManifestTests" runstate="Runnable" testcasecount="1" result="Passed" start-time="2019-11-11 20:29:20Z" end-time="2019-11-11 20:29:20Z" duration="0.002902" total="1" passed="1" failed="0" warnings="0" inconclusive="0" skipped="0" asserts="11">
              <properties />
              <test-case id="1795" name="CanReadExpectedJsonString()" fullname="GVFS.UnitTests.Common.JsonInstallManifestTests.CanReadExpectedJsonString()" methodname="CanReadExpectedJsonString" classname="GVFS.UnitTests.Common.JsonInstallManifestTests" runstate="Runnable" seed="753315125" result="Passed" start-time="2019-11-11 20:29:20Z" end-time="2019-11-11 20:29:20Z" duration="0.002850" asserts="11">
                <properties />
              </test-case>
            </test-suite>
          </test-suite>
          <test-suite type="TestFixture" id="1799" name="JsonTracerTests" fullname="GVFS.UnitTests.Common.JsonTracerTests" classname="GVFS.UnitTests.Common.JsonTracerTests" runstate="Runnable" testcasecount="5" result="Passed" start-time="2019-11-11 20:29:20Z" end-time="2019-11-11 20:29:20Z" duration="0.017388" total="5" passed="5" failed="0" warnings="0" inconclusive="0" skipped="0" asserts="16">
            <properties />
            <test-suite type="ParameterizedMethod" id="1805" name="EventMetadataWithKeywordsIsOptional" fullname="GVFS.UnitTests.Common.JsonTracerTests.EventMetadataWithKeywordsIsOptional" classname="GVFS.UnitTests.Common.JsonTracerTests" runstate="Runnable" testcasecount="1" result="Passed" start-time="2019-11-11 20:29:20Z" end-time="2019-11-11 20:29:20Z" duration="0.008136" total="1" passed="1" failed="0" warnings="0" inconclusive="0" skipped="0" asserts="2">
              <properties />
              <test-case id="1804" name="EventMetadataWithKeywordsIsOptional()" fullname="GVFS.UnitTests.Common.JsonTracerTests.EventMetadataWithKeywordsIsOptional()" methodname="EventMetadataWithKeywordsIsOptional" classname="GVFS.UnitTests.Common.JsonTracerTests" runstate="Runnable" seed="393917891" result="Passed" start-time="2019-11-11 20:29:20Z" end-time="2019-11-11 20:29:20Z" duration="0.008069" asserts="2">
                <properties />
              </test-case>
            </test-suite>
            <test-suite type="ParameterizedMethod" id="1803" name="EventsAreFilteredByKeyword" fullname="GVFS.UnitTests.Common.JsonTracerTests.EventsAreFilteredByKeyword" classname="GVFS.UnitTests.Common.JsonTracerTests" runstate="Runnable" testcasecount="1" result="Passed" start-time="2019-11-11 20:29:20Z" end-time="2019-11-11 20:29:20Z" duration="0.003423" total="1" passed="1" failed="0" warnings="0" inconclusive="0" skipped="0" asserts="6">
              <properties />
              <test-case id="1802" name="EventsAreFilteredByKeyword()" fullname="GVFS.UnitTests.Common.JsonTracerTests.EventsAreFilteredByKeyword()" methodname="EventsAreFilteredByKeyword" classname="GVFS.UnitTests.Common.JsonTracerTests" runstate="Runnable" seed="356419748" result="Passed" start-time="2019-11-11 20:29:20Z" end-time="2019-11-11 20:29:20Z" duration="0.003373" asserts="6">
                <properties />
              </test-case>
            </test-suite>
            <test-suite type="ParameterizedMethod" id="1801" name="EventsAreFilteredByVerbosity" fullname="GVFS.UnitTests.Common.JsonTracerTests.EventsAreFilteredByVerbosity" classname="GVFS.UnitTests.Common.JsonTracerTests" runstate="Runnable" testcasecount="1" result="Passed" start-time="2019-11-11 20:29:20Z" end-time="2019-11-11 20:29:20Z" duration="0.002168" total="1" passed="1" failed="0" warnings="0" inconclusive="0" skipped="0" asserts="4">
              <properties />
              <test-case id="1800" name="EventsAreFilteredByVerbosity()" fullname="GVFS.UnitTests.Common.JsonTracerTests.EventsAreFilteredByVerbosity()" methodname="EventsAreFilteredByVerbosity" classname="GVFS.UnitTests.Common.JsonTracerTests" runstate="Runnable" seed="1079003568" result="Passed" start-time="2019-11-11 20:29:20Z" end-time="2019-11-11 20:29:20Z" duration="0.002136" asserts="4">
                <properties />
              </test-case>
            </test-suite>
            <test-suite type="ParameterizedMethod" id="1807" name="StartEventDoesNotDispatchTelemetry" fullname="GVFS.UnitTests.Common.JsonTracerTests.StartEventDoesNotDispatchTelemetry" classname="GVFS.UnitTests.Common.JsonTracerTests" runstate="Runnable" testcasecount="1" result="Passed" start-time="2019-11-11 20:29:20Z" end-time="2019-11-11 20:29:20Z" duration="0.002236" total="1" passed="1" failed="0" warnings="0" inconclusive="0" skipped="0" asserts="2">
              <properties />
              <test-case id="1806" name="StartEventDoesNotDispatchTelemetry()" fullname="GVFS.UnitTests.Common.JsonTracerTests.StartEventDoesNotDispatchTelemetry()" methodname="StartEventDoesNotDispatchTelemetry" classname="GVFS.UnitTests.Common.JsonTracerTests" runstate="Runnable" seed="779068894" result="Passed" start-time="2019-11-11 20:29:20Z" end-time="2019-11-11 20:29:20Z" duration="0.002196" asserts="2">
                <properties />
              </test-case>
            </test-suite>
            <test-suite type="ParameterizedMethod" id="1809" name="StopEventIsDispatchedOnDispose" fullname="GVFS.UnitTests.Common.JsonTracerTests.StopEventIsDispatchedOnDispose" classname="GVFS.UnitTests.Common.JsonTracerTests" runstate="Runnable" testcasecount="1" result="Passed" start-time="2019-11-11 20:29:20Z" end-time="2019-11-11 20:29:20Z" duration="0.001309" total="1" passed="1" failed="0" warnings="0" inconclusive="0" skipped="0" asserts="2">
              <properties />
              <test-case id="1808" name="StopEventIsDispatchedOnDispose()" fullname="GVFS.UnitTests.Common.JsonTracerTests.StopEventIsDispatchedOnDispose()" methodname="StopEventIsDispatchedOnDispose" classname="GVFS.UnitTests.Common.JsonTracerTests" runstate="Runnable" seed="210761422" result="Passed" start-time="2019-11-11 20:29:20Z" end-time="2019-11-11 20:29:20Z" duration="0.001276" asserts="2">
                <properties />
              </test-case>
            </test-suite>
          </test-suite>
          <test-suite type="TestFixture" id="1810" name="LegacyPlaceholderDatabaseTests" fullname="GVFS.UnitTests.Common.LegacyPlaceholderDatabaseTests" classname="GVFS.UnitTests.Common.LegacyPlaceholderDatabaseTests" runstate="Runnable" testcasecount="7" result="Passed" start-time="2019-11-11 20:29:20Z" end-time="2019-11-11 20:29:20Z" duration="0.017817" total="7" passed="7" failed="0" warnings="0" inconclusive="0" skipped="0" asserts="49">
            <properties />
            <test-suite type="ParameterizedMethod" id="1816" name="GetAllEntriesReturnsCorrectEntries" fullname="GVFS.UnitTests.Common.LegacyPlaceholderDatabaseTests.GetAllEntriesReturnsCorrectEntries" classname="GVFS.UnitTests.Common.LegacyPlaceholderDatabaseTests" runstate="Runnable" testcasecount="1" result="Passed" start-time="2019-11-11 20:29:20Z" end-time="2019-11-11 20:29:20Z" duration="0.005492" total="1" passed="1" failed="0" warnings="0" inconclusive="0" skipped="0" asserts="6">
              <properties />
              <test-case id="1815" name="GetAllEntriesReturnsCorrectEntries()" fullname="GVFS.UnitTests.Common.LegacyPlaceholderDatabaseTests.GetAllEntriesReturnsCorrectEntries()" methodname="GetAllEntriesReturnsCorrectEntries" classname="GVFS.UnitTests.Common.LegacyPlaceholderDatabaseTests" runstate="Runnable" seed="1424867545" result="Passed" start-time="2019-11-11 20:29:20Z" end-time="2019-11-11 20:29:20Z" duration="0.005464" asserts="6">
                <properties />
              </test-case>
            </test-suite>
            <test-suite type="ParameterizedMethod" id="1818" name="GetAllEntriesSplitsFilesAndFoldersCorrectly" fullname="GVFS.UnitTests.Common.LegacyPlaceholderDatabaseTests.GetAllEntriesSplitsFilesAndFoldersCorrectly" classname="GVFS.UnitTests.Common.LegacyPlaceholderDatabaseTests" runstate="Runnable" testcasecount="1" result="Passed" start-time="2019-11-11 20:29:20Z" end-time="2019-11-11 20:29:20Z" duration="0.005228" total="1" passed="1" failed="0" warnings="0" inconclusive="0" skipped="0" asserts="10">
              <properties />
              <test-case id="1817" name="GetAllEntriesSplitsFilesAndFoldersCorrectly()" fullname="GVFS.UnitTests.Common.LegacyPlaceholderDatabaseTests.GetAllEntriesSplitsFilesAndFoldersCorrectly()" methodname="GetAllEntriesSplitsFilesAndFoldersCorrectly" classname="GVFS.UnitTests.Common.LegacyPlaceholderDatabaseTests" runstate="Runnable" seed="501374671" result="Passed" start-time="2019-11-11 20:29:20Z" end-time="2019-11-11 20:29:20Z" duration="0.005144" asserts="10">
                <properties />
              </test-case>
            </test-suite>
            <test-suite type="ParameterizedMethod" id="1822" name="HandlesRaceBetweenAddAndWriteAllEntries" fullname="GVFS.UnitTests.Common.LegacyPlaceholderDatabaseTests.HandlesRaceBetweenAddAndWriteAllEntries" classname="GVFS.UnitTests.Common.LegacyPlaceholderDatabaseTests" runstate="Runnable" testcasecount="1" result="Passed" start-time="2019-11-11 20:29:20Z" end-time="2019-11-11 20:29:20Z" duration="0.004410" total="1" passed="1" failed="0" warnings="0" inconclusive="0" skipped="0" asserts="8">
              <properties />
              <test-case id="1821" name="HandlesRaceBetweenAddAndWriteAllEntries()" fullname="GVFS.UnitTests.Common.LegacyPlaceholderDatabaseTests.HandlesRaceBetweenAddAndWriteAllEntries()" methodname="HandlesRaceBetweenAddAndWriteAllEntries" classname="GVFS.UnitTests.Common.LegacyPlaceholderDatabaseTests" runstate="Runnable" seed="1585289619" result="Passed" start-time="2019-11-11 20:29:20Z" end-time="2019-11-11 20:29:20Z" duration="0.004359" asserts="8">
                <properties />
              </test-case>
            </test-suite>
            <test-suite type="ParameterizedMethod" id="1824" name="HandlesRaceBetweenRemoveAndWriteAllEntries" fullname="GVFS.UnitTests.Common.LegacyPlaceholderDatabaseTests.HandlesRaceBetweenRemoveAndWriteAllEntries" classname="GVFS.UnitTests.Common.LegacyPlaceholderDatabaseTests" runstate="Runnable" testcasecount="1" result="Passed" start-time="2019-11-11 20:29:20Z" end-time="2019-11-11 20:29:20Z" duration="0.000625" total="1" passed="1" failed="0" warnings="0" inconclusive="0" skipped="0" asserts="8">
              <properties />
              <test-case id="1823" name="HandlesRaceBetweenRemoveAndWriteAllEntries()" fullname="GVFS.UnitTests.Common.LegacyPlaceholderDatabaseTests.HandlesRaceBetweenRemoveAndWriteAllEntries()" methodname="HandlesRaceBetweenRemoveAndWriteAllEntries" classname="GVFS.UnitTests.Common.LegacyPlaceholderDatabaseTests" runstate="Runnable" seed="949351901" result="Passed" start-time="2019-11-11 20:29:20Z" end-time="2019-11-11 20:29:20Z" duration="0.000593" asserts="8">
                <properties />
              </test-case>
            </test-suite>
            <test-suite type="ParameterizedMethod" id="1812" name="ParsesExistingDataCorrectly" fullname="GVFS.UnitTests.Common.LegacyPlaceholderDatabaseTests.ParsesExistingDataCorrectly" classname="GVFS.UnitTests.Common.LegacyPlaceholderDatabaseTests" runstate="Runnable" testcasecount="1" result="Passed" start-time="2019-11-11 20:29:20Z" end-time="2019-11-11 20:29:20Z" duration="0.000289" total="1" passed="1" failed="0" warnings="0" inconclusive="0" skipped="0" asserts="4">
              <properties />
              <test-case id="1811" name="ParsesExistingDataCorrectly()" fullname="GVFS.UnitTests.Common.LegacyPlaceholderDatabaseTests.ParsesExistingDataCorrectly()" methodname="ParsesExistingDataCorrectly" classname="GVFS.UnitTests.Common.LegacyPlaceholderDatabaseTests" runstate="Runnable" seed="1194513630" result="Passed" start-time="2019-11-11 20:29:20Z" end-time="2019-11-11 20:29:20Z" duration="0.000260" asserts="4">
                <properties />
              </test-case>
            </test-suite>
            <test-suite type="ParameterizedMethod" id="1820" name="WriteAllEntriesCorrectlyWritesFile" fullname="GVFS.UnitTests.Common.LegacyPlaceholderDatabaseTests.WriteAllEntriesCorrectlyWritesFile" classname="GVFS.UnitTests.Common.LegacyPlaceholderDatabaseTests" runstate="Runnable" testcasecount="1" result="Passed" start-time="2019-11-11 20:29:20Z" end-time="2019-11-11 20:29:20Z" duration="0.001085" total="1" passed="1" failed="0" warnings="0" inconclusive="0" skipped="0" asserts="8">
              <properties />
              <test-case id="1819" name="WriteAllEntriesCorrectlyWritesFile()" fullname="GVFS.UnitTests.Common.LegacyPlaceholderDatabaseTests.WriteAllEntriesCorrectlyWritesFile()" methodname="WriteAllEntriesCorrectlyWritesFile" classname="GVFS.UnitTests.Common.LegacyPlaceholderDatabaseTests" runstate="Runnable" seed="1928730440" result="Passed" start-time="2019-11-11 20:29:20Z" end-time="2019-11-11 20:29:20Z" duration="0.001041" asserts="8">
                <properties />
              </test-case>
            </test-suite>
            <test-suite type="ParameterizedMethod" id="1814" name="WritesPlaceholderAddToFile" fullname="GVFS.UnitTests.Common.LegacyPlaceholderDatabaseTests.WritesPlaceholderAddToFile" classname="GVFS.UnitTests.Common.LegacyPlaceholderDatabaseTests" runstate="Runnable" testcasecount="1" result="Passed" start-time="2019-11-11 20:29:20Z" end-time="2019-11-11 20:29:20Z" duration="0.000574" total="1" passed="1" failed="0" warnings="0" inconclusive="0" skipped="0" asserts="5">
              <properties />
              <test-case id="1813" name="WritesPlaceholderAddToFile()" fullname="GVFS.UnitTests.Common.LegacyPlaceholderDatabaseTests.WritesPlaceholderAddToFile()" methodname="WritesPlaceholderAddToFile" classname="GVFS.UnitTests.Common.LegacyPlaceholderDatabaseTests" runstate="Runnable" seed="1033673806" result="Passed" start-time="2019-11-11 20:29:20Z" end-time="2019-11-11 20:29:20Z" duration="0.000509" asserts="5">
                <properties />
              </test-case>
            </test-suite>
          </test-suite>
          <test-suite type="TestFixture" id="1825" name="LibGit2RepoInvokerTests" fullname="GVFS.UnitTests.Common.LibGit2RepoInvokerTests" classname="GVFS.UnitTests.Common.LibGit2RepoInvokerTests" runstate="Runnable" testcasecount="7" result="Passed" start-time="2019-11-11 20:29:20Z" end-time="2019-11-11 20:29:21Z" duration="0.162973" total="7" passed="7" failed="0" warnings="0" inconclusive="0" skipped="0" asserts="53">
            <properties />
            <test-suite type="ParameterizedMethod" id="1829" name="CreatedByInitializeAfterClosed" fullname="GVFS.UnitTests.Common.LibGit2RepoInvokerTests.CreatedByInitializeAfterClosed" classname="GVFS.UnitTests.Common.LibGit2RepoInvokerTests" runstate="Runnable" testcasecount="1" result="Passed" start-time="2019-11-11 20:29:20Z" end-time="2019-11-11 20:29:20Z" duration="0.004051" total="1" passed="1" failed="0" warnings="0" inconclusive="0" skipped="0" asserts="8">
              <properties />
              <test-case id="1828" name="CreatedByInitializeAfterClosed()" fullname="GVFS.UnitTests.Common.LibGit2RepoInvokerTests.CreatedByInitializeAfterClosed()" methodname="CreatedByInitializeAfterClosed" classname="GVFS.UnitTests.Common.LibGit2RepoInvokerTests" runstate="Runnable" seed="1680444477" result="Passed" start-time="2019-11-11 20:29:20Z" end-time="2019-11-11 20:29:20Z" duration="0.004025" asserts="8">
                <properties />
              </test-case>
            </test-suite>
            <test-suite type="ParameterizedMethod" id="1831" name="CreatesOnInvokeAfterClosed" fullname="GVFS.UnitTests.Common.LibGit2RepoInvokerTests.CreatesOnInvokeAfterClosed" classname="GVFS.UnitTests.Common.LibGit2RepoInvokerTests" runstate="Runnable" testcasecount="1" result="Passed" start-time="2019-11-11 20:29:20Z" end-time="2019-11-11 20:29:20Z" duration="0.000945" total="1" passed="1" failed="0" warnings="0" inconclusive="0" skipped="0" asserts="7">
              <properties />
              <test-case id="1830" name="CreatesOnInvokeAfterClosed()" fullname="GVFS.UnitTests.Common.LibGit2RepoInvokerTests.CreatesOnInvokeAfterClosed()" methodname="CreatesOnInvokeAfterClosed" classname="GVFS.UnitTests.Common.LibGit2RepoInvokerTests" runstate="Runnable" seed="340972058" result="Passed" start-time="2019-11-11 20:29:20Z" end-time="2019-11-11 20:29:20Z" duration="0.000921" asserts="7">
                <properties />
              </test-case>
            </test-suite>
            <test-suite type="ParameterizedMethod" id="1837" name="DisposesSharedRepo" fullname="GVFS.UnitTests.Common.LibGit2RepoInvokerTests.DisposesSharedRepo" classname="GVFS.UnitTests.Common.LibGit2RepoInvokerTests" runstate="Runnable" testcasecount="1" result="Passed" start-time="2019-11-11 20:29:20Z" end-time="2019-11-11 20:29:20Z" duration="0.000570" total="1" passed="1" failed="0" warnings="0" inconclusive="0" skipped="0" asserts="6">
              <properties />
              <test-case id="1836" name="DisposesSharedRepo()" fullname="GVFS.UnitTests.Common.LibGit2RepoInvokerTests.DisposesSharedRepo()" methodname="DisposesSharedRepo" classname="GVFS.UnitTests.Common.LibGit2RepoInvokerTests" runstate="Runnable" seed="861093095" result="Passed" start-time="2019-11-11 20:29:20Z" end-time="2019-11-11 20:29:20Z" duration="0.000543" asserts="6">
                <properties />
              </test-case>
            </test-suite>
            <test-suite type="ParameterizedMethod" id="1827" name="DoesCreateRepoOnConstruction" fullname="GVFS.UnitTests.Common.LibGit2RepoInvokerTests.DoesCreateRepoOnConstruction" classname="GVFS.UnitTests.Common.LibGit2RepoInvokerTests" runstate="Runnable" testcasecount="1" result="Passed" start-time="2019-11-11 20:29:20Z" end-time="2019-11-11 20:29:20Z" duration="0.000198" total="1" passed="1" failed="0" warnings="0" inconclusive="0" skipped="0" asserts="1">
              <properties />
              <test-case id="1826" name="DoesCreateRepoOnConstruction()" fullname="GVFS.UnitTests.Common.LibGit2RepoInvokerTests.DoesCreateRepoOnConstruction()" methodname="DoesCreateRepoOnConstruction" classname="GVFS.UnitTests.Common.LibGit2RepoInvokerTests" runstate="Runnable" seed="263407776" result="Passed" start-time="2019-11-11 20:29:20Z" end-time="2019-11-11 20:29:20Z" duration="0.000151" asserts="1">
                <properties />
              </test-case>
            </test-suite>
            <test-suite type="ParameterizedMethod" id="1833" name="DoesNotCreateMultipleRepos" fullname="GVFS.UnitTests.Common.LibGit2RepoInvokerTests.DoesNotCreateMultipleRepos" classname="GVFS.UnitTests.Common.LibGit2RepoInvokerTests" runstate="Runnable" testcasecount="1" result="Passed" start-time="2019-11-11 20:29:20Z" end-time="2019-11-11 20:29:20Z" duration="0.001001" total="1" passed="1" failed="0" warnings="0" inconclusive="0" skipped="0" asserts="6">
              <properties />
              <test-case id="1832" name="DoesNotCreateMultipleRepos()" fullname="GVFS.UnitTests.Common.LibGit2RepoInvokerTests.DoesNotCreateMultipleRepos()" methodname="DoesNotCreateMultipleRepos" classname="GVFS.UnitTests.Common.LibGit2RepoInvokerTests" runstate="Runnable" seed="1250527549" result="Passed" start-time="2019-11-11 20:29:20Z" end-time="2019-11-11 20:29:20Z" duration="0.000916" asserts="6">
                <properties />
              </test-case>
            </test-suite>
            <test-suite type="ParameterizedMethod" id="1835" name="DoesNotCreateRepoAfterDisposal" fullname="GVFS.UnitTests.Common.LibGit2RepoInvokerTests.DoesNotCreateRepoAfterDisposal" classname="GVFS.UnitTests.Common.LibGit2RepoInvokerTests" runstate="Runnable" testcasecount="1" result="Passed" start-time="2019-11-11 20:29:20Z" end-time="2019-11-11 20:29:20Z" duration="0.000678" total="1" passed="1" failed="0" warnings="0" inconclusive="0" skipped="0" asserts="3">
              <properties />
              <test-case id="1834" name="DoesNotCreateRepoAfterDisposal()" fullname="GVFS.UnitTests.Common.LibGit2RepoInvokerTests.DoesNotCreateRepoAfterDisposal()" methodname="DoesNotCreateRepoAfterDisposal" classname="GVFS.UnitTests.Common.LibGit2RepoInvokerTests" runstate="Runnable" seed="1479426204" result="Passed" start-time="2019-11-11 20:29:20Z" end-time="2019-11-11 20:29:20Z" duration="0.000612" asserts="3">
                <properties />
              </test-case>
            </test-suite>
            <test-suite type="ParameterizedMethod" id="1839" name="UsesOnlyOneRepoMultipleThreads" fullname="GVFS.UnitTests.Common.LibGit2RepoInvokerTests.UsesOnlyOneRepoMultipleThreads" classname="GVFS.UnitTests.Common.LibGit2RepoInvokerTests" runstate="Runnable" testcasecount="1" result="Passed" start-time="2019-11-11 20:29:20Z" end-time="2019-11-11 20:29:21Z" duration="0.155376" total="1" passed="1" failed="0" warnings="0" inconclusive="0" skipped="0" asserts="22">
              <properties />
              <test-case id="1838" name="UsesOnlyOneRepoMultipleThreads()" fullname="GVFS.UnitTests.Common.LibGit2RepoInvokerTests.UsesOnlyOneRepoMultipleThreads()" methodname="UsesOnlyOneRepoMultipleThreads" classname="GVFS.UnitTests.Common.LibGit2RepoInvokerTests" runstate="Runnable" seed="946050575" result="Passed" start-time="2019-11-11 20:29:20Z" end-time="2019-11-11 20:29:21Z" duration="0.155331" asserts="22">
                <properties />
              </test-case>
            </test-suite>
          </test-suite>
          <test-suite type="TestFixture" id="1840" name="ModifiedPathsDatabaseTests" fullname="GVFS.UnitTests.Common.ModifiedPathsDatabaseTests" classname="GVFS.UnitTests.Common.ModifiedPathsDatabaseTests" runstate="Runnable" testcasecount="9" result="Passed" start-time="2019-11-11 20:29:21Z" end-time="2019-11-11 20:29:21Z" duration="0.023679" total="9" passed="9" failed="0" warnings="0" inconclusive="0" skipped="0" asserts="76">
            <properties />
            <test-suite type="ParameterizedMethod" id="1844" name="AddsDefaultEntry" fullname="GVFS.UnitTests.Common.ModifiedPathsDatabaseTests.AddsDefaultEntry" classname="GVFS.UnitTests.Common.ModifiedPathsDatabaseTests" runstate="Runnable" testcasecount="1" result="Passed" start-time="2019-11-11 20:29:21Z" end-time="2019-11-11 20:29:21Z" duration="0.011290" total="1" passed="1" failed="0" warnings="0" inconclusive="0" skipped="0" asserts="5">
              <properties />
              <test-case id="1843" name="AddsDefaultEntry()" fullname="GVFS.UnitTests.Common.ModifiedPathsDatabaseTests.AddsDefaultEntry()" methodname="AddsDefaultEntry" classname="GVFS.UnitTests.Common.ModifiedPathsDatabaseTests" runstate="Runnable" seed="897866004" result="Passed" start-time="2019-11-11 20:29:21Z" end-time="2019-11-11 20:29:21Z" duration="0.011262" asserts="5">
                <properties />
              </test-case>
            </test-suite>
            <test-suite type="ParameterizedMethod" id="1846" name="BadDataFailsToLoad" fullname="GVFS.UnitTests.Common.ModifiedPathsDatabaseTests.BadDataFailsToLoad" classname="GVFS.UnitTests.Common.ModifiedPathsDatabaseTests" runstate="Runnable" testcasecount="1" result="Passed" start-time="2019-11-11 20:29:21Z" end-time="2019-11-11 20:29:21Z" duration="0.000533" total="1" passed="1" failed="0" warnings="0" inconclusive="0" skipped="0" asserts="3">
              <properties />
              <test-case id="1845" name="BadDataFailsToLoad()" fullname="GVFS.UnitTests.Common.ModifiedPathsDatabaseTests.BadDataFailsToLoad()" methodname="BadDataFailsToLoad" classname="GVFS.UnitTests.Common.ModifiedPathsDatabaseTests" runstate="Runnable" seed="1638739660" result="Passed" start-time="2019-11-11 20:29:21Z" end-time="2019-11-11 20:29:21Z" duration="0.000503" asserts="3">
                <properties />
              </test-case>
            </test-suite>
            <test-suite type="ParameterizedMethod" id="1848" name="BasicAddFile" fullname="GVFS.UnitTests.Common.ModifiedPathsDatabaseTests.BasicAddFile" classname="GVFS.UnitTests.Common.ModifiedPathsDatabaseTests" runstate="Runnable" testcasecount="1" result="Passed" start-time="2019-11-11 20:29:21Z" end-time="2019-11-11 20:29:21Z" duration="0.003196" total="1" passed="1" failed="0" warnings="0" inconclusive="0" skipped="0" asserts="7">
              <properties />
              <test-case id="1847" name="BasicAddFile()" fullname="GVFS.UnitTests.Common.ModifiedPathsDatabaseTests.BasicAddFile()" methodname="BasicAddFile" classname="GVFS.UnitTests.Common.ModifiedPathsDatabaseTests" runstate="Runnable" seed="1485227892" result="Passed" start-time="2019-11-11 20:29:21Z" end-time="2019-11-11 20:29:21Z" duration="0.003167" asserts="7">
                <properties />
              </test-case>
            </test-suite>
            <test-suite type="ParameterizedMethod" id="1852" name="BeginningDirectorySeparatorRemoved" fullname="GVFS.UnitTests.Common.ModifiedPathsDatabaseTests.BeginningDirectorySeparatorRemoved" classname="GVFS.UnitTests.Common.ModifiedPathsDatabaseTests" runstate="Runnable" testcasecount="1" result="Passed" start-time="2019-11-11 20:29:21Z" end-time="2019-11-11 20:29:21Z" duration="0.000343" total="1" passed="1" failed="0" warnings="0" inconclusive="0" skipped="0" asserts="7">
              <properties />
              <test-case id="1851" name="BeginningDirectorySeparatorRemoved()" fullname="GVFS.UnitTests.Common.ModifiedPathsDatabaseTests.BeginningDirectorySeparatorRemoved()" methodname="BeginningDirectorySeparatorRemoved" classname="GVFS.UnitTests.Common.ModifiedPathsDatabaseTests" runstate="Runnable" seed="1790490251" result="Passed" start-time="2019-11-11 20:29:21Z" end-time="2019-11-11 20:29:21Z" duration="0.000309" asserts="7">
                <properties />
              </test-case>
            </test-suite>
            <test-suite type="ParameterizedMethod" id="1854" name="DirectorySeparatorAddedForFolder" fullname="GVFS.UnitTests.Common.ModifiedPathsDatabaseTests.DirectorySeparatorAddedForFolder" classname="GVFS.UnitTests.Common.ModifiedPathsDatabaseTests" runstate="Runnable" testcasecount="1" result="Passed" start-time="2019-11-11 20:29:21Z" end-time="2019-11-11 20:29:21Z" duration="0.000355" total="1" passed="1" failed="0" warnings="0" inconclusive="0" skipped="0" asserts="7">
              <properties />
              <test-case id="1853" name="DirectorySeparatorAddedForFolder()" fullname="GVFS.UnitTests.Common.ModifiedPathsDatabaseTests.DirectorySeparatorAddedForFolder()" methodname="DirectorySeparatorAddedForFolder" classname="GVFS.UnitTests.Common.ModifiedPathsDatabaseTests" runstate="Runnable" seed="669469793" result="Passed" start-time="2019-11-11 20:29:21Z" end-time="2019-11-11 20:29:21Z" duration="0.000324" asserts="7">
                <properties />
              </test-case>
            </test-suite>
            <test-suite type="ParameterizedMethod" id="1850" name="DirectorySeparatorsNormalized" fullname="GVFS.UnitTests.Common.ModifiedPathsDatabaseTests.DirectorySeparatorsNormalized" classname="GVFS.UnitTests.Common.ModifiedPathsDatabaseTests" runstate="Runnable" testcasecount="1" result="Passed" start-time="2019-11-11 20:29:21Z" end-time="2019-11-11 20:29:21Z" duration="0.000165" total="1" passed="1" failed="0" warnings="0" inconclusive="0" skipped="0" asserts="7">
              <properties />
              <test-case id="1849" name="DirectorySeparatorsNormalized()" fullname="GVFS.UnitTests.Common.ModifiedPathsDatabaseTests.DirectorySeparatorsNormalized()" methodname="DirectorySeparatorsNormalized" classname="GVFS.UnitTests.Common.ModifiedPathsDatabaseTests" runstate="Runnable" seed="841554012" result="Passed" start-time="2019-11-11 20:29:21Z" end-time="2019-11-11 20:29:21Z" duration="0.000142" asserts="7">
                <properties />
              </test-case>
            </test-suite>
            <test-suite type="ParameterizedMethod" id="1856" name="EntryNotAddedIfParentDirectoryExists" fullname="GVFS.UnitTests.Common.ModifiedPathsDatabaseTests.EntryNotAddedIfParentDirectoryExists" classname="GVFS.UnitTests.Common.ModifiedPathsDatabaseTests" runstate="Runnable" testcasecount="1" result="Passed" start-time="2019-11-11 20:29:21Z" end-time="2019-11-11 20:29:21Z" duration="0.002625" total="1" passed="1" failed="0" warnings="0" inconclusive="0" skipped="0" asserts="24">
              <properties />
              <test-case id="1855" name="EntryNotAddedIfParentDirectoryExists()" fullname="GVFS.UnitTests.Common.ModifiedPathsDatabaseTests.EntryNotAddedIfParentDirectoryExists()" methodname="EntryNotAddedIfParentDirectoryExists" classname="GVFS.UnitTests.Common.ModifiedPathsDatabaseTests" runstate="Runnable" seed="1247410492" result="Passed" start-time="2019-11-11 20:29:21Z" end-time="2019-11-11 20:29:21Z" duration="0.002594" asserts="24">
                <properties />
              </test-case>
            </test-suite>
            <test-suite type="ParameterizedMethod" id="1842" name="ParsesExistingDataCorrectly" fullname="GVFS.UnitTests.Common.ModifiedPathsDatabaseTests.ParsesExistingDataCorrectly" classname="GVFS.UnitTests.Common.ModifiedPathsDatabaseTests" runstate="Runnable" testcasecount="1" result="Passed" start-time="2019-11-11 20:29:21Z" end-time="2019-11-11 20:29:21Z" duration="0.000940" total="1" passed="1" failed="0" warnings="0" inconclusive="0" skipped="0" asserts="7">
              <properties />
              <test-case id="1841" name="ParsesExistingDataCorrectly()" fullname="GVFS.UnitTests.Common.ModifiedPathsDatabaseTests.ParsesExistingDataCorrectly()" methodname="ParsesExistingDataCorrectly" classname="GVFS.UnitTests.Common.ModifiedPathsDatabaseTests" runstate="Runnable" seed="1294388625" result="Passed" start-time="2019-11-11 20:29:21Z" end-time="2019-11-11 20:29:21Z" duration="0.000908" asserts="7">
                <properties />
              </test-case>
            </test-suite>
            <test-suite type="ParameterizedMethod" id="1858" name="RemoveEntriesWithParentFolderEntry" fullname="GVFS.UnitTests.Common.ModifiedPathsDatabaseTests.RemoveEntriesWithParentFolderEntry" classname="GVFS.UnitTests.Common.ModifiedPathsDatabaseTests" runstate="Runnable" testcasecount="1" result="Passed" start-time="2019-11-11 20:29:21Z" end-time="2019-11-11 20:29:21Z" duration="0.004024" total="1" passed="1" failed="0" warnings="0" inconclusive="0" skipped="0" asserts="9">
              <properties />
              <test-case id="1857" name="RemoveEntriesWithParentFolderEntry()" fullname="GVFS.UnitTests.Common.ModifiedPathsDatabaseTests.RemoveEntriesWithParentFolderEntry()" methodname="RemoveEntriesWithParentFolderEntry" classname="GVFS.UnitTests.Common.ModifiedPathsDatabaseTests" runstate="Runnable" seed="1514273667" result="Passed" start-time="2019-11-11 20:29:21Z" end-time="2019-11-11 20:29:21Z" duration="0.003991" asserts="9">
                <properties />
              </test-case>
            </test-suite>
          </test-suite>
          <test-suite type="TestFixture" id="1859" name="NamedPipeStreamReaderWriterTests" fullname="GVFS.UnitTests.Common.NamedPipeStreamReaderWriterTests" classname="GVFS.UnitTests.Common.NamedPipeStreamReaderWriterTests" runstate="Runnable" testcasecount="4" result="Passed" start-time="2019-11-11 20:29:21Z" end-time="2019-11-11 20:29:21Z" duration="0.003897" total="4" passed="4" failed="0" warnings="0" inconclusive="0" skipped="0" asserts="9">
            <properties />
            <test-case id="1862" name="CanSendMessagesWithNewLines" fullname="GVFS.UnitTests.Common.NamedPipeStreamReaderWriterTests.CanSendMessagesWithNewLines" methodname="CanSendMessagesWithNewLines" classname="GVFS.UnitTests.Common.NamedPipeStreamReaderWriterTests" runstate="Runnable" seed="1858955408" result="Passed" start-time="2019-11-11 20:29:21Z" end-time="2019-11-11 20:29:21Z" duration="0.001971" asserts="1">
              <properties />
            </test-case>
            <test-case id="1863" name="CanSendMultipleMessagesSequentially" fullname="GVFS.UnitTests.Common.NamedPipeStreamReaderWriterTests.CanSendMultipleMessagesSequentially" methodname="CanSendMultipleMessagesSequentially" classname="GVFS.UnitTests.Common.NamedPipeStreamReaderWriterTests" runstate="Runnable" seed="1737314219" result="Passed" start-time="2019-11-11 20:29:21Z" end-time="2019-11-11 20:29:21Z" duration="0.000738" asserts="3">
              <properties />
            </test-case>
            <test-case id="1860" name="CanWriteAndReadMessages" fullname="GVFS.UnitTests.Common.NamedPipeStreamReaderWriterTests.CanWriteAndReadMessages" methodname="CanWriteAndReadMessages" classname="GVFS.UnitTests.Common.NamedPipeStreamReaderWriterTests" runstate="Runnable" seed="1188191264" result="Passed" start-time="2019-11-11 20:29:21Z" end-time="2019-11-11 20:29:21Z" duration="0.000306" asserts="4">
              <properties />
            </test-case>
            <test-case id="1861" name="ReadingPartialMessgeThrows" fullname="GVFS.UnitTests.Common.NamedPipeStreamReaderWriterTests.ReadingPartialMessgeThrows" methodname="ReadingPartialMessgeThrows" classname="GVFS.UnitTests.Common.NamedPipeStreamReaderWriterTests" runstate="Runnable" seed="1930193730" result="Passed" start-time="2019-11-11 20:29:21Z" end-time="2019-11-11 20:29:21Z" duration="0.000678" asserts="1">
              <properties>
                <property name="Category" value="ExceptionExpected" />
              </properties>
            </test-case>
          </test-suite>
          <test-suite type="TestFixture" id="1864" name="NamedPipeTests" fullname="GVFS.UnitTests.Common.NamedPipeTests" classname="GVFS.UnitTests.Common.NamedPipeTests" runstate="Runnable" testcasecount="13" result="Passed" start-time="2019-11-11 20:29:21Z" end-time="2019-11-11 20:29:21Z" duration="0.006731" total="13" passed="13" failed="0" warnings="0" inconclusive="0" skipped="0" asserts="32">
            <properties />
            <test-suite type="ParameterizedMethod" id="1880" name="LockData_FromBody_Exception" fullname="GVFS.UnitTests.Common.NamedPipeTests.LockData_FromBody_Exception" classname="GVFS.UnitTests.Common.NamedPipeTests" runstate="Runnable" testcasecount="11" result="Passed" start-time="2019-11-11 20:29:21Z" end-time="2019-11-11 20:29:21Z" duration="0.005097" total="11" passed="11" failed="0" warnings="0" inconclusive="0" skipped="0" asserts="22">
              <properties>
                <property name="Category" value="ExceptionExpected" />
              </properties>
              <test-case id="1869" name="LockData_FromBody_Exception(&quot;1|true|true&quot;,&quot;Invalid lock message. Expected at least 7 parts, got: 3 from message: '1|true|true'&quot;)" fullname="GVFS.UnitTests.Common.NamedPipeTests.LockData_FromBody_Exception(&quot;1|true|true&quot;,&quot;Invalid lock message. Expected at least 7 parts, got: 3 from message: '1|true|true'&quot;)" methodname="LockData_FromBody_Exception" classname="GVFS.UnitTests.Common.NamedPipeTests" runstate="Runnable" seed="335913282" result="Passed" start-time="2019-11-11 20:29:21Z" end-time="2019-11-11 20:29:21Z" duration="0.003580" asserts="2">
                <properties />
              </test-case>
              <test-case id="1870" name="LockData_FromBody_Exception(&quot;123|true|true|10|git status&quot;,&quot;Invalid lock message. Expected at least 7 parts, got: 5 from message: '123|true|true|10|git status'&quot;)" fullname="GVFS.UnitTests.Common.NamedPipeTests.LockData_FromBody_Exception(&quot;123|true|true|10|git status&quot;,&quot;Invalid lock message. Expected at least 7 parts, got: 5 from message: '123|true|true|10|git status'&quot;)" methodname="LockData_FromBody_Exception" classname="GVFS.UnitTests.Common.NamedPipeTests" runstate="Runnable" seed="855469" result="Passed" start-time="2019-11-11 20:29:21Z" end-time="2019-11-11 20:29:21Z" duration="0.000132" asserts="2">
                <properties />
              </test-case>
              <test-case id="1871" name="LockData_FromBody_Exception(&quot;blah|true|true|10|git status|9|sessionId&quot;,&quot;Invalid lock message. Expected PID, got: blah from message: 'blah|true|true|10|git status|9|sessionId'&quot;)" fullname="GVFS.UnitTests.Common.NamedPipeTests.LockData_FromBody_Exception(&quot;blah|true|true|10|git status|9|sessionId&quot;,&quot;Invalid lock message. Expected PID, got: blah from message: 'blah|true|true|10|git status|9|sessionId'&quot;)" methodname="LockData_FromBody_Exception" classname="GVFS.UnitTests.Common.NamedPipeTests" runstate="Runnable" seed="1212114793" result="Passed" start-time="2019-11-11 20:29:21Z" end-time="2019-11-11 20:29:21Z" duration="0.000147" asserts="2">
                <properties />
              </test-case>
              <test-case id="1872" name="LockData_FromBody_Exception(&quot;1|true|1|10|git status|9|sessionId&quot;,&quot;Invalid lock message. Expected bool for checkAvailabilityOnly, got: 1 from message: '1|true|1|10|git status|9|sessionId'&quot;)" fullname="GVFS.UnitTests.Common.NamedPipeTests.LockData_FromBody_Exception(&quot;1|true|1|10|git status|9|sessionId&quot;,&quot;Invalid lock message. Expected bool for checkAvailabilityOnly, got: 1 from message: '1|true|1|10|git status|9|sessionId'&quot;)" methodname="LockData_FromBody_Exception" classname="GVFS.UnitTests.Common.NamedPipeTests" runstate="Runnable" seed="867317496" result="Passed" start-time="2019-11-11 20:29:21Z" end-time="2019-11-11 20:29:21Z" duration="0.000107" asserts="2">
                <properties />
              </test-case>
              <test-case id="1873" name="LockData_FromBody_Exception(&quot;1|1|true|10|git status|9|sessionId&quot;,&quot;Invalid lock message. Expected bool for isElevated, got: 1 from message: '1|1|true|10|git status|9|sessionId'&quot;)" fullname="GVFS.UnitTests.Common.NamedPipeTests.LockData_FromBody_Exception(&quot;1|1|true|10|git status|9|sessionId&quot;,&quot;Invalid lock message. Expected bool for isElevated, got: 1 from message: '1|1|true|10|git status|9|sessionId'&quot;)" methodname="LockData_FromBody_Exception" classname="GVFS.UnitTests.Common.NamedPipeTests" runstate="Runnable" seed="17082942" result="Passed" start-time="2019-11-11 20:29:21Z" end-time="2019-11-11 20:29:21Z" duration="0.000103" asserts="2">
                <properties />
              </test-case>
              <test-case id="1874" name="LockData_FromBody_Exception(&quot;1|true|true|true|git status|9|sessionId&quot;,&quot;Invalid lock message. Expected command length, got: true from message: '1|true|true|true|git status|9|sessionId'&quot;)" fullname="GVFS.UnitTests.Common.NamedPipeTests.LockData_FromBody_Exception(&quot;1|true|true|true|git status|9|sessionId&quot;,&quot;Invalid lock message. Expected command length, got: true from message: '1|true|true|true|git status|9|sessionId'&quot;)" methodname="LockData_FromBody_Exception" classname="GVFS.UnitTests.Common.NamedPipeTests" runstate="Runnable" seed="833484467" result="Passed" start-time="2019-11-11 20:29:21Z" end-time="2019-11-11 20:29:21Z" duration="0.000102" asserts="2">
                <properties />
              </test-case>
              <test-case id="1875" name="LockData_FromBody_Exception(&quot;1|true|true|5|git status|9|sessionId&quot;,&quot;Invalid lock message. Expected session id length, got: atus from message: '1|true|true|5|git status|9|sessionId'&quot;)" fullname="GVFS.UnitTests.Common.NamedPipeTests.LockData_FromBody_Exception(&quot;1|true|true|5|git status|9|sessionId&quot;,&quot;Invalid lock message. Expected session id length, got: atus from message: '1|true|true|5|git status|9|sessionId'&quot;)" methodname="LockData_FromBody_Exception" classname="GVFS.UnitTests.Common.NamedPipeTests" runstate="Runnable" seed="1732205396" result="Passed" start-time="2019-11-11 20:29:21Z" end-time="2019-11-11 20:29:21Z" duration="0.000226" asserts="2">
                <properties />
              </test-case>
              <test-case id="1876" name="LockData_FromBody_Exception(&quot;1|true|true|10|git status|bad|sessionId&quot;,&quot;Invalid lock message. Expected session id length, got: bad from message: '1|true|true|10|git status|bad|sessionId'&quot;)" fullname="GVFS.UnitTests.Common.NamedPipeTests.LockData_FromBody_Exception(&quot;1|true|true|10|git status|bad|sessionId&quot;,&quot;Invalid lock message. Expected session id length, got: bad from message: '1|true|true|10|git status|bad|sessionId'&quot;)" methodname="LockData_FromBody_Exception" classname="GVFS.UnitTests.Common.NamedPipeTests" runstate="Runnable" seed="885921492" result="Passed" start-time="2019-11-11 20:29:21Z" end-time="2019-11-11 20:29:21Z" duration="0.000120" asserts="2">
                <properties />
              </test-case>
              <test-case id="1877" name="LockData_FromBody_Exception(&quot;1|true|true|20|git status|9|sessionId&quot;,&quot;Invalid lock message. Expected session id length, got: d from message: '1|true|true|20|git status|9|sessionId'&quot;)" fullname="GVFS.UnitTests.Common.NamedPipeTests.LockData_FromBody_Exception(&quot;1|true|true|20|git status|9|sessionId&quot;,&quot;Invalid lock message. Expected session id length, got: d from message: '1|true|true|20|git status|9|sessionId'&quot;)" methodname="LockData_FromBody_Exception" classname="GVFS.UnitTests.Common.NamedPipeTests" runstate="Runnable" seed="141044697" result="Passed" start-time="2019-11-11 20:29:21Z" end-time="2019-11-11 20:29:21Z" duration="0.000217" asserts="2">
                <properties />
              </test-case>
              <test-case id="1878" name="LockData_FromBody_Exception(&quot;1|true|true|10|git status|5|sessionId&quot;,&quot;Invalid lock message. The sessionId is an unexpected length, got: 5 from message: '1|true|true|10|git status|5|sessionId'&quot;)" fullname="GVFS.UnitTests.Common.NamedPipeTests.LockData_FromBody_Exception(&quot;1|true|true|10|git status|5|sessionId&quot;,&quot;Invalid lock message. The sessionId is an unexpected length, got: 5 from message: '1|true|true|10|git status|5|sessionId'&quot;)" methodname="LockData_FromBody_Exception" classname="GVFS.UnitTests.Common.NamedPipeTests" runstate="Runnable" seed="621626669" result="Passed" start-time="2019-11-11 20:29:21Z" end-time="2019-11-11 20:29:21Z" duration="0.000105" asserts="2">
                <properties />
              </test-case>
              <test-case id="1879" name="LockData_FromBody_Exception(&quot;1|true|true|10|git status|20|sessionId&quot;,&quot;Invalid lock message. The sessionId is an unexpected length, got: 20 from message: '1|true|true|10|git status|20|sessionId'&quot;)" fullname="GVFS.UnitTests.Common.NamedPipeTests.LockData_FromBody_Exception(&quot;1|true|true|10|git status|20|sessionId&quot;,&quot;Invalid lock message. The sessionId is an unexpected length, got: 20 from message: '1|true|true|10|git status|20|sessionId'&quot;)" methodname="LockData_FromBody_Exception" classname="GVFS.UnitTests.Common.NamedPipeTests" runstate="Runnable" seed="1055647433" result="Passed" start-time="2019-11-11 20:29:21Z" end-time="2019-11-11 20:29:21Z" duration="0.000101" asserts="2">
                <properties />
              </test-case>
            </test-suite>
            <test-suite type="ParameterizedMethod" id="1866" name="LockData_FromBody_Simple" fullname="GVFS.UnitTests.Common.NamedPipeTests.LockData_FromBody_Simple" classname="GVFS.UnitTests.Common.NamedPipeTests" runstate="Runnable" testcasecount="1" result="Passed" start-time="2019-11-11 20:29:21Z" end-time="2019-11-11 20:29:21Z" duration="0.001117" total="1" passed="1" failed="0" warnings="0" inconclusive="0" skipped="0" asserts="5">
              <properties />
              <test-case id="1865" name="LockData_FromBody_Simple()" fullname="GVFS.UnitTests.Common.NamedPipeTests.LockData_FromBody_Simple()" methodname="LockData_FromBody_Simple" classname="GVFS.UnitTests.Common.NamedPipeTests" runstate="Runnable" seed="1828178544" result="Passed" start-time="2019-11-11 20:29:21Z" end-time="2019-11-11 20:29:21Z" duration="0.001089" asserts="5">
                <properties />
              </test-case>
            </test-suite>
            <test-suite type="ParameterizedMethod" id="1868" name="LockData_FromBody_WithDelimiters" fullname="GVFS.UnitTests.Common.NamedPipeTests.LockData_FromBody_WithDelimiters" classname="GVFS.UnitTests.Common.NamedPipeTests" runstate="Runnable" testcasecount="1" result="Passed" start-time="2019-11-11 20:29:21Z" end-time="2019-11-11 20:29:21Z" duration="0.000416" total="1" passed="1" failed="0" warnings="0" inconclusive="0" skipped="0" asserts="5">
              <properties />
              <test-case id="1867" name="LockData_FromBody_WithDelimiters()" fullname="GVFS.UnitTests.Common.NamedPipeTests.LockData_FromBody_WithDelimiters()" methodname="LockData_FromBody_WithDelimiters" classname="GVFS.UnitTests.Common.NamedPipeTests" runstate="Runnable" seed="1881353814" result="Passed" start-time="2019-11-11 20:29:21Z" end-time="2019-11-11 20:29:21Z" duration="0.000388" asserts="5">
                <properties />
              </test-case>
            </test-suite>
          </test-suite>
          <test-suite type="TestSuite" id="2195" name="NuGetUpgrade" fullname="GVFS.UnitTests.Common.NuGetUpgrade" runstate="Runnable" testcasecount="18" result="Passed" start-time="2019-11-11 20:29:15Z" end-time="2019-11-11 20:29:21Z" duration="6.273423" total="18" passed="18" failed="0" warnings="0" inconclusive="0" skipped="0" asserts="57">
            <properties />
            <test-suite type="TestFixture" id="2004" name="NuGetUpgraderTests" fullname="GVFS.UnitTests.Common.NuGetUpgrade.NuGetUpgraderTests" classname="GVFS.UnitTests.Common.NuGetUpgrade.NuGetUpgraderTests" runstate="Runnable" testcasecount="13" result="Passed" start-time="2019-11-11 20:29:21Z" end-time="2019-11-11 20:29:21Z" duration="0.198883" total="13" passed="13" failed="0" warnings="0" inconclusive="0" skipped="0" asserts="39">
              <properties />
              <test-suite type="ParameterizedMethod" id="2018" name="AttemptingToDownloadBeforeQueryingFails" fullname="GVFS.UnitTests.Common.NuGetUpgrade.NuGetUpgraderTests.AttemptingToDownloadBeforeQueryingFails" classname="GVFS.UnitTests.Common.NuGetUpgrade.NuGetUpgraderTests" runstate="Runnable" testcasecount="1" result="Passed" start-time="2019-11-11 20:29:21Z" end-time="2019-11-11 20:29:21Z" duration="0.092783" total="1" passed="1" failed="0" warnings="0" inconclusive="0" skipped="0" asserts="1">
                <properties />
                <test-case id="2017" name="AttemptingToDownloadBeforeQueryingFails()" fullname="GVFS.UnitTests.Common.NuGetUpgrade.NuGetUpgraderTests.AttemptingToDownloadBeforeQueryingFails()" methodname="AttemptingToDownloadBeforeQueryingFails" classname="GVFS.UnitTests.Common.NuGetUpgrade.NuGetUpgraderTests" runstate="Runnable" seed="481395287" result="Passed" start-time="2019-11-11 20:29:21Z" end-time="2019-11-11 20:29:21Z" duration="0.092727" asserts="1">
                  <properties />
                </test-case>
              </test-suite>
              <test-suite type="ParameterizedMethod" id="2014" name="CanDownloadNewestVersion" fullname="GVFS.UnitTests.Common.NuGetUpgrade.NuGetUpgraderTests.CanDownloadNewestVersion" classname="GVFS.UnitTests.Common.NuGetUpgrade.NuGetUpgraderTests" runstate="Runnable" testcasecount="1" result="Passed" start-time="2019-11-11 20:29:21Z" end-time="2019-11-11 20:29:21Z" duration="0.016129" total="1" passed="1" failed="0" warnings="0" inconclusive="0" skipped="0" asserts="4">
                <properties />
                <test-case id="2013" name="CanDownloadNewestVersion()" fullname="GVFS.UnitTests.Common.NuGetUpgrade.NuGetUpgraderTests.CanDownloadNewestVersion()" methodname="CanDownloadNewestVersion" classname="GVFS.UnitTests.Common.NuGetUpgrade.NuGetUpgraderTests" runstate="Runnable" seed="1743528632" result="Passed" start-time="2019-11-11 20:29:21Z" end-time="2019-11-11 20:29:21Z" duration="0.016050" asserts="4">
                  <properties />
                </test-case>
              </test-suite>
              <test-suite type="ParameterizedMethod" id="2029" name="DoNotVerifyNuGetPackageWhenNoVerifyIsSpecified" fullname="GVFS.UnitTests.Common.NuGetUpgrade.NuGetUpgraderTests.DoNotVerifyNuGetPackageWhenNoVerifyIsSpecified" classname="GVFS.UnitTests.Common.NuGetUpgrade.NuGetUpgraderTests" runstate="Runnable" testcasecount="1" result="Passed" start-time="2019-11-11 20:29:21Z" end-time="2019-11-11 20:29:21Z" duration="0.007308" total="1" passed="1" failed="0" warnings="0" inconclusive="0" skipped="0" asserts="3">
                <properties />
                <test-case id="2028" name="DoNotVerifyNuGetPackageWhenNoVerifyIsSpecified()" fullname="GVFS.UnitTests.Common.NuGetUpgrade.NuGetUpgraderTests.DoNotVerifyNuGetPackageWhenNoVerifyIsSpecified()" methodname="DoNotVerifyNuGetPackageWhenNoVerifyIsSpecified" classname="GVFS.UnitTests.Common.NuGetUpgrade.NuGetUpgraderTests" runstate="Runnable" seed="1230950611" result="Passed" start-time="2019-11-11 20:29:21Z" end-time="2019-11-11 20:29:21Z" duration="0.007277" asserts="3">
                  <properties />
                </test-case>
              </test-suite>
              <test-suite type="ParameterizedMethod" id="2027" name="DownloadFailsOnNuGetPackageVerificationFailure" fullname="GVFS.UnitTests.Common.NuGetUpgrade.NuGetUpgraderTests.DownloadFailsOnNuGetPackageVerificationFailure" classname="GVFS.UnitTests.Common.NuGetUpgrade.NuGetUpgraderTests" runstate="Runnable" testcasecount="1" result="Passed" start-time="2019-11-11 20:29:21Z" end-time="2019-11-11 20:29:21Z" duration="0.010746" total="1" passed="1" failed="0" warnings="0" inconclusive="0" skipped="0" asserts="5">
                <properties />
                <test-case id="2026" name="DownloadFailsOnNuGetPackageVerificationFailure()" fullname="GVFS.UnitTests.Common.NuGetUpgrade.NuGetUpgraderTests.DownloadFailsOnNuGetPackageVerificationFailure()" methodname="DownloadFailsOnNuGetPackageVerificationFailure" classname="GVFS.UnitTests.Common.NuGetUpgrade.NuGetUpgraderTests" runstate="Runnable" seed="170067789" result="Passed" start-time="2019-11-11 20:29:21Z" end-time="2019-11-11 20:29:21Z" duration="0.010715" asserts="5">
                  <properties />
                </test-case>
              </test-suite>
              <test-suite type="ParameterizedMethod" id="2016" name="DownloadNewestVersion_HandleException" fullname="GVFS.UnitTests.Common.NuGetUpgrade.NuGetUpgraderTests.DownloadNewestVersion_HandleException" classname="GVFS.UnitTests.Common.NuGetUpgrade.NuGetUpgraderTests" runstate="Runnable" testcasecount="1" result="Passed" start-time="2019-11-11 20:29:21Z" end-time="2019-11-11 20:29:21Z" duration="0.004863" total="1" passed="1" failed="0" warnings="0" inconclusive="0" skipped="0" asserts="3">
                <properties>
                  <property name="Category" value="ExceptionExpected" />
                </properties>
                <test-case id="2015" name="DownloadNewestVersion_HandleException()" fullname="GVFS.UnitTests.Common.NuGetUpgrade.NuGetUpgraderTests.DownloadNewestVersion_HandleException()" methodname="DownloadNewestVersion_HandleException" classname="GVFS.UnitTests.Common.NuGetUpgrade.NuGetUpgraderTests" runstate="Runnable" seed="1498672019" result="Passed" start-time="2019-11-11 20:29:21Z" end-time="2019-11-11 20:29:21Z" duration="0.004831" asserts="3">
                  <properties />
                </test-case>
              </test-suite>
              <test-suite type="ParameterizedMethod" id="2023" name="QueryNewestVersionReacquiresCredentialsOnAuthFailure" fullname="GVFS.UnitTests.Common.NuGetUpgrade.NuGetUpgraderTests.QueryNewestVersionReacquiresCredentialsOnAuthFailure" classname="GVFS.UnitTests.Common.NuGetUpgrade.NuGetUpgraderTests" runstate="Runnable" testcasecount="2" result="Passed" start-time="2019-11-11 20:29:21Z" end-time="2019-11-11 20:29:21Z" duration="0.017620" total="2" passed="2" failed="0" warnings="0" inconclusive="0" skipped="0" asserts="4">
                <properties />
                <test-case id="2021" name="QueryNewestVersionReacquiresCredentialsOnAuthFailure(System.Net.Http.HttpRequestException: Response status code does not indicate success: 401 (Unauthorized).)" fullname="GVFS.UnitTests.Common.NuGetUpgrade.NuGetUpgraderTests.QueryNewestVersionReacquiresCredentialsOnAuthFailure(System.Net.Http.HttpRequestException: Response status code does not indicate success: 401 (Unauthorized).)" methodname="QueryNewestVersionReacquiresCredentialsOnAuthFailure" classname="GVFS.UnitTests.Common.NuGetUpgrade.NuGetUpgraderTests" runstate="Runnable" seed="1093700804" result="Passed" start-time="2019-11-11 20:29:21Z" end-time="2019-11-11 20:29:21Z" duration="0.014474" asserts="2">
                  <properties />
                </test-case>
                <test-case id="2022" name="QueryNewestVersionReacquiresCredentialsOnAuthFailure(NuGet.Protocol.Core.Types.FatalProtocolException: Unable to load the service index for source. ---&gt; System.Net.Http.HttpRequestException: Response status code does not indicate success: 401 (Unauthorized).&#xD;&#xA;   --- End of inner exception stack trace ---)" fullname="GVFS.UnitTests.Common.NuGetUpgrade.NuGetUpgraderTests.QueryNewestVersionReacquiresCredentialsOnAuthFailure(NuGet.Protocol.Core.Types.FatalProtocolException: Unable to load the service index for source. ---&gt; System.Net.Http.HttpRequestException: Response status code does not indicate success: 401 (Unauthorized).&#xD;&#xA;   --- End of inner exception stack trace ---)" methodname="QueryNewestVersionReacquiresCredentialsOnAuthFailure" classname="GVFS.UnitTests.Common.NuGetUpgrade.NuGetUpgraderTests" runstate="Runnable" seed="399218614" result="Passed" start-time="2019-11-11 20:29:21Z" end-time="2019-11-11 20:29:21Z" duration="0.003087" asserts="2">
                  <properties />
                </test-case>
              </test-suite>
              <test-suite type="ParameterizedMethod" id="2020" name="TestUpgradeAllowed" fullname="GVFS.UnitTests.Common.NuGetUpgrade.NuGetUpgraderTests.TestUpgradeAllowed" classname="GVFS.UnitTests.Common.NuGetUpgrade.NuGetUpgraderTests" runstate="Runnable" testcasecount="1" result="Passed" start-time="2019-11-11 20:29:21Z" end-time="2019-11-11 20:29:21Z" duration="0.002526" total="1" passed="1" failed="0" warnings="0" inconclusive="0" skipped="0" asserts="3">
                <properties />
                <test-case id="2019" name="TestUpgradeAllowed()" fullname="GVFS.UnitTests.Common.NuGetUpgrade.NuGetUpgraderTests.TestUpgradeAllowed()" methodname="TestUpgradeAllowed" classname="GVFS.UnitTests.Common.NuGetUpgrade.NuGetUpgraderTests" runstate="Runnable" seed="663278117" result="Passed" start-time="2019-11-11 20:29:21Z" end-time="2019-11-11 20:29:21Z" duration="0.002498" asserts="3">
                  <properties />
                </test-case>
              </test-suite>
              <test-suite type="ParameterizedMethod" id="2012" name="TryQueryNewestVersion_Exception" fullname="GVFS.UnitTests.Common.NuGetUpgrade.NuGetUpgraderTests.TryQueryNewestVersion_Exception" classname="GVFS.UnitTests.Common.NuGetUpgrade.NuGetUpgraderTests" runstate="Runnable" testcasecount="1" result="Passed" start-time="2019-11-11 20:29:21Z" end-time="2019-11-11 20:29:21Z" duration="0.003902" total="1" passed="1" failed="0" warnings="0" inconclusive="0" skipped="0" asserts="4">
                <properties>
                  <property name="Category" value="ExceptionExpected" />
                </properties>
                <test-case id="2011" name="TryQueryNewestVersion_Exception()" fullname="GVFS.UnitTests.Common.NuGetUpgrade.NuGetUpgraderTests.TryQueryNewestVersion_Exception()" methodname="TryQueryNewestVersion_Exception" classname="GVFS.UnitTests.Common.NuGetUpgrade.NuGetUpgraderTests" runstate="Runnable" seed="1336916879" result="Passed" start-time="2019-11-11 20:29:21Z" end-time="2019-11-11 20:29:21Z" duration="0.003869" asserts="4">
                  <properties />
                </test-case>
              </test-suite>
              <test-suite type="ParameterizedMethod" id="2008" name="TryQueryNewestVersion_MultipleNewVersionsAvailable" fullname="GVFS.UnitTests.Common.NuGetUpgrade.NuGetUpgraderTests.TryQueryNewestVersion_MultipleNewVersionsAvailable" classname="GVFS.UnitTests.Common.NuGetUpgrade.NuGetUpgraderTests" runstate="Runnable" testcasecount="1" result="Passed" start-time="2019-11-11 20:29:21Z" end-time="2019-11-11 20:29:21Z" duration="0.003079" total="1" passed="1" failed="0" warnings="0" inconclusive="0" skipped="0" asserts="4">
                <properties />
                <test-case id="2007" name="TryQueryNewestVersion_MultipleNewVersionsAvailable()" fullname="GVFS.UnitTests.Common.NuGetUpgrade.NuGetUpgraderTests.TryQueryNewestVersion_MultipleNewVersionsAvailable()" methodname="TryQueryNewestVersion_MultipleNewVersionsAvailable" classname="GVFS.UnitTests.Common.NuGetUpgrade.NuGetUpgraderTests" runstate="Runnable" seed="954817242" result="Passed" start-time="2019-11-11 20:29:21Z" end-time="2019-11-11 20:29:21Z" duration="0.003049" asserts="4">
                  <properties />
                </test-case>
              </test-suite>
              <test-suite type="ParameterizedMethod" id="2006" name="TryQueryNewestVersion_NewVersionAvailable" fullname="GVFS.UnitTests.Common.NuGetUpgrade.NuGetUpgraderTests.TryQueryNewestVersion_NewVersionAvailable" classname="GVFS.UnitTests.Common.NuGetUpgrade.NuGetUpgraderTests" runstate="Runnable" testcasecount="1" result="Passed" start-time="2019-11-11 20:29:21Z" end-time="2019-11-11 20:29:21Z" duration="0.026144" total="1" passed="1" failed="0" warnings="0" inconclusive="0" skipped="0" asserts="4">
                <properties />
                <test-case id="2005" name="TryQueryNewestVersion_NewVersionAvailable()" fullname="GVFS.UnitTests.Common.NuGetUpgrade.NuGetUpgraderTests.TryQueryNewestVersion_NewVersionAvailable()" methodname="TryQueryNewestVersion_NewVersionAvailable" classname="GVFS.UnitTests.Common.NuGetUpgrade.NuGetUpgraderTests" runstate="Runnable" seed="290595823" result="Passed" start-time="2019-11-11 20:29:21Z" end-time="2019-11-11 20:29:21Z" duration="0.026096" asserts="4">
                  <properties />
                </test-case>
              </test-suite>
              <test-suite type="ParameterizedMethod" id="2010" name="TryQueryNewestVersion_NoNewerVersionsAvailable" fullname="GVFS.UnitTests.Common.NuGetUpgrade.NuGetUpgraderTests.TryQueryNewestVersion_NoNewerVersionsAvailable" classname="GVFS.UnitTests.Common.NuGetUpgrade.NuGetUpgraderTests" runstate="Runnable" testcasecount="1" result="Passed" start-time="2019-11-11 20:29:21Z" end-time="2019-11-11 20:29:21Z" duration="0.011464" total="1" passed="1" failed="0" warnings="0" inconclusive="0" skipped="0" asserts="2">
                <properties />
                <test-case id="2009" name="TryQueryNewestVersion_NoNewerVersionsAvailable()" fullname="GVFS.UnitTests.Common.NuGetUpgrade.NuGetUpgraderTests.TryQueryNewestVersion_NoNewerVersionsAvailable()" methodname="TryQueryNewestVersion_NoNewerVersionsAvailable" classname="GVFS.UnitTests.Common.NuGetUpgrade.NuGetUpgraderTests" runstate="Runnable" seed="2141872717" result="Passed" start-time="2019-11-11 20:29:21Z" end-time="2019-11-11 20:29:21Z" duration="0.011421" asserts="2">
                  <properties />
                </test-case>
              </test-suite>
              <test-suite type="ParameterizedMethod" id="2025" name="WellKnownArgumentTokensReplaced" fullname="GVFS.UnitTests.Common.NuGetUpgrade.NuGetUpgraderTests.WellKnownArgumentTokensReplaced" classname="GVFS.UnitTests.Common.NuGetUpgrade.NuGetUpgraderTests" runstate="Runnable" testcasecount="1" result="Passed" start-time="2019-11-11 20:29:21Z" end-time="2019-11-11 20:29:21Z" duration="0.001884" total="1" passed="1" failed="0" warnings="0" inconclusive="0" skipped="0" asserts="2">
                <properties />
                <test-case id="2024" name="WellKnownArgumentTokensReplaced()" fullname="GVFS.UnitTests.Common.NuGetUpgrade.NuGetUpgraderTests.WellKnownArgumentTokensReplaced()" methodname="WellKnownArgumentTokensReplaced" classname="GVFS.UnitTests.Common.NuGetUpgrade.NuGetUpgraderTests" runstate="Runnable" seed="1843387369" result="Passed" start-time="2019-11-11 20:29:21Z" end-time="2019-11-11 20:29:21Z" duration="0.001857" asserts="2">
                  <properties />
                </test-case>
              </test-suite>
            </test-suite>
            <test-suite type="TestFixture" id="2030" name="OrgNuGetUpgraderTests" fullname="GVFS.UnitTests.Common.NuGetUpgrade.OrgNuGetUpgraderTests" classname="GVFS.UnitTests.Common.NuGetUpgrade.OrgNuGetUpgraderTests" runstate="Runnable" testcasecount="5" result="Passed" start-time="2019-11-11 20:29:21Z" end-time="2019-11-11 20:29:21Z" duration="0.212913" total="5" passed="5" failed="0" warnings="0" inconclusive="0" skipped="0" asserts="18">
              <properties />
              <test-suite type="ParameterizedMethod" id="2039" name="HandlesEmptyVersion" fullname="GVFS.UnitTests.Common.NuGetUpgrade.OrgNuGetUpgraderTests.HandlesEmptyVersion" classname="GVFS.UnitTests.Common.NuGetUpgrade.OrgNuGetUpgraderTests" runstate="Runnable" testcasecount="1" result="Passed" start-time="2019-11-11 20:29:21Z" end-time="2019-11-11 20:29:21Z" duration="0.113510" total="1" passed="1" failed="0" warnings="0" inconclusive="0" skipped="0" asserts="4">
                <properties />
                <test-case id="2038" name="HandlesEmptyVersion()" fullname="GVFS.UnitTests.Common.NuGetUpgrade.OrgNuGetUpgraderTests.HandlesEmptyVersion()" methodname="HandlesEmptyVersion" classname="GVFS.UnitTests.Common.NuGetUpgrade.OrgNuGetUpgraderTests" runstate="Runnable" seed="781254910" result="Passed" start-time="2019-11-11 20:29:21Z" end-time="2019-11-11 20:29:21Z" duration="0.113439" asserts="4">
                  <properties />
                </test-case>
              </test-suite>
              <test-suite type="ParameterizedMethod" id="2037" name="HandlesNetworkErrors" fullname="GVFS.UnitTests.Common.NuGetUpgrade.OrgNuGetUpgraderTests.HandlesNetworkErrors" classname="GVFS.UnitTests.Common.NuGetUpgrade.OrgNuGetUpgraderTests" runstate="Runnable" testcasecount="2" result="Passed" start-time="2019-11-11 20:29:21Z" end-time="2019-11-11 20:29:21Z" duration="0.095664" total="2" passed="2" failed="0" warnings="0" inconclusive="0" skipped="0" asserts="8">
                <properties />
                <test-case id="2035" name="HandlesNetworkErrors(System.Net.Http.HttpRequestException: Response status code does not indicate success: 401: (Unauthorized))" fullname="GVFS.UnitTests.Common.NuGetUpgrade.OrgNuGetUpgraderTests.HandlesNetworkErrors(System.Net.Http.HttpRequestException: Response status code does not indicate success: 401: (Unauthorized))" methodname="HandlesNetworkErrors" classname="GVFS.UnitTests.Common.NuGetUpgrade.OrgNuGetUpgraderTests" runstate="Runnable" seed="725509003" result="Passed" start-time="2019-11-11 20:29:21Z" end-time="2019-11-11 20:29:21Z" duration="0.081076" asserts="4">
                  <properties />
                </test-case>
                <test-case id="2036" name="HandlesNetworkErrors(System.Threading.Tasks.TaskCanceledException: Task canceled)" fullname="GVFS.UnitTests.Common.NuGetUpgrade.OrgNuGetUpgraderTests.HandlesNetworkErrors(System.Threading.Tasks.TaskCanceledException: Task canceled)" methodname="HandlesNetworkErrors" classname="GVFS.UnitTests.Common.NuGetUpgrade.OrgNuGetUpgraderTests" runstate="Runnable" seed="1075273300" result="Passed" start-time="2019-11-11 20:29:21Z" end-time="2019-11-11 20:29:21Z" duration="0.014537" asserts="4">
                  <properties />
                </test-case>
              </test-suite>
              <test-suite type="ParameterizedMethod" id="2032" name="SupportsAnonymousQuery" fullname="GVFS.UnitTests.Common.NuGetUpgrade.OrgNuGetUpgraderTests.SupportsAnonymousQuery" classname="GVFS.UnitTests.Common.NuGetUpgrade.OrgNuGetUpgraderTests" runstate="Runnable" testcasecount="1" result="Passed" start-time="2019-11-11 20:29:21Z" end-time="2019-11-11 20:29:21Z" duration="0.001450" total="1" passed="1" failed="0" warnings="0" inconclusive="0" skipped="0" asserts="1">
                <properties />
                <test-case id="2031" name="SupportsAnonymousQuery()" fullname="GVFS.UnitTests.Common.NuGetUpgrade.OrgNuGetUpgraderTests.SupportsAnonymousQuery()" methodname="SupportsAnonymousQuery" classname="GVFS.UnitTests.Common.NuGetUpgrade.OrgNuGetUpgraderTests" runstate="Runnable" seed="102035598" result="Passed" start-time="2019-11-11 20:29:21Z" end-time="2019-11-11 20:29:21Z" duration="0.001404" asserts="1">
                  <properties />
                </test-case>
              </test-suite>
              <test-suite type="ParameterizedMethod" id="2034" name="TryQueryNewestVersion" fullname="GVFS.UnitTests.Common.NuGetUpgrade.OrgNuGetUpgraderTests.TryQueryNewestVersion" classname="GVFS.UnitTests.Common.NuGetUpgrade.OrgNuGetUpgraderTests" runstate="Runnable" testcasecount="1" result="Passed" start-time="2019-11-11 20:29:21Z" end-time="2019-11-11 20:29:21Z" duration="0.001691" total="1" passed="1" failed="0" warnings="0" inconclusive="0" skipped="0" asserts="5">
                <properties />
                <test-case id="2033" name="TryQueryNewestVersion()" fullname="GVFS.UnitTests.Common.NuGetUpgrade.OrgNuGetUpgraderTests.TryQueryNewestVersion()" methodname="TryQueryNewestVersion" classname="GVFS.UnitTests.Common.NuGetUpgrade.OrgNuGetUpgraderTests" runstate="Runnable" seed="1921154541" result="Passed" start-time="2019-11-11 20:29:21Z" end-time="2019-11-11 20:29:21Z" duration="0.001662" asserts="5">
                  <properties />
                </test-case>
              </test-suite>
            </test-suite>
          </test-suite>
          <test-suite type="TestFixture" id="1562" name="NuGetUpgraderTests" fullname="GVFS.UnitTests.Common.NuGetUpgraderTests" classname="GVFS.UnitTests.Common.NuGetUpgraderTests" runstate="Runnable" testcasecount="4" result="Passed" start-time="2019-11-11 20:29:21Z" end-time="2019-11-11 20:29:21Z" duration="0.000826" total="4" passed="4" failed="0" warnings="0" inconclusive="0" skipped="0" asserts="12">
            <properties />
            <test-suite type="ParameterizedMethod" id="1567" name="CanConstructAzureDevOpsUrlFromPackageFeedUrl" fullname="GVFS.UnitTests.Common.NuGetUpgraderTests.CanConstructAzureDevOpsUrlFromPackageFeedUrl" classname="GVFS.UnitTests.Common.NuGetUpgraderTests" runstate="Runnable" testcasecount="4" result="Passed" start-time="2019-11-11 20:29:21Z" end-time="2019-11-11 20:29:21Z" duration="0.000744" total="4" passed="4" failed="0" warnings="0" inconclusive="0" skipped="0" asserts="12">
              <properties />
              <test-case id="1563" name="CanConstructAzureDevOpsUrlFromPackageFeedUrl(&quot;https://pkgs.dev.azure.com/test-pat/_packaging/Test-GVFS-Installers-Custom/nuget/v3/index.json&quot;,&quot;https://test-pat.visualstudio.com&quot;)" fullname="GVFS.UnitTests.Common.NuGetUpgraderTests.CanConstructAzureDevOpsUrlFromPackageFeedUrl(&quot;https://pkgs.dev.azure.com/test-pat/_packaging/Test-GVFS-Installers-Custom/nuget/v3/index.json&quot;,&quot;https://test-pat.visualstudio.com&quot;)" methodname="CanConstructAzureDevOpsUrlFromPackageFeedUrl" classname="GVFS.UnitTests.Common.NuGetUpgraderTests" runstate="Runnable" seed="1939028423" result="Passed" start-time="2019-11-11 20:29:21Z" end-time="2019-11-11 20:29:21Z" duration="0.000378" asserts="3">
                <properties />
              </test-case>
              <test-case id="1564" name="CanConstructAzureDevOpsUrlFromPackageFeedUrl(&quot;https://PKGS.DEV.azure.com/test-pat/_packaging/Test-GVFS-Installers-Custom/nuget/v3/index.json&quot;,&quot;https://test-pat.visualstudio.com&quot;)" fullname="GVFS.UnitTests.Common.NuGetUpgraderTests.CanConstructAzureDevOpsUrlFromPackageFeedUrl(&quot;https://PKGS.DEV.azure.com/test-pat/_packaging/Test-GVFS-Installers-Custom/nuget/v3/index.json&quot;,&quot;https://test-pat.visualstudio.com&quot;)" methodname="CanConstructAzureDevOpsUrlFromPackageFeedUrl" classname="GVFS.UnitTests.Common.NuGetUpgraderTests" runstate="Runnable" seed="2146364" result="Passed" start-time="2019-11-11 20:29:21Z" end-time="2019-11-11 20:29:21Z" duration="0.000085" asserts="3">
                <properties />
              </test-case>
              <test-case id="1565" name="CanConstructAzureDevOpsUrlFromPackageFeedUrl(&quot;https://dev.azure.com/test-pat/_packaging/Test-GVFS-Installers-Custom/nuget/v3/index.json&quot;,null)" fullname="GVFS.UnitTests.Common.NuGetUpgraderTests.CanConstructAzureDevOpsUrlFromPackageFeedUrl(&quot;https://dev.azure.com/test-pat/_packaging/Test-GVFS-Installers-Custom/nuget/v3/index.json&quot;,null)" methodname="CanConstructAzureDevOpsUrlFromPackageFeedUrl" classname="GVFS.UnitTests.Common.NuGetUpgraderTests" runstate="Runnable" seed="730469261" result="Passed" start-time="2019-11-11 20:29:21Z" end-time="2019-11-11 20:29:21Z" duration="0.000139" asserts="3">
                <properties />
              </test-case>
              <test-case id="1566" name="CanConstructAzureDevOpsUrlFromPackageFeedUrl(&quot;http://pkgs.dev.azure.com/test-pat/_packaging/Test-GVFS-Installers-Custom/nuget/v3/index.json&quot;,null)" fullname="GVFS.UnitTests.Common.NuGetUpgraderTests.CanConstructAzureDevOpsUrlFromPackageFeedUrl(&quot;http://pkgs.dev.azure.com/test-pat/_packaging/Test-GVFS-Installers-Custom/nuget/v3/index.json&quot;,null)" methodname="CanConstructAzureDevOpsUrlFromPackageFeedUrl" classname="GVFS.UnitTests.Common.NuGetUpgraderTests" runstate="Runnable" seed="552551195" result="Passed" start-time="2019-11-11 20:29:21Z" end-time="2019-11-11 20:29:21Z" duration="0.000072" asserts="3">
                <properties />
              </test-case>
            </test-suite>
          </test-suite>
          <test-suite type="TestFixture" id="1881" name="OrgInfoServerTests" fullname="GVFS.UnitTests.Common.OrgInfoServerTests" classname="GVFS.UnitTests.Common.OrgInfoServerTests" runstate="Runnable" testcasecount="8" result="Passed" start-time="2019-11-11 20:29:21Z" end-time="2019-11-11 20:29:21Z" duration="0.036043" total="8" passed="8" failed="0" warnings="0" inconclusive="0" skipped="0" asserts="8">
            <properties />
            <test-suite type="ParameterizedMethod" id="1890" name="QueryNewestVersionWithParams" fullname="GVFS.UnitTests.Common.OrgInfoServerTests.QueryNewestVersionWithParams" classname="GVFS.UnitTests.Common.OrgInfoServerTests" runstate="Runnable" testcasecount="8" result="Passed" start-time="2019-11-11 20:29:21Z" end-time="2019-11-11 20:29:21Z" duration="0.035901" total="8" passed="8" failed="0" warnings="0" inconclusive="0" skipped="0" asserts="8">
              <properties />
              <test-case id="1882" name="QueryNewestVersionWithParams(GVFS.UnitTests.Common.OrgInfoServerTests+OrgInfo)" fullname="GVFS.UnitTests.Common.OrgInfoServerTests.QueryNewestVersionWithParams(GVFS.UnitTests.Common.OrgInfoServerTests+OrgInfo)" methodname="QueryNewestVersionWithParams" classname="GVFS.UnitTests.Common.OrgInfoServerTests" runstate="Runnable" seed="285129076" result="Passed" start-time="2019-11-11 20:29:21Z" end-time="2019-11-11 20:29:21Z" duration="0.010561" asserts="1">
                <properties />
              </test-case>
              <test-case id="1883" name="QueryNewestVersionWithParams(GVFS.UnitTests.Common.OrgInfoServerTests+OrgInfo)" fullname="GVFS.UnitTests.Common.OrgInfoServerTests.QueryNewestVersionWithParams(GVFS.UnitTests.Common.OrgInfoServerTests+OrgInfo)" methodname="QueryNewestVersionWithParams" classname="GVFS.UnitTests.Common.OrgInfoServerTests" runstate="Runnable" seed="254677600" result="Passed" start-time="2019-11-11 20:29:21Z" end-time="2019-11-11 20:29:21Z" duration="0.003569" asserts="1">
                <properties />
              </test-case>
              <test-case id="1884" name="QueryNewestVersionWithParams(GVFS.UnitTests.Common.OrgInfoServerTests+OrgInfo)" fullname="GVFS.UnitTests.Common.OrgInfoServerTests.QueryNewestVersionWithParams(GVFS.UnitTests.Common.OrgInfoServerTests+OrgInfo)" methodname="QueryNewestVersionWithParams" classname="GVFS.UnitTests.Common.OrgInfoServerTests" runstate="Runnable" seed="815185922" result="Passed" start-time="2019-11-11 20:29:21Z" end-time="2019-11-11 20:29:21Z" duration="0.003778" asserts="1">
                <properties />
              </test-case>
              <test-case id="1885" name="QueryNewestVersionWithParams(GVFS.UnitTests.Common.OrgInfoServerTests+OrgInfo)" fullname="GVFS.UnitTests.Common.OrgInfoServerTests.QueryNewestVersionWithParams(GVFS.UnitTests.Common.OrgInfoServerTests+OrgInfo)" methodname="QueryNewestVersionWithParams" classname="GVFS.UnitTests.Common.OrgInfoServerTests" runstate="Runnable" seed="1798795148" result="Passed" start-time="2019-11-11 20:29:21Z" end-time="2019-11-11 20:29:21Z" duration="0.003491" asserts="1">
                <properties />
              </test-case>
              <test-case id="1886" name="QueryNewestVersionWithParams(GVFS.UnitTests.Common.OrgInfoServerTests+OrgInfo)" fullname="GVFS.UnitTests.Common.OrgInfoServerTests.QueryNewestVersionWithParams(GVFS.UnitTests.Common.OrgInfoServerTests+OrgInfo)" methodname="QueryNewestVersionWithParams" classname="GVFS.UnitTests.Common.OrgInfoServerTests" runstate="Runnable" seed="342149596" result="Passed" start-time="2019-11-11 20:29:21Z" end-time="2019-11-11 20:29:21Z" duration="0.003707" asserts="1">
                <properties />
              </test-case>
              <test-case id="1887" name="QueryNewestVersionWithParams(GVFS.UnitTests.Common.OrgInfoServerTests+OrgInfo)" fullname="GVFS.UnitTests.Common.OrgInfoServerTests.QueryNewestVersionWithParams(GVFS.UnitTests.Common.OrgInfoServerTests+OrgInfo)" methodname="QueryNewestVersionWithParams" classname="GVFS.UnitTests.Common.OrgInfoServerTests" runstate="Runnable" seed="1880497381" result="Passed" start-time="2019-11-11 20:29:21Z" end-time="2019-11-11 20:29:21Z" duration="0.003597" asserts="1">
                <properties />
              </test-case>
              <test-case id="1888" name="QueryNewestVersionWithParams(GVFS.UnitTests.Common.OrgInfoServerTests+OrgInfo)" fullname="GVFS.UnitTests.Common.OrgInfoServerTests.QueryNewestVersionWithParams(GVFS.UnitTests.Common.OrgInfoServerTests+OrgInfo)" methodname="QueryNewestVersionWithParams" classname="GVFS.UnitTests.Common.OrgInfoServerTests" runstate="Runnable" seed="786747400" result="Passed" start-time="2019-11-11 20:29:21Z" end-time="2019-11-11 20:29:21Z" duration="0.003348" asserts="1">
                <properties />
              </test-case>
              <test-case id="1889" name="QueryNewestVersionWithParams(GVFS.UnitTests.Common.OrgInfoServerTests+OrgInfo)" fullname="GVFS.UnitTests.Common.OrgInfoServerTests.QueryNewestVersionWithParams(GVFS.UnitTests.Common.OrgInfoServerTests+OrgInfo)" methodname="QueryNewestVersionWithParams" classname="GVFS.UnitTests.Common.OrgInfoServerTests" runstate="Runnable" seed="43670698" result="Passed" start-time="2019-11-11 20:29:21Z" end-time="2019-11-11 20:29:21Z" duration="0.003701" asserts="1">
                <properties />
              </test-case>
            </test-suite>
          </test-suite>
          <test-suite type="TestFixture" id="1891" name="PathsTests" fullname="GVFS.UnitTests.Common.PathsTests" classname="GVFS.UnitTests.Common.PathsTests" runstate="Runnable" testcasecount="1" result="Passed" start-time="2019-11-11 20:29:21Z" end-time="2019-11-11 20:29:21Z" duration="0.000544" total="1" passed="1" failed="0" warnings="0" inconclusive="0" skipped="0" asserts="2">
            <properties />
            <test-suite type="ParameterizedMethod" id="1893" name="CanConvertOSPathToGitFormat" fullname="GVFS.UnitTests.Common.PathsTests.CanConvertOSPathToGitFormat" classname="GVFS.UnitTests.Common.PathsTests" runstate="Runnable" testcasecount="1" result="Passed" start-time="2019-11-11 20:29:21Z" end-time="2019-11-11 20:29:21Z" duration="0.000434" total="1" passed="1" failed="0" warnings="0" inconclusive="0" skipped="0" asserts="2">
              <properties />
              <test-case id="1892" name="CanConvertOSPathToGitFormat()" fullname="GVFS.UnitTests.Common.PathsTests.CanConvertOSPathToGitFormat()" methodname="CanConvertOSPathToGitFormat" classname="GVFS.UnitTests.Common.PathsTests" runstate="Runnable" seed="2040293239" result="Passed" start-time="2019-11-11 20:29:21Z" end-time="2019-11-11 20:29:21Z" duration="0.000408" asserts="2">
                <properties />
              </test-case>
            </test-suite>
          </test-suite>
          <test-suite type="TestFixture" id="1894" name="PhysicalFileSystemDeleteTests" fullname="GVFS.UnitTests.Common.PhysicalFileSystemDeleteTests" classname="GVFS.UnitTests.Common.PhysicalFileSystemDeleteTests" runstate="Runnable" testcasecount="11" result="Passed" start-time="2019-11-11 20:29:21Z" end-time="2019-11-11 20:29:21Z" duration="0.162569" total="11" passed="11" failed="0" warnings="0" inconclusive="0" skipped="0" asserts="55">
            <properties />
            <test-suite type="ParameterizedMethod" id="1896" name="TryDeleteFileDeletesFile" fullname="GVFS.UnitTests.Common.PhysicalFileSystemDeleteTests.TryDeleteFileDeletesFile" classname="GVFS.UnitTests.Common.PhysicalFileSystemDeleteTests" runstate="Runnable" testcasecount="1" result="Passed" start-time="2019-11-11 20:29:21Z" end-time="2019-11-11 20:29:21Z" duration="0.008705" total="1" passed="1" failed="0" warnings="0" inconclusive="0" skipped="0" asserts="1">
              <properties />
              <test-case id="1895" name="TryDeleteFileDeletesFile()" fullname="GVFS.UnitTests.Common.PhysicalFileSystemDeleteTests.TryDeleteFileDeletesFile()" methodname="TryDeleteFileDeletesFile" classname="GVFS.UnitTests.Common.PhysicalFileSystemDeleteTests" runstate="Runnable" seed="99779100" result="Passed" start-time="2019-11-11 20:29:21Z" end-time="2019-11-11 20:29:21Z" duration="0.008658" asserts="1">
                <properties />
              </test-case>
            </test-suite>
            <test-suite type="ParameterizedMethod" id="1906" name="TryDeleteFileDoesNotUpdateMetadataOnSuccess" fullname="GVFS.UnitTests.Common.PhysicalFileSystemDeleteTests.TryDeleteFileDoesNotUpdateMetadataOnSuccess" classname="GVFS.UnitTests.Common.PhysicalFileSystemDeleteTests" runstate="Runnable" testcasecount="1" result="Passed" start-time="2019-11-11 20:29:21Z" end-time="2019-11-11 20:29:21Z" duration="0.000878" total="1" passed="1" failed="0" warnings="0" inconclusive="0" skipped="0" asserts="2">
              <properties />
              <test-case id="1905" name="TryDeleteFileDoesNotUpdateMetadataOnSuccess()" fullname="GVFS.UnitTests.Common.PhysicalFileSystemDeleteTests.TryDeleteFileDoesNotUpdateMetadataOnSuccess()" methodname="TryDeleteFileDoesNotUpdateMetadataOnSuccess" classname="GVFS.UnitTests.Common.PhysicalFileSystemDeleteTests" runstate="Runnable" seed="1157243217" result="Passed" start-time="2019-11-11 20:29:21Z" end-time="2019-11-11 20:29:21Z" duration="0.000846" asserts="2">
                <properties />
              </test-case>
            </test-suite>
            <test-suite type="ParameterizedMethod" id="1902" name="TryDeleteFileReturnsNullExceptionOnSuccess" fullname="GVFS.UnitTests.Common.PhysicalFileSystemDeleteTests.TryDeleteFileReturnsNullExceptionOnSuccess" classname="GVFS.UnitTests.Common.PhysicalFileSystemDeleteTests" runstate="Runnable" testcasecount="1" result="Passed" start-time="2019-11-11 20:29:21Z" end-time="2019-11-11 20:29:21Z" duration="0.000569" total="1" passed="1" failed="0" warnings="0" inconclusive="0" skipped="0" asserts="2">
              <properties />
              <test-case id="1901" name="TryDeleteFileReturnsNullExceptionOnSuccess()" fullname="GVFS.UnitTests.Common.PhysicalFileSystemDeleteTests.TryDeleteFileReturnsNullExceptionOnSuccess()" methodname="TryDeleteFileReturnsNullExceptionOnSuccess" classname="GVFS.UnitTests.Common.PhysicalFileSystemDeleteTests" runstate="Runnable" seed="1947574593" result="Passed" start-time="2019-11-11 20:29:21Z" end-time="2019-11-11 20:29:21Z" duration="0.000540" asserts="2">
                <properties />
              </test-case>
            </test-suite>
            <test-suite type="ParameterizedMethod" id="1904" name="TryDeleteFileReturnsThrownException" fullname="GVFS.UnitTests.Common.PhysicalFileSystemDeleteTests.TryDeleteFileReturnsThrownException" classname="GVFS.UnitTests.Common.PhysicalFileSystemDeleteTests" runstate="Runnable" testcasecount="1" result="Passed" start-time="2019-11-11 20:29:21Z" end-time="2019-11-11 20:29:21Z" duration="0.000918" total="1" passed="1" failed="0" warnings="0" inconclusive="0" skipped="0" asserts="4">
              <properties>
                <property name="Category" value="ExceptionExpected" />
              </properties>
              <test-case id="1903" name="TryDeleteFileReturnsThrownException()" fullname="GVFS.UnitTests.Common.PhysicalFileSystemDeleteTests.TryDeleteFileReturnsThrownException()" methodname="TryDeleteFileReturnsThrownException" classname="GVFS.UnitTests.Common.PhysicalFileSystemDeleteTests" runstate="Runnable" seed="768331902" result="Passed" start-time="2019-11-11 20:29:21Z" end-time="2019-11-11 20:29:21Z" duration="0.000846" asserts="4">
                <properties />
              </test-case>
            </test-suite>
            <test-suite type="ParameterizedMethod" id="1900" name="TryDeleteFileReturnsTrueWhenSetAttributesFailsToFindFile" fullname="GVFS.UnitTests.Common.PhysicalFileSystemDeleteTests.TryDeleteFileReturnsTrueWhenSetAttributesFailsToFindFile" classname="GVFS.UnitTests.Common.PhysicalFileSystemDeleteTests" runstate="Runnable" testcasecount="1" result="Passed" start-time="2019-11-11 20:29:21Z" end-time="2019-11-11 20:29:21Z" duration="0.000707" total="1" passed="1" failed="0" warnings="0" inconclusive="0" skipped="0" asserts="1">
              <properties>
                <property name="Category" value="ExceptionExpected" />
              </properties>
              <test-case id="1899" name="TryDeleteFileReturnsTrueWhenSetAttributesFailsToFindFile()" fullname="GVFS.UnitTests.Common.PhysicalFileSystemDeleteTests.TryDeleteFileReturnsTrueWhenSetAttributesFailsToFindFile()" methodname="TryDeleteFileReturnsTrueWhenSetAttributesFailsToFindFile" classname="GVFS.UnitTests.Common.PhysicalFileSystemDeleteTests" runstate="Runnable" seed="1366250638" result="Passed" start-time="2019-11-11 20:29:21Z" end-time="2019-11-11 20:29:21Z" duration="0.000630" asserts="1">
                <properties />
              </test-case>
            </test-suite>
            <test-suite type="ParameterizedMethod" id="1898" name="TryDeleteFileSetsAttributesToNormalBeforeDeletingFile" fullname="GVFS.UnitTests.Common.PhysicalFileSystemDeleteTests.TryDeleteFileSetsAttributesToNormalBeforeDeletingFile" classname="GVFS.UnitTests.Common.PhysicalFileSystemDeleteTests" runstate="Runnable" testcasecount="1" result="Passed" start-time="2019-11-11 20:29:21Z" end-time="2019-11-11 20:29:21Z" duration="0.000742" total="1" passed="1" failed="0" warnings="0" inconclusive="0" skipped="0" asserts="2">
              <properties />
              <test-case id="1897" name="TryDeleteFileSetsAttributesToNormalBeforeDeletingFile()" fullname="GVFS.UnitTests.Common.PhysicalFileSystemDeleteTests.TryDeleteFileSetsAttributesToNormalBeforeDeletingFile()" methodname="TryDeleteFileSetsAttributesToNormalBeforeDeletingFile" classname="GVFS.UnitTests.Common.PhysicalFileSystemDeleteTests" runstate="Runnable" seed="951167687" result="Passed" start-time="2019-11-11 20:29:21Z" end-time="2019-11-11 20:29:21Z" duration="0.000713" asserts="2">
                <properties />
              </test-case>
            </test-suite>
            <test-suite type="ParameterizedMethod" id="1908" name="TryDeleteFileUpdatesMetadataOnFailure" fullname="GVFS.UnitTests.Common.PhysicalFileSystemDeleteTests.TryDeleteFileUpdatesMetadataOnFailure" classname="GVFS.UnitTests.Common.PhysicalFileSystemDeleteTests" runstate="Runnable" testcasecount="1" result="Passed" start-time="2019-11-11 20:29:21Z" end-time="2019-11-11 20:29:21Z" duration="0.001266" total="1" passed="1" failed="0" warnings="0" inconclusive="0" skipped="0" asserts="6">
              <properties>
                <property name="Category" value="ExceptionExpected" />
              </properties>
              <test-case id="1907" name="TryDeleteFileUpdatesMetadataOnFailure()" fullname="GVFS.UnitTests.Common.PhysicalFileSystemDeleteTests.TryDeleteFileUpdatesMetadataOnFailure()" methodname="TryDeleteFileUpdatesMetadataOnFailure" classname="GVFS.UnitTests.Common.PhysicalFileSystemDeleteTests" runstate="Runnable" seed="1822102250" result="Passed" start-time="2019-11-11 20:29:21Z" end-time="2019-11-11 20:29:21Z" duration="0.001239" asserts="6">
                <properties />
              </test-case>
            </test-suite>
            <test-suite type="ParameterizedMethod" id="1914" name="TryWaitForDeleteAlwaysLogsFirstAndLastFailure" fullname="GVFS.UnitTests.Common.PhysicalFileSystemDeleteTests.TryWaitForDeleteAlwaysLogsFirstAndLastFailure" classname="GVFS.UnitTests.Common.PhysicalFileSystemDeleteTests" runstate="Runnable" testcasecount="1" result="Passed" start-time="2019-11-11 20:29:21Z" end-time="2019-11-11 20:29:21Z" duration="0.003640" total="1" passed="1" failed="0" warnings="0" inconclusive="0" skipped="0" asserts="9">
              <properties>
                <property name="Category" value="ExceptionExpected" />
              </properties>
              <test-case id="1913" name="TryWaitForDeleteAlwaysLogsFirstAndLastFailure()" fullname="GVFS.UnitTests.Common.PhysicalFileSystemDeleteTests.TryWaitForDeleteAlwaysLogsFirstAndLastFailure()" methodname="TryWaitForDeleteAlwaysLogsFirstAndLastFailure" classname="GVFS.UnitTests.Common.PhysicalFileSystemDeleteTests" runstate="Runnable" seed="1163469624" result="Passed" start-time="2019-11-11 20:29:21Z" end-time="2019-11-11 20:29:21Z" duration="0.003603" asserts="9">
                <properties />
              </test-case>
            </test-suite>
            <test-suite type="ParameterizedMethod" id="1912" name="TryWaitForDeleteFailsAfterMaxRetries" fullname="GVFS.UnitTests.Common.PhysicalFileSystemDeleteTests.TryWaitForDeleteFailsAfterMaxRetries" classname="GVFS.UnitTests.Common.PhysicalFileSystemDeleteTests" runstate="Runnable" testcasecount="1" result="Passed" start-time="2019-11-11 20:29:21Z" end-time="2019-11-11 20:29:21Z" duration="0.142268" total="1" passed="1" failed="0" warnings="0" inconclusive="0" skipped="0" asserts="6">
              <properties>
                <property name="Category" value="ExceptionExpected" />
              </properties>
              <test-case id="1911" name="TryWaitForDeleteFailsAfterMaxRetries()" fullname="GVFS.UnitTests.Common.PhysicalFileSystemDeleteTests.TryWaitForDeleteFailsAfterMaxRetries()" methodname="TryWaitForDeleteFailsAfterMaxRetries" classname="GVFS.UnitTests.Common.PhysicalFileSystemDeleteTests" runstate="Runnable" seed="1370156662" result="Passed" start-time="2019-11-11 20:29:21Z" end-time="2019-11-11 20:29:21Z" duration="0.142241" asserts="6">
                <properties />
              </test-case>
            </test-suite>
            <test-suite type="ParameterizedMethod" id="1916" name="TryWaitForDeleteLogsAtSpecifiedInterval" fullname="GVFS.UnitTests.Common.PhysicalFileSystemDeleteTests.TryWaitForDeleteLogsAtSpecifiedInterval" classname="GVFS.UnitTests.Common.PhysicalFileSystemDeleteTests" runstate="Runnable" testcasecount="1" result="Passed" start-time="2019-11-11 20:29:21Z" end-time="2019-11-11 20:29:21Z" duration="0.001754" total="1" passed="1" failed="0" warnings="0" inconclusive="0" skipped="0" asserts="18">
              <properties>
                <property name="Category" value="ExceptionExpected" />
              </properties>
              <test-case id="1915" name="TryWaitForDeleteLogsAtSpecifiedInterval()" fullname="GVFS.UnitTests.Common.PhysicalFileSystemDeleteTests.TryWaitForDeleteLogsAtSpecifiedInterval()" methodname="TryWaitForDeleteLogsAtSpecifiedInterval" classname="GVFS.UnitTests.Common.PhysicalFileSystemDeleteTests" runstate="Runnable" seed="2065236276" result="Passed" start-time="2019-11-11 20:29:21Z" end-time="2019-11-11 20:29:21Z" duration="0.001662" asserts="18">
                <properties />
              </test-case>
            </test-suite>
            <test-suite type="ParameterizedMethod" id="1910" name="TryWaitForDeleteSucceedsAfterFailures" fullname="GVFS.UnitTests.Common.PhysicalFileSystemDeleteTests.TryWaitForDeleteSucceedsAfterFailures" classname="GVFS.UnitTests.Common.PhysicalFileSystemDeleteTests" runstate="Runnable" testcasecount="1" result="Passed" start-time="2019-11-11 20:29:21Z" end-time="2019-11-11 20:29:21Z" duration="0.000957" total="1" passed="1" failed="0" warnings="0" inconclusive="0" skipped="0" asserts="4">
              <properties>
                <property name="Category" value="ExceptionExpected" />
              </properties>
              <test-case id="1909" name="TryWaitForDeleteSucceedsAfterFailures()" fullname="GVFS.UnitTests.Common.PhysicalFileSystemDeleteTests.TryWaitForDeleteSucceedsAfterFailures()" methodname="TryWaitForDeleteSucceedsAfterFailures" classname="GVFS.UnitTests.Common.PhysicalFileSystemDeleteTests" runstate="Runnable" seed="885669191" result="Passed" start-time="2019-11-11 20:29:21Z" end-time="2019-11-11 20:29:21Z" duration="0.000931" asserts="4">
                <properties />
              </test-case>
            </test-suite>
          </test-suite>
          <test-suite type="TestFixture" id="1917" name="ProductUpgraderInfoTests" fullname="GVFS.UnitTests.Common.ProductUpgraderInfoTests" classname="GVFS.UnitTests.Common.ProductUpgraderInfoTests" runstate="Runnable" testcasecount="3" result="Passed" start-time="2019-11-11 20:29:21Z" end-time="2019-11-11 20:29:21Z" duration="0.027058" total="3" passed="3" failed="0" warnings="0" inconclusive="0" skipped="0" asserts="0">
            <properties />
            <test-suite type="ParameterizedMethod" id="1919" name="RecordHighestVersion" fullname="GVFS.UnitTests.Common.ProductUpgraderInfoTests.RecordHighestVersion" classname="GVFS.UnitTests.Common.ProductUpgraderInfoTests" runstate="Runnable" testcasecount="1" result="Passed" start-time="2019-11-11 20:29:21Z" end-time="2019-11-11 20:29:21Z" duration="0.018927" total="1" passed="1" failed="0" warnings="0" inconclusive="0" skipped="0" asserts="0">
              <properties />
              <test-case id="1918" name="RecordHighestVersion()" fullname="GVFS.UnitTests.Common.ProductUpgraderInfoTests.RecordHighestVersion()" methodname="RecordHighestVersion" classname="GVFS.UnitTests.Common.ProductUpgraderInfoTests" runstate="Runnable" seed="1016950546" result="Passed" start-time="2019-11-11 20:29:21Z" end-time="2019-11-11 20:29:21Z" duration="0.018873" asserts="0">
                <properties />
              </test-case>
            </test-suite>
            <test-suite type="ParameterizedMethod" id="1921" name="RecordingEmptyVersionDeletesExistingHighestVersionFile" fullname="GVFS.UnitTests.Common.ProductUpgraderInfoTests.RecordingEmptyVersionDeletesExistingHighestVersionFile" classname="GVFS.UnitTests.Common.ProductUpgraderInfoTests" runstate="Runnable" testcasecount="1" result="Passed" start-time="2019-11-11 20:29:21Z" end-time="2019-11-11 20:29:21Z" duration="0.004563" total="1" passed="1" failed="0" warnings="0" inconclusive="0" skipped="0" asserts="0">
              <properties />
              <test-case id="1920" name="RecordingEmptyVersionDeletesExistingHighestVersionFile()" fullname="GVFS.UnitTests.Common.ProductUpgraderInfoTests.RecordingEmptyVersionDeletesExistingHighestVersionFile()" methodname="RecordingEmptyVersionDeletesExistingHighestVersionFile" classname="GVFS.UnitTests.Common.ProductUpgraderInfoTests" runstate="Runnable" seed="1939688542" result="Passed" start-time="2019-11-11 20:29:21Z" end-time="2019-11-11 20:29:21Z" duration="0.004531" asserts="0">
                <properties />
              </test-case>
            </test-suite>
            <test-suite type="ParameterizedMethod" id="1923" name="RecordingEmptyVersionDoesNotDeleteNonExistingHighestVersionFile" fullname="GVFS.UnitTests.Common.ProductUpgraderInfoTests.RecordingEmptyVersionDoesNotDeleteNonExistingHighestVersionFile" classname="GVFS.UnitTests.Common.ProductUpgraderInfoTests" runstate="Runnable" testcasecount="1" result="Passed" start-time="2019-11-11 20:29:21Z" end-time="2019-11-11 20:29:21Z" duration="0.003449" total="1" passed="1" failed="0" warnings="0" inconclusive="0" skipped="0" asserts="0">
              <properties />
              <test-case id="1922" name="RecordingEmptyVersionDoesNotDeleteNonExistingHighestVersionFile()" fullname="GVFS.UnitTests.Common.ProductUpgraderInfoTests.RecordingEmptyVersionDoesNotDeleteNonExistingHighestVersionFile()" methodname="RecordingEmptyVersionDoesNotDeleteNonExistingHighestVersionFile" classname="GVFS.UnitTests.Common.ProductUpgraderInfoTests" runstate="Runnable" seed="909302624" result="Passed" start-time="2019-11-11 20:29:21Z" end-time="2019-11-11 20:29:21Z" duration="0.003388" asserts="0">
                <properties />
              </test-case>
            </test-suite>
          </test-suite>
          <test-suite type="TestFixture" id="1924" name="RefLogEntryTests" fullname="GVFS.UnitTests.Common.RefLogEntryTests" classname="GVFS.UnitTests.Common.RefLogEntryTests" runstate="Runnable" testcasecount="4" result="Passed" start-time="2019-11-11 20:29:21Z" end-time="2019-11-11 20:29:21Z" duration="0.002163" total="4" passed="4" failed="0" warnings="0" inconclusive="0" skipped="0" asserts="11">
            <properties />
            <test-suite type="ParameterizedMethod" id="1928" name="FailsForMissingReason" fullname="GVFS.UnitTests.Common.RefLogEntryTests.FailsForMissingReason" classname="GVFS.UnitTests.Common.RefLogEntryTests" runstate="Runnable" testcasecount="1" result="Passed" start-time="2019-11-11 20:29:21Z" end-time="2019-11-11 20:29:21Z" duration="0.000882" total="1" passed="1" failed="0" warnings="0" inconclusive="0" skipped="0" asserts="2">
              <properties />
              <test-case id="1927" name="FailsForMissingReason()" fullname="GVFS.UnitTests.Common.RefLogEntryTests.FailsForMissingReason()" methodname="FailsForMissingReason" classname="GVFS.UnitTests.Common.RefLogEntryTests" runstate="Runnable" seed="1983342024" result="Passed" start-time="2019-11-11 20:29:21Z" end-time="2019-11-11 20:29:21Z" duration="0.000855" asserts="2">
                <properties />
              </test-case>
            </test-suite>
            <test-suite type="ParameterizedMethod" id="1930" name="FailsForMissingTargetSha" fullname="GVFS.UnitTests.Common.RefLogEntryTests.FailsForMissingTargetSha" classname="GVFS.UnitTests.Common.RefLogEntryTests" runstate="Runnable" testcasecount="1" result="Passed" start-time="2019-11-11 20:29:21Z" end-time="2019-11-11 20:29:21Z" duration="0.000454" total="1" passed="1" failed="0" warnings="0" inconclusive="0" skipped="0" asserts="2">
              <properties />
              <test-case id="1929" name="FailsForMissingTargetSha()" fullname="GVFS.UnitTests.Common.RefLogEntryTests.FailsForMissingTargetSha()" methodname="FailsForMissingTargetSha" classname="GVFS.UnitTests.Common.RefLogEntryTests" runstate="Runnable" seed="1233320725" result="Passed" start-time="2019-11-11 20:29:21Z" end-time="2019-11-11 20:29:21Z" duration="0.000425" asserts="2">
                <properties />
              </test-case>
            </test-suite>
            <test-suite type="ParameterizedMethod" id="1932" name="FailsForNull" fullname="GVFS.UnitTests.Common.RefLogEntryTests.FailsForNull" classname="GVFS.UnitTests.Common.RefLogEntryTests" runstate="Runnable" testcasecount="1" result="Passed" start-time="2019-11-11 20:29:21Z" end-time="2019-11-11 20:29:21Z" duration="0.000227" total="1" passed="1" failed="0" warnings="0" inconclusive="0" skipped="0" asserts="2">
              <properties />
              <test-case id="1931" name="FailsForNull()" fullname="GVFS.UnitTests.Common.RefLogEntryTests.FailsForNull()" methodname="FailsForNull" classname="GVFS.UnitTests.Common.RefLogEntryTests" runstate="Runnable" seed="720678960" result="Passed" start-time="2019-11-11 20:29:21Z" end-time="2019-11-11 20:29:21Z" duration="0.000197" asserts="2">
                <properties />
              </test-case>
            </test-suite>
            <test-suite type="ParameterizedMethod" id="1926" name="ParsesValidRefLog" fullname="GVFS.UnitTests.Common.RefLogEntryTests.ParsesValidRefLog" classname="GVFS.UnitTests.Common.RefLogEntryTests" runstate="Runnable" testcasecount="1" result="Passed" start-time="2019-11-11 20:29:21Z" end-time="2019-11-11 20:29:21Z" duration="0.000479" total="1" passed="1" failed="0" warnings="0" inconclusive="0" skipped="0" asserts="5">
              <properties />
              <test-case id="1925" name="ParsesValidRefLog()" fullname="GVFS.UnitTests.Common.RefLogEntryTests.ParsesValidRefLog()" methodname="ParsesValidRefLog" classname="GVFS.UnitTests.Common.RefLogEntryTests" runstate="Runnable" seed="1015581414" result="Passed" start-time="2019-11-11 20:29:21Z" end-time="2019-11-11 20:29:21Z" duration="0.000432" asserts="5">
                <properties />
              </test-case>
            </test-suite>
          </test-suite>
          <test-suite type="TestFixture" id="1933" name="RetryBackoffTests" fullname="GVFS.UnitTests.Common.RetryBackoffTests" classname="GVFS.UnitTests.Common.RetryBackoffTests" runstate="Runnable" testcasecount="4" result="Passed" start-time="2019-11-11 20:29:21Z" end-time="2019-11-11 20:29:21Z" duration="0.009202" total="4" passed="4" failed="0" warnings="0" inconclusive="0" skipped="0" asserts="31">
            <properties />
            <test-suite type="ParameterizedMethod" id="1937" name="CalculateBackoff" fullname="GVFS.UnitTests.Common.RetryBackoffTests.CalculateBackoff" classname="GVFS.UnitTests.Common.RetryBackoffTests" runstate="Runnable" testcasecount="1" result="Passed" start-time="2019-11-11 20:29:21Z" end-time="2019-11-11 20:29:21Z" duration="0.005028" total="1" passed="1" failed="0" warnings="0" inconclusive="0" skipped="0" asserts="8">
              <properties />
              <test-case id="1936" name="CalculateBackoff()" fullname="GVFS.UnitTests.Common.RetryBackoffTests.CalculateBackoff()" methodname="CalculateBackoff" classname="GVFS.UnitTests.Common.RetryBackoffTests" runstate="Runnable" seed="985938231" result="Passed" start-time="2019-11-11 20:29:21Z" end-time="2019-11-11 20:29:21Z" duration="0.004993" asserts="8">
                <properties />
              </test-case>
            </test-suite>
            <test-suite type="ParameterizedMethod" id="1941" name="CalculateBackoffAcrossMultipleThreads" fullname="GVFS.UnitTests.Common.RetryBackoffTests.CalculateBackoffAcrossMultipleThreads" classname="GVFS.UnitTests.Common.RetryBackoffTests" runstate="Runnable" testcasecount="1" result="Passed" start-time="2019-11-11 20:29:21Z" end-time="2019-11-11 20:29:21Z" duration="0.002370" total="1" passed="1" failed="0" warnings="0" inconclusive="0" skipped="0" asserts="20">
              <properties />
              <test-case id="1940" name="CalculateBackoffAcrossMultipleThreads()" fullname="GVFS.UnitTests.Common.RetryBackoffTests.CalculateBackoffAcrossMultipleThreads()" methodname="CalculateBackoffAcrossMultipleThreads" classname="GVFS.UnitTests.Common.RetryBackoffTests" runstate="Runnable" seed="1069090669" result="Passed" start-time="2019-11-11 20:29:21Z" end-time="2019-11-11 20:29:21Z" duration="0.002339" asserts="20">
                <properties />
              </test-case>
            </test-suite>
            <test-suite type="ParameterizedMethod" id="1935" name="CalculateBackoffReturnsZeroForFirstAttempt" fullname="GVFS.UnitTests.Common.RetryBackoffTests.CalculateBackoffReturnsZeroForFirstAttempt" classname="GVFS.UnitTests.Common.RetryBackoffTests" runstate="Runnable" testcasecount="1" result="Passed" start-time="2019-11-11 20:29:21Z" end-time="2019-11-11 20:29:21Z" duration="0.001441" total="1" passed="1" failed="0" warnings="0" inconclusive="0" skipped="0" asserts="1">
              <properties />
              <test-case id="1934" name="CalculateBackoffReturnsZeroForFirstAttempt()" fullname="GVFS.UnitTests.Common.RetryBackoffTests.CalculateBackoffReturnsZeroForFirstAttempt()" methodname="CalculateBackoffReturnsZeroForFirstAttempt" classname="GVFS.UnitTests.Common.RetryBackoffTests" runstate="Runnable" seed="512975623" result="Passed" start-time="2019-11-11 20:29:21Z" end-time="2019-11-11 20:29:21Z" duration="0.001390" asserts="1">
                <properties />
              </test-case>
            </test-suite>
            <test-suite type="ParameterizedMethod" id="1939" name="CalculateBackoffThatWouldExceedMaxBackoff" fullname="GVFS.UnitTests.Common.RetryBackoffTests.CalculateBackoffThatWouldExceedMaxBackoff" classname="GVFS.UnitTests.Common.RetryBackoffTests" runstate="Runnable" testcasecount="1" result="Passed" start-time="2019-11-11 20:29:21Z" end-time="2019-11-11 20:29:21Z" duration="0.000212" total="1" passed="1" failed="0" warnings="0" inconclusive="0" skipped="0" asserts="2">
              <properties />
              <test-case id="1938" name="CalculateBackoffThatWouldExceedMaxBackoff()" fullname="GVFS.UnitTests.Common.RetryBackoffTests.CalculateBackoffThatWouldExceedMaxBackoff()" methodname="CalculateBackoffThatWouldExceedMaxBackoff" classname="GVFS.UnitTests.Common.RetryBackoffTests" runstate="Runnable" seed="974192646" result="Passed" start-time="2019-11-11 20:29:21Z" end-time="2019-11-11 20:29:21Z" duration="0.000177" asserts="2">
                <properties />
              </test-case>
            </test-suite>
          </test-suite>
          <test-suite type="TestFixture" id="1942" name="RetryConfigTests" fullname="GVFS.UnitTests.Common.RetryConfigTests" classname="GVFS.UnitTests.Common.RetryConfigTests" runstate="Runnable" testcasecount="6" result="Passed" start-time="2019-11-11 20:29:21Z" end-time="2019-11-11 20:29:21Z" duration="0.017428" total="6" passed="6" failed="0" warnings="0" inconclusive="0" skipped="0" asserts="31">
            <properties />
            <test-suite type="ParameterizedMethod" id="1950" name="TryLoadConfigEnforcesMinimumValuesOnMaxRetries" fullname="GVFS.UnitTests.Common.RetryConfigTests.TryLoadConfigEnforcesMinimumValuesOnMaxRetries" classname="GVFS.UnitTests.Common.RetryConfigTests" runstate="Runnable" testcasecount="1" result="Passed" start-time="2019-11-11 20:29:21Z" end-time="2019-11-11 20:29:21Z" duration="0.004146" total="1" passed="1" failed="0" warnings="0" inconclusive="0" skipped="0" asserts="3">
              <properties />
              <test-case id="1949" name="TryLoadConfigEnforcesMinimumValuesOnMaxRetries()" fullname="GVFS.UnitTests.Common.RetryConfigTests.TryLoadConfigEnforcesMinimumValuesOnMaxRetries()" methodname="TryLoadConfigEnforcesMinimumValuesOnMaxRetries" classname="GVFS.UnitTests.Common.RetryConfigTests" runstate="Runnable" seed="1431080189" result="Passed" start-time="2019-11-11 20:29:21Z" end-time="2019-11-11 20:29:21Z" duration="0.004099" asserts="3">
                <properties />
              </test-case>
            </test-suite>
            <test-suite type="ParameterizedMethod" id="1952" name="TryLoadConfigEnforcesMinimumValuesOnTimeout" fullname="GVFS.UnitTests.Common.RetryConfigTests.TryLoadConfigEnforcesMinimumValuesOnTimeout" classname="GVFS.UnitTests.Common.RetryConfigTests" runstate="Runnable" testcasecount="1" result="Passed" start-time="2019-11-11 20:29:21Z" end-time="2019-11-11 20:29:21Z" duration="0.002842" total="1" passed="1" failed="0" warnings="0" inconclusive="0" skipped="0" asserts="4">
              <properties />
              <test-case id="1951" name="TryLoadConfigEnforcesMinimumValuesOnTimeout()" fullname="GVFS.UnitTests.Common.RetryConfigTests.TryLoadConfigEnforcesMinimumValuesOnTimeout()" methodname="TryLoadConfigEnforcesMinimumValuesOnTimeout" classname="GVFS.UnitTests.Common.RetryConfigTests" runstate="Runnable" seed="94186236" result="Passed" start-time="2019-11-11 20:29:21Z" end-time="2019-11-11 20:29:21Z" duration="0.002772" asserts="4">
                <properties />
              </test-case>
            </test-suite>
            <test-suite type="ParameterizedMethod" id="1944" name="TryLoadConfigFailsWhenGitFailsToReadConfig" fullname="GVFS.UnitTests.Common.RetryConfigTests.TryLoadConfigFailsWhenGitFailsToReadConfig" classname="GVFS.UnitTests.Common.RetryConfigTests" runstate="Runnable" testcasecount="1" result="Passed" start-time="2019-11-11 20:29:21Z" end-time="2019-11-11 20:29:21Z" duration="0.002399" total="1" passed="1" failed="0" warnings="0" inconclusive="0" skipped="0" asserts="3">
              <properties />
              <test-case id="1943" name="TryLoadConfigFailsWhenGitFailsToReadConfig()" fullname="GVFS.UnitTests.Common.RetryConfigTests.TryLoadConfigFailsWhenGitFailsToReadConfig()" methodname="TryLoadConfigFailsWhenGitFailsToReadConfig" classname="GVFS.UnitTests.Common.RetryConfigTests" runstate="Runnable" seed="574966046" result="Passed" start-time="2019-11-11 20:29:21Z" end-time="2019-11-11 20:29:21Z" duration="0.002364" asserts="3">
                <properties />
              </test-case>
            </test-suite>
            <test-suite type="ParameterizedMethod" id="1954" name="TryLoadConfigUsesConfiguredValues" fullname="GVFS.UnitTests.Common.RetryConfigTests.TryLoadConfigUsesConfiguredValues" classname="GVFS.UnitTests.Common.RetryConfigTests" runstate="Runnable" testcasecount="1" result="Passed" start-time="2019-11-11 20:29:21Z" end-time="2019-11-11 20:29:21Z" duration="0.002872" total="1" passed="1" failed="0" warnings="0" inconclusive="0" skipped="0" asserts="7">
              <properties />
              <test-case id="1953" name="TryLoadConfigUsesConfiguredValues()" fullname="GVFS.UnitTests.Common.RetryConfigTests.TryLoadConfigUsesConfiguredValues()" methodname="TryLoadConfigUsesConfiguredValues" classname="GVFS.UnitTests.Common.RetryConfigTests" runstate="Runnable" seed="814070058" result="Passed" start-time="2019-11-11 20:29:21Z" end-time="2019-11-11 20:29:21Z" duration="0.002828" asserts="7">
                <properties />
              </test-case>
            </test-suite>
            <test-suite type="ParameterizedMethod" id="1948" name="TryLoadConfigUsesDefaultValuesWhenEntriesAreBlank" fullname="GVFS.UnitTests.Common.RetryConfigTests.TryLoadConfigUsesDefaultValuesWhenEntriesAreBlank" classname="GVFS.UnitTests.Common.RetryConfigTests" runstate="Runnable" testcasecount="1" result="Passed" start-time="2019-11-11 20:29:21Z" end-time="2019-11-11 20:29:21Z" duration="0.002526" total="1" passed="1" failed="0" warnings="0" inconclusive="0" skipped="0" asserts="7">
              <properties />
              <test-case id="1947" name="TryLoadConfigUsesDefaultValuesWhenEntriesAreBlank()" fullname="GVFS.UnitTests.Common.RetryConfigTests.TryLoadConfigUsesDefaultValuesWhenEntriesAreBlank()" methodname="TryLoadConfigUsesDefaultValuesWhenEntriesAreBlank" classname="GVFS.UnitTests.Common.RetryConfigTests" runstate="Runnable" seed="701736105" result="Passed" start-time="2019-11-11 20:29:21Z" end-time="2019-11-11 20:29:21Z" duration="0.002495" asserts="7">
                <properties />
              </test-case>
            </test-suite>
            <test-suite type="ParameterizedMethod" id="1946" name="TryLoadConfigUsesDefaultValuesWhenEntriesNotInConfig" fullname="GVFS.UnitTests.Common.RetryConfigTests.TryLoadConfigUsesDefaultValuesWhenEntriesNotInConfig" classname="GVFS.UnitTests.Common.RetryConfigTests" runstate="Runnable" testcasecount="1" result="Passed" start-time="2019-11-11 20:29:21Z" end-time="2019-11-11 20:29:21Z" duration="0.002512" total="1" passed="1" failed="0" warnings="0" inconclusive="0" skipped="0" asserts="7">
              <properties />
              <test-case id="1945" name="TryLoadConfigUsesDefaultValuesWhenEntriesNotInConfig()" fullname="GVFS.UnitTests.Common.RetryConfigTests.TryLoadConfigUsesDefaultValuesWhenEntriesNotInConfig()" methodname="TryLoadConfigUsesDefaultValuesWhenEntriesNotInConfig" classname="GVFS.UnitTests.Common.RetryConfigTests" runstate="Runnable" seed="2044780917" result="Passed" start-time="2019-11-11 20:29:21Z" end-time="2019-11-11 20:29:21Z" duration="0.002481" asserts="7">
                <properties />
              </test-case>
            </test-suite>
          </test-suite>
          <test-suite type="TestFixture" id="1955" name="RetryWrapperTests" fullname="GVFS.UnitTests.Common.RetryWrapperTests" classname="GVFS.UnitTests.Common.RetryWrapperTests" runstate="Runnable" testcasecount="9" result="Passed" start-time="2019-11-11 20:29:21Z" end-time="2019-11-11 20:29:24Z" duration="3.018639" total="9" passed="9" failed="0" warnings="0" inconclusive="0" skipped="0" asserts="23">
            <properties />
            <test-suite type="ParameterizedMethod" id="1967" name="OnFailureIsCalledWhenEventHandlerAttached" fullname="GVFS.UnitTests.Common.RetryWrapperTests.OnFailureIsCalledWhenEventHandlerAttached" classname="GVFS.UnitTests.Common.RetryWrapperTests" runstate="Runnable" testcasecount="1" result="Passed" start-time="2019-11-11 20:29:21Z" end-time="2019-11-11 20:29:21Z" duration="0.004397" total="1" passed="1" failed="0" warnings="0" inconclusive="0" skipped="0" asserts="2">
              <properties>
                <property name="Category" value="ExceptionExpected" />
              </properties>
              <test-case id="1966" name="OnFailureIsCalledWhenEventHandlerAttached()" fullname="GVFS.UnitTests.Common.RetryWrapperTests.OnFailureIsCalledWhenEventHandlerAttached()" methodname="OnFailureIsCalledWhenEventHandlerAttached" classname="GVFS.UnitTests.Common.RetryWrapperTests" runstate="Runnable" seed="1677185136" result="Passed" start-time="2019-11-11 20:29:21Z" end-time="2019-11-11 20:29:21Z" duration="0.004365" asserts="2">
                <properties />
              </test-case>
            </test-suite>
            <test-suite type="ParameterizedMethod" id="1969" name="OnSuccessIsOnlyCalledOnce" fullname="GVFS.UnitTests.Common.RetryWrapperTests.OnSuccessIsOnlyCalledOnce" classname="GVFS.UnitTests.Common.RetryWrapperTests" runstate="Runnable" testcasecount="1" result="Passed" start-time="2019-11-11 20:29:21Z" end-time="2019-11-11 20:29:21Z" duration="0.000708" total="1" passed="1" failed="0" warnings="0" inconclusive="0" skipped="0" asserts="4">
              <properties />
              <test-case id="1968" name="OnSuccessIsOnlyCalledOnce()" fullname="GVFS.UnitTests.Common.RetryWrapperTests.OnSuccessIsOnlyCalledOnce()" methodname="OnSuccessIsOnlyCalledOnce" classname="GVFS.UnitTests.Common.RetryWrapperTests" runstate="Runnable" seed="543397026" result="Passed" start-time="2019-11-11 20:29:21Z" end-time="2019-11-11 20:29:21Z" duration="0.000676" asserts="4">
                <properties />
              </test-case>
            </test-suite>
            <test-suite type="ParameterizedMethod" id="1961" name="WillNotMakeAnyAttemptWhenInitiallyCanceled" fullname="GVFS.UnitTests.Common.RetryWrapperTests.WillNotMakeAnyAttemptWhenInitiallyCanceled" classname="GVFS.UnitTests.Common.RetryWrapperTests" runstate="Runnable" testcasecount="1" result="Passed" start-time="2019-11-11 20:29:21Z" end-time="2019-11-11 20:29:21Z" duration="0.000818" total="1" passed="1" failed="0" warnings="0" inconclusive="0" skipped="0" asserts="2">
              <properties>
                <property name="Category" value="ExceptionExpected" />
              </properties>
              <test-case id="1960" name="WillNotMakeAnyAttemptWhenInitiallyCanceled()" fullname="GVFS.UnitTests.Common.RetryWrapperTests.WillNotMakeAnyAttemptWhenInitiallyCanceled()" methodname="WillNotMakeAnyAttemptWhenInitiallyCanceled" classname="GVFS.UnitTests.Common.RetryWrapperTests" runstate="Runnable" seed="625510801" result="Passed" start-time="2019-11-11 20:29:21Z" end-time="2019-11-11 20:29:21Z" duration="0.000790" asserts="2">
                <properties />
              </test-case>
            </test-suite>
            <test-suite type="ParameterizedMethod" id="1959" name="WillNotRetryForGenericExceptions" fullname="GVFS.UnitTests.Common.RetryWrapperTests.WillNotRetryForGenericExceptions" classname="GVFS.UnitTests.Common.RetryWrapperTests" runstate="Runnable" testcasecount="1" result="Passed" start-time="2019-11-11 20:29:21Z" end-time="2019-11-11 20:29:21Z" duration="0.000764" total="1" passed="1" failed="0" warnings="0" inconclusive="0" skipped="0" asserts="1">
              <properties>
                <property name="Category" value="ExceptionExpected" />
              </properties>
              <test-case id="1958" name="WillNotRetryForGenericExceptions()" fullname="GVFS.UnitTests.Common.RetryWrapperTests.WillNotRetryForGenericExceptions()" methodname="WillNotRetryForGenericExceptions" classname="GVFS.UnitTests.Common.RetryWrapperTests" runstate="Runnable" seed="179650295" result="Passed" start-time="2019-11-11 20:29:21Z" end-time="2019-11-11 20:29:21Z" duration="0.000736" asserts="1">
                <properties />
              </test-case>
            </test-suite>
            <test-suite type="ParameterizedMethod" id="1963" name="WillNotRetryForWhenCanceledDuringAttempts" fullname="GVFS.UnitTests.Common.RetryWrapperTests.WillNotRetryForWhenCanceledDuringAttempts" classname="GVFS.UnitTests.Common.RetryWrapperTests" runstate="Runnable" testcasecount="1" result="Passed" start-time="2019-11-11 20:29:21Z" end-time="2019-11-11 20:29:21Z" duration="0.001711" total="1" passed="1" failed="0" warnings="0" inconclusive="0" skipped="0" asserts="2">
              <properties>
                <property name="Category" value="ExceptionExpected" />
              </properties>
              <test-case id="1962" name="WillNotRetryForWhenCanceledDuringAttempts()" fullname="GVFS.UnitTests.Common.RetryWrapperTests.WillNotRetryForWhenCanceledDuringAttempts()" methodname="WillNotRetryForWhenCanceledDuringAttempts" classname="GVFS.UnitTests.Common.RetryWrapperTests" runstate="Runnable" seed="1026829375" result="Passed" start-time="2019-11-11 20:29:21Z" end-time="2019-11-11 20:29:21Z" duration="0.001681" asserts="2">
                <properties />
              </test-case>
            </test-suite>
            <test-suite type="ParameterizedMethod" id="1965" name="WillNotRetryWhenCancelledDuringBackoff" fullname="GVFS.UnitTests.Common.RetryWrapperTests.WillNotRetryWhenCancelledDuringBackoff" classname="GVFS.UnitTests.Common.RetryWrapperTests" runstate="Runnable" testcasecount="1" result="Passed" start-time="2019-11-11 20:29:21Z" end-time="2019-11-11 20:29:24Z" duration="3.007512" total="1" passed="1" failed="0" warnings="0" inconclusive="0" skipped="0" asserts="2">
              <properties>
                <property name="Category" value="ExceptionExpected" />
              </properties>
              <test-case id="1964" name="WillNotRetryWhenCancelledDuringBackoff()" fullname="GVFS.UnitTests.Common.RetryWrapperTests.WillNotRetryWhenCancelledDuringBackoff()" methodname="WillNotRetryWhenCancelledDuringBackoff" classname="GVFS.UnitTests.Common.RetryWrapperTests" runstate="Runnable" seed="1344226349" result="Passed" start-time="2019-11-11 20:29:21Z" end-time="2019-11-11 20:29:24Z" duration="3.007465" asserts="2">
                <properties />
              </test-case>
            </test-suite>
            <test-suite type="ParameterizedMethod" id="1971" name="WillNotRetryWhenNotRequested" fullname="GVFS.UnitTests.Common.RetryWrapperTests.WillNotRetryWhenNotRequested" classname="GVFS.UnitTests.Common.RetryWrapperTests" runstate="Runnable" testcasecount="1" result="Passed" start-time="2019-11-11 20:29:24Z" end-time="2019-11-11 20:29:24Z" duration="0.001043" total="1" passed="1" failed="0" warnings="0" inconclusive="0" skipped="0" asserts="4">
              <properties />
              <test-case id="1970" name="WillNotRetryWhenNotRequested()" fullname="GVFS.UnitTests.Common.RetryWrapperTests.WillNotRetryWhenNotRequested()" methodname="WillNotRetryWhenNotRequested" classname="GVFS.UnitTests.Common.RetryWrapperTests" runstate="Runnable" seed="359119965" result="Passed" start-time="2019-11-11 20:29:24Z" end-time="2019-11-11 20:29:24Z" duration="0.000993" asserts="4">
                <properties />
              </test-case>
            </test-suite>
            <test-suite type="ParameterizedMethod" id="1957" name="WillRetryOnIOException" fullname="GVFS.UnitTests.Common.RetryWrapperTests.WillRetryOnIOException" classname="GVFS.UnitTests.Common.RetryWrapperTests" runstate="Runnable" testcasecount="1" result="Passed" start-time="2019-11-11 20:29:24Z" end-time="2019-11-11 20:29:24Z" duration="0.000675" total="1" passed="1" failed="0" warnings="0" inconclusive="0" skipped="0" asserts="2">
              <properties>
                <property name="Category" value="ExceptionExpected" />
              </properties>
              <test-case id="1956" name="WillRetryOnIOException()" fullname="GVFS.UnitTests.Common.RetryWrapperTests.WillRetryOnIOException()" methodname="WillRetryOnIOException" classname="GVFS.UnitTests.Common.RetryWrapperTests" runstate="Runnable" seed="2070693095" result="Passed" start-time="2019-11-11 20:29:24Z" end-time="2019-11-11 20:29:24Z" duration="0.000642" asserts="2">
                <properties />
              </test-case>
            </test-suite>
            <test-suite type="ParameterizedMethod" id="1973" name="WillRetryWhenRequested" fullname="GVFS.UnitTests.Common.RetryWrapperTests.WillRetryWhenRequested" classname="GVFS.UnitTests.Common.RetryWrapperTests" runstate="Runnable" testcasecount="1" result="Passed" start-time="2019-11-11 20:29:24Z" end-time="2019-11-11 20:29:24Z" duration="0.000865" total="1" passed="1" failed="0" warnings="0" inconclusive="0" skipped="0" asserts="4">
              <properties />
              <test-case id="1972" name="WillRetryWhenRequested()" fullname="GVFS.UnitTests.Common.RetryWrapperTests.WillRetryWhenRequested()" methodname="WillRetryWhenRequested" classname="GVFS.UnitTests.Common.RetryWrapperTests" runstate="Runnable" seed="1729573788" result="Passed" start-time="2019-11-11 20:29:24Z" end-time="2019-11-11 20:29:24Z" duration="0.000795" asserts="4">
                <properties />
              </test-case>
            </test-suite>
          </test-suite>
          <test-suite type="TestFixture" id="1974" name="SHA1UtilTests" fullname="GVFS.UnitTests.Common.SHA1UtilTests" classname="GVFS.UnitTests.Common.SHA1UtilTests" runstate="Runnable" testcasecount="6" result="Passed" start-time="2019-11-11 20:29:24Z" end-time="2019-11-11 20:29:24Z" duration="0.003634" total="6" passed="6" failed="0" warnings="0" inconclusive="0" skipped="0" asserts="32">
            <properties />
            <test-suite type="ParameterizedMethod" id="1978" name="HexStringFromBytes" fullname="GVFS.UnitTests.Common.SHA1UtilTests.HexStringFromBytes" classname="GVFS.UnitTests.Common.SHA1UtilTests" runstate="Runnable" testcasecount="1" result="Passed" start-time="2019-11-11 20:29:24Z" end-time="2019-11-11 20:29:24Z" duration="0.000764" total="1" passed="1" failed="0" warnings="0" inconclusive="0" skipped="0" asserts="1">
              <properties />
              <test-case id="1977" name="HexStringFromBytes()" fullname="GVFS.UnitTests.Common.SHA1UtilTests.HexStringFromBytes()" methodname="HexStringFromBytes" classname="GVFS.UnitTests.Common.SHA1UtilTests" runstate="Runnable" seed="1752533282" result="Passed" start-time="2019-11-11 20:29:24Z" end-time="2019-11-11 20:29:24Z" duration="0.000736" asserts="1">
                <properties />
              </test-case>
            </test-suite>
            <test-suite type="ParameterizedMethod" id="1984" name="IsValidFullSHAFalseForNonHexStrings" fullname="GVFS.UnitTests.Common.SHA1UtilTests.IsValidFullSHAFalseForNonHexStrings" classname="GVFS.UnitTests.Common.SHA1UtilTests" runstate="Runnable" testcasecount="1" result="Passed" start-time="2019-11-11 20:29:24Z" end-time="2019-11-11 20:29:24Z" duration="0.001207" total="1" passed="1" failed="0" warnings="0" inconclusive="0" skipped="0" asserts="15">
              <properties />
              <test-case id="1983" name="IsValidFullSHAFalseForNonHexStrings()" fullname="GVFS.UnitTests.Common.SHA1UtilTests.IsValidFullSHAFalseForNonHexStrings()" methodname="IsValidFullSHAFalseForNonHexStrings" classname="GVFS.UnitTests.Common.SHA1UtilTests" runstate="Runnable" seed="1356959603" result="Passed" start-time="2019-11-11 20:29:24Z" end-time="2019-11-11 20:29:24Z" duration="0.001170" asserts="15">
                <properties />
              </test-case>
            </test-suite>
            <test-suite type="ParameterizedMethod" id="1980" name="IsValidFullSHAIsFalseForEmptyString" fullname="GVFS.UnitTests.Common.SHA1UtilTests.IsValidFullSHAIsFalseForEmptyString" classname="GVFS.UnitTests.Common.SHA1UtilTests" runstate="Runnable" testcasecount="1" result="Passed" start-time="2019-11-11 20:29:24Z" end-time="2019-11-11 20:29:24Z" duration="0.000143" total="1" passed="1" failed="0" warnings="0" inconclusive="0" skipped="0" asserts="1">
              <properties />
              <test-case id="1979" name="IsValidFullSHAIsFalseForEmptyString()" fullname="GVFS.UnitTests.Common.SHA1UtilTests.IsValidFullSHAIsFalseForEmptyString()" methodname="IsValidFullSHAIsFalseForEmptyString" classname="GVFS.UnitTests.Common.SHA1UtilTests" runstate="Runnable" seed="1321467790" result="Passed" start-time="2019-11-11 20:29:24Z" end-time="2019-11-11 20:29:24Z" duration="0.000115" asserts="1">
                <properties />
              </test-case>
            </test-suite>
            <test-suite type="ParameterizedMethod" id="1982" name="IsValidFullSHAIsFalseForHexStringsNot40Chars" fullname="GVFS.UnitTests.Common.SHA1UtilTests.IsValidFullSHAIsFalseForHexStringsNot40Chars" classname="GVFS.UnitTests.Common.SHA1UtilTests" runstate="Runnable" testcasecount="1" result="Passed" start-time="2019-11-11 20:29:24Z" end-time="2019-11-11 20:29:24Z" duration="0.000333" total="1" passed="1" failed="0" warnings="0" inconclusive="0" skipped="0" asserts="8">
              <properties />
              <test-case id="1981" name="IsValidFullSHAIsFalseForHexStringsNot40Chars()" fullname="GVFS.UnitTests.Common.SHA1UtilTests.IsValidFullSHAIsFalseForHexStringsNot40Chars()" methodname="IsValidFullSHAIsFalseForHexStringsNot40Chars" classname="GVFS.UnitTests.Common.SHA1UtilTests" runstate="Runnable" seed="318960912" result="Passed" start-time="2019-11-11 20:29:24Z" end-time="2019-11-11 20:29:24Z" duration="0.000304" asserts="8">
                <properties />
              </test-case>
            </test-suite>
            <test-suite type="ParameterizedMethod" id="1986" name="IsValidFullSHATrueForLength40HexStrings" fullname="GVFS.UnitTests.Common.SHA1UtilTests.IsValidFullSHATrueForLength40HexStrings" classname="GVFS.UnitTests.Common.SHA1UtilTests" runstate="Runnable" testcasecount="1" result="Passed" start-time="2019-11-11 20:29:24Z" end-time="2019-11-11 20:29:24Z" duration="0.000349" total="1" passed="1" failed="0" warnings="0" inconclusive="0" skipped="0" asserts="6">
              <properties />
              <test-case id="1985" name="IsValidFullSHATrueForLength40HexStrings()" fullname="GVFS.UnitTests.Common.SHA1UtilTests.IsValidFullSHATrueForLength40HexStrings()" methodname="IsValidFullSHATrueForLength40HexStrings" classname="GVFS.UnitTests.Common.SHA1UtilTests" runstate="Runnable" seed="1196989472" result="Passed" start-time="2019-11-11 20:29:24Z" end-time="2019-11-11 20:29:24Z" duration="0.000320" asserts="6">
                <properties />
              </test-case>
            </test-suite>
            <test-suite type="ParameterizedMethod" id="1976" name="SHA1HashStringForUTF8String" fullname="GVFS.UnitTests.Common.SHA1UtilTests.SHA1HashStringForUTF8String" classname="GVFS.UnitTests.Common.SHA1UtilTests" runstate="Runnable" testcasecount="1" result="Passed" start-time="2019-11-11 20:29:24Z" end-time="2019-11-11 20:29:24Z" duration="0.000687" total="1" passed="1" failed="0" warnings="0" inconclusive="0" skipped="0" asserts="1">
              <properties />
              <test-case id="1975" name="SHA1HashStringForUTF8String()" fullname="GVFS.UnitTests.Common.SHA1UtilTests.SHA1HashStringForUTF8String()" methodname="SHA1HashStringForUTF8String" classname="GVFS.UnitTests.Common.SHA1UtilTests" runstate="Runnable" seed="681254998" result="Passed" start-time="2019-11-11 20:29:24Z" end-time="2019-11-11 20:29:24Z" duration="0.000635" asserts="1">
                <properties />
              </test-case>
            </test-suite>
          </test-suite>
          <test-suite type="TestFixture" id="1987" name="TryCreateProductUpgradeTests" fullname="GVFS.UnitTests.Common.TryCreateProductUpgradeTests" classname="GVFS.UnitTests.Common.TryCreateProductUpgradeTests" runstate="Runnable" testcasecount="8" result="Passed" start-time="2019-11-11 20:29:24Z" end-time="2019-11-11 20:29:24Z" duration="0.011515" total="8" passed="8" failed="0" warnings="0" inconclusive="0" skipped="0" asserts="28">
            <properties />
            <test-suite type="ParameterizedMethod" id="1993" name="CreatesGitHubUpgraderWhenConfigured" fullname="GVFS.UnitTests.Common.TryCreateProductUpgradeTests.CreatesGitHubUpgraderWhenConfigured" classname="GVFS.UnitTests.Common.TryCreateProductUpgradeTests" runstate="Runnable" testcasecount="1" result="Passed" start-time="2019-11-11 20:29:24Z" end-time="2019-11-11 20:29:24Z" duration="0.003994" total="1" passed="1" failed="0" warnings="0" inconclusive="0" skipped="0" asserts="4">
              <properties />
              <test-case id="1992" name="CreatesGitHubUpgraderWhenConfigured()" fullname="GVFS.UnitTests.Common.TryCreateProductUpgradeTests.CreatesGitHubUpgraderWhenConfigured()" methodname="CreatesGitHubUpgraderWhenConfigured" classname="GVFS.UnitTests.Common.TryCreateProductUpgradeTests" runstate="Runnable" seed="775532999" result="Passed" start-time="2019-11-11 20:29:24Z" end-time="2019-11-11 20:29:24Z" duration="0.003959" asserts="4">
                <properties />
              </test-case>
            </test-suite>
            <test-suite type="ParameterizedMethod" id="1989" name="CreatesNuGetUpgraderWhenConfigured" fullname="GVFS.UnitTests.Common.TryCreateProductUpgradeTests.CreatesNuGetUpgraderWhenConfigured" classname="GVFS.UnitTests.Common.TryCreateProductUpgradeTests" runstate="Runnable" testcasecount="1" result="Passed" start-time="2019-11-11 20:29:24Z" end-time="2019-11-11 20:29:24Z" duration="0.002489" total="1" passed="1" failed="0" warnings="0" inconclusive="0" skipped="0" asserts="4">
              <properties />
              <test-case id="1988" name="CreatesNuGetUpgraderWhenConfigured()" fullname="GVFS.UnitTests.Common.TryCreateProductUpgradeTests.CreatesNuGetUpgraderWhenConfigured()" methodname="CreatesNuGetUpgraderWhenConfigured" classname="GVFS.UnitTests.Common.TryCreateProductUpgradeTests" runstate="Runnable" seed="56978434" result="Passed" start-time="2019-11-11 20:29:24Z" end-time="2019-11-11 20:29:24Z" duration="0.002457" asserts="4">
                <properties />
              </test-case>
            </test-suite>
            <test-suite type="ParameterizedMethod" id="1991" name="CreatesNuGetUpgraderWhenConfiguredWithNoRing" fullname="GVFS.UnitTests.Common.TryCreateProductUpgradeTests.CreatesNuGetUpgraderWhenConfiguredWithNoRing" classname="GVFS.UnitTests.Common.TryCreateProductUpgradeTests" runstate="Runnable" testcasecount="1" result="Passed" start-time="2019-11-11 20:29:24Z" end-time="2019-11-11 20:29:24Z" duration="0.000832" total="1" passed="1" failed="0" warnings="0" inconclusive="0" skipped="0" asserts="4">
              <properties />
              <test-case id="1990" name="CreatesNuGetUpgraderWhenConfiguredWithNoRing()" fullname="GVFS.UnitTests.Common.TryCreateProductUpgradeTests.CreatesNuGetUpgraderWhenConfiguredWithNoRing()" methodname="CreatesNuGetUpgraderWhenConfiguredWithNoRing" classname="GVFS.UnitTests.Common.TryCreateProductUpgradeTests" runstate="Runnable" seed="353224386" result="Passed" start-time="2019-11-11 20:29:24Z" end-time="2019-11-11 20:29:24Z" duration="0.000779" asserts="4">
                <properties />
              </test-case>
            </test-suite>
            <test-suite type="ParameterizedMethod" id="1995" name="CreatesOrgNuGetUpgrader" fullname="GVFS.UnitTests.Common.TryCreateProductUpgradeTests.CreatesOrgNuGetUpgrader" classname="GVFS.UnitTests.Common.TryCreateProductUpgradeTests" runstate="Runnable" testcasecount="1" result="Passed" start-time="2019-11-11 20:29:24Z" end-time="2019-11-11 20:29:24Z" duration="0.001879" total="1" passed="1" failed="0" warnings="0" inconclusive="0" skipped="0" asserts="4">
              <properties />
              <test-case id="1994" name="CreatesOrgNuGetUpgrader()" fullname="GVFS.UnitTests.Common.TryCreateProductUpgradeTests.CreatesOrgNuGetUpgrader()" methodname="CreatesOrgNuGetUpgrader" classname="GVFS.UnitTests.Common.TryCreateProductUpgradeTests" runstate="Runnable" seed="1407713591" result="Passed" start-time="2019-11-11 20:29:24Z" end-time="2019-11-11 20:29:24Z" duration="0.001832" asserts="4">
                <properties />
              </test-case>
            </test-suite>
            <test-suite type="ParameterizedMethod" id="2001" name="NoOrgUpgraderWhenNuGetFeedMissing" fullname="GVFS.UnitTests.Common.TryCreateProductUpgradeTests.NoOrgUpgraderWhenNuGetFeedMissing" classname="GVFS.UnitTests.Common.TryCreateProductUpgradeTests" runstate="Runnable" testcasecount="1" result="Passed" start-time="2019-11-11 20:29:24Z" end-time="2019-11-11 20:29:24Z" duration="0.000505" total="1" passed="1" failed="0" warnings="0" inconclusive="0" skipped="0" asserts="3">
              <properties />
              <test-case id="2000" name="NoOrgUpgraderWhenNuGetFeedMissing()" fullname="GVFS.UnitTests.Common.TryCreateProductUpgradeTests.NoOrgUpgraderWhenNuGetFeedMissing()" methodname="NoOrgUpgraderWhenNuGetFeedMissing" classname="GVFS.UnitTests.Common.TryCreateProductUpgradeTests" runstate="Runnable" seed="1146399023" result="Passed" start-time="2019-11-11 20:29:24Z" end-time="2019-11-11 20:29:24Z" duration="0.000478" asserts="3">
                <properties />
              </test-case>
            </test-suite>
            <test-suite type="ParameterizedMethod" id="1999" name="NoOrgUpgraderWhenNuGetPackNameMissing" fullname="GVFS.UnitTests.Common.TryCreateProductUpgradeTests.NoOrgUpgraderWhenNuGetPackNameMissing" classname="GVFS.UnitTests.Common.TryCreateProductUpgradeTests" runstate="Runnable" testcasecount="1" result="Passed" start-time="2019-11-11 20:29:24Z" end-time="2019-11-11 20:29:24Z" duration="0.000592" total="1" passed="1" failed="0" warnings="0" inconclusive="0" skipped="0" asserts="3">
              <properties />
              <test-case id="1998" name="NoOrgUpgraderWhenNuGetPackNameMissing()" fullname="GVFS.UnitTests.Common.TryCreateProductUpgradeTests.NoOrgUpgraderWhenNuGetPackNameMissing()" methodname="NoOrgUpgraderWhenNuGetPackNameMissing" classname="GVFS.UnitTests.Common.TryCreateProductUpgradeTests" runstate="Runnable" seed="1365125545" result="Passed" start-time="2019-11-11 20:29:24Z" end-time="2019-11-11 20:29:24Z" duration="0.000560" asserts="3">
                <properties />
              </test-case>
            </test-suite>
            <test-suite type="ParameterizedMethod" id="1997" name="NoUpgraderWhenNuGetFeedMissing" fullname="GVFS.UnitTests.Common.TryCreateProductUpgradeTests.NoUpgraderWhenNuGetFeedMissing" classname="GVFS.UnitTests.Common.TryCreateProductUpgradeTests" runstate="Runnable" testcasecount="1" result="Passed" start-time="2019-11-11 20:29:24Z" end-time="2019-11-11 20:29:24Z" duration="0.000434" total="1" passed="1" failed="0" warnings="0" inconclusive="0" skipped="0" asserts="3">
              <properties />
              <test-case id="1996" name="NoUpgraderWhenNuGetFeedMissing()" fullname="GVFS.UnitTests.Common.TryCreateProductUpgradeTests.NoUpgraderWhenNuGetFeedMissing()" methodname="NoUpgraderWhenNuGetFeedMissing" classname="GVFS.UnitTests.Common.TryCreateProductUpgradeTests" runstate="Runnable" seed="731726178" result="Passed" start-time="2019-11-11 20:29:24Z" end-time="2019-11-11 20:29:24Z" duration="0.000388" asserts="3">
                <properties />
              </test-case>
            </test-suite>
            <test-suite type="ParameterizedMethod" id="2003" name="NoUpgraderWhenNuGetPackNameMissing" fullname="GVFS.UnitTests.Common.TryCreateProductUpgradeTests.NoUpgraderWhenNuGetPackNameMissing" classname="GVFS.UnitTests.Common.TryCreateProductUpgradeTests" runstate="Runnable" testcasecount="1" result="Passed" start-time="2019-11-11 20:29:24Z" end-time="2019-11-11 20:29:24Z" duration="0.000630" total="1" passed="1" failed="0" warnings="0" inconclusive="0" skipped="0" asserts="3">
              <properties />
              <test-case id="2002" name="NoUpgraderWhenNuGetPackNameMissing()" fullname="GVFS.UnitTests.Common.TryCreateProductUpgradeTests.NoUpgraderWhenNuGetPackNameMissing()" methodname="NoUpgraderWhenNuGetPackNameMissing" classname="GVFS.UnitTests.Common.TryCreateProductUpgradeTests" runstate="Runnable" seed="1524825002" result="Passed" start-time="2019-11-11 20:29:24Z" end-time="2019-11-11 20:29:24Z" duration="0.000561" asserts="3">
                <properties />
              </test-case>
            </test-suite>
          </test-suite>
        </test-suite>
        <test-suite type="TestSuite" id="2193" name="Git" fullname="GVFS.UnitTests.Git" runstate="Runnable" testcasecount="43" result="Passed" start-time="2019-11-11 20:29:15Z" end-time="2019-11-11 20:29:25Z" duration="9.784263" total="43" passed="43" failed="0" warnings="0" inconclusive="0" skipped="0" asserts="284">
          <properties />
          <test-suite type="ParameterizedFixture" id="1505" name="GitAuthenticationTests" fullname="GVFS.UnitTests.Git.GitAuthenticationTests" runstate="Runnable" testcasecount="16" result="Passed" start-time="2019-11-11 20:29:15Z" end-time="2019-11-11 20:29:24Z" duration="9.605533" total="16" passed="16" failed="0" warnings="0" inconclusive="0" skipped="0" asserts="236">
            <properties />
            <test-suite type="TestFixture" id="1488" name="GitAuthenticationTests(False)" fullname="GVFS.UnitTests.Git.GitAuthenticationTests(False)" classname="GVFS.UnitTests.Git.GitAuthenticationTests" runstate="Runnable" testcasecount="8" result="Passed" start-time="2019-11-11 20:29:24Z" end-time="2019-11-11 20:29:24Z" duration="0.028674" total="8" passed="8" failed="0" warnings="0" inconclusive="0" skipped="0" asserts="118">
              <properties />
              <test-suite type="ParameterizedMethod" id="1490" name="AuthShouldBackoffAfterFirstRetryFailure" fullname="GVFS.UnitTests.Git.GitAuthenticationTests.AuthShouldBackoffAfterFirstRetryFailure" classname="GVFS.UnitTests.Git.GitAuthenticationTests" runstate="Runnable" testcasecount="1" result="Passed" start-time="2019-11-11 20:29:24Z" end-time="2019-11-11 20:29:24Z" duration="0.009921" total="1" passed="1" failed="0" warnings="0" inconclusive="0" skipped="0" asserts="13">
                <properties />
                <test-case id="1489" name="AuthShouldBackoffAfterFirstRetryFailure()" fullname="GVFS.UnitTests.Git.GitAuthenticationTests(False).AuthShouldBackoffAfterFirstRetryFailure()" methodname="AuthShouldBackoffAfterFirstRetryFailure" classname="GVFS.UnitTests.Git.GitAuthenticationTests" runstate="Runnable" seed="729399561" result="Passed" start-time="2019-11-11 20:29:24Z" end-time="2019-11-11 20:29:24Z" duration="0.009891" asserts="13">
                  <properties />
                </test-case>
              </test-suite>
              <test-suite type="ParameterizedMethod" id="1492" name="BackoffIsNotInEffectAfterSuccess" fullname="GVFS.UnitTests.Git.GitAuthenticationTests.BackoffIsNotInEffectAfterSuccess" classname="GVFS.UnitTests.Git.GitAuthenticationTests" runstate="Runnable" testcasecount="1" result="Passed" start-time="2019-11-11 20:29:24Z" end-time="2019-11-11 20:29:24Z" duration="0.005561" total="1" passed="1" failed="0" warnings="0" inconclusive="0" skipped="0" asserts="42">
                <properties />
                <test-case id="1491" name="BackoffIsNotInEffectAfterSuccess()" fullname="GVFS.UnitTests.Git.GitAuthenticationTests(False).BackoffIsNotInEffectAfterSuccess()" methodname="BackoffIsNotInEffectAfterSuccess" classname="GVFS.UnitTests.Git.GitAuthenticationTests" runstate="Runnable" seed="1247916940" result="Passed" start-time="2019-11-11 20:29:24Z" end-time="2019-11-11 20:29:24Z" duration="0.005529" asserts="42">
                  <properties />
                </test-case>
              </test-suite>
              <test-suite type="ParameterizedMethod" id="1494" name="ContinuesToBackoffIfTryGetCredentialsFails" fullname="GVFS.UnitTests.Git.GitAuthenticationTests.ContinuesToBackoffIfTryGetCredentialsFails" classname="GVFS.UnitTests.Git.GitAuthenticationTests" runstate="Runnable" testcasecount="1" result="Passed" start-time="2019-11-11 20:29:24Z" end-time="2019-11-11 20:29:24Z" duration="0.001811" total="1" passed="1" failed="0" warnings="0" inconclusive="0" skipped="0" asserts="10">
                <properties />
                <test-case id="1493" name="ContinuesToBackoffIfTryGetCredentialsFails()" fullname="GVFS.UnitTests.Git.GitAuthenticationTests(False).ContinuesToBackoffIfTryGetCredentialsFails()" methodname="ContinuesToBackoffIfTryGetCredentialsFails" classname="GVFS.UnitTests.Git.GitAuthenticationTests" runstate="Runnable" seed="98142985" result="Passed" start-time="2019-11-11 20:29:24Z" end-time="2019-11-11 20:29:24Z" duration="0.001785" asserts="10">
                  <properties />
                </test-case>
              </test-suite>
              <test-suite type="ParameterizedMethod" id="1502" name="DontDoubleStoreExistingCredential" fullname="GVFS.UnitTests.Git.GitAuthenticationTests.DontDoubleStoreExistingCredential" classname="GVFS.UnitTests.Git.GitAuthenticationTests" runstate="Runnable" testcasecount="1" result="Passed" start-time="2019-11-11 20:29:24Z" end-time="2019-11-11 20:29:24Z" duration="0.003094" total="1" passed="1" failed="0" warnings="0" inconclusive="0" skipped="0" asserts="8">
                <properties />
                <test-case id="1501" name="DontDoubleStoreExistingCredential()" fullname="GVFS.UnitTests.Git.GitAuthenticationTests(False).DontDoubleStoreExistingCredential()" methodname="DontDoubleStoreExistingCredential" classname="GVFS.UnitTests.Git.GitAuthenticationTests" runstate="Runnable" seed="913457079" result="Passed" start-time="2019-11-11 20:29:24Z" end-time="2019-11-11 20:29:24Z" duration="0.003063" asserts="8">
                  <properties />
                </test-case>
              </test-suite>
              <test-suite type="ParameterizedMethod" id="1504" name="DontStoreDifferentCredentialFromCachedValue" fullname="GVFS.UnitTests.Git.GitAuthenticationTests.DontStoreDifferentCredentialFromCachedValue" classname="GVFS.UnitTests.Git.GitAuthenticationTests" runstate="Runnable" testcasecount="1" result="Passed" start-time="2019-11-11 20:29:24Z" end-time="2019-11-11 20:29:24Z" duration="0.001763" total="1" passed="1" failed="0" warnings="0" inconclusive="0" skipped="0" asserts="8">
                <properties />
                <test-case id="1503" name="DontStoreDifferentCredentialFromCachedValue()" fullname="GVFS.UnitTests.Git.GitAuthenticationTests(False).DontStoreDifferentCredentialFromCachedValue()" methodname="DontStoreDifferentCredentialFromCachedValue" classname="GVFS.UnitTests.Git.GitAuthenticationTests" runstate="Runnable" seed="1152140977" result="Passed" start-time="2019-11-11 20:29:24Z" end-time="2019-11-11 20:29:24Z" duration="0.001738" asserts="8">
                  <properties />
                </test-case>
              </test-suite>
              <test-suite type="ParameterizedMethod" id="1496" name="TwoThreadsFailAtOnceStillRetriesOnce" fullname="GVFS.UnitTests.Git.GitAuthenticationTests.TwoThreadsFailAtOnceStillRetriesOnce" classname="GVFS.UnitTests.Git.GitAuthenticationTests" runstate="Runnable" testcasecount="1" result="Passed" start-time="2019-11-11 20:29:24Z" end-time="2019-11-11 20:29:24Z" duration="0.001931" total="1" passed="1" failed="0" warnings="0" inconclusive="0" skipped="0" asserts="10">
                <properties />
                <test-case id="1495" name="TwoThreadsFailAtOnceStillRetriesOnce()" fullname="GVFS.UnitTests.Git.GitAuthenticationTests(False).TwoThreadsFailAtOnceStillRetriesOnce()" methodname="TwoThreadsFailAtOnceStillRetriesOnce" classname="GVFS.UnitTests.Git.GitAuthenticationTests" runstate="Runnable" seed="1034960636" result="Passed" start-time="2019-11-11 20:29:24Z" end-time="2019-11-11 20:29:24Z" duration="0.001907" asserts="10">
                  <properties />
                </test-case>
              </test-suite>
              <test-suite type="ParameterizedMethod" id="1500" name="TwoThreadsInterleavingFailuresShouldntStompASuccess" fullname="GVFS.UnitTests.Git.GitAuthenticationTests.TwoThreadsInterleavingFailuresShouldntStompASuccess" classname="GVFS.UnitTests.Git.GitAuthenticationTests" runstate="Runnable" testcasecount="1" result="Passed" start-time="2019-11-11 20:29:24Z" end-time="2019-11-11 20:29:24Z" duration="0.002042" total="1" passed="1" failed="0" warnings="0" inconclusive="0" skipped="0" asserts="15">
                <properties />
                <test-case id="1499" name="TwoThreadsInterleavingFailuresShouldntStompASuccess()" fullname="GVFS.UnitTests.Git.GitAuthenticationTests(False).TwoThreadsInterleavingFailuresShouldntStompASuccess()" methodname="TwoThreadsInterleavingFailuresShouldntStompASuccess" classname="GVFS.UnitTests.Git.GitAuthenticationTests" runstate="Runnable" seed="17464367" result="Passed" start-time="2019-11-11 20:29:24Z" end-time="2019-11-11 20:29:24Z" duration="0.002017" asserts="15">
                  <properties />
                </test-case>
              </test-suite>
              <test-suite type="ParameterizedMethod" id="1498" name="TwoThreadsInterleavingFailuresStillRetriesOnce" fullname="GVFS.UnitTests.Git.GitAuthenticationTests.TwoThreadsInterleavingFailuresStillRetriesOnce" classname="GVFS.UnitTests.Git.GitAuthenticationTests" runstate="Runnable" testcasecount="1" result="Passed" start-time="2019-11-11 20:29:24Z" end-time="2019-11-11 20:29:24Z" duration="0.002306" total="1" passed="1" failed="0" warnings="0" inconclusive="0" skipped="0" asserts="12">
                <properties />
                <test-case id="1497" name="TwoThreadsInterleavingFailuresStillRetriesOnce()" fullname="GVFS.UnitTests.Git.GitAuthenticationTests(False).TwoThreadsInterleavingFailuresStillRetriesOnce()" methodname="TwoThreadsInterleavingFailuresStillRetriesOnce" classname="GVFS.UnitTests.Git.GitAuthenticationTests" runstate="Runnable" seed="1286963854" result="Passed" start-time="2019-11-11 20:29:24Z" end-time="2019-11-11 20:29:24Z" duration="0.002282" asserts="12">
                  <properties />
                </test-case>
              </test-suite>
            </test-suite>
            <test-suite type="TestFixture" id="1471" name="GitAuthenticationTests(True)" fullname="GVFS.UnitTests.Git.GitAuthenticationTests(True)" classname="GVFS.UnitTests.Git.GitAuthenticationTests" runstate="Runnable" testcasecount="8" result="Passed" start-time="2019-11-11 20:29:24Z" end-time="2019-11-11 20:29:24Z" duration="0.013647" total="8" passed="8" failed="0" warnings="0" inconclusive="0" skipped="0" asserts="118">
              <properties />
              <test-suite type="ParameterizedMethod" id="1473" name="AuthShouldBackoffAfterFirstRetryFailure" fullname="GVFS.UnitTests.Git.GitAuthenticationTests.AuthShouldBackoffAfterFirstRetryFailure" classname="GVFS.UnitTests.Git.GitAuthenticationTests" runstate="Runnable" testcasecount="1" result="Passed" start-time="2019-11-11 20:29:24Z" end-time="2019-11-11 20:29:24Z" duration="0.002184" total="1" passed="1" failed="0" warnings="0" inconclusive="0" skipped="0" asserts="13">
                <properties />
                <test-case id="1472" name="AuthShouldBackoffAfterFirstRetryFailure()" fullname="GVFS.UnitTests.Git.GitAuthenticationTests(True).AuthShouldBackoffAfterFirstRetryFailure()" methodname="AuthShouldBackoffAfterFirstRetryFailure" classname="GVFS.UnitTests.Git.GitAuthenticationTests" runstate="Runnable" seed="727431807" result="Passed" start-time="2019-11-11 20:29:24Z" end-time="2019-11-11 20:29:24Z" duration="0.002163" asserts="13">
                  <properties />
                </test-case>
              </test-suite>
              <test-suite type="ParameterizedMethod" id="1475" name="BackoffIsNotInEffectAfterSuccess" fullname="GVFS.UnitTests.Git.GitAuthenticationTests.BackoffIsNotInEffectAfterSuccess" classname="GVFS.UnitTests.Git.GitAuthenticationTests" runstate="Runnable" testcasecount="1" result="Passed" start-time="2019-11-11 20:29:24Z" end-time="2019-11-11 20:29:24Z" duration="0.004510" total="1" passed="1" failed="0" warnings="0" inconclusive="0" skipped="0" asserts="42">
                <properties />
                <test-case id="1474" name="BackoffIsNotInEffectAfterSuccess()" fullname="GVFS.UnitTests.Git.GitAuthenticationTests(True).BackoffIsNotInEffectAfterSuccess()" methodname="BackoffIsNotInEffectAfterSuccess" classname="GVFS.UnitTests.Git.GitAuthenticationTests" runstate="Runnable" seed="1891321073" result="Passed" start-time="2019-11-11 20:29:24Z" end-time="2019-11-11 20:29:24Z" duration="0.004488" asserts="42">
                  <properties />
                </test-case>
              </test-suite>
              <test-suite type="ParameterizedMethod" id="1477" name="ContinuesToBackoffIfTryGetCredentialsFails" fullname="GVFS.UnitTests.Git.GitAuthenticationTests.ContinuesToBackoffIfTryGetCredentialsFails" classname="GVFS.UnitTests.Git.GitAuthenticationTests" runstate="Runnable" testcasecount="1" result="Passed" start-time="2019-11-11 20:29:24Z" end-time="2019-11-11 20:29:24Z" duration="0.001358" total="1" passed="1" failed="0" warnings="0" inconclusive="0" skipped="0" asserts="10">
                <properties />
                <test-case id="1476" name="ContinuesToBackoffIfTryGetCredentialsFails()" fullname="GVFS.UnitTests.Git.GitAuthenticationTests(True).ContinuesToBackoffIfTryGetCredentialsFails()" methodname="ContinuesToBackoffIfTryGetCredentialsFails" classname="GVFS.UnitTests.Git.GitAuthenticationTests" runstate="Runnable" seed="766974183" result="Passed" start-time="2019-11-11 20:29:24Z" end-time="2019-11-11 20:29:24Z" duration="0.001334" asserts="10">
                  <properties />
                </test-case>
              </test-suite>
              <test-suite type="ParameterizedMethod" id="1485" name="DontDoubleStoreExistingCredential" fullname="GVFS.UnitTests.Git.GitAuthenticationTests.DontDoubleStoreExistingCredential" classname="GVFS.UnitTests.Git.GitAuthenticationTests" runstate="Runnable" testcasecount="1" result="Passed" start-time="2019-11-11 20:29:24Z" end-time="2019-11-11 20:29:24Z" duration="0.001065" total="1" passed="1" failed="0" warnings="0" inconclusive="0" skipped="0" asserts="8">
                <properties />
                <test-case id="1484" name="DontDoubleStoreExistingCredential()" fullname="GVFS.UnitTests.Git.GitAuthenticationTests(True).DontDoubleStoreExistingCredential()" methodname="DontDoubleStoreExistingCredential" classname="GVFS.UnitTests.Git.GitAuthenticationTests" runstate="Runnable" seed="18357284" result="Passed" start-time="2019-11-11 20:29:24Z" end-time="2019-11-11 20:29:24Z" duration="0.001038" asserts="8">
                  <properties />
                </test-case>
              </test-suite>
              <test-suite type="ParameterizedMethod" id="1487" name="DontStoreDifferentCredentialFromCachedValue" fullname="GVFS.UnitTests.Git.GitAuthenticationTests.DontStoreDifferentCredentialFromCachedValue" classname="GVFS.UnitTests.Git.GitAuthenticationTests" runstate="Runnable" testcasecount="1" result="Passed" start-time="2019-11-11 20:29:24Z" end-time="2019-11-11 20:29:24Z" duration="0.001072" total="1" passed="1" failed="0" warnings="0" inconclusive="0" skipped="0" asserts="8">
                <properties />
                <test-case id="1486" name="DontStoreDifferentCredentialFromCachedValue()" fullname="GVFS.UnitTests.Git.GitAuthenticationTests(True).DontStoreDifferentCredentialFromCachedValue()" methodname="DontStoreDifferentCredentialFromCachedValue" classname="GVFS.UnitTests.Git.GitAuthenticationTests" runstate="Runnable" seed="195921202" result="Passed" start-time="2019-11-11 20:29:24Z" end-time="2019-11-11 20:29:24Z" duration="0.001029" asserts="8">
                  <properties />
                </test-case>
              </test-suite>
              <test-suite type="ParameterizedMethod" id="1479" name="TwoThreadsFailAtOnceStillRetriesOnce" fullname="GVFS.UnitTests.Git.GitAuthenticationTests.TwoThreadsFailAtOnceStillRetriesOnce" classname="GVFS.UnitTests.Git.GitAuthenticationTests" runstate="Runnable" testcasecount="1" result="Passed" start-time="2019-11-11 20:29:24Z" end-time="2019-11-11 20:29:24Z" duration="0.001018" total="1" passed="1" failed="0" warnings="0" inconclusive="0" skipped="0" asserts="10">
                <properties />
                <test-case id="1478" name="TwoThreadsFailAtOnceStillRetriesOnce()" fullname="GVFS.UnitTests.Git.GitAuthenticationTests(True).TwoThreadsFailAtOnceStillRetriesOnce()" methodname="TwoThreadsFailAtOnceStillRetriesOnce" classname="GVFS.UnitTests.Git.GitAuthenticationTests" runstate="Runnable" seed="1275941611" result="Passed" start-time="2019-11-11 20:29:24Z" end-time="2019-11-11 20:29:24Z" duration="0.000996" asserts="10">
                  <properties />
                </test-case>
              </test-suite>
              <test-suite type="ParameterizedMethod" id="1483" name="TwoThreadsInterleavingFailuresShouldntStompASuccess" fullname="GVFS.UnitTests.Git.GitAuthenticationTests.TwoThreadsInterleavingFailuresShouldntStompASuccess" classname="GVFS.UnitTests.Git.GitAuthenticationTests" runstate="Runnable" testcasecount="1" result="Passed" start-time="2019-11-11 20:29:24Z" end-time="2019-11-11 20:29:24Z" duration="0.001188" total="1" passed="1" failed="0" warnings="0" inconclusive="0" skipped="0" asserts="15">
                <properties />
                <test-case id="1482" name="TwoThreadsInterleavingFailuresShouldntStompASuccess()" fullname="GVFS.UnitTests.Git.GitAuthenticationTests(True).TwoThreadsInterleavingFailuresShouldntStompASuccess()" methodname="TwoThreadsInterleavingFailuresShouldntStompASuccess" classname="GVFS.UnitTests.Git.GitAuthenticationTests" runstate="Runnable" seed="1661913193" result="Passed" start-time="2019-11-11 20:29:24Z" end-time="2019-11-11 20:29:24Z" duration="0.001148" asserts="15">
                  <properties />
                </test-case>
              </test-suite>
              <test-suite type="ParameterizedMethod" id="1481" name="TwoThreadsInterleavingFailuresStillRetriesOnce" fullname="GVFS.UnitTests.Git.GitAuthenticationTests.TwoThreadsInterleavingFailuresStillRetriesOnce" classname="GVFS.UnitTests.Git.GitAuthenticationTests" runstate="Runnable" testcasecount="1" result="Passed" start-time="2019-11-11 20:29:24Z" end-time="2019-11-11 20:29:24Z" duration="0.001163" total="1" passed="1" failed="0" warnings="0" inconclusive="0" skipped="0" asserts="12">
                <properties />
                <test-case id="1480" name="TwoThreadsInterleavingFailuresStillRetriesOnce()" fullname="GVFS.UnitTests.Git.GitAuthenticationTests(True).TwoThreadsInterleavingFailuresStillRetriesOnce()" methodname="TwoThreadsInterleavingFailuresStillRetriesOnce" classname="GVFS.UnitTests.Git.GitAuthenticationTests" runstate="Runnable" seed="399023951" result="Passed" start-time="2019-11-11 20:29:24Z" end-time="2019-11-11 20:29:24Z" duration="0.001124" asserts="12">
                  <properties />
                </test-case>
              </test-suite>
            </test-suite>
          </test-suite>
          <test-suite type="TestFixture" id="1506" name="GitProcessTests" fullname="GVFS.UnitTests.Git.GitProcessTests" classname="GVFS.UnitTests.Git.GitProcessTests" runstate="Runnable" testcasecount="21" result="Passed" start-time="2019-11-11 20:29:24Z" end-time="2019-11-11 20:29:24Z" duration="0.009816" total="21" passed="21" failed="0" warnings="0" inconclusive="0" skipped="0" asserts="42">
            <properties />
            <test-suite type="ParameterizedMethod" id="1542" name="ConfigResult_TryParseAsInt_DefaultWhenUnset" fullname="GVFS.UnitTests.Git.GitProcessTests.ConfigResult_TryParseAsInt_DefaultWhenUnset" classname="GVFS.UnitTests.Git.GitProcessTests" runstate="Runnable" testcasecount="1" result="Passed" start-time="2019-11-11 20:29:24Z" end-time="2019-11-11 20:29:24Z" duration="0.000508" total="1" passed="1" failed="0" warnings="0" inconclusive="0" skipped="0" asserts="2">
              <properties />
              <test-case id="1541" name="ConfigResult_TryParseAsInt_DefaultWhenUnset()" fullname="GVFS.UnitTests.Git.GitProcessTests.ConfigResult_TryParseAsInt_DefaultWhenUnset()" methodname="ConfigResult_TryParseAsInt_DefaultWhenUnset" classname="GVFS.UnitTests.Git.GitProcessTests" runstate="Runnable" seed="628474388" result="Passed" start-time="2019-11-11 20:29:24Z" end-time="2019-11-11 20:29:24Z" duration="0.000487" asserts="2">
                <properties />
              </test-case>
            </test-suite>
            <test-suite type="ParameterizedMethod" id="1540" name="ConfigResult_TryParseAsInt_FailsWithErrors" fullname="GVFS.UnitTests.Git.GitProcessTests.ConfigResult_TryParseAsInt_FailsWithErrors" classname="GVFS.UnitTests.Git.GitProcessTests" runstate="Runnable" testcasecount="1" result="Passed" start-time="2019-11-11 20:29:24Z" end-time="2019-11-11 20:29:24Z" duration="0.000264" total="1" passed="1" failed="0" warnings="0" inconclusive="0" skipped="0" asserts="1">
              <properties />
              <test-case id="1539" name="ConfigResult_TryParseAsInt_FailsWithErrors()" fullname="GVFS.UnitTests.Git.GitProcessTests.ConfigResult_TryParseAsInt_FailsWithErrors()" methodname="ConfigResult_TryParseAsInt_FailsWithErrors" classname="GVFS.UnitTests.Git.GitProcessTests" runstate="Runnable" seed="1422688712" result="Passed" start-time="2019-11-11 20:29:24Z" end-time="2019-11-11 20:29:24Z" duration="0.000242" asserts="1">
                <properties />
              </test-case>
            </test-suite>
            <test-suite type="ParameterizedMethod" id="1544" name="ConfigResult_TryParseAsInt_ParsesWhenNoError" fullname="GVFS.UnitTests.Git.GitProcessTests.ConfigResult_TryParseAsInt_ParsesWhenNoError" classname="GVFS.UnitTests.Git.GitProcessTests" runstate="Runnable" testcasecount="1" result="Passed" start-time="2019-11-11 20:29:24Z" end-time="2019-11-11 20:29:24Z" duration="0.000328" total="1" passed="1" failed="0" warnings="0" inconclusive="0" skipped="0" asserts="2">
              <properties />
              <test-case id="1543" name="ConfigResult_TryParseAsInt_ParsesWhenNoError()" fullname="GVFS.UnitTests.Git.GitProcessTests.ConfigResult_TryParseAsInt_ParsesWhenNoError()" methodname="ConfigResult_TryParseAsInt_ParsesWhenNoError" classname="GVFS.UnitTests.Git.GitProcessTests" runstate="Runnable" seed="1128905594" result="Passed" start-time="2019-11-11 20:29:24Z" end-time="2019-11-11 20:29:24Z" duration="0.000306" asserts="2">
                <properties />
              </test-case>
            </test-suite>
            <test-suite type="ParameterizedMethod" id="1548" name="ConfigResult_TryParseAsInt_ParsesWhenOutputIncludesWhitespace" fullname="GVFS.UnitTests.Git.GitProcessTests.ConfigResult_TryParseAsInt_ParsesWhenOutputIncludesWhitespace" classname="GVFS.UnitTests.Git.GitProcessTests" runstate="Runnable" testcasecount="1" result="Passed" start-time="2019-11-11 20:29:24Z" end-time="2019-11-11 20:29:24Z" duration="0.000380" total="1" passed="1" failed="0" warnings="0" inconclusive="0" skipped="0" asserts="2">
              <properties />
              <test-case id="1547" name="ConfigResult_TryParseAsInt_ParsesWhenOutputIncludesWhitespace()" fullname="GVFS.UnitTests.Git.GitProcessTests.ConfigResult_TryParseAsInt_ParsesWhenOutputIncludesWhitespace()" methodname="ConfigResult_TryParseAsInt_ParsesWhenOutputIncludesWhitespace" classname="GVFS.UnitTests.Git.GitProcessTests" runstate="Runnable" seed="132384901" result="Passed" start-time="2019-11-11 20:29:24Z" end-time="2019-11-11 20:29:24Z" duration="0.000357" asserts="2">
                <properties />
              </test-case>
            </test-suite>
            <test-suite type="ParameterizedMethod" id="1546" name="ConfigResult_TryParseAsInt_ParsesWhenWarnings" fullname="GVFS.UnitTests.Git.GitProcessTests.ConfigResult_TryParseAsInt_ParsesWhenWarnings" classname="GVFS.UnitTests.Git.GitProcessTests" runstate="Runnable" testcasecount="1" result="Passed" start-time="2019-11-11 20:29:24Z" end-time="2019-11-11 20:29:24Z" duration="0.000355" total="1" passed="1" failed="0" warnings="0" inconclusive="0" skipped="0" asserts="2">
              <properties />
              <test-case id="1545" name="ConfigResult_TryParseAsInt_ParsesWhenWarnings()" fullname="GVFS.UnitTests.Git.GitProcessTests.ConfigResult_TryParseAsInt_ParsesWhenWarnings()" methodname="ConfigResult_TryParseAsInt_ParsesWhenWarnings" classname="GVFS.UnitTests.Git.GitProcessTests" runstate="Runnable" seed="216212161" result="Passed" start-time="2019-11-11 20:29:24Z" end-time="2019-11-11 20:29:24Z" duration="0.000335" asserts="2">
                <properties />
              </test-case>
            </test-suite>
            <test-suite type="ParameterizedMethod" id="1528" name="ConfigResult_TryParseAsString_DefaultIsNull" fullname="GVFS.UnitTests.Git.GitProcessTests.ConfigResult_TryParseAsString_DefaultIsNull" classname="GVFS.UnitTests.Git.GitProcessTests" runstate="Runnable" testcasecount="1" result="Passed" start-time="2019-11-11 20:29:24Z" end-time="2019-11-11 20:29:24Z" duration="0.000963" total="1" passed="1" failed="0" warnings="0" inconclusive="0" skipped="0" asserts="2">
              <properties />
              <test-case id="1527" name="ConfigResult_TryParseAsString_DefaultIsNull()" fullname="GVFS.UnitTests.Git.GitProcessTests.ConfigResult_TryParseAsString_DefaultIsNull()" methodname="ConfigResult_TryParseAsString_DefaultIsNull" classname="GVFS.UnitTests.Git.GitProcessTests" runstate="Runnable" seed="905732879" result="Passed" start-time="2019-11-11 20:29:24Z" end-time="2019-11-11 20:29:24Z" duration="0.000941" asserts="2">
                <properties />
              </test-case>
            </test-suite>
            <test-suite type="ParameterizedMethod" id="1530" name="ConfigResult_TryParseAsString_FailsWhenErrors" fullname="GVFS.UnitTests.Git.GitProcessTests.ConfigResult_TryParseAsString_FailsWhenErrors" classname="GVFS.UnitTests.Git.GitProcessTests" runstate="Runnable" testcasecount="1" result="Passed" start-time="2019-11-11 20:29:24Z" end-time="2019-11-11 20:29:24Z" duration="0.000412" total="1" passed="1" failed="0" warnings="0" inconclusive="0" skipped="0" asserts="1">
              <properties />
              <test-case id="1529" name="ConfigResult_TryParseAsString_FailsWhenErrors()" fullname="GVFS.UnitTests.Git.GitProcessTests.ConfigResult_TryParseAsString_FailsWhenErrors()" methodname="ConfigResult_TryParseAsString_FailsWhenErrors" classname="GVFS.UnitTests.Git.GitProcessTests" runstate="Runnable" seed="770604831" result="Passed" start-time="2019-11-11 20:29:24Z" end-time="2019-11-11 20:29:24Z" duration="0.000386" asserts="1">
                <properties />
              </test-case>
            </test-suite>
            <test-suite type="ParameterizedMethod" id="1532" name="ConfigResult_TryParseAsString_NullWhenUnsetAndWarnings" fullname="GVFS.UnitTests.Git.GitProcessTests.ConfigResult_TryParseAsString_NullWhenUnsetAndWarnings" classname="GVFS.UnitTests.Git.GitProcessTests" runstate="Runnable" testcasecount="1" result="Passed" start-time="2019-11-11 20:29:24Z" end-time="2019-11-11 20:29:24Z" duration="0.000348" total="1" passed="1" failed="0" warnings="0" inconclusive="0" skipped="0" asserts="2">
              <properties />
              <test-case id="1531" name="ConfigResult_TryParseAsString_NullWhenUnsetAndWarnings()" fullname="GVFS.UnitTests.Git.GitProcessTests.ConfigResult_TryParseAsString_NullWhenUnsetAndWarnings()" methodname="ConfigResult_TryParseAsString_NullWhenUnsetAndWarnings" classname="GVFS.UnitTests.Git.GitProcessTests" runstate="Runnable" seed="1406167776" result="Passed" start-time="2019-11-11 20:29:24Z" end-time="2019-11-11 20:29:24Z" duration="0.000324" asserts="2">
                <properties />
              </test-case>
            </test-suite>
            <test-suite type="ParameterizedMethod" id="1538" name="ConfigResult_TryParseAsString_OverridesDefaultOnSuccess" fullname="GVFS.UnitTests.Git.GitProcessTests.ConfigResult_TryParseAsString_OverridesDefaultOnSuccess" classname="GVFS.UnitTests.Git.GitProcessTests" runstate="Runnable" testcasecount="1" result="Passed" start-time="2019-11-11 20:29:24Z" end-time="2019-11-11 20:29:24Z" duration="0.000281" total="1" passed="1" failed="0" warnings="0" inconclusive="0" skipped="0" asserts="2">
              <properties />
              <test-case id="1537" name="ConfigResult_TryParseAsString_OverridesDefaultOnSuccess()" fullname="GVFS.UnitTests.Git.GitProcessTests.ConfigResult_TryParseAsString_OverridesDefaultOnSuccess()" methodname="ConfigResult_TryParseAsString_OverridesDefaultOnSuccess" classname="GVFS.UnitTests.Git.GitProcessTests" runstate="Runnable" seed="1891542543" result="Passed" start-time="2019-11-11 20:29:24Z" end-time="2019-11-11 20:29:24Z" duration="0.000261" asserts="2">
                <properties />
              </test-case>
            </test-suite>
            <test-suite type="ParameterizedMethod" id="1534" name="ConfigResult_TryParseAsString_PassesThroughErrors" fullname="GVFS.UnitTests.Git.GitProcessTests.ConfigResult_TryParseAsString_PassesThroughErrors" classname="GVFS.UnitTests.Git.GitProcessTests" runstate="Runnable" testcasecount="1" result="Passed" start-time="2019-11-11 20:29:24Z" end-time="2019-11-11 20:29:24Z" duration="0.000447" total="1" passed="1" failed="0" warnings="0" inconclusive="0" skipped="0" asserts="2">
              <properties />
              <test-case id="1533" name="ConfigResult_TryParseAsString_PassesThroughErrors()" fullname="GVFS.UnitTests.Git.GitProcessTests.ConfigResult_TryParseAsString_PassesThroughErrors()" methodname="ConfigResult_TryParseAsString_PassesThroughErrors" classname="GVFS.UnitTests.Git.GitProcessTests" runstate="Runnable" seed="7063482" result="Passed" start-time="2019-11-11 20:29:24Z" end-time="2019-11-11 20:29:24Z" duration="0.000425" asserts="2">
                <properties />
              </test-case>
            </test-suite>
            <test-suite type="ParameterizedMethod" id="1536" name="ConfigResult_TryParseAsString_RespectsDefaultOnFailure" fullname="GVFS.UnitTests.Git.GitProcessTests.ConfigResult_TryParseAsString_RespectsDefaultOnFailure" classname="GVFS.UnitTests.Git.GitProcessTests" runstate="Runnable" testcasecount="1" result="Passed" start-time="2019-11-11 20:29:24Z" end-time="2019-11-11 20:29:24Z" duration="0.000337" total="1" passed="1" failed="0" warnings="0" inconclusive="0" skipped="0" asserts="2">
              <properties />
              <test-case id="1535" name="ConfigResult_TryParseAsString_RespectsDefaultOnFailure()" fullname="GVFS.UnitTests.Git.GitProcessTests.ConfigResult_TryParseAsString_RespectsDefaultOnFailure()" methodname="ConfigResult_TryParseAsString_RespectsDefaultOnFailure" classname="GVFS.UnitTests.Git.GitProcessTests" runstate="Runnable" seed="1738849511" result="Passed" start-time="2019-11-11 20:29:24Z" end-time="2019-11-11 20:29:24Z" duration="0.000313" asserts="2">
                <properties />
              </test-case>
            </test-suite>
            <test-suite type="ParameterizedMethod" id="1510" name="ResultHasNoErrors" fullname="GVFS.UnitTests.Git.GitProcessTests.ResultHasNoErrors" classname="GVFS.UnitTests.Git.GitProcessTests" runstate="Runnable" testcasecount="1" result="Passed" start-time="2019-11-11 20:29:24Z" end-time="2019-11-11 20:29:24Z" duration="0.000282" total="1" passed="1" failed="0" warnings="0" inconclusive="0" skipped="0" asserts="2">
              <properties />
              <test-case id="1509" name="ResultHasNoErrors()" fullname="GVFS.UnitTests.Git.GitProcessTests.ResultHasNoErrors()" methodname="ResultHasNoErrors" classname="GVFS.UnitTests.Git.GitProcessTests" runstate="Runnable" seed="371988089" result="Passed" start-time="2019-11-11 20:29:24Z" end-time="2019-11-11 20:29:24Z" duration="0.000260" asserts="2">
                <properties />
              </test-case>
            </test-suite>
            <test-suite type="ParameterizedMethod" id="1522" name="ResultHasNonWarningErrors_Multiline_AllErrors" fullname="GVFS.UnitTests.Git.GitProcessTests.ResultHasNonWarningErrors_Multiline_AllErrors" classname="GVFS.UnitTests.Git.GitProcessTests" runstate="Runnable" testcasecount="1" result="Passed" start-time="2019-11-11 20:29:24Z" end-time="2019-11-11 20:29:24Z" duration="0.000527" total="1" passed="1" failed="0" warnings="0" inconclusive="0" skipped="0" asserts="2">
              <properties />
              <test-case id="1521" name="ResultHasNonWarningErrors_Multiline_AllErrors()" fullname="GVFS.UnitTests.Git.GitProcessTests.ResultHasNonWarningErrors_Multiline_AllErrors()" methodname="ResultHasNonWarningErrors_Multiline_AllErrors" classname="GVFS.UnitTests.Git.GitProcessTests" runstate="Runnable" seed="1537876824" result="Passed" start-time="2019-11-11 20:29:24Z" end-time="2019-11-11 20:29:24Z" duration="0.000503" asserts="2">
                <properties />
              </test-case>
            </test-suite>
            <test-suite type="ParameterizedMethod" id="1516" name="ResultHasNonWarningErrors_Multiline_AllWarnings" fullname="GVFS.UnitTests.Git.GitProcessTests.ResultHasNonWarningErrors_Multiline_AllWarnings" classname="GVFS.UnitTests.Git.GitProcessTests" runstate="Runnable" testcasecount="1" result="Passed" start-time="2019-11-11 20:29:24Z" end-time="2019-11-11 20:29:24Z" duration="0.000360" total="1" passed="1" failed="0" warnings="0" inconclusive="0" skipped="0" asserts="2">
              <properties />
              <test-case id="1515" name="ResultHasNonWarningErrors_Multiline_AllWarnings()" fullname="GVFS.UnitTests.Git.GitProcessTests.ResultHasNonWarningErrors_Multiline_AllWarnings()" methodname="ResultHasNonWarningErrors_Multiline_AllWarnings" classname="GVFS.UnitTests.Git.GitProcessTests" runstate="Runnable" seed="1454648411" result="Passed" start-time="2019-11-11 20:29:24Z" end-time="2019-11-11 20:29:24Z" duration="0.000336" asserts="2">
                <properties />
              </test-case>
            </test-suite>
            <test-suite type="ParameterizedMethod" id="1518" name="ResultHasNonWarningErrors_Multiline_EmptyLines" fullname="GVFS.UnitTests.Git.GitProcessTests.ResultHasNonWarningErrors_Multiline_EmptyLines" classname="GVFS.UnitTests.Git.GitProcessTests" runstate="Runnable" testcasecount="1" result="Passed" start-time="2019-11-11 20:29:24Z" end-time="2019-11-11 20:29:24Z" duration="0.000415" total="1" passed="1" failed="0" warnings="0" inconclusive="0" skipped="0" asserts="2">
              <properties />
              <test-case id="1517" name="ResultHasNonWarningErrors_Multiline_EmptyLines()" fullname="GVFS.UnitTests.Git.GitProcessTests.ResultHasNonWarningErrors_Multiline_EmptyLines()" methodname="ResultHasNonWarningErrors_Multiline_EmptyLines" classname="GVFS.UnitTests.Git.GitProcessTests" runstate="Runnable" seed="1670766018" result="Passed" start-time="2019-11-11 20:29:24Z" end-time="2019-11-11 20:29:24Z" duration="0.000392" asserts="2">
                <properties />
              </test-case>
            </test-suite>
            <test-suite type="ParameterizedMethod" id="1524" name="ResultHasNonWarningErrors_Multiline_ErrorsAndWarnings" fullname="GVFS.UnitTests.Git.GitProcessTests.ResultHasNonWarningErrors_Multiline_ErrorsAndWarnings" classname="GVFS.UnitTests.Git.GitProcessTests" runstate="Runnable" testcasecount="1" result="Passed" start-time="2019-11-11 20:29:24Z" end-time="2019-11-11 20:29:24Z" duration="0.000319" total="1" passed="1" failed="0" warnings="0" inconclusive="0" skipped="0" asserts="2">
              <properties />
              <test-case id="1523" name="ResultHasNonWarningErrors_Multiline_ErrorsAndWarnings()" fullname="GVFS.UnitTests.Git.GitProcessTests.ResultHasNonWarningErrors_Multiline_ErrorsAndWarnings()" methodname="ResultHasNonWarningErrors_Multiline_ErrorsAndWarnings" classname="GVFS.UnitTests.Git.GitProcessTests" runstate="Runnable" seed="241301020" result="Passed" start-time="2019-11-11 20:29:24Z" end-time="2019-11-11 20:29:24Z" duration="0.000296" asserts="2">
                <properties />
              </test-case>
            </test-suite>
            <test-suite type="ParameterizedMethod" id="1520" name="ResultHasNonWarningErrors_Singleline_AllErrors" fullname="GVFS.UnitTests.Git.GitProcessTests.ResultHasNonWarningErrors_Singleline_AllErrors" classname="GVFS.UnitTests.Git.GitProcessTests" runstate="Runnable" testcasecount="1" result="Passed" start-time="2019-11-11 20:29:24Z" end-time="2019-11-11 20:29:24Z" duration="0.000255" total="1" passed="1" failed="0" warnings="0" inconclusive="0" skipped="0" asserts="2">
              <properties />
              <test-case id="1519" name="ResultHasNonWarningErrors_Singleline_AllErrors()" fullname="GVFS.UnitTests.Git.GitProcessTests.ResultHasNonWarningErrors_Singleline_AllErrors()" methodname="ResultHasNonWarningErrors_Singleline_AllErrors" classname="GVFS.UnitTests.Git.GitProcessTests" runstate="Runnable" seed="788004755" result="Passed" start-time="2019-11-11 20:29:24Z" end-time="2019-11-11 20:29:24Z" duration="0.000234" asserts="2">
                <properties />
              </test-case>
            </test-suite>
            <test-suite type="ParameterizedMethod" id="1514" name="ResultHasNonWarningErrors_SingleLine_AllWarnings" fullname="GVFS.UnitTests.Git.GitProcessTests.ResultHasNonWarningErrors_SingleLine_AllWarnings" classname="GVFS.UnitTests.Git.GitProcessTests" runstate="Runnable" testcasecount="1" result="Passed" start-time="2019-11-11 20:29:24Z" end-time="2019-11-11 20:29:24Z" duration="0.000320" total="1" passed="1" failed="0" warnings="0" inconclusive="0" skipped="0" asserts="2">
              <properties />
              <test-case id="1513" name="ResultHasNonWarningErrors_SingleLine_AllWarnings()" fullname="GVFS.UnitTests.Git.GitProcessTests.ResultHasNonWarningErrors_SingleLine_AllWarnings()" methodname="ResultHasNonWarningErrors_SingleLine_AllWarnings" classname="GVFS.UnitTests.Git.GitProcessTests" runstate="Runnable" seed="141934232" result="Passed" start-time="2019-11-11 20:29:24Z" end-time="2019-11-11 20:29:24Z" duration="0.000297" asserts="2">
                <properties />
              </test-case>
            </test-suite>
            <test-suite type="ParameterizedMethod" id="1526" name="ResultHasNonWarningErrors_TrailingWhitespace_Warning" fullname="GVFS.UnitTests.Git.GitProcessTests.ResultHasNonWarningErrors_TrailingWhitespace_Warning" classname="GVFS.UnitTests.Git.GitProcessTests" runstate="Runnable" testcasecount="1" result="Passed" start-time="2019-11-11 20:29:24Z" end-time="2019-11-11 20:29:24Z" duration="0.000345" total="1" passed="1" failed="0" warnings="0" inconclusive="0" skipped="0" asserts="2">
              <properties />
              <test-case id="1525" name="ResultHasNonWarningErrors_TrailingWhitespace_Warning()" fullname="GVFS.UnitTests.Git.GitProcessTests.ResultHasNonWarningErrors_TrailingWhitespace_Warning()" methodname="ResultHasNonWarningErrors_TrailingWhitespace_Warning" classname="GVFS.UnitTests.Git.GitProcessTests" runstate="Runnable" seed="1592717315" result="Passed" start-time="2019-11-11 20:29:24Z" end-time="2019-11-11 20:29:24Z" duration="0.000322" asserts="2">
                <properties />
              </test-case>
            </test-suite>
            <test-suite type="ParameterizedMethod" id="1512" name="ResultHasWarnings" fullname="GVFS.UnitTests.Git.GitProcessTests.ResultHasWarnings" classname="GVFS.UnitTests.Git.GitProcessTests" runstate="Runnable" testcasecount="1" result="Passed" start-time="2019-11-11 20:29:24Z" end-time="2019-11-11 20:29:24Z" duration="0.000254" total="1" passed="1" failed="0" warnings="0" inconclusive="0" skipped="0" asserts="2">
              <properties />
              <test-case id="1511" name="ResultHasWarnings()" fullname="GVFS.UnitTests.Git.GitProcessTests.ResultHasWarnings()" methodname="ResultHasWarnings" classname="GVFS.UnitTests.Git.GitProcessTests" runstate="Runnable" seed="387947798" result="Passed" start-time="2019-11-11 20:29:24Z" end-time="2019-11-11 20:29:24Z" duration="0.000235" asserts="2">
                <properties />
              </test-case>
            </test-suite>
            <test-suite type="ParameterizedMethod" id="1508" name="TryKillRunningProcess_NeverRan" fullname="GVFS.UnitTests.Git.GitProcessTests.TryKillRunningProcess_NeverRan" classname="GVFS.UnitTests.Git.GitProcessTests" runstate="Runnable" testcasecount="1" result="Passed" start-time="2019-11-11 20:29:24Z" end-time="2019-11-11 20:29:24Z" duration="0.001944" total="1" passed="1" failed="0" warnings="0" inconclusive="0" skipped="0" asserts="4">
              <properties />
              <test-case id="1507" name="TryKillRunningProcess_NeverRan()" fullname="GVFS.UnitTests.Git.GitProcessTests.TryKillRunningProcess_NeverRan()" methodname="TryKillRunningProcess_NeverRan" classname="GVFS.UnitTests.Git.GitProcessTests" runstate="Runnable" seed="1552024680" result="Passed" start-time="2019-11-11 20:29:24Z" end-time="2019-11-11 20:29:24Z" duration="0.001923" asserts="4">
                <properties />
              </test-case>
            </test-suite>
          </test-suite>
          <test-suite type="TestFixture" id="1549" name="GVFSGitObjectsTests" fullname="GVFS.UnitTests.Git.GVFSGitObjectsTests" classname="GVFS.UnitTests.Git.GVFSGitObjectsTests" runstate="Runnable" testcasecount="6" result="Passed" start-time="2019-11-11 20:29:24Z" end-time="2019-11-11 20:29:25Z" duration="0.168848" total="6" passed="6" failed="0" warnings="0" inconclusive="0" skipped="0" asserts="6">
            <properties />
            <test-suite type="ParameterizedMethod" id="1551" name="CatchesFileNotFoundAfterFileDeleted" fullname="GVFS.UnitTests.Git.GVFSGitObjectsTests.CatchesFileNotFoundAfterFileDeleted" classname="GVFS.UnitTests.Git.GVFSGitObjectsTests" runstate="Runnable" testcasecount="1" result="Passed" start-time="2019-11-11 20:29:24Z" end-time="2019-11-11 20:29:25Z" duration="0.139298" total="1" passed="1" failed="0" warnings="0" inconclusive="0" skipped="0" asserts="1">
              <properties>
                <property name="Category" value="ExceptionExpected" />
              </properties>
              <test-case id="1550" name="CatchesFileNotFoundAfterFileDeleted()" fullname="GVFS.UnitTests.Git.GVFSGitObjectsTests.CatchesFileNotFoundAfterFileDeleted()" methodname="CatchesFileNotFoundAfterFileDeleted" classname="GVFS.UnitTests.Git.GVFSGitObjectsTests" runstate="Runnable" seed="31813406" result="Passed" start-time="2019-11-11 20:29:24Z" end-time="2019-11-11 20:29:25Z" duration="0.139187" asserts="1">
                <properties />
              </test-case>
            </test-suite>
            <test-suite type="ParameterizedMethod" id="1557" name="FailsNullByteLooseObjectsDownloads" fullname="GVFS.UnitTests.Git.GVFSGitObjectsTests.FailsNullByteLooseObjectsDownloads" classname="GVFS.UnitTests.Git.GVFSGitObjectsTests" runstate="Runnable" testcasecount="1" result="Passed" start-time="2019-11-11 20:29:25Z" end-time="2019-11-11 20:29:25Z" duration="0.008123" total="1" passed="1" failed="0" warnings="0" inconclusive="0" skipped="0" asserts="1">
              <properties>
                <property name="Category" value="ExceptionExpected" />
              </properties>
              <test-case id="1556" name="FailsNullByteLooseObjectsDownloads()" fullname="GVFS.UnitTests.Git.GVFSGitObjectsTests.FailsNullByteLooseObjectsDownloads()" methodname="FailsNullByteLooseObjectsDownloads" classname="GVFS.UnitTests.Git.GVFSGitObjectsTests" runstate="Runnable" seed="1604539276" result="Passed" start-time="2019-11-11 20:29:25Z" end-time="2019-11-11 20:29:25Z" duration="0.008077" asserts="1">
                <properties />
              </test-case>
            </test-suite>
            <test-suite type="ParameterizedMethod" id="1561" name="FailsNullBytePackDownloads" fullname="GVFS.UnitTests.Git.GVFSGitObjectsTests.FailsNullBytePackDownloads" classname="GVFS.UnitTests.Git.GVFSGitObjectsTests" runstate="Runnable" testcasecount="1" result="Passed" start-time="2019-11-11 20:29:25Z" end-time="2019-11-11 20:29:25Z" duration="0.007897" total="1" passed="1" failed="0" warnings="0" inconclusive="0" skipped="0" asserts="1">
              <properties>
                <property name="Category" value="ExceptionExpected" />
              </properties>
              <test-case id="1560" name="FailsNullBytePackDownloads()" fullname="GVFS.UnitTests.Git.GVFSGitObjectsTests.FailsNullBytePackDownloads()" methodname="FailsNullBytePackDownloads" classname="GVFS.UnitTests.Git.GVFSGitObjectsTests" runstate="Runnable" seed="1503905111" result="Passed" start-time="2019-11-11 20:29:25Z" end-time="2019-11-11 20:29:25Z" duration="0.007772" asserts="1">
                <properties />
              </test-case>
            </test-suite>
            <test-suite type="ParameterizedMethod" id="1555" name="FailsZeroByteLooseObjectsDownloads" fullname="GVFS.UnitTests.Git.GVFSGitObjectsTests.FailsZeroByteLooseObjectsDownloads" classname="GVFS.UnitTests.Git.GVFSGitObjectsTests" runstate="Runnable" testcasecount="1" result="Passed" start-time="2019-11-11 20:29:25Z" end-time="2019-11-11 20:29:25Z" duration="0.004208" total="1" passed="1" failed="0" warnings="0" inconclusive="0" skipped="0" asserts="1">
              <properties>
                <property name="Category" value="ExceptionExpected" />
              </properties>
              <test-case id="1554" name="FailsZeroByteLooseObjectsDownloads()" fullname="GVFS.UnitTests.Git.GVFSGitObjectsTests.FailsZeroByteLooseObjectsDownloads()" methodname="FailsZeroByteLooseObjectsDownloads" classname="GVFS.UnitTests.Git.GVFSGitObjectsTests" runstate="Runnable" seed="1032456518" result="Passed" start-time="2019-11-11 20:29:25Z" end-time="2019-11-11 20:29:25Z" duration="0.004170" asserts="1">
                <properties />
              </test-case>
            </test-suite>
            <test-suite type="ParameterizedMethod" id="1559" name="FailsZeroBytePackDownloads" fullname="GVFS.UnitTests.Git.GVFSGitObjectsTests.FailsZeroBytePackDownloads" classname="GVFS.UnitTests.Git.GVFSGitObjectsTests" runstate="Runnable" testcasecount="1" result="Passed" start-time="2019-11-11 20:29:25Z" end-time="2019-11-11 20:29:25Z" duration="0.004044" total="1" passed="1" failed="0" warnings="0" inconclusive="0" skipped="0" asserts="1">
              <properties>
                <property name="Category" value="ExceptionExpected" />
              </properties>
              <test-case id="1558" name="FailsZeroBytePackDownloads()" fullname="GVFS.UnitTests.Git.GVFSGitObjectsTests.FailsZeroBytePackDownloads()" methodname="FailsZeroBytePackDownloads" classname="GVFS.UnitTests.Git.GVFSGitObjectsTests" runstate="Runnable" seed="1161818987" result="Passed" start-time="2019-11-11 20:29:25Z" end-time="2019-11-11 20:29:25Z" duration="0.003981" asserts="1">
                <properties />
              </test-case>
            </test-suite>
            <test-suite type="ParameterizedMethod" id="1553" name="SucceedsForNormalLookingLooseObjectDownloads" fullname="GVFS.UnitTests.Git.GVFSGitObjectsTests.SucceedsForNormalLookingLooseObjectDownloads" classname="GVFS.UnitTests.Git.GVFSGitObjectsTests" runstate="Runnable" testcasecount="1" result="Passed" start-time="2019-11-11 20:29:25Z" end-time="2019-11-11 20:29:25Z" duration="0.005136" total="1" passed="1" failed="0" warnings="0" inconclusive="0" skipped="0" asserts="1">
              <properties />
              <test-case id="1552" name="SucceedsForNormalLookingLooseObjectDownloads()" fullname="GVFS.UnitTests.Git.GVFSGitObjectsTests.SucceedsForNormalLookingLooseObjectDownloads()" methodname="SucceedsForNormalLookingLooseObjectDownloads" classname="GVFS.UnitTests.Git.GVFSGitObjectsTests" runstate="Runnable" seed="2007645552" result="Passed" start-time="2019-11-11 20:29:25Z" end-time="2019-11-11 20:29:25Z" duration="0.005080" asserts="1">
                <properties />
              </test-case>
            </test-suite>
          </test-suite>
        </test-suite>
        <test-suite type="TestSuite" id="2192" name="Maintenance" fullname="GVFS.UnitTests.Maintenance" runstate="Runnable" testcasecount="27" result="Passed" start-time="2019-11-11 20:29:15Z" end-time="2019-11-11 20:29:25Z" duration="10.430890" total="27" passed="27" failed="0" warnings="0" inconclusive="0" skipped="0" asserts="197">
          <properties />
          <test-suite type="TestFixture" id="1412" name="GitMaintenanceQueueTests" fullname="GVFS.UnitTests.Maintenance.GitMaintenanceQueueTests" classname="GVFS.UnitTests.Maintenance.GitMaintenanceQueueTests" runstate="Runnable" testcasecount="4" result="Passed" start-time="2019-11-11 20:29:25Z" end-time="2019-11-11 20:29:25Z" duration="0.528197" total="4" passed="4" failed="0" warnings="0" inconclusive="0" skipped="0" asserts="14">
            <properties />
            <test-suite type="ParameterizedMethod" id="1414" name="GitMaintenanceQueueEnlistmentRootReady" fullname="GVFS.UnitTests.Maintenance.GitMaintenanceQueueTests.GitMaintenanceQueueEnlistmentRootReady" classname="GVFS.UnitTests.Maintenance.GitMaintenanceQueueTests" runstate="Runnable" testcasecount="1" result="Passed" start-time="2019-11-11 20:29:25Z" end-time="2019-11-11 20:29:25Z" duration="0.004396" total="1" passed="1" failed="0" warnings="0" inconclusive="0" skipped="0" asserts="5">
              <properties />
              <test-case id="1413" name="GitMaintenanceQueueEnlistmentRootReady()" fullname="GVFS.UnitTests.Maintenance.GitMaintenanceQueueTests.GitMaintenanceQueueEnlistmentRootReady()" methodname="GitMaintenanceQueueEnlistmentRootReady" classname="GVFS.UnitTests.Maintenance.GitMaintenanceQueueTests" runstate="Runnable" seed="1418345406" result="Passed" start-time="2019-11-11 20:29:25Z" end-time="2019-11-11 20:29:25Z" duration="0.004363" asserts="5">
                <properties />
              </test-case>
            </test-suite>
            <test-suite type="ParameterizedMethod" id="1416" name="GitMaintenanceQueueHandlesTwoJobs" fullname="GVFS.UnitTests.Maintenance.GitMaintenanceQueueTests.GitMaintenanceQueueHandlesTwoJobs" classname="GVFS.UnitTests.Maintenance.GitMaintenanceQueueTests" runstate="Runnable" testcasecount="1" result="Passed" start-time="2019-11-11 20:29:25Z" end-time="2019-11-11 20:29:25Z" duration="0.006478" total="1" passed="1" failed="0" warnings="0" inconclusive="0" skipped="0" asserts="4">
              <properties />
              <test-case id="1415" name="GitMaintenanceQueueHandlesTwoJobs()" fullname="GVFS.UnitTests.Maintenance.GitMaintenanceQueueTests.GitMaintenanceQueueHandlesTwoJobs()" methodname="GitMaintenanceQueueHandlesTwoJobs" classname="GVFS.UnitTests.Maintenance.GitMaintenanceQueueTests" runstate="Runnable" seed="564732468" result="Passed" start-time="2019-11-11 20:29:25Z" end-time="2019-11-11 20:29:25Z" duration="0.006446" asserts="4">
                <properties />
              </test-case>
            </test-suite>
            <test-suite type="ParameterizedMethod" id="1420" name="GitMaintenanceQueueStopsJob" fullname="GVFS.UnitTests.Maintenance.GitMaintenanceQueueTests.GitMaintenanceQueueStopsJob" classname="GVFS.UnitTests.Maintenance.GitMaintenanceQueueTests" runstate="Runnable" testcasecount="1" result="Passed" start-time="2019-11-11 20:29:25Z" end-time="2019-11-11 20:29:25Z" duration="0.502032" total="1" passed="1" failed="0" warnings="0" inconclusive="0" skipped="0" asserts="4">
              <properties />
              <test-case id="1419" name="GitMaintenanceQueueStopsJob()" fullname="GVFS.UnitTests.Maintenance.GitMaintenanceQueueTests.GitMaintenanceQueueStopsJob()" methodname="GitMaintenanceQueueStopsJob" classname="GVFS.UnitTests.Maintenance.GitMaintenanceQueueTests" runstate="Runnable" seed="640620601" result="Passed" start-time="2019-11-11 20:29:25Z" end-time="2019-11-11 20:29:25Z" duration="0.501979" asserts="4">
                <properties />
              </test-case>
            </test-suite>
            <test-suite type="ParameterizedMethod" id="1418" name="GitMaintenanceQueueStopSuceedsWhenQueueIsEmpty" fullname="GVFS.UnitTests.Maintenance.GitMaintenanceQueueTests.GitMaintenanceQueueStopSuceedsWhenQueueIsEmpty" classname="GVFS.UnitTests.Maintenance.GitMaintenanceQueueTests" runstate="Runnable" testcasecount="1" result="Passed" start-time="2019-11-11 20:29:25Z" end-time="2019-11-11 20:29:25Z" duration="0.015145" total="1" passed="1" failed="0" warnings="0" inconclusive="0" skipped="0" asserts="1">
              <properties />
              <test-case id="1417" name="GitMaintenanceQueueStopSuceedsWhenQueueIsEmpty()" fullname="GVFS.UnitTests.Maintenance.GitMaintenanceQueueTests.GitMaintenanceQueueStopSuceedsWhenQueueIsEmpty()" methodname="GitMaintenanceQueueStopSuceedsWhenQueueIsEmpty" classname="GVFS.UnitTests.Maintenance.GitMaintenanceQueueTests" runstate="Runnable" seed="348102205" result="Passed" start-time="2019-11-11 20:29:25Z" end-time="2019-11-11 20:29:25Z" duration="0.015019" asserts="1">
                <properties />
              </test-case>
            </test-suite>
          </test-suite>
          <test-suite type="TestFixture" id="1421" name="GitMaintenanceStepTests" fullname="GVFS.UnitTests.Maintenance.GitMaintenanceStepTests" classname="GVFS.UnitTests.Maintenance.GitMaintenanceStepTests" runstate="Runnable" testcasecount="4" result="Passed" start-time="2019-11-11 20:29:25Z" end-time="2019-11-11 20:29:25Z" duration="0.014696" total="4" passed="4" failed="0" warnings="0" inconclusive="0" skipped="0" asserts="8">
            <properties />
            <test-suite type="ParameterizedMethod" id="1423" name="GitMaintenanceStepRunsGitAction" fullname="GVFS.UnitTests.Maintenance.GitMaintenanceStepTests.GitMaintenanceStepRunsGitAction" classname="GVFS.UnitTests.Maintenance.GitMaintenanceStepTests" runstate="Runnable" testcasecount="1" result="Passed" start-time="2019-11-11 20:29:25Z" end-time="2019-11-11 20:29:25Z" duration="0.004686" total="1" passed="1" failed="0" warnings="0" inconclusive="0" skipped="0" asserts="2">
              <properties />
              <test-case id="1422" name="GitMaintenanceStepRunsGitAction()" fullname="GVFS.UnitTests.Maintenance.GitMaintenanceStepTests.GitMaintenanceStepRunsGitAction()" methodname="GitMaintenanceStepRunsGitAction" classname="GVFS.UnitTests.Maintenance.GitMaintenanceStepTests" runstate="Runnable" seed="1503589558" result="Passed" start-time="2019-11-11 20:29:25Z" end-time="2019-11-11 20:29:25Z" duration="0.004653" asserts="2">
                <properties />
              </test-case>
            </test-suite>
            <test-suite type="ParameterizedMethod" id="1425" name="GitMaintenanceStepSkipsGitActionAfterStop" fullname="GVFS.UnitTests.Maintenance.GitMaintenanceStepTests.GitMaintenanceStepSkipsGitActionAfterStop" classname="GVFS.UnitTests.Maintenance.GitMaintenanceStepTests" runstate="Runnable" testcasecount="1" result="Passed" start-time="2019-11-11 20:29:25Z" end-time="2019-11-11 20:29:25Z" duration="0.001273" total="1" passed="1" failed="0" warnings="0" inconclusive="0" skipped="0" asserts="2">
              <properties>
                <property name="Category" value="ExceptionExpected" />
              </properties>
              <test-case id="1424" name="GitMaintenanceStepSkipsGitActionAfterStop()" fullname="GVFS.UnitTests.Maintenance.GitMaintenanceStepTests.GitMaintenanceStepSkipsGitActionAfterStop()" methodname="GitMaintenanceStepSkipsGitActionAfterStop" classname="GVFS.UnitTests.Maintenance.GitMaintenanceStepTests" runstate="Runnable" seed="114399561" result="Passed" start-time="2019-11-11 20:29:25Z" end-time="2019-11-11 20:29:25Z" duration="0.001240" asserts="2">
                <properties />
              </test-case>
            </test-suite>
            <test-suite type="ParameterizedMethod" id="1427" name="GitMaintenanceStepSkipsRunGitCommandAfterStop" fullname="GVFS.UnitTests.Maintenance.GitMaintenanceStepTests.GitMaintenanceStepSkipsRunGitCommandAfterStop" classname="GVFS.UnitTests.Maintenance.GitMaintenanceStepTests" runstate="Runnable" testcasecount="1" result="Passed" start-time="2019-11-11 20:29:25Z" end-time="2019-11-11 20:29:25Z" duration="0.002490" total="1" passed="1" failed="0" warnings="0" inconclusive="0" skipped="0" asserts="2">
              <properties>
                <property name="Category" value="ExceptionExpected" />
              </properties>
              <test-case id="1426" name="GitMaintenanceStepSkipsRunGitCommandAfterStop()" fullname="GVFS.UnitTests.Maintenance.GitMaintenanceStepTests.GitMaintenanceStepSkipsRunGitCommandAfterStop()" methodname="GitMaintenanceStepSkipsRunGitCommandAfterStop" classname="GVFS.UnitTests.Maintenance.GitMaintenanceStepTests" runstate="Runnable" seed="1399590972" result="Passed" start-time="2019-11-11 20:29:25Z" end-time="2019-11-11 20:29:25Z" duration="0.002433" asserts="2">
                <properties />
              </test-case>
            </test-suite>
            <test-suite type="ParameterizedMethod" id="1429" name="GitMaintenanceStepThrowsIfStoppedDuringGitCommand" fullname="GVFS.UnitTests.Maintenance.GitMaintenanceStepTests.GitMaintenanceStepThrowsIfStoppedDuringGitCommand" classname="GVFS.UnitTests.Maintenance.GitMaintenanceStepTests" runstate="Runnable" testcasecount="1" result="Passed" start-time="2019-11-11 20:29:25Z" end-time="2019-11-11 20:29:25Z" duration="0.006123" total="1" passed="1" failed="0" warnings="0" inconclusive="0" skipped="0" asserts="2">
              <properties>
                <property name="Category" value="ExceptionExpected" />
              </properties>
              <test-case id="1428" name="GitMaintenanceStepThrowsIfStoppedDuringGitCommand()" fullname="GVFS.UnitTests.Maintenance.GitMaintenanceStepTests.GitMaintenanceStepThrowsIfStoppedDuringGitCommand()" methodname="GitMaintenanceStepThrowsIfStoppedDuringGitCommand" classname="GVFS.UnitTests.Maintenance.GitMaintenanceStepTests" runstate="Runnable" seed="1886668990" result="Passed" start-time="2019-11-11 20:29:25Z" end-time="2019-11-11 20:29:25Z" duration="0.006040" asserts="2">
                <properties />
              </test-case>
            </test-suite>
          </test-suite>
          <test-suite type="TestFixture" id="1430" name="LooseObjectStepTests" fullname="GVFS.UnitTests.Maintenance.LooseObjectStepTests" classname="GVFS.UnitTests.Maintenance.LooseObjectStepTests" runstate="Runnable" testcasecount="9" result="Passed" start-time="2019-11-11 20:29:25Z" end-time="2019-11-11 20:29:25Z" duration="0.052997" total="9" passed="9" failed="0" warnings="0" inconclusive="0" skipped="0" asserts="71">
            <properties />
            <test-suite type="ParameterizedMethod" id="1448" name="LooseObjectFileName" fullname="GVFS.UnitTests.Maintenance.LooseObjectStepTests.LooseObjectFileName" classname="GVFS.UnitTests.Maintenance.LooseObjectStepTests" runstate="Runnable" testcasecount="1" result="Passed" start-time="2019-11-11 20:29:25Z" end-time="2019-11-11 20:29:25Z" duration="0.007163" total="1" passed="1" failed="0" warnings="0" inconclusive="0" skipped="0" asserts="1">
              <properties />
              <test-case id="1447" name="LooseObjectFileName()" fullname="GVFS.UnitTests.Maintenance.LooseObjectStepTests.LooseObjectFileName()" methodname="LooseObjectFileName" classname="GVFS.UnitTests.Maintenance.LooseObjectStepTests" runstate="Runnable" seed="1816265821" result="Passed" start-time="2019-11-11 20:29:25Z" end-time="2019-11-11 20:29:25Z" duration="0.007135" asserts="1">
                <properties />
              </test-case>
            </test-suite>
            <test-suite type="ParameterizedMethod" id="1446" name="LooseObjectId" fullname="GVFS.UnitTests.Maintenance.LooseObjectStepTests.LooseObjectId" classname="GVFS.UnitTests.Maintenance.LooseObjectStepTests" runstate="Runnable" testcasecount="1" result="Passed" start-time="2019-11-11 20:29:25Z" end-time="2019-11-11 20:29:25Z" duration="0.002811" total="1" passed="1" failed="0" warnings="0" inconclusive="0" skipped="0" asserts="3">
              <properties />
              <test-case id="1445" name="LooseObjectId()" fullname="GVFS.UnitTests.Maintenance.LooseObjectStepTests.LooseObjectId()" methodname="LooseObjectId" classname="GVFS.UnitTests.Maintenance.LooseObjectStepTests" runstate="Runnable" seed="466407290" result="Passed" start-time="2019-11-11 20:29:25Z" end-time="2019-11-11 20:29:25Z" duration="0.002764" asserts="3">
                <properties />
              </test-case>
            </test-suite>
            <test-suite type="ParameterizedMethod" id="1444" name="LooseObjectsCount" fullname="GVFS.UnitTests.Maintenance.LooseObjectStepTests.LooseObjectsCount" classname="GVFS.UnitTests.Maintenance.LooseObjectStepTests" runstate="Runnable" testcasecount="1" result="Passed" start-time="2019-11-11 20:29:25Z" end-time="2019-11-11 20:29:25Z" duration="0.008628" total="1" passed="1" failed="0" warnings="0" inconclusive="0" skipped="0" asserts="5">
              <properties />
              <test-case id="1443" name="LooseObjectsCount()" fullname="GVFS.UnitTests.Maintenance.LooseObjectStepTests.LooseObjectsCount()" methodname="LooseObjectsCount" classname="GVFS.UnitTests.Maintenance.LooseObjectStepTests" runstate="Runnable" seed="134131053" result="Passed" start-time="2019-11-11 20:29:25Z" end-time="2019-11-11 20:29:25Z" duration="0.008595" asserts="5">
                <properties />
              </test-case>
            </test-suite>
            <test-suite type="ParameterizedMethod" id="1438" name="LooseObjectsFailGitProcessIds" fullname="GVFS.UnitTests.Maintenance.LooseObjectStepTests.LooseObjectsFailGitProcessIds" classname="GVFS.UnitTests.Maintenance.LooseObjectStepTests" runstate="Runnable" testcasecount="1" result="Passed" start-time="2019-11-11 20:29:25Z" end-time="2019-11-11 20:29:25Z" duration="0.012943" total="1" passed="1" failed="0" warnings="0" inconclusive="0" skipped="0" asserts="3">
              <properties />
              <test-case id="1437" name="LooseObjectsFailGitProcessIds()" fullname="GVFS.UnitTests.Maintenance.LooseObjectStepTests.LooseObjectsFailGitProcessIds()" methodname="LooseObjectsFailGitProcessIds" classname="GVFS.UnitTests.Maintenance.LooseObjectStepTests" runstate="Runnable" seed="1571074445" result="Passed" start-time="2019-11-11 20:29:25Z" end-time="2019-11-11 20:29:25Z" duration="0.012906" asserts="3">
                <properties />
              </test-case>
            </test-suite>
            <test-suite type="ParameterizedMethod" id="1434" name="LooseObjectsFailTimeRestriction" fullname="GVFS.UnitTests.Maintenance.LooseObjectStepTests.LooseObjectsFailTimeRestriction" classname="GVFS.UnitTests.Maintenance.LooseObjectStepTests" runstate="Runnable" testcasecount="1" result="Passed" start-time="2019-11-11 20:29:25Z" end-time="2019-11-11 20:29:25Z" duration="0.002551" total="1" passed="1" failed="0" warnings="0" inconclusive="0" skipped="0" asserts="3">
              <properties />
              <test-case id="1433" name="LooseObjectsFailTimeRestriction()" fullname="GVFS.UnitTests.Maintenance.LooseObjectStepTests.LooseObjectsFailTimeRestriction()" methodname="LooseObjectsFailTimeRestriction" classname="GVFS.UnitTests.Maintenance.LooseObjectStepTests" runstate="Runnable" seed="1943794296" result="Passed" start-time="2019-11-11 20:29:25Z" end-time="2019-11-11 20:29:25Z" duration="0.002498" asserts="3">
                <properties />
              </test-case>
            </test-suite>
            <test-suite type="ParameterizedMethod" id="1432" name="LooseObjectsIgnoreTimeRestriction" fullname="GVFS.UnitTests.Maintenance.LooseObjectStepTests.LooseObjectsIgnoreTimeRestriction" classname="GVFS.UnitTests.Maintenance.LooseObjectStepTests" runstate="Runnable" testcasecount="1" result="Passed" start-time="2019-11-11 20:29:25Z" end-time="2019-11-11 20:29:25Z" duration="0.005974" total="1" passed="1" failed="0" warnings="0" inconclusive="0" skipped="0" asserts="18">
              <properties />
              <test-case id="1431" name="LooseObjectsIgnoreTimeRestriction()" fullname="GVFS.UnitTests.Maintenance.LooseObjectStepTests.LooseObjectsIgnoreTimeRestriction()" methodname="LooseObjectsIgnoreTimeRestriction" classname="GVFS.UnitTests.Maintenance.LooseObjectStepTests" runstate="Runnable" seed="705253579" result="Passed" start-time="2019-11-11 20:29:25Z" end-time="2019-11-11 20:29:25Z" duration="0.005942" asserts="18">
                <properties />
              </test-case>
            </test-suite>
            <test-suite type="ParameterizedMethod" id="1440" name="LooseObjectsLimitPackCount" fullname="GVFS.UnitTests.Maintenance.LooseObjectStepTests.LooseObjectsLimitPackCount" classname="GVFS.UnitTests.Maintenance.LooseObjectStepTests" runstate="Runnable" testcasecount="1" result="Passed" start-time="2019-11-11 20:29:25Z" end-time="2019-11-11 20:29:25Z" duration="0.005877" total="1" passed="1" failed="0" warnings="0" inconclusive="0" skipped="0" asserts="8">
              <properties />
              <test-case id="1439" name="LooseObjectsLimitPackCount()" fullname="GVFS.UnitTests.Maintenance.LooseObjectStepTests.LooseObjectsLimitPackCount()" methodname="LooseObjectsLimitPackCount" classname="GVFS.UnitTests.Maintenance.LooseObjectStepTests" runstate="Runnable" seed="1996214613" result="Passed" start-time="2019-11-11 20:29:25Z" end-time="2019-11-11 20:29:25Z" duration="0.005828" asserts="8">
                <properties />
              </test-case>
            </test-suite>
            <test-suite type="ParameterizedMethod" id="1436" name="LooseObjectsPassTimeRestriction" fullname="GVFS.UnitTests.Maintenance.LooseObjectStepTests.LooseObjectsPassTimeRestriction" classname="GVFS.UnitTests.Maintenance.LooseObjectStepTests" runstate="Runnable" testcasecount="1" result="Passed" start-time="2019-11-11 20:29:25Z" end-time="2019-11-11 20:29:25Z" duration="0.004030" total="1" passed="1" failed="0" warnings="0" inconclusive="0" skipped="0" asserts="18">
              <properties />
              <test-case id="1435" name="LooseObjectsPassTimeRestriction()" fullname="GVFS.UnitTests.Maintenance.LooseObjectStepTests.LooseObjectsPassTimeRestriction()" methodname="LooseObjectsPassTimeRestriction" classname="GVFS.UnitTests.Maintenance.LooseObjectStepTests" runstate="Runnable" seed="1460631121" result="Passed" start-time="2019-11-11 20:29:25Z" end-time="2019-11-11 20:29:25Z" duration="0.003983" asserts="18">
                <properties />
              </test-case>
            </test-suite>
            <test-suite type="ParameterizedMethod" id="1442" name="SkipInvalidLooseObjects" fullname="GVFS.UnitTests.Maintenance.LooseObjectStepTests.SkipInvalidLooseObjects" classname="GVFS.UnitTests.Maintenance.LooseObjectStepTests" runstate="Runnable" testcasecount="1" result="Passed" start-time="2019-11-11 20:29:25Z" end-time="2019-11-11 20:29:25Z" duration="0.002844" total="1" passed="1" failed="0" warnings="0" inconclusive="0" skipped="0" asserts="12">
              <properties />
              <test-case id="1441" name="SkipInvalidLooseObjects()" fullname="GVFS.UnitTests.Maintenance.LooseObjectStepTests.SkipInvalidLooseObjects()" methodname="SkipInvalidLooseObjects" classname="GVFS.UnitTests.Maintenance.LooseObjectStepTests" runstate="Runnable" seed="1295439641" result="Passed" start-time="2019-11-11 20:29:25Z" end-time="2019-11-11 20:29:25Z" duration="0.002798" asserts="12">
                <properties />
              </test-case>
            </test-suite>
          </test-suite>
          <test-suite type="TestFixture" id="1449" name="PackfileMaintenanceStepTests" fullname="GVFS.UnitTests.Maintenance.PackfileMaintenanceStepTests" classname="GVFS.UnitTests.Maintenance.PackfileMaintenanceStepTests" runstate="Runnable" testcasecount="7" result="Passed" start-time="2019-11-11 20:29:25Z" end-time="2019-11-11 20:29:25Z" duration="0.034022" total="7" passed="7" failed="0" warnings="0" inconclusive="0" skipped="0" asserts="87">
            <properties />
            <test-suite type="ParameterizedMethod" id="1463" name="CleanStaleIdxFiles" fullname="GVFS.UnitTests.Maintenance.PackfileMaintenanceStepTests.CleanStaleIdxFiles" classname="GVFS.UnitTests.Maintenance.PackfileMaintenanceStepTests" runstate="Runnable" testcasecount="1" result="Passed" start-time="2019-11-11 20:29:25Z" end-time="2019-11-11 20:29:25Z" duration="0.008766" total="1" passed="1" failed="0" warnings="0" inconclusive="0" skipped="0" asserts="5">
              <properties />
              <test-case id="1462" name="CleanStaleIdxFiles()" fullname="GVFS.UnitTests.Maintenance.PackfileMaintenanceStepTests.CleanStaleIdxFiles()" methodname="CleanStaleIdxFiles" classname="GVFS.UnitTests.Maintenance.PackfileMaintenanceStepTests" runstate="Runnable" seed="145096626" result="Passed" start-time="2019-11-11 20:29:25Z" end-time="2019-11-11 20:29:25Z" duration="0.008735" asserts="5">
                <properties />
              </test-case>
            </test-suite>
            <test-suite type="ParameterizedMethod" id="1461" name="CountPackFiles" fullname="GVFS.UnitTests.Maintenance.PackfileMaintenanceStepTests.CountPackFiles" classname="GVFS.UnitTests.Maintenance.PackfileMaintenanceStepTests" runstate="Runnable" testcasecount="1" result="Passed" start-time="2019-11-11 20:29:25Z" end-time="2019-11-11 20:29:25Z" duration="0.002601" total="1" passed="1" failed="0" warnings="0" inconclusive="0" skipped="0" asserts="9">
              <properties />
              <test-case id="1460" name="CountPackFiles()" fullname="GVFS.UnitTests.Maintenance.PackfileMaintenanceStepTests.CountPackFiles()" methodname="CountPackFiles" classname="GVFS.UnitTests.Maintenance.PackfileMaintenanceStepTests" runstate="Runnable" seed="84330794" result="Passed" start-time="2019-11-11 20:29:25Z" end-time="2019-11-11 20:29:25Z" duration="0.002517" asserts="9">
                <properties />
              </test-case>
            </test-suite>
            <test-suite type="ParameterizedMethod" id="1457" name="PackfileMaintenanceFailGitProcessIds" fullname="GVFS.UnitTests.Maintenance.PackfileMaintenanceStepTests.PackfileMaintenanceFailGitProcessIds" classname="GVFS.UnitTests.Maintenance.PackfileMaintenanceStepTests" runstate="Runnable" testcasecount="1" result="Passed" start-time="2019-11-11 20:29:25Z" end-time="2019-11-11 20:29:25Z" duration="0.006055" total="1" passed="1" failed="0" warnings="0" inconclusive="0" skipped="0" asserts="3">
              <properties />
              <test-case id="1456" name="PackfileMaintenanceFailGitProcessIds()" fullname="GVFS.UnitTests.Maintenance.PackfileMaintenanceStepTests.PackfileMaintenanceFailGitProcessIds()" methodname="PackfileMaintenanceFailGitProcessIds" classname="GVFS.UnitTests.Maintenance.PackfileMaintenanceStepTests" runstate="Runnable" seed="1666396731" result="Passed" start-time="2019-11-11 20:29:25Z" end-time="2019-11-11 20:29:25Z" duration="0.005932" asserts="3">
                <properties />
              </test-case>
            </test-suite>
            <test-suite type="ParameterizedMethod" id="1453" name="PackfileMaintenanceFailTimeRestriction" fullname="GVFS.UnitTests.Maintenance.PackfileMaintenanceStepTests.PackfileMaintenanceFailTimeRestriction" classname="GVFS.UnitTests.Maintenance.PackfileMaintenanceStepTests" runstate="Runnable" testcasecount="1" result="Passed" start-time="2019-11-11 20:29:25Z" end-time="2019-11-11 20:29:25Z" duration="0.002496" total="1" passed="1" failed="0" warnings="0" inconclusive="0" skipped="0" asserts="3">
              <properties />
              <test-case id="1452" name="PackfileMaintenanceFailTimeRestriction()" fullname="GVFS.UnitTests.Maintenance.PackfileMaintenanceStepTests.PackfileMaintenanceFailTimeRestriction()" methodname="PackfileMaintenanceFailTimeRestriction" classname="GVFS.UnitTests.Maintenance.PackfileMaintenanceStepTests" runstate="Runnable" seed="42452550" result="Passed" start-time="2019-11-11 20:29:25Z" end-time="2019-11-11 20:29:25Z" duration="0.002446" asserts="3">
                <properties />
              </test-case>
            </test-suite>
            <test-suite type="ParameterizedMethod" id="1451" name="PackfileMaintenanceIgnoreTimeRestriction" fullname="GVFS.UnitTests.Maintenance.PackfileMaintenanceStepTests.PackfileMaintenanceIgnoreTimeRestriction" classname="GVFS.UnitTests.Maintenance.PackfileMaintenanceStepTests" runstate="Runnable" testcasecount="1" result="Passed" start-time="2019-11-11 20:29:25Z" end-time="2019-11-11 20:29:25Z" duration="0.005547" total="1" passed="1" failed="0" warnings="0" inconclusive="0" skipped="0" asserts="21">
              <properties />
              <test-case id="1450" name="PackfileMaintenanceIgnoreTimeRestriction()" fullname="GVFS.UnitTests.Maintenance.PackfileMaintenanceStepTests.PackfileMaintenanceIgnoreTimeRestriction()" methodname="PackfileMaintenanceIgnoreTimeRestriction" classname="GVFS.UnitTests.Maintenance.PackfileMaintenanceStepTests" runstate="Runnable" seed="850140381" result="Passed" start-time="2019-11-11 20:29:25Z" end-time="2019-11-11 20:29:25Z" duration="0.005513" asserts="21">
                <properties />
              </test-case>
            </test-suite>
            <test-suite type="ParameterizedMethod" id="1455" name="PackfileMaintenancePassTimeRestriction" fullname="GVFS.UnitTests.Maintenance.PackfileMaintenanceStepTests.PackfileMaintenancePassTimeRestriction" classname="GVFS.UnitTests.Maintenance.PackfileMaintenanceStepTests" runstate="Runnable" testcasecount="1" result="Passed" start-time="2019-11-11 20:29:25Z" end-time="2019-11-11 20:29:25Z" duration="0.003866" total="1" passed="1" failed="0" warnings="0" inconclusive="0" skipped="0" asserts="21">
              <properties />
              <test-case id="1454" name="PackfileMaintenancePassTimeRestriction()" fullname="GVFS.UnitTests.Maintenance.PackfileMaintenanceStepTests.PackfileMaintenancePassTimeRestriction()" methodname="PackfileMaintenancePassTimeRestriction" classname="GVFS.UnitTests.Maintenance.PackfileMaintenanceStepTests" runstate="Runnable" seed="586451190" result="Passed" start-time="2019-11-11 20:29:25Z" end-time="2019-11-11 20:29:25Z" duration="0.003812" asserts="21">
                <properties />
              </test-case>
            </test-suite>
            <test-suite type="ParameterizedMethod" id="1459" name="PackfileMaintenanceRewriteOnBadVerify" fullname="GVFS.UnitTests.Maintenance.PackfileMaintenanceStepTests.PackfileMaintenanceRewriteOnBadVerify" classname="GVFS.UnitTests.Maintenance.PackfileMaintenanceStepTests" runstate="Runnable" testcasecount="1" result="Passed" start-time="2019-11-11 20:29:25Z" end-time="2019-11-11 20:29:25Z" duration="0.004550" total="1" passed="1" failed="0" warnings="0" inconclusive="0" skipped="0" asserts="25">
              <properties />
              <test-case id="1458" name="PackfileMaintenanceRewriteOnBadVerify()" fullname="GVFS.UnitTests.Maintenance.PackfileMaintenanceStepTests.PackfileMaintenanceRewriteOnBadVerify()" methodname="PackfileMaintenanceRewriteOnBadVerify" classname="GVFS.UnitTests.Maintenance.PackfileMaintenanceStepTests" runstate="Runnable" seed="607498832" result="Passed" start-time="2019-11-11 20:29:25Z" end-time="2019-11-11 20:29:25Z" duration="0.004500" asserts="25">
                <properties />
              </test-case>
            </test-suite>
          </test-suite>
          <test-suite type="TestFixture" id="1464" name="PostFetchStepTests" fullname="GVFS.UnitTests.Maintenance.PostFetchStepTests" classname="GVFS.UnitTests.Maintenance.PostFetchStepTests" runstate="Runnable" testcasecount="3" result="Passed" start-time="2019-11-11 20:29:25Z" end-time="2019-11-11 20:29:25Z" duration="0.016777" total="3" passed="3" failed="0" warnings="0" inconclusive="0" skipped="0" asserts="17">
            <properties />
            <test-suite type="ParameterizedMethod" id="1466" name="DontWriteGraphOnEmptyPacks" fullname="GVFS.UnitTests.Maintenance.PostFetchStepTests.DontWriteGraphOnEmptyPacks" classname="GVFS.UnitTests.Maintenance.PostFetchStepTests" runstate="Runnable" testcasecount="1" result="Passed" start-time="2019-11-11 20:29:25Z" end-time="2019-11-11 20:29:25Z" duration="0.004541" total="1" passed="1" failed="0" warnings="0" inconclusive="0" skipped="0" asserts="2">
              <properties />
              <test-case id="1465" name="DontWriteGraphOnEmptyPacks()" fullname="GVFS.UnitTests.Maintenance.PostFetchStepTests.DontWriteGraphOnEmptyPacks()" methodname="DontWriteGraphOnEmptyPacks" classname="GVFS.UnitTests.Maintenance.PostFetchStepTests" runstate="Runnable" seed="804639389" result="Passed" start-time="2019-11-11 20:29:25Z" end-time="2019-11-11 20:29:25Z" duration="0.004495" asserts="2">
                <properties />
              </test-case>
            </test-suite>
            <test-suite type="ParameterizedMethod" id="1470" name="RewriteCommitGraphOnBadVerify" fullname="GVFS.UnitTests.Maintenance.PostFetchStepTests.RewriteCommitGraphOnBadVerify" classname="GVFS.UnitTests.Maintenance.PostFetchStepTests" runstate="Runnable" testcasecount="1" result="Passed" start-time="2019-11-11 20:29:25Z" end-time="2019-11-11 20:29:25Z" duration="0.008367" total="1" passed="1" failed="0" warnings="0" inconclusive="0" skipped="0" asserts="9">
              <properties />
              <test-case id="1469" name="RewriteCommitGraphOnBadVerify()" fullname="GVFS.UnitTests.Maintenance.PostFetchStepTests.RewriteCommitGraphOnBadVerify()" methodname="RewriteCommitGraphOnBadVerify" classname="GVFS.UnitTests.Maintenance.PostFetchStepTests" runstate="Runnable" seed="669643130" result="Passed" start-time="2019-11-11 20:29:25Z" end-time="2019-11-11 20:29:25Z" duration="0.008309" asserts="9">
                <properties />
              </test-case>
            </test-suite>
            <test-suite type="ParameterizedMethod" id="1468" name="WriteGraphWithPacks" fullname="GVFS.UnitTests.Maintenance.PostFetchStepTests.WriteGraphWithPacks" classname="GVFS.UnitTests.Maintenance.PostFetchStepTests" runstate="Runnable" testcasecount="1" result="Passed" start-time="2019-11-11 20:29:25Z" end-time="2019-11-11 20:29:25Z" duration="0.003750" total="1" passed="1" failed="0" warnings="0" inconclusive="0" skipped="0" asserts="6">
              <properties />
              <test-case id="1467" name="WriteGraphWithPacks()" fullname="GVFS.UnitTests.Maintenance.PostFetchStepTests.WriteGraphWithPacks()" methodname="WriteGraphWithPacks" classname="GVFS.UnitTests.Maintenance.PostFetchStepTests" runstate="Runnable" seed="1707415025" result="Passed" start-time="2019-11-11 20:29:25Z" end-time="2019-11-11 20:29:25Z" duration="0.003693" asserts="6">
                <properties />
              </test-case>
            </test-suite>
          </test-suite>
        </test-suite>
        <test-suite type="TestSuite" id="2190" name="Platform" fullname="GVFS.UnitTests.Platform" runstate="Runnable" testcasecount="18" result="Passed" start-time="2019-11-11 20:29:15Z" end-time="2019-11-11 20:29:25Z" duration="10.610798" total="18" passed="18" failed="0" warnings="0" inconclusive="0" skipped="0" asserts="620">
          <properties />
          <test-suite type="TestSuite" id="2191" name="Mac" fullname="GVFS.UnitTests.Platform.Mac" runstate="Runnable" testcasecount="18" result="Passed" start-time="2019-11-11 20:29:15Z" end-time="2019-11-11 20:29:25Z" duration="10.610788" total="18" passed="18" failed="0" warnings="0" inconclusive="0" skipped="0" asserts="620">
            <properties />
            <test-suite type="TestFixture" id="1377" name="MacFileSystemVirtualizerTests" fullname="GVFS.UnitTests.Platform.Mac.MacFileSystemVirtualizerTests" classname="GVFS.UnitTests.Platform.Mac.MacFileSystemVirtualizerTests" runstate="Runnable" testcasecount="17" result="Passed" start-time="2019-11-11 20:29:25Z" end-time="2019-11-11 20:29:25Z" duration="0.172796" total="17" passed="17" failed="0" warnings="0" inconclusive="0" skipped="0" asserts="617">
              <properties />
              <test-suite type="ParameterizedMethod" id="1389" name="ClearNegativePathCacheIsNoOp" fullname="GVFS.UnitTests.Platform.Mac.MacFileSystemVirtualizerTests.ClearNegativePathCacheIsNoOp" classname="GVFS.UnitTests.Platform.Mac.MacFileSystemVirtualizerTests" runstate="Runnable" testcasecount="1" result="Passed" start-time="2019-11-11 20:29:25Z" end-time="2019-11-11 20:29:25Z" duration="0.006522" total="1" passed="1" failed="0" warnings="0" inconclusive="0" skipped="0" asserts="27">
                <properties />
                <test-case id="1388" name="ClearNegativePathCacheIsNoOp()" fullname="GVFS.UnitTests.Platform.Mac.MacFileSystemVirtualizerTests.ClearNegativePathCacheIsNoOp()" methodname="ClearNegativePathCacheIsNoOp" classname="GVFS.UnitTests.Platform.Mac.MacFileSystemVirtualizerTests" runstate="Runnable" seed="425216429" result="Passed" start-time="2019-11-11 20:29:25Z" end-time="2019-11-11 20:29:25Z" duration="0.006495" asserts="27">
                  <properties />
                </test-case>
              </test-suite>
              <test-suite type="ParameterizedMethod" id="1381" name="DeleteFile" fullname="GVFS.UnitTests.Platform.Mac.MacFileSystemVirtualizerTests.DeleteFile" classname="GVFS.UnitTests.Platform.Mac.MacFileSystemVirtualizerTests" runstate="Runnable" testcasecount="1" result="Passed" start-time="2019-11-11 20:29:25Z" end-time="2019-11-11 20:29:25Z" duration="0.007207" total="1" passed="1" failed="0" warnings="0" inconclusive="0" skipped="0" asserts="31">
                <properties />
                <test-case id="1380" name="DeleteFile()" fullname="GVFS.UnitTests.Platform.Mac.MacFileSystemVirtualizerTests.DeleteFile()" methodname="DeleteFile" classname="GVFS.UnitTests.Platform.Mac.MacFileSystemVirtualizerTests" runstate="Runnable" seed="36713512" result="Passed" start-time="2019-11-11 20:29:25Z" end-time="2019-11-11 20:29:25Z" duration="0.007177" asserts="31">
                  <properties />
                </test-case>
              </test-suite>
              <test-suite type="ParameterizedMethod" id="1393" name="OnEnumerateDirectoryReturnsSuccessWhenResultsInMemory" fullname="GVFS.UnitTests.Platform.Mac.MacFileSystemVirtualizerTests.OnEnumerateDirectoryReturnsSuccessWhenResultsInMemory" classname="GVFS.UnitTests.Platform.Mac.MacFileSystemVirtualizerTests" runstate="Runnable" testcasecount="1" result="Passed" start-time="2019-11-11 20:29:25Z" end-time="2019-11-11 20:29:25Z" duration="0.060497" total="1" passed="1" failed="0" warnings="0" inconclusive="0" skipped="0" asserts="35">
                <properties />
                <test-case id="1392" name="OnEnumerateDirectoryReturnsSuccessWhenResultsInMemory()" fullname="GVFS.UnitTests.Platform.Mac.MacFileSystemVirtualizerTests.OnEnumerateDirectoryReturnsSuccessWhenResultsInMemory()" methodname="OnEnumerateDirectoryReturnsSuccessWhenResultsInMemory" classname="GVFS.UnitTests.Platform.Mac.MacFileSystemVirtualizerTests" runstate="Runnable" seed="432621887" result="Passed" start-time="2019-11-11 20:29:25Z" end-time="2019-11-11 20:29:25Z" duration="0.060466" asserts="35">
                  <properties />
                </test-case>
              </test-suite>
              <test-suite type="ParameterizedMethod" id="1391" name="OnEnumerateDirectoryReturnsSuccessWhenResultsNotInMemory" fullname="GVFS.UnitTests.Platform.Mac.MacFileSystemVirtualizerTests.OnEnumerateDirectoryReturnsSuccessWhenResultsNotInMemory" classname="GVFS.UnitTests.Platform.Mac.MacFileSystemVirtualizerTests" runstate="Runnable" testcasecount="1" result="Passed" start-time="2019-11-11 20:29:25Z" end-time="2019-11-11 20:29:25Z" duration="0.003442" total="1" passed="1" failed="0" warnings="0" inconclusive="0" skipped="0" asserts="35">
                <properties />
                <test-case id="1390" name="OnEnumerateDirectoryReturnsSuccessWhenResultsNotInMemory()" fullname="GVFS.UnitTests.Platform.Mac.MacFileSystemVirtualizerTests.OnEnumerateDirectoryReturnsSuccessWhenResultsNotInMemory()" methodname="OnEnumerateDirectoryReturnsSuccessWhenResultsNotInMemory" classname="GVFS.UnitTests.Platform.Mac.MacFileSystemVirtualizerTests" runstate="Runnable" seed="476955217" result="Passed" start-time="2019-11-11 20:29:25Z" end-time="2019-11-11 20:29:25Z" duration="0.003406" asserts="35">
                  <properties />
                </test-case>
              </test-suite>
              <test-suite type="ParameterizedMethod" id="1395" name="OnEnumerateDirectorySetsFileModes" fullname="GVFS.UnitTests.Platform.Mac.MacFileSystemVirtualizerTests.OnEnumerateDirectorySetsFileModes" classname="GVFS.UnitTests.Platform.Mac.MacFileSystemVirtualizerTests" runstate="Runnable" testcasecount="1" result="Passed" start-time="2019-11-11 20:29:25Z" end-time="2019-11-11 20:29:25Z" duration="0.004487" total="1" passed="1" failed="0" warnings="0" inconclusive="0" skipped="0" asserts="37">
                <properties />
                <test-case id="1394" name="OnEnumerateDirectorySetsFileModes()" fullname="GVFS.UnitTests.Platform.Mac.MacFileSystemVirtualizerTests.OnEnumerateDirectorySetsFileModes()" methodname="OnEnumerateDirectorySetsFileModes" classname="GVFS.UnitTests.Platform.Mac.MacFileSystemVirtualizerTests" runstate="Runnable" seed="401663117" result="Passed" start-time="2019-11-11 20:29:25Z" end-time="2019-11-11 20:29:25Z" duration="0.004459" asserts="37">
                  <properties />
                </test-case>
              </test-suite>
              <test-suite type="ParameterizedMethod" id="1399" name="OnGetFileStreamReturnsErrorWhenWriteFileContentsFails" fullname="GVFS.UnitTests.Platform.Mac.MacFileSystemVirtualizerTests.OnGetFileStreamReturnsErrorWhenWriteFileContentsFails" classname="GVFS.UnitTests.Platform.Mac.MacFileSystemVirtualizerTests" runstate="Runnable" testcasecount="1" result="Passed" start-time="2019-11-11 20:29:25Z" end-time="2019-11-11 20:29:25Z" duration="0.008016" total="1" passed="1" failed="0" warnings="0" inconclusive="0" skipped="0" asserts="34">
                <properties>
                  <property name="Category" value="ExceptionExpected" />
                </properties>
                <test-case id="1398" name="OnGetFileStreamReturnsErrorWhenWriteFileContentsFails()" fullname="GVFS.UnitTests.Platform.Mac.MacFileSystemVirtualizerTests.OnGetFileStreamReturnsErrorWhenWriteFileContentsFails()" methodname="OnGetFileStreamReturnsErrorWhenWriteFileContentsFails" classname="GVFS.UnitTests.Platform.Mac.MacFileSystemVirtualizerTests" runstate="Runnable" seed="1163619876" result="Passed" start-time="2019-11-11 20:29:25Z" end-time="2019-11-11 20:29:25Z" duration="0.007990" asserts="34">
                  <properties />
                </test-case>
              </test-suite>
              <test-suite type="ParameterizedMethod" id="1397" name="OnGetFileStreamReturnsSuccessWhenFileStreamAvailable" fullname="GVFS.UnitTests.Platform.Mac.MacFileSystemVirtualizerTests.OnGetFileStreamReturnsSuccessWhenFileStreamAvailable" classname="GVFS.UnitTests.Platform.Mac.MacFileSystemVirtualizerTests" runstate="Runnable" testcasecount="1" result="Passed" start-time="2019-11-11 20:29:25Z" end-time="2019-11-11 20:29:25Z" duration="0.010579" total="1" passed="1" failed="0" warnings="0" inconclusive="0" skipped="0" asserts="35">
                <properties />
                <test-case id="1396" name="OnGetFileStreamReturnsSuccessWhenFileStreamAvailable()" fullname="GVFS.UnitTests.Platform.Mac.MacFileSystemVirtualizerTests.OnGetFileStreamReturnsSuccessWhenFileStreamAvailable()" methodname="OnGetFileStreamReturnsSuccessWhenFileStreamAvailable" classname="GVFS.UnitTests.Platform.Mac.MacFileSystemVirtualizerTests" runstate="Runnable" seed="814492654" result="Passed" start-time="2019-11-11 20:29:25Z" end-time="2019-11-11 20:29:25Z" duration="0.010552" asserts="35">
                  <properties />
                </test-case>
              </test-suite>
              <test-suite type="ParameterizedMethod" id="1407" name="OnNewFileCreatedDirectoryExcludedShouldNotScheduleBackgroundTask" fullname="GVFS.UnitTests.Platform.Mac.MacFileSystemVirtualizerTests.OnNewFileCreatedDirectoryExcludedShouldNotScheduleBackgroundTask" classname="GVFS.UnitTests.Platform.Mac.MacFileSystemVirtualizerTests" runstate="Runnable" testcasecount="1" result="Passed" start-time="2019-11-11 20:29:25Z" end-time="2019-11-11 20:29:25Z" duration="0.005180" total="1" passed="1" failed="0" warnings="0" inconclusive="0" skipped="0" asserts="37">
                <properties />
                <test-case id="1406" name="OnNewFileCreatedDirectoryExcludedShouldNotScheduleBackgroundTask()" fullname="GVFS.UnitTests.Platform.Mac.MacFileSystemVirtualizerTests.OnNewFileCreatedDirectoryExcludedShouldNotScheduleBackgroundTask()" methodname="OnNewFileCreatedDirectoryExcludedShouldNotScheduleBackgroundTask" classname="GVFS.UnitTests.Platform.Mac.MacFileSystemVirtualizerTests" runstate="Runnable" seed="1442243189" result="Passed" start-time="2019-11-11 20:29:25Z" end-time="2019-11-11 20:29:25Z" duration="0.005151" asserts="37">
                  <properties />
                </test-case>
              </test-suite>
              <test-suite type="ParameterizedMethod" id="1411" name="OnNewFileCreatedDirectoryExcludedTryAddSparseFolderFailureShouldScheduleBackgroundTask" fullname="GVFS.UnitTests.Platform.Mac.MacFileSystemVirtualizerTests.OnNewFileCreatedDirectoryExcludedTryAddSparseFolderFailureShouldScheduleBackgroundTask" classname="GVFS.UnitTests.Platform.Mac.MacFileSystemVirtualizerTests" runstate="Runnable" testcasecount="1" result="Passed" start-time="2019-11-11 20:29:25Z" end-time="2019-11-11 20:29:25Z" duration="0.004863" total="1" passed="1" failed="0" warnings="0" inconclusive="0" skipped="0" asserts="37">
                <properties />
                <test-case id="1410" name="OnNewFileCreatedDirectoryExcludedTryAddSparseFolderFailureShouldScheduleBackgroundTask()" fullname="GVFS.UnitTests.Platform.Mac.MacFileSystemVirtualizerTests.OnNewFileCreatedDirectoryExcludedTryAddSparseFolderFailureShouldScheduleBackgroundTask()" methodname="OnNewFileCreatedDirectoryExcludedTryAddSparseFolderFailureShouldScheduleBackgroundTask" classname="GVFS.UnitTests.Platform.Mac.MacFileSystemVirtualizerTests" runstate="Runnable" seed="669396156" result="Passed" start-time="2019-11-11 20:29:25Z" end-time="2019-11-11 20:29:25Z" duration="0.004831" asserts="37">
                  <properties />
                </test-case>
              </test-suite>
              <test-suite type="ParameterizedMethod" id="1405" name="OnNewFileCreatedDirectoryIncludedShouldScheduleBackgroundTask" fullname="GVFS.UnitTests.Platform.Mac.MacFileSystemVirtualizerTests.OnNewFileCreatedDirectoryIncludedShouldScheduleBackgroundTask" classname="GVFS.UnitTests.Platform.Mac.MacFileSystemVirtualizerTests" runstate="Runnable" testcasecount="1" result="Passed" start-time="2019-11-11 20:29:25Z" end-time="2019-11-11 20:29:25Z" duration="0.002546" total="1" passed="1" failed="0" warnings="0" inconclusive="0" skipped="0" asserts="37">
                <properties />
                <test-case id="1404" name="OnNewFileCreatedDirectoryIncludedShouldScheduleBackgroundTask()" fullname="GVFS.UnitTests.Platform.Mac.MacFileSystemVirtualizerTests.OnNewFileCreatedDirectoryIncludedShouldScheduleBackgroundTask()" methodname="OnNewFileCreatedDirectoryIncludedShouldScheduleBackgroundTask" classname="GVFS.UnitTests.Platform.Mac.MacFileSystemVirtualizerTests" runstate="Runnable" seed="1094007243" result="Passed" start-time="2019-11-11 20:29:25Z" end-time="2019-11-11 20:29:25Z" duration="0.002516" asserts="37">
                  <properties />
                </test-case>
              </test-suite>
              <test-suite type="ParameterizedMethod" id="1409" name="OnNewFileCreatedDirectoryNotFoundShouldScheduleBackgroundTask" fullname="GVFS.UnitTests.Platform.Mac.MacFileSystemVirtualizerTests.OnNewFileCreatedDirectoryNotFoundShouldScheduleBackgroundTask" classname="GVFS.UnitTests.Platform.Mac.MacFileSystemVirtualizerTests" runstate="Runnable" testcasecount="1" result="Passed" start-time="2019-11-11 20:29:25Z" end-time="2019-11-11 20:29:25Z" duration="0.002728" total="1" passed="1" failed="0" warnings="0" inconclusive="0" skipped="0" asserts="37">
                <properties />
                <test-case id="1408" name="OnNewFileCreatedDirectoryNotFoundShouldScheduleBackgroundTask()" fullname="GVFS.UnitTests.Platform.Mac.MacFileSystemVirtualizerTests.OnNewFileCreatedDirectoryNotFoundShouldScheduleBackgroundTask()" methodname="OnNewFileCreatedDirectoryNotFoundShouldScheduleBackgroundTask" classname="GVFS.UnitTests.Platform.Mac.MacFileSystemVirtualizerTests" runstate="Runnable" seed="398604507" result="Passed" start-time="2019-11-11 20:29:25Z" end-time="2019-11-11 20:29:25Z" duration="0.002702" asserts="37">
                  <properties />
                </test-case>
              </test-suite>
              <test-suite type="ParameterizedMethod" id="1403" name="OnNewFileCreatedFileShouldScheduleBackgroundTask" fullname="GVFS.UnitTests.Platform.Mac.MacFileSystemVirtualizerTests.OnNewFileCreatedFileShouldScheduleBackgroundTask" classname="GVFS.UnitTests.Platform.Mac.MacFileSystemVirtualizerTests" runstate="Runnable" testcasecount="1" result="Passed" start-time="2019-11-11 20:29:25Z" end-time="2019-11-11 20:29:25Z" duration="0.015945" total="1" passed="1" failed="0" warnings="0" inconclusive="0" skipped="0" asserts="37">
                <properties />
                <test-case id="1402" name="OnNewFileCreatedFileShouldScheduleBackgroundTask()" fullname="GVFS.UnitTests.Platform.Mac.MacFileSystemVirtualizerTests.OnNewFileCreatedFileShouldScheduleBackgroundTask()" methodname="OnNewFileCreatedFileShouldScheduleBackgroundTask" classname="GVFS.UnitTests.Platform.Mac.MacFileSystemVirtualizerTests" runstate="Runnable" seed="1287868775" result="Passed" start-time="2019-11-11 20:29:25Z" end-time="2019-11-11 20:29:25Z" duration="0.015919" asserts="37">
                  <properties />
                </test-case>
              </test-suite>
              <test-suite type="ParameterizedMethod" id="1401" name="OnNewFileCreatedInsideDotGitDirectoryShouldNotScheduleBackgroundTask" fullname="GVFS.UnitTests.Platform.Mac.MacFileSystemVirtualizerTests.OnNewFileCreatedInsideDotGitDirectoryShouldNotScheduleBackgroundTask" classname="GVFS.UnitTests.Platform.Mac.MacFileSystemVirtualizerTests" runstate="Runnable" testcasecount="1" result="Passed" start-time="2019-11-11 20:29:25Z" end-time="2019-11-11 20:29:25Z" duration="0.002454" total="1" passed="1" failed="0" warnings="0" inconclusive="0" skipped="0" asserts="34">
                <properties />
                <test-case id="1400" name="OnNewFileCreatedInsideDotGitDirectoryShouldNotScheduleBackgroundTask()" fullname="GVFS.UnitTests.Platform.Mac.MacFileSystemVirtualizerTests.OnNewFileCreatedInsideDotGitDirectoryShouldNotScheduleBackgroundTask()" methodname="OnNewFileCreatedInsideDotGitDirectoryShouldNotScheduleBackgroundTask" classname="GVFS.UnitTests.Platform.Mac.MacFileSystemVirtualizerTests" runstate="Runnable" seed="709580772" result="Passed" start-time="2019-11-11 20:29:25Z" end-time="2019-11-11 20:29:25Z" duration="0.002428" asserts="34">
                  <properties />
                </test-case>
              </test-suite>
              <test-suite type="ParameterizedMethod" id="1379" name="ResultToFSResultMapsHResults" fullname="GVFS.UnitTests.Platform.Mac.MacFileSystemVirtualizerTests.ResultToFSResultMapsHResults" classname="GVFS.UnitTests.Platform.Mac.MacFileSystemVirtualizerTests" runstate="Runnable" testcasecount="1" result="Passed" start-time="2019-11-11 20:29:25Z" end-time="2019-11-11 20:29:25Z" duration="0.007508" total="1" passed="1" failed="0" warnings="0" inconclusive="0" skipped="0" asserts="43">
                <properties />
                <test-case id="1378" name="ResultToFSResultMapsHResults()" fullname="GVFS.UnitTests.Platform.Mac.MacFileSystemVirtualizerTests.ResultToFSResultMapsHResults()" methodname="ResultToFSResultMapsHResults" classname="GVFS.UnitTests.Platform.Mac.MacFileSystemVirtualizerTests" runstate="Runnable" seed="742938248" result="Passed" start-time="2019-11-11 20:29:25Z" end-time="2019-11-11 20:29:25Z" duration="0.007479" asserts="43">
                  <properties />
                </test-case>
              </test-suite>
              <test-suite type="ParameterizedMethod" id="1383" name="UpdatePlaceholderIfNeeded" fullname="GVFS.UnitTests.Platform.Mac.MacFileSystemVirtualizerTests.UpdatePlaceholderIfNeeded" classname="GVFS.UnitTests.Platform.Mac.MacFileSystemVirtualizerTests" runstate="Runnable" testcasecount="1" result="Passed" start-time="2019-11-11 20:29:25Z" end-time="2019-11-11 20:29:25Z" duration="0.021225" total="1" passed="1" failed="0" warnings="0" inconclusive="0" skipped="0" asserts="40">
                <properties />
                <test-case id="1382" name="UpdatePlaceholderIfNeeded()" fullname="GVFS.UnitTests.Platform.Mac.MacFileSystemVirtualizerTests.UpdatePlaceholderIfNeeded()" methodname="UpdatePlaceholderIfNeeded" classname="GVFS.UnitTests.Platform.Mac.MacFileSystemVirtualizerTests" runstate="Runnable" seed="139915214" result="Passed" start-time="2019-11-11 20:29:25Z" end-time="2019-11-11 20:29:25Z" duration="0.021200" asserts="40">
                  <properties />
                </test-case>
              </test-suite>
              <test-suite type="ParameterizedMethod" id="1387" name="UpdatePlaceholderToSymLink" fullname="GVFS.UnitTests.Platform.Mac.MacFileSystemVirtualizerTests.UpdatePlaceholderToSymLink" classname="GVFS.UnitTests.Platform.Mac.MacFileSystemVirtualizerTests" runstate="Runnable" testcasecount="1" result="Passed" start-time="2019-11-11 20:29:25Z" end-time="2019-11-11 20:29:25Z" duration="0.004994" total="1" passed="1" failed="0" warnings="0" inconclusive="0" skipped="0" asserts="41">
                <properties />
                <test-case id="1386" name="UpdatePlaceholderToSymLink()" fullname="GVFS.UnitTests.Platform.Mac.MacFileSystemVirtualizerTests.UpdatePlaceholderToSymLink()" methodname="UpdatePlaceholderToSymLink" classname="GVFS.UnitTests.Platform.Mac.MacFileSystemVirtualizerTests" runstate="Runnable" seed="1087912366" result="Passed" start-time="2019-11-11 20:29:25Z" end-time="2019-11-11 20:29:25Z" duration="0.004949" asserts="41">
                  <properties />
                </test-case>
              </test-suite>
              <test-suite type="ParameterizedMethod" id="1385" name="WritePlaceholderForSymLink" fullname="GVFS.UnitTests.Platform.Mac.MacFileSystemVirtualizerTests.WritePlaceholderForSymLink" classname="GVFS.UnitTests.Platform.Mac.MacFileSystemVirtualizerTests" runstate="Runnable" testcasecount="1" result="Passed" start-time="2019-11-11 20:29:25Z" end-time="2019-11-11 20:29:25Z" duration="0.004371" total="1" passed="1" failed="0" warnings="0" inconclusive="0" skipped="0" asserts="40">
                <properties />
                <test-case id="1384" name="WritePlaceholderForSymLink()" fullname="GVFS.UnitTests.Platform.Mac.MacFileSystemVirtualizerTests.WritePlaceholderForSymLink()" methodname="WritePlaceholderForSymLink" classname="GVFS.UnitTests.Platform.Mac.MacFileSystemVirtualizerTests" runstate="Runnable" seed="1431687223" result="Passed" start-time="2019-11-11 20:29:25Z" end-time="2019-11-11 20:29:25Z" duration="0.004326" asserts="40">
                  <properties />
                </test-case>
              </test-suite>
            </test-suite>
            <test-suite type="TestFixture" id="1374" name="MacServiceProcessTests" fullname="GVFS.UnitTests.Platform.Mac.MacServiceProcessTests" classname="GVFS.UnitTests.Platform.Mac.MacServiceProcessTests" runstate="Runnable" testcasecount="1" result="Passed" start-time="2019-11-11 20:29:25Z" end-time="2019-11-11 20:29:25Z" duration="0.007080" total="1" passed="1" failed="0" warnings="0" inconclusive="0" skipped="0" asserts="3">
              <properties />
              <test-suite type="ParameterizedMethod" id="1376" name="CanGetServices" fullname="GVFS.UnitTests.Platform.Mac.MacServiceProcessTests.CanGetServices" classname="GVFS.UnitTests.Platform.Mac.MacServiceProcessTests" runstate="Runnable" testcasecount="1" result="Passed" start-time="2019-11-11 20:29:25Z" end-time="2019-11-11 20:29:25Z" duration="0.006980" total="1" passed="1" failed="0" warnings="0" inconclusive="0" skipped="0" asserts="3">
                <properties />
                <test-case id="1375" name="CanGetServices()" fullname="GVFS.UnitTests.Platform.Mac.MacServiceProcessTests.CanGetServices()" methodname="CanGetServices" classname="GVFS.UnitTests.Platform.Mac.MacServiceProcessTests" runstate="Runnable" seed="281078533" result="Passed" start-time="2019-11-11 20:29:25Z" end-time="2019-11-11 20:29:25Z" duration="0.006946" asserts="3">
                  <properties />
                </test-case>
              </test-suite>
            </test-suite>
          </test-suite>
        </test-suite>
        <test-suite type="TestSuite" id="2189" name="Prefetch" fullname="GVFS.UnitTests.Prefetch" runstate="Runnable" testcasecount="52" result="Passed" start-time="2019-11-11 20:29:15Z" end-time="2019-11-11 20:29:26Z" duration="10.758957" total="50" passed="50" failed="0" warnings="0" inconclusive="0" skipped="0" asserts="233">
          <properties />
          <test-suite type="TestFixture" id="1268" name="BatchObjectDownloadStageTests" fullname="GVFS.UnitTests.Prefetch.BatchObjectDownloadStageTests" classname="GVFS.UnitTests.Prefetch.BatchObjectDownloadStageTests" runstate="Runnable" testcasecount="1" result="Passed" start-time="2019-11-11 20:29:25Z" end-time="2019-11-11 20:29:25Z" duration="0.044726" total="1" passed="1" failed="0" warnings="0" inconclusive="0" skipped="0" asserts="8">
            <properties />
            <test-suite type="ParameterizedMethod" id="1270" name="OnlyRequestsObjectsNotDownloaded" fullname="GVFS.UnitTests.Prefetch.BatchObjectDownloadStageTests.OnlyRequestsObjectsNotDownloaded" classname="GVFS.UnitTests.Prefetch.BatchObjectDownloadStageTests" runstate="Runnable" testcasecount="1" result="Passed" start-time="2019-11-11 20:29:25Z" end-time="2019-11-11 20:29:25Z" duration="0.044603" total="1" passed="1" failed="0" warnings="0" inconclusive="0" skipped="0" asserts="8">
              <properties>
                <property name="Category" value="ExceptionExpected" />
              </properties>
              <test-case id="1269" name="OnlyRequestsObjectsNotDownloaded()" fullname="GVFS.UnitTests.Prefetch.BatchObjectDownloadStageTests.OnlyRequestsObjectsNotDownloaded()" methodname="OnlyRequestsObjectsNotDownloaded" classname="GVFS.UnitTests.Prefetch.BatchObjectDownloadStageTests" runstate="Runnable" seed="181356096" result="Passed" start-time="2019-11-11 20:29:25Z" end-time="2019-11-11 20:29:25Z" duration="0.044571" asserts="8">
                <properties />
              </test-case>
            </test-suite>
          </test-suite>
          <test-suite type="TestFixture" id="1271" name="BlobPrefetcherTests" fullname="GVFS.UnitTests.Prefetch.BlobPrefetcherTests" classname="GVFS.UnitTests.Prefetch.BlobPrefetcherTests" runstate="Runnable" testcasecount="1" result="Passed" start-time="2019-11-11 20:29:25Z" end-time="2019-11-11 20:29:25Z" duration="0.001631" total="1" passed="1" failed="0" warnings="0" inconclusive="0" skipped="0" asserts="6">
            <properties />
            <test-suite type="ParameterizedMethod" id="1273" name="AppendToNewlineSeparatedFileTests" fullname="GVFS.UnitTests.Prefetch.BlobPrefetcherTests.AppendToNewlineSeparatedFileTests" classname="GVFS.UnitTests.Prefetch.BlobPrefetcherTests" runstate="Runnable" testcasecount="1" result="Passed" start-time="2019-11-11 20:29:25Z" end-time="2019-11-11 20:29:25Z" duration="0.001525" total="1" passed="1" failed="0" warnings="0" inconclusive="0" skipped="0" asserts="6">
              <properties />
              <test-case id="1272" name="AppendToNewlineSeparatedFileTests()" fullname="GVFS.UnitTests.Prefetch.BlobPrefetcherTests.AppendToNewlineSeparatedFileTests()" methodname="AppendToNewlineSeparatedFileTests" classname="GVFS.UnitTests.Prefetch.BlobPrefetcherTests" runstate="Runnable" seed="2127919084" result="Passed" start-time="2019-11-11 20:29:25Z" end-time="2019-11-11 20:29:25Z" duration="0.001493" asserts="6">
                <properties />
              </test-case>
            </test-suite>
          </test-suite>
          <test-suite type="ParameterizedFixture" id="1300" name="DiffHelperTests" fullname="GVFS.UnitTests.Prefetch.DiffHelperTests" runstate="Runnable" testcasecount="12" result="Passed" start-time="2019-11-11 20:29:15Z" end-time="2019-11-11 20:29:25Z" duration="10.703604" total="10" passed="10" failed="0" warnings="0" inconclusive="0" skipped="0" asserts="40">
            <properties />
            <test-suite type="TestFixture" id="1287" name="DiffHelperTests(False)" fullname="GVFS.UnitTests.Prefetch.DiffHelperTests(False)" classname="GVFS.UnitTests.Prefetch.DiffHelperTests" runstate="Runnable" testcasecount="6" result="Passed" start-time="2019-11-11 20:29:25Z" end-time="2019-11-11 20:29:25Z" duration="0.035588" total="5" passed="5" failed="0" warnings="0" inconclusive="0" skipped="0" asserts="20">
              <properties />
              <test-suite type="ParameterizedMethod" id="1291" name="CanParseBackwardsDiff" fullname="GVFS.UnitTests.Prefetch.DiffHelperTests.CanParseBackwardsDiff" classname="GVFS.UnitTests.Prefetch.DiffHelperTests" runstate="Runnable" testcasecount="1" result="Passed" start-time="2019-11-11 20:29:25Z" end-time="2019-11-11 20:29:25Z" duration="0.015457" total="1" passed="1" failed="0" warnings="0" inconclusive="0" skipped="0" asserts="4">
                <properties />
                <test-case id="1290" name="CanParseBackwardsDiff()" fullname="GVFS.UnitTests.Prefetch.DiffHelperTests(False).CanParseBackwardsDiff()" methodname="CanParseBackwardsDiff" classname="GVFS.UnitTests.Prefetch.DiffHelperTests" runstate="Runnable" seed="1059128672" result="Passed" start-time="2019-11-11 20:29:25Z" end-time="2019-11-11 20:29:25Z" duration="0.015421" asserts="4">
                  <properties />
                </test-case>
              </test-suite>
              <test-suite type="ParameterizedMethod" id="1289" name="CanParseDiffForwards" fullname="GVFS.UnitTests.Prefetch.DiffHelperTests.CanParseDiffForwards" classname="GVFS.UnitTests.Prefetch.DiffHelperTests" runstate="Runnable" testcasecount="1" result="Passed" start-time="2019-11-11 20:29:25Z" end-time="2019-11-11 20:29:25Z" duration="0.002311" total="1" passed="1" failed="0" warnings="0" inconclusive="0" skipped="0" asserts="6">
                <properties />
                <test-case id="1288" name="CanParseDiffForwards()" fullname="GVFS.UnitTests.Prefetch.DiffHelperTests(False).CanParseDiffForwards()" methodname="CanParseDiffForwards" classname="GVFS.UnitTests.Prefetch.DiffHelperTests" runstate="Runnable" seed="434521049" result="Passed" start-time="2019-11-11 20:29:25Z" end-time="2019-11-11 20:29:25Z" duration="0.002254" asserts="6">
                  <properties />
                </test-case>
              </test-suite>
              <test-suite type="ParameterizedMethod" id="1297" name="DetectsFailuresInDiffTree" fullname="GVFS.UnitTests.Prefetch.DiffHelperTests.DetectsFailuresInDiffTree" classname="GVFS.UnitTests.Prefetch.DiffHelperTests" runstate="Runnable" testcasecount="1" result="Passed" start-time="2019-11-11 20:29:25Z" end-time="2019-11-11 20:29:25Z" duration="0.006324" total="1" passed="1" failed="0" warnings="0" inconclusive="0" skipped="0" asserts="2">
                <properties />
                <test-case id="1296" name="DetectsFailuresInDiffTree()" fullname="GVFS.UnitTests.Prefetch.DiffHelperTests(False).DetectsFailuresInDiffTree()" methodname="DetectsFailuresInDiffTree" classname="GVFS.UnitTests.Prefetch.DiffHelperTests" runstate="Runnable" seed="448969063" result="Passed" start-time="2019-11-11 20:29:25Z" end-time="2019-11-11 20:29:25Z" duration="0.006293" asserts="2">
                  <properties />
                </test-case>
              </test-suite>
              <test-suite type="ParameterizedMethod" id="1299" name="DetectsFailuresInLsTree" fullname="GVFS.UnitTests.Prefetch.DiffHelperTests.DetectsFailuresInLsTree" classname="GVFS.UnitTests.Prefetch.DiffHelperTests" runstate="Runnable" testcasecount="1" result="Passed" start-time="2019-11-11 20:29:25Z" end-time="2019-11-11 20:29:25Z" duration="0.003692" total="1" passed="1" failed="0" warnings="0" inconclusive="0" skipped="0" asserts="2">
                <properties />
                <test-case id="1298" name="DetectsFailuresInLsTree()" fullname="GVFS.UnitTests.Prefetch.DiffHelperTests(False).DetectsFailuresInLsTree()" methodname="DetectsFailuresInLsTree" classname="GVFS.UnitTests.Prefetch.DiffHelperTests" runstate="Runnable" seed="241227272" result="Passed" start-time="2019-11-11 20:29:25Z" end-time="2019-11-11 20:29:25Z" duration="0.003657" asserts="2">
                  <properties />
                </test-case>
              </test-suite>
              <test-suite type="ParameterizedMethod" id="1293" name="ParsesCaseChangesAsAdds" fullname="GVFS.UnitTests.Prefetch.DiffHelperTests.ParsesCaseChangesAsAdds" classname="GVFS.UnitTests.Prefetch.DiffHelperTests" runstate="Runnable" testcasecount="1" result="Passed" start-time="2019-11-11 20:29:25Z" end-time="2019-11-11 20:29:25Z" duration="0.007650" total="1" passed="1" failed="0" warnings="0" inconclusive="0" skipped="0" asserts="6">
                <properties>
                  <property name="Category" value="CaseInsensitiveFileSystemOnly" />
                </properties>
                <test-case id="1292" name="ParsesCaseChangesAsAdds()" fullname="GVFS.UnitTests.Prefetch.DiffHelperTests(False).ParsesCaseChangesAsAdds()" methodname="ParsesCaseChangesAsAdds" classname="GVFS.UnitTests.Prefetch.DiffHelperTests" runstate="Runnable" seed="1994821042" result="Passed" start-time="2019-11-11 20:29:25Z" end-time="2019-11-11 20:29:25Z" duration="0.007611" asserts="6">
                  <properties />
                </test-case>
              </test-suite>
            </test-suite>
            <test-suite type="TestFixture" id="1274" name="DiffHelperTests(True)" fullname="GVFS.UnitTests.Prefetch.DiffHelperTests(True)" classname="GVFS.UnitTests.Prefetch.DiffHelperTests" runstate="Runnable" testcasecount="6" result="Passed" start-time="2019-11-11 20:29:25Z" end-time="2019-11-11 20:29:25Z" duration="0.010768" total="5" passed="5" failed="0" warnings="0" inconclusive="0" skipped="0" asserts="20">
              <properties />
              <test-suite type="ParameterizedMethod" id="1278" name="CanParseBackwardsDiff" fullname="GVFS.UnitTests.Prefetch.DiffHelperTests.CanParseBackwardsDiff" classname="GVFS.UnitTests.Prefetch.DiffHelperTests" runstate="Runnable" testcasecount="1" result="Passed" start-time="2019-11-11 20:29:25Z" end-time="2019-11-11 20:29:25Z" duration="0.002689" total="1" passed="1" failed="0" warnings="0" inconclusive="0" skipped="0" asserts="4">
                <properties />
                <test-case id="1277" name="CanParseBackwardsDiff()" fullname="GVFS.UnitTests.Prefetch.DiffHelperTests(True).CanParseBackwardsDiff()" methodname="CanParseBackwardsDiff" classname="GVFS.UnitTests.Prefetch.DiffHelperTests" runstate="Runnable" seed="2008901454" result="Passed" start-time="2019-11-11 20:29:25Z" end-time="2019-11-11 20:29:25Z" duration="0.002661" asserts="4">
                  <properties />
                </test-case>
              </test-suite>
              <test-suite type="ParameterizedMethod" id="1276" name="CanParseDiffForwards" fullname="GVFS.UnitTests.Prefetch.DiffHelperTests.CanParseDiffForwards" classname="GVFS.UnitTests.Prefetch.DiffHelperTests" runstate="Runnable" testcasecount="1" result="Passed" start-time="2019-11-11 20:29:25Z" end-time="2019-11-11 20:29:25Z" duration="0.001419" total="1" passed="1" failed="0" warnings="0" inconclusive="0" skipped="0" asserts="6">
                <properties />
                <test-case id="1275" name="CanParseDiffForwards()" fullname="GVFS.UnitTests.Prefetch.DiffHelperTests(True).CanParseDiffForwards()" methodname="CanParseDiffForwards" classname="GVFS.UnitTests.Prefetch.DiffHelperTests" runstate="Runnable" seed="1250832089" result="Passed" start-time="2019-11-11 20:29:25Z" end-time="2019-11-11 20:29:25Z" duration="0.001380" asserts="6">
                  <properties />
                </test-case>
              </test-suite>
              <test-suite type="ParameterizedMethod" id="1284" name="DetectsFailuresInDiffTree" fullname="GVFS.UnitTests.Prefetch.DiffHelperTests.DetectsFailuresInDiffTree" classname="GVFS.UnitTests.Prefetch.DiffHelperTests" runstate="Runnable" testcasecount="1" result="Passed" start-time="2019-11-11 20:29:25Z" end-time="2019-11-11 20:29:25Z" duration="0.002788" total="1" passed="1" failed="0" warnings="0" inconclusive="0" skipped="0" asserts="2">
                <properties />
                <test-case id="1283" name="DetectsFailuresInDiffTree()" fullname="GVFS.UnitTests.Prefetch.DiffHelperTests(True).DetectsFailuresInDiffTree()" methodname="DetectsFailuresInDiffTree" classname="GVFS.UnitTests.Prefetch.DiffHelperTests" runstate="Runnable" seed="2139675543" result="Passed" start-time="2019-11-11 20:29:25Z" end-time="2019-11-11 20:29:25Z" duration="0.002738" asserts="2">
                  <properties />
                </test-case>
              </test-suite>
              <test-suite type="ParameterizedMethod" id="1286" name="DetectsFailuresInLsTree" fullname="GVFS.UnitTests.Prefetch.DiffHelperTests.DetectsFailuresInLsTree" classname="GVFS.UnitTests.Prefetch.DiffHelperTests" runstate="Runnable" testcasecount="1" result="Passed" start-time="2019-11-11 20:29:25Z" end-time="2019-11-11 20:29:25Z" duration="0.002012" total="1" passed="1" failed="0" warnings="0" inconclusive="0" skipped="0" asserts="2">
                <properties />
                <test-case id="1285" name="DetectsFailuresInLsTree()" fullname="GVFS.UnitTests.Prefetch.DiffHelperTests(True).DetectsFailuresInLsTree()" methodname="DetectsFailuresInLsTree" classname="GVFS.UnitTests.Prefetch.DiffHelperTests" runstate="Runnable" seed="2048708511" result="Passed" start-time="2019-11-11 20:29:25Z" end-time="2019-11-11 20:29:25Z" duration="0.001974" asserts="2">
                  <properties />
                </test-case>
              </test-suite>
              <test-suite type="ParameterizedMethod" id="1280" name="ParsesCaseChangesAsAdds" fullname="GVFS.UnitTests.Prefetch.DiffHelperTests.ParsesCaseChangesAsAdds" classname="GVFS.UnitTests.Prefetch.DiffHelperTests" runstate="Runnable" testcasecount="1" result="Passed" start-time="2019-11-11 20:29:25Z" end-time="2019-11-11 20:29:25Z" duration="0.001765" total="1" passed="1" failed="0" warnings="0" inconclusive="0" skipped="0" asserts="6">
                <properties>
                  <property name="Category" value="CaseInsensitiveFileSystemOnly" />
                </properties>
                <test-case id="1279" name="ParsesCaseChangesAsAdds()" fullname="GVFS.UnitTests.Prefetch.DiffHelperTests(True).ParsesCaseChangesAsAdds()" methodname="ParsesCaseChangesAsAdds" classname="GVFS.UnitTests.Prefetch.DiffHelperTests" runstate="Runnable" seed="2129669390" result="Passed" start-time="2019-11-11 20:29:25Z" end-time="2019-11-11 20:29:25Z" duration="0.001731" asserts="6">
                  <properties />
                </test-case>
              </test-suite>
            </test-suite>
          </test-suite>
          <test-suite type="TestFixture" id="1301" name="DiffTreeResultTests" fullname="GVFS.UnitTests.Prefetch.DiffTreeResultTests" classname="GVFS.UnitTests.Prefetch.DiffTreeResultTests" runstate="Runnable" testcasecount="30" result="Passed" start-time="2019-11-11 20:29:25Z" end-time="2019-11-11 20:29:25Z" duration="0.013039" total="30" passed="30" failed="0" warnings="0" inconclusive="0" skipped="0" asserts="100">
            <properties />
            <test-suite type="ParameterizedMethod" id="1335" name="ParseFromDiffTreeLine_AddBlobLine" fullname="GVFS.UnitTests.Prefetch.DiffTreeResultTests.ParseFromDiffTreeLine_AddBlobLine" classname="GVFS.UnitTests.Prefetch.DiffTreeResultTests" runstate="Runnable" testcasecount="1" result="Passed" start-time="2019-11-11 20:29:25Z" end-time="2019-11-11 20:29:25Z" duration="0.001322" total="1" passed="1" failed="0" warnings="0" inconclusive="0" skipped="0" asserts="6">
              <properties />
              <test-case id="1334" name="ParseFromDiffTreeLine_AddBlobLine()" fullname="GVFS.UnitTests.Prefetch.DiffTreeResultTests.ParseFromDiffTreeLine_AddBlobLine()" methodname="ParseFromDiffTreeLine_AddBlobLine" classname="GVFS.UnitTests.Prefetch.DiffTreeResultTests" runstate="Runnable" seed="974311054" result="Passed" start-time="2019-11-11 20:29:25Z" end-time="2019-11-11 20:29:25Z" duration="0.001288" asserts="6">
                <properties />
              </test-case>
            </test-suite>
            <test-suite type="ParameterizedMethod" id="1333" name="ParseFromDiffTreeLine_AddTreeLine" fullname="GVFS.UnitTests.Prefetch.DiffTreeResultTests.ParseFromDiffTreeLine_AddTreeLine" classname="GVFS.UnitTests.Prefetch.DiffTreeResultTests" runstate="Runnable" testcasecount="1" result="Passed" start-time="2019-11-11 20:29:25Z" end-time="2019-11-11 20:29:25Z" duration="0.000501" total="1" passed="1" failed="0" warnings="0" inconclusive="0" skipped="0" asserts="6">
              <properties />
              <test-case id="1332" name="ParseFromDiffTreeLine_AddTreeLine()" fullname="GVFS.UnitTests.Prefetch.DiffTreeResultTests.ParseFromDiffTreeLine_AddTreeLine()" methodname="ParseFromDiffTreeLine_AddTreeLine" classname="GVFS.UnitTests.Prefetch.DiffTreeResultTests" runstate="Runnable" seed="2141769001" result="Passed" start-time="2019-11-11 20:29:25Z" end-time="2019-11-11 20:29:25Z" duration="0.000470" asserts="6">
                <properties />
              </test-case>
            </test-suite>
            <test-suite type="ParameterizedMethod" id="1347" name="ParseFromDiffTreeLine_BlobLineWithTreePath" fullname="GVFS.UnitTests.Prefetch.DiffTreeResultTests.ParseFromDiffTreeLine_BlobLineWithTreePath" classname="GVFS.UnitTests.Prefetch.DiffTreeResultTests" runstate="Runnable" testcasecount="1" result="Passed" start-time="2019-11-11 20:29:25Z" end-time="2019-11-11 20:29:25Z" duration="0.001135" total="1" passed="1" failed="0" warnings="0" inconclusive="0" skipped="0" asserts="6">
              <properties />
              <test-case id="1346" name="ParseFromDiffTreeLine_BlobLineWithTreePath()" fullname="GVFS.UnitTests.Prefetch.DiffTreeResultTests.ParseFromDiffTreeLine_BlobLineWithTreePath()" methodname="ParseFromDiffTreeLine_BlobLineWithTreePath" classname="GVFS.UnitTests.Prefetch.DiffTreeResultTests" runstate="Runnable" seed="1464957402" result="Passed" start-time="2019-11-11 20:29:25Z" end-time="2019-11-11 20:29:25Z" duration="0.001097" asserts="6">
                <properties />
              </test-case>
            </test-suite>
            <test-suite type="ParameterizedMethod" id="1337" name="ParseFromDiffTreeLine_DeleteBlobLine" fullname="GVFS.UnitTests.Prefetch.DiffTreeResultTests.ParseFromDiffTreeLine_DeleteBlobLine" classname="GVFS.UnitTests.Prefetch.DiffTreeResultTests" runstate="Runnable" testcasecount="1" result="Passed" start-time="2019-11-11 20:29:25Z" end-time="2019-11-11 20:29:25Z" duration="0.000353" total="1" passed="1" failed="0" warnings="0" inconclusive="0" skipped="0" asserts="6">
              <properties />
              <test-case id="1336" name="ParseFromDiffTreeLine_DeleteBlobLine()" fullname="GVFS.UnitTests.Prefetch.DiffTreeResultTests.ParseFromDiffTreeLine_DeleteBlobLine()" methodname="ParseFromDiffTreeLine_DeleteBlobLine" classname="GVFS.UnitTests.Prefetch.DiffTreeResultTests" runstate="Runnable" seed="221431167" result="Passed" start-time="2019-11-11 20:29:25Z" end-time="2019-11-11 20:29:25Z" duration="0.000320" asserts="6">
                <properties />
              </test-case>
            </test-suite>
            <test-suite type="ParameterizedMethod" id="1339" name="ParseFromDiffTreeLine_DeleteBlobLine2" fullname="GVFS.UnitTests.Prefetch.DiffTreeResultTests.ParseFromDiffTreeLine_DeleteBlobLine2" classname="GVFS.UnitTests.Prefetch.DiffTreeResultTests" runstate="Runnable" testcasecount="1" result="Passed" start-time="2019-11-11 20:29:25Z" end-time="2019-11-11 20:29:25Z" duration="0.000360" total="1" passed="1" failed="0" warnings="0" inconclusive="0" skipped="0" asserts="6">
              <properties />
              <test-case id="1338" name="ParseFromDiffTreeLine_DeleteBlobLine2()" fullname="GVFS.UnitTests.Prefetch.DiffTreeResultTests.ParseFromDiffTreeLine_DeleteBlobLine2()" methodname="ParseFromDiffTreeLine_DeleteBlobLine2" classname="GVFS.UnitTests.Prefetch.DiffTreeResultTests" runstate="Runnable" seed="1194071955" result="Passed" start-time="2019-11-11 20:29:25Z" end-time="2019-11-11 20:29:25Z" duration="0.000328" asserts="6">
                <properties />
              </test-case>
            </test-suite>
            <test-suite type="ParameterizedMethod" id="1331" name="ParseFromDiffTreeLine_DeleteTreeLine" fullname="GVFS.UnitTests.Prefetch.DiffTreeResultTests.ParseFromDiffTreeLine_DeleteTreeLine" classname="GVFS.UnitTests.Prefetch.DiffTreeResultTests" runstate="Runnable" testcasecount="1" result="Passed" start-time="2019-11-11 20:29:25Z" end-time="2019-11-11 20:29:25Z" duration="0.000386" total="1" passed="1" failed="0" warnings="0" inconclusive="0" skipped="0" asserts="6">
              <properties />
              <test-case id="1330" name="ParseFromDiffTreeLine_DeleteTreeLine()" fullname="GVFS.UnitTests.Prefetch.DiffTreeResultTests.ParseFromDiffTreeLine_DeleteTreeLine()" methodname="ParseFromDiffTreeLine_DeleteTreeLine" classname="GVFS.UnitTests.Prefetch.DiffTreeResultTests" runstate="Runnable" seed="1568900166" result="Passed" start-time="2019-11-11 20:29:25Z" end-time="2019-11-11 20:29:25Z" duration="0.000353" asserts="6">
                <properties />
              </test-case>
            </test-suite>
            <test-suite type="ParameterizedMethod" id="1305" name="ParseFromDiffTreeLine_EmptyLine" fullname="GVFS.UnitTests.Prefetch.DiffTreeResultTests.ParseFromDiffTreeLine_EmptyLine" classname="GVFS.UnitTests.Prefetch.DiffTreeResultTests" runstate="Runnable" testcasecount="1" result="Passed" start-time="2019-11-11 20:29:25Z" end-time="2019-11-11 20:29:25Z" duration="0.000612" total="1" passed="1" failed="0" warnings="0" inconclusive="0" skipped="0" asserts="1">
              <properties>
                <property name="Category" value="ExceptionExpected" />
              </properties>
              <test-case id="1304" name="ParseFromDiffTreeLine_EmptyLine()" fullname="GVFS.UnitTests.Prefetch.DiffTreeResultTests.ParseFromDiffTreeLine_EmptyLine()" methodname="ParseFromDiffTreeLine_EmptyLine" classname="GVFS.UnitTests.Prefetch.DiffTreeResultTests" runstate="Runnable" seed="999369099" result="Passed" start-time="2019-11-11 20:29:25Z" end-time="2019-11-11 20:29:25Z" duration="0.000579" asserts="1">
                <properties />
              </test-case>
            </test-suite>
            <test-suite type="ParameterizedMethod" id="1307" name="ParseFromDiffTreeLine_EmptyRepo" fullname="GVFS.UnitTests.Prefetch.DiffTreeResultTests.ParseFromDiffTreeLine_EmptyRepo" classname="GVFS.UnitTests.Prefetch.DiffTreeResultTests" runstate="Runnable" testcasecount="1" result="Passed" start-time="2019-11-11 20:29:25Z" end-time="2019-11-11 20:29:25Z" duration="0.000440" total="1" passed="1" failed="0" warnings="0" inconclusive="0" skipped="0" asserts="6">
              <properties>
                <property name="Category" value="ExceptionExpected" />
              </properties>
              <test-case id="1306" name="ParseFromDiffTreeLine_EmptyRepo()" fullname="GVFS.UnitTests.Prefetch.DiffTreeResultTests.ParseFromDiffTreeLine_EmptyRepo()" methodname="ParseFromDiffTreeLine_EmptyRepo" classname="GVFS.UnitTests.Prefetch.DiffTreeResultTests" runstate="Runnable" seed="973656546" result="Passed" start-time="2019-11-11 20:29:25Z" end-time="2019-11-11 20:29:25Z" duration="0.000408" asserts="6">
                <properties />
              </test-case>
            </test-suite>
            <test-suite type="ParameterizedMethod" id="1341" name="ParseFromDiffTreeLine_ModifyBlobLine" fullname="GVFS.UnitTests.Prefetch.DiffTreeResultTests.ParseFromDiffTreeLine_ModifyBlobLine" classname="GVFS.UnitTests.Prefetch.DiffTreeResultTests" runstate="Runnable" testcasecount="1" result="Passed" start-time="2019-11-11 20:29:25Z" end-time="2019-11-11 20:29:25Z" duration="0.000289" total="1" passed="1" failed="0" warnings="0" inconclusive="0" skipped="0" asserts="6">
              <properties />
              <test-case id="1340" name="ParseFromDiffTreeLine_ModifyBlobLine()" fullname="GVFS.UnitTests.Prefetch.DiffTreeResultTests.ParseFromDiffTreeLine_ModifyBlobLine()" methodname="ParseFromDiffTreeLine_ModifyBlobLine" classname="GVFS.UnitTests.Prefetch.DiffTreeResultTests" runstate="Runnable" seed="637202942" result="Passed" start-time="2019-11-11 20:29:25Z" end-time="2019-11-11 20:29:25Z" duration="0.000263" asserts="6">
                <properties />
              </test-case>
            </test-suite>
            <test-suite type="ParameterizedMethod" id="1329" name="ParseFromDiffTreeLine_ModifyTreeLine" fullname="GVFS.UnitTests.Prefetch.DiffTreeResultTests.ParseFromDiffTreeLine_ModifyTreeLine" classname="GVFS.UnitTests.Prefetch.DiffTreeResultTests" runstate="Runnable" testcasecount="1" result="Passed" start-time="2019-11-11 20:29:25Z" end-time="2019-11-11 20:29:25Z" duration="0.000355" total="1" passed="1" failed="0" warnings="0" inconclusive="0" skipped="0" asserts="6">
              <properties />
              <test-case id="1328" name="ParseFromDiffTreeLine_ModifyTreeLine()" fullname="GVFS.UnitTests.Prefetch.DiffTreeResultTests.ParseFromDiffTreeLine_ModifyTreeLine()" methodname="ParseFromDiffTreeLine_ModifyTreeLine" classname="GVFS.UnitTests.Prefetch.DiffTreeResultTests" runstate="Runnable" seed="372908044" result="Passed" start-time="2019-11-11 20:29:25Z" end-time="2019-11-11 20:29:25Z" duration="0.000326" asserts="6">
                <properties />
              </test-case>
            </test-suite>
            <test-suite type="ParameterizedMethod" id="1321" name="ParseFromDiffTreeLine_NoColonLine" fullname="GVFS.UnitTests.Prefetch.DiffTreeResultTests.ParseFromDiffTreeLine_NoColonLine" classname="GVFS.UnitTests.Prefetch.DiffTreeResultTests" runstate="Runnable" testcasecount="1" result="Passed" start-time="2019-11-11 20:29:25Z" end-time="2019-11-11 20:29:25Z" duration="0.000502" total="1" passed="1" failed="0" warnings="0" inconclusive="0" skipped="0" asserts="1">
              <properties>
                <property name="Category" value="ExceptionExpected" />
              </properties>
              <test-case id="1320" name="ParseFromDiffTreeLine_NoColonLine()" fullname="GVFS.UnitTests.Prefetch.DiffTreeResultTests.ParseFromDiffTreeLine_NoColonLine()" methodname="ParseFromDiffTreeLine_NoColonLine" classname="GVFS.UnitTests.Prefetch.DiffTreeResultTests" runstate="Runnable" seed="678075105" result="Passed" start-time="2019-11-11 20:29:25Z" end-time="2019-11-11 20:29:25Z" duration="0.000466" asserts="1">
                <properties />
              </test-case>
            </test-suite>
            <test-suite type="ParameterizedMethod" id="1325" name="ParseFromDiffTreeLine_NotEnoughFieldsLine" fullname="GVFS.UnitTests.Prefetch.DiffTreeResultTests.ParseFromDiffTreeLine_NotEnoughFieldsLine" classname="GVFS.UnitTests.Prefetch.DiffTreeResultTests" runstate="Runnable" testcasecount="1" result="Passed" start-time="2019-11-11 20:29:25Z" end-time="2019-11-11 20:29:25Z" duration="0.000525" total="1" passed="1" failed="0" warnings="0" inconclusive="0" skipped="0" asserts="1">
              <properties>
                <property name="Category" value="ExceptionExpected" />
              </properties>
              <test-case id="1324" name="ParseFromDiffTreeLine_NotEnoughFieldsLine()" fullname="GVFS.UnitTests.Prefetch.DiffTreeResultTests.ParseFromDiffTreeLine_NotEnoughFieldsLine()" methodname="ParseFromDiffTreeLine_NotEnoughFieldsLine" classname="GVFS.UnitTests.Prefetch.DiffTreeResultTests" runstate="Runnable" seed="1840598615" result="Passed" start-time="2019-11-11 20:29:25Z" end-time="2019-11-11 20:29:25Z" duration="0.000493" asserts="1">
                <properties />
              </test-case>
            </test-suite>
            <test-suite type="ParameterizedMethod" id="1303" name="ParseFromDiffTreeLine_NullLine" fullname="GVFS.UnitTests.Prefetch.DiffTreeResultTests.ParseFromDiffTreeLine_NullLine" classname="GVFS.UnitTests.Prefetch.DiffTreeResultTests" runstate="Runnable" testcasecount="1" result="Passed" start-time="2019-11-11 20:29:25Z" end-time="2019-11-11 20:29:25Z" duration="0.000654" total="1" passed="1" failed="0" warnings="0" inconclusive="0" skipped="0" asserts="1">
              <properties>
                <property name="Category" value="ExceptionExpected" />
              </properties>
              <test-case id="1302" name="ParseFromDiffTreeLine_NullLine()" fullname="GVFS.UnitTests.Prefetch.DiffTreeResultTests.ParseFromDiffTreeLine_NullLine()" methodname="ParseFromDiffTreeLine_NullLine" classname="GVFS.UnitTests.Prefetch.DiffTreeResultTests" runstate="Runnable" seed="799131581" result="Passed" start-time="2019-11-11 20:29:25Z" end-time="2019-11-11 20:29:25Z" duration="0.000617" asserts="1">
                <properties />
              </test-case>
            </test-suite>
            <test-suite type="ParameterizedMethod" id="1323" name="ParseFromDiffTreeLine_TooManyFieldsLine" fullname="GVFS.UnitTests.Prefetch.DiffTreeResultTests.ParseFromDiffTreeLine_TooManyFieldsLine" classname="GVFS.UnitTests.Prefetch.DiffTreeResultTests" runstate="Runnable" testcasecount="1" result="Passed" start-time="2019-11-11 20:29:25Z" end-time="2019-11-11 20:29:25Z" duration="0.000783" total="1" passed="1" failed="0" warnings="0" inconclusive="0" skipped="0" asserts="1">
              <properties>
                <property name="Category" value="ExceptionExpected" />
              </properties>
              <test-case id="1322" name="ParseFromDiffTreeLine_TooManyFieldsLine()" fullname="GVFS.UnitTests.Prefetch.DiffTreeResultTests.ParseFromDiffTreeLine_TooManyFieldsLine()" methodname="ParseFromDiffTreeLine_TooManyFieldsLine" classname="GVFS.UnitTests.Prefetch.DiffTreeResultTests" runstate="Runnable" seed="1505067777" result="Passed" start-time="2019-11-11 20:29:25Z" end-time="2019-11-11 20:29:25Z" duration="0.000728" asserts="1">
                <properties />
              </test-case>
            </test-suite>
            <test-suite type="ParameterizedMethod" id="1345" name="ParseFromDiffTreeLine_TreeLineWithBlobPath" fullname="GVFS.UnitTests.Prefetch.DiffTreeResultTests.ParseFromDiffTreeLine_TreeLineWithBlobPath" classname="GVFS.UnitTests.Prefetch.DiffTreeResultTests" runstate="Runnable" testcasecount="1" result="Passed" start-time="2019-11-11 20:29:25Z" end-time="2019-11-11 20:29:25Z" duration="0.000509" total="1" passed="1" failed="0" warnings="0" inconclusive="0" skipped="0" asserts="6">
              <properties />
              <test-case id="1344" name="ParseFromDiffTreeLine_TreeLineWithBlobPath()" fullname="GVFS.UnitTests.Prefetch.DiffTreeResultTests.ParseFromDiffTreeLine_TreeLineWithBlobPath()" methodname="ParseFromDiffTreeLine_TreeLineWithBlobPath" classname="GVFS.UnitTests.Prefetch.DiffTreeResultTests" runstate="Runnable" seed="1070858352" result="Passed" start-time="2019-11-11 20:29:25Z" end-time="2019-11-11 20:29:25Z" duration="0.000474" asserts="6">
                <properties />
              </test-case>
            </test-suite>
            <test-suite type="ParameterizedMethod" id="1327" name="ParseFromDiffTreeLine_TwoPathLine" fullname="GVFS.UnitTests.Prefetch.DiffTreeResultTests.ParseFromDiffTreeLine_TwoPathLine" classname="GVFS.UnitTests.Prefetch.DiffTreeResultTests" runstate="Runnable" testcasecount="1" result="Passed" start-time="2019-11-11 20:29:25Z" end-time="2019-11-11 20:29:25Z" duration="0.000568" total="1" passed="1" failed="0" warnings="0" inconclusive="0" skipped="0" asserts="1">
              <properties>
                <property name="Category" value="ExceptionExpected" />
              </properties>
              <test-case id="1326" name="ParseFromDiffTreeLine_TwoPathLine()" fullname="GVFS.UnitTests.Prefetch.DiffTreeResultTests.ParseFromDiffTreeLine_TwoPathLine()" methodname="ParseFromDiffTreeLine_TwoPathLine" classname="GVFS.UnitTests.Prefetch.DiffTreeResultTests" runstate="Runnable" seed="120100219" result="Passed" start-time="2019-11-11 20:29:25Z" end-time="2019-11-11 20:29:25Z" duration="0.000461" asserts="1">
                <properties />
              </test-case>
            </test-suite>
            <test-suite type="ParameterizedMethod" id="1315" name="ParseFromLsTreeLine_BlobLine" fullname="GVFS.UnitTests.Prefetch.DiffTreeResultTests.ParseFromLsTreeLine_BlobLine" classname="GVFS.UnitTests.Prefetch.DiffTreeResultTests" runstate="Runnable" testcasecount="1" result="Passed" start-time="2019-11-11 20:29:25Z" end-time="2019-11-11 20:29:25Z" duration="0.000590" total="1" passed="1" failed="0" warnings="0" inconclusive="0" skipped="0" asserts="6">
              <properties />
              <test-case id="1314" name="ParseFromLsTreeLine_BlobLine()" fullname="GVFS.UnitTests.Prefetch.DiffTreeResultTests.ParseFromLsTreeLine_BlobLine()" methodname="ParseFromLsTreeLine_BlobLine" classname="GVFS.UnitTests.Prefetch.DiffTreeResultTests" runstate="Runnable" seed="914306940" result="Passed" start-time="2019-11-11 20:29:25Z" end-time="2019-11-11 20:29:25Z" duration="0.000558" asserts="6">
                <properties />
              </test-case>
            </test-suite>
            <test-suite type="ParameterizedMethod" id="1311" name="ParseFromLsTreeLine_EmptyLine" fullname="GVFS.UnitTests.Prefetch.DiffTreeResultTests.ParseFromLsTreeLine_EmptyLine" classname="GVFS.UnitTests.Prefetch.DiffTreeResultTests" runstate="Runnable" testcasecount="1" result="Passed" start-time="2019-11-11 20:29:25Z" end-time="2019-11-11 20:29:25Z" duration="0.000426" total="1" passed="1" failed="0" warnings="0" inconclusive="0" skipped="0" asserts="1">
              <properties>
                <property name="Category" value="ExceptionExpected" />
              </properties>
              <test-case id="1310" name="ParseFromLsTreeLine_EmptyLine()" fullname="GVFS.UnitTests.Prefetch.DiffTreeResultTests.ParseFromLsTreeLine_EmptyLine()" methodname="ParseFromLsTreeLine_EmptyLine" classname="GVFS.UnitTests.Prefetch.DiffTreeResultTests" runstate="Runnable" seed="1903719225" result="Passed" start-time="2019-11-11 20:29:25Z" end-time="2019-11-11 20:29:25Z" duration="0.000393" asserts="1">
                <properties />
              </test-case>
            </test-suite>
            <test-suite type="ParameterizedMethod" id="1313" name="ParseFromLsTreeLine_EmptyRepoRoot" fullname="GVFS.UnitTests.Prefetch.DiffTreeResultTests.ParseFromLsTreeLine_EmptyRepoRoot" classname="GVFS.UnitTests.Prefetch.DiffTreeResultTests" runstate="Runnable" testcasecount="1" result="Passed" start-time="2019-11-11 20:29:25Z" end-time="2019-11-11 20:29:25Z" duration="0.000365" total="1" passed="1" failed="0" warnings="0" inconclusive="0" skipped="0" asserts="6">
              <properties />
              <test-case id="1312" name="ParseFromLsTreeLine_EmptyRepoRoot()" fullname="GVFS.UnitTests.Prefetch.DiffTreeResultTests.ParseFromLsTreeLine_EmptyRepoRoot()" methodname="ParseFromLsTreeLine_EmptyRepoRoot" classname="GVFS.UnitTests.Prefetch.DiffTreeResultTests" runstate="Runnable" seed="1927656155" result="Passed" start-time="2019-11-11 20:29:25Z" end-time="2019-11-11 20:29:25Z" duration="0.000336" asserts="6">
                <properties />
              </test-case>
            </test-suite>
            <test-suite type="ParameterizedMethod" id="1319" name="ParseFromLsTreeLine_InvalidLine" fullname="GVFS.UnitTests.Prefetch.DiffTreeResultTests.ParseFromLsTreeLine_InvalidLine" classname="GVFS.UnitTests.Prefetch.DiffTreeResultTests" runstate="Runnable" testcasecount="1" result="Passed" start-time="2019-11-11 20:29:25Z" end-time="2019-11-11 20:29:25Z" duration="0.000181" total="1" passed="1" failed="0" warnings="0" inconclusive="0" skipped="0" asserts="1">
              <properties />
              <test-case id="1318" name="ParseFromLsTreeLine_InvalidLine()" fullname="GVFS.UnitTests.Prefetch.DiffTreeResultTests.ParseFromLsTreeLine_InvalidLine()" methodname="ParseFromLsTreeLine_InvalidLine" classname="GVFS.UnitTests.Prefetch.DiffTreeResultTests" runstate="Runnable" seed="1475413378" result="Passed" start-time="2019-11-11 20:29:25Z" end-time="2019-11-11 20:29:25Z" duration="0.000146" asserts="1">
                <properties />
              </test-case>
            </test-suite>
            <test-suite type="ParameterizedMethod" id="1309" name="ParseFromLsTreeLine_NullLine" fullname="GVFS.UnitTests.Prefetch.DiffTreeResultTests.ParseFromLsTreeLine_NullLine" classname="GVFS.UnitTests.Prefetch.DiffTreeResultTests" runstate="Runnable" testcasecount="1" result="Passed" start-time="2019-11-11 20:29:25Z" end-time="2019-11-11 20:29:25Z" duration="0.000527" total="1" passed="1" failed="0" warnings="0" inconclusive="0" skipped="0" asserts="1">
              <properties>
                <property name="Category" value="ExceptionExpected" />
              </properties>
              <test-case id="1308" name="ParseFromLsTreeLine_NullLine()" fullname="GVFS.UnitTests.Prefetch.DiffTreeResultTests.ParseFromLsTreeLine_NullLine()" methodname="ParseFromLsTreeLine_NullLine" classname="GVFS.UnitTests.Prefetch.DiffTreeResultTests" runstate="Runnable" seed="1383078097" result="Passed" start-time="2019-11-11 20:29:25Z" end-time="2019-11-11 20:29:25Z" duration="0.000476" asserts="1">
                <properties />
              </test-case>
            </test-suite>
            <test-suite type="ParameterizedMethod" id="1343" name="ParseFromLsTreeLine_SymLinkLine" fullname="GVFS.UnitTests.Prefetch.DiffTreeResultTests.ParseFromLsTreeLine_SymLinkLine" classname="GVFS.UnitTests.Prefetch.DiffTreeResultTests" runstate="Runnable" testcasecount="1" result="Passed" start-time="2019-11-11 20:29:25Z" end-time="2019-11-11 20:29:25Z" duration="0.000386" total="1" passed="1" failed="0" warnings="0" inconclusive="0" skipped="0" asserts="6">
              <properties />
              <test-case id="1342" name="ParseFromLsTreeLine_SymLinkLine()" fullname="GVFS.UnitTests.Prefetch.DiffTreeResultTests.ParseFromLsTreeLine_SymLinkLine()" methodname="ParseFromLsTreeLine_SymLinkLine" classname="GVFS.UnitTests.Prefetch.DiffTreeResultTests" runstate="Runnable" seed="717697600" result="Passed" start-time="2019-11-11 20:29:25Z" end-time="2019-11-11 20:29:25Z" duration="0.000353" asserts="6">
                <properties />
              </test-case>
            </test-suite>
            <test-suite type="ParameterizedMethod" id="1317" name="ParseFromLsTreeLine_TreeLine" fullname="GVFS.UnitTests.Prefetch.DiffTreeResultTests.ParseFromLsTreeLine_TreeLine" classname="GVFS.UnitTests.Prefetch.DiffTreeResultTests" runstate="Runnable" testcasecount="1" result="Passed" start-time="2019-11-11 20:29:25Z" end-time="2019-11-11 20:29:25Z" duration="0.000309" total="1" passed="1" failed="0" warnings="0" inconclusive="0" skipped="0" asserts="6">
              <properties />
              <test-case id="1316" name="ParseFromLsTreeLine_TreeLine()" fullname="GVFS.UnitTests.Prefetch.DiffTreeResultTests.ParseFromLsTreeLine_TreeLine()" methodname="ParseFromLsTreeLine_TreeLine" classname="GVFS.UnitTests.Prefetch.DiffTreeResultTests" runstate="Runnable" seed="656431430" result="Passed" start-time="2019-11-11 20:29:25Z" end-time="2019-11-11 20:29:25Z" duration="0.000273" asserts="6">
                <properties />
              </test-case>
            </test-suite>
            <test-suite type="ParameterizedMethod" id="1355" name="TestGetIndexOfTypeMarker" fullname="GVFS.UnitTests.Prefetch.DiffTreeResultTests.TestGetIndexOfTypeMarker" classname="GVFS.UnitTests.Prefetch.DiffTreeResultTests" runstate="Runnable" testcasecount="7" result="Passed" start-time="2019-11-11 20:29:25Z" end-time="2019-11-11 20:29:25Z" duration="0.000592" total="7" passed="7" failed="0" warnings="0" inconclusive="0" skipped="0" asserts="7">
              <properties />
              <test-case id="1348" name="TestGetIndexOfTypeMarker(&quot;040000 tree 73b881d52b607b0f3e9e620d36f556d3d233a11d\tGVFS&quot;,&quot;tree &quot;,True)" fullname="GVFS.UnitTests.Prefetch.DiffTreeResultTests.TestGetIndexOfTypeMarker(&quot;040000 tree 73b881d52b607b0f3e9e620d36f556d3d233a11d\tGVFS&quot;,&quot;tree &quot;,True)" methodname="TestGetIndexOfTypeMarker" classname="GVFS.UnitTests.Prefetch.DiffTreeResultTests" runstate="Runnable" seed="1091008903" result="Passed" start-time="2019-11-11 20:29:25Z" end-time="2019-11-11 20:29:25Z" duration="0.000166" asserts="1">
                <properties />
              </test-case>
              <test-case id="1349" name="TestGetIndexOfTypeMarker(&quot;040000 tree 73b881d52b607b0f3e9e620d36f556d3d233a11d\tGVFS&quot;,&quot;blob &quot;,False)" fullname="GVFS.UnitTests.Prefetch.DiffTreeResultTests.TestGetIndexOfTypeMarker(&quot;040000 tree 73b881d52b607b0f3e9e620d36f556d3d233a11d\tGVFS&quot;,&quot;blob &quot;,False)" methodname="TestGetIndexOfTypeMarker" classname="GVFS.UnitTests.Prefetch.DiffTreeResultTests" runstate="Runnable" seed="396585489" result="Passed" start-time="2019-11-11 20:29:25Z" end-time="2019-11-11 20:29:25Z" duration="0.000056" asserts="1">
                <properties />
              </test-case>
              <test-case id="1350" name="TestGetIndexOfTypeMarker(&quot;100644 blob 44c5f5cba4b29d31c2ad06eed51ea02af76c27c0\tReadme.md&quot;,&quot;blob &quot;,True)" fullname="GVFS.UnitTests.Prefetch.DiffTreeResultTests.TestGetIndexOfTypeMarker(&quot;100644 blob 44c5f5cba4b29d31c2ad06eed51ea02af76c27c0\tReadme.md&quot;,&quot;blob &quot;,True)" methodname="TestGetIndexOfTypeMarker" classname="GVFS.UnitTests.Prefetch.DiffTreeResultTests" runstate="Runnable" seed="646434968" result="Passed" start-time="2019-11-11 20:29:25Z" end-time="2019-11-11 20:29:25Z" duration="0.000045" asserts="1">
                <properties />
              </test-case>
              <test-case id="1351" name="TestGetIndexOfTypeMarker(&quot;100755 blob 196142fbb753c0a3c7c6690323db7aa0a11f41ec\tScripts / BuildGVFSForMac.sh&quot;,&quot;blob &quot;,True)" fullname="GVFS.UnitTests.Prefetch.DiffTreeResultTests.TestGetIndexOfTypeMarker(&quot;100755 blob 196142fbb753c0a3c7c6690323db7aa0a11f41ec\tScripts / BuildGVFSForMac.sh&quot;,&quot;blob &quot;,True)" methodname="TestGetIndexOfTypeMarker" classname="GVFS.UnitTests.Prefetch.DiffTreeResultTests" runstate="Runnable" seed="378457201" result="Passed" start-time="2019-11-11 20:29:25Z" end-time="2019-11-11 20:29:25Z" duration="0.000044" asserts="1">
                <properties />
              </test-case>
              <test-case id="1352" name="TestGetIndexOfTypeMarker(&quot;100755 blob 196142fbb753c0a3c7c6690323db7aa0a11f41ec\tScripts / BuildGVFSForMac.sh&quot;,&quot;blob &quot;,True)" fullname="GVFS.UnitTests.Prefetch.DiffTreeResultTests.TestGetIndexOfTypeMarker(&quot;100755 blob 196142fbb753c0a3c7c6690323db7aa0a11f41ec\tScripts / BuildGVFSForMac.sh&quot;,&quot;blob &quot;,True)" methodname="TestGetIndexOfTypeMarker" classname="GVFS.UnitTests.Prefetch.DiffTreeResultTests" runstate="Runnable" seed="1055557080" result="Passed" start-time="2019-11-11 20:29:25Z" end-time="2019-11-11 20:29:25Z" duration="0.000089" asserts="1">
                <properties />
              </test-case>
              <test-case id="1353" name="TestGetIndexOfTypeMarker(&quot;100755 blob 196142fbb753c0a3c7c6690323db7aa0a11f41ec\tScripts / tree file.txt&quot;,&quot;tree &quot;,False)" fullname="GVFS.UnitTests.Prefetch.DiffTreeResultTests.TestGetIndexOfTypeMarker(&quot;100755 blob 196142fbb753c0a3c7c6690323db7aa0a11f41ec\tScripts / tree file.txt&quot;,&quot;tree &quot;,False)" methodname="TestGetIndexOfTypeMarker" classname="GVFS.UnitTests.Prefetch.DiffTreeResultTests" runstate="Runnable" seed="1651294508" result="Passed" start-time="2019-11-11 20:29:25Z" end-time="2019-11-11 20:29:25Z" duration="0.000051" asserts="1">
                <properties />
              </test-case>
              <test-case id="1354" name="TestGetIndexOfTypeMarker(&quot;100755 &quot;,&quot;tree &quot;,False)" fullname="GVFS.UnitTests.Prefetch.DiffTreeResultTests.TestGetIndexOfTypeMarker(&quot;100755 &quot;,&quot;tree &quot;,False)" methodname="TestGetIndexOfTypeMarker" classname="GVFS.UnitTests.Prefetch.DiffTreeResultTests" runstate="Runnable" seed="539423072" result="Passed" start-time="2019-11-11 20:29:25Z" end-time="2019-11-11 20:29:25Z" duration="0.000048" asserts="1">
                <properties />
              </test-case>
            </test-suite>
          </test-suite>
          <test-suite type="TestFixture" id="1356" name="PrefetchPacksDeserializerTests" fullname="GVFS.UnitTests.Prefetch.PrefetchPacksDeserializerTests" classname="GVFS.UnitTests.Prefetch.PrefetchPacksDeserializerTests" runstate="Runnable" testcasecount="5" result="Passed" start-time="2019-11-11 20:29:25Z" end-time="2019-11-11 20:29:26Z" duration="0.028878" total="5" passed="5" failed="0" warnings="0" inconclusive="0" skipped="0" asserts="71">
            <properties />
            <test-suite type="ParameterizedMethod" id="1364" name="PrefetchPacksDeserializer_Multiple_Packs_With_Indexes" fullname="GVFS.UnitTests.Prefetch.PrefetchPacksDeserializerTests.PrefetchPacksDeserializer_Multiple_Packs_With_Indexes" classname="GVFS.UnitTests.Prefetch.PrefetchPacksDeserializerTests" runstate="Runnable" testcasecount="1" result="Passed" start-time="2019-11-11 20:29:25Z" end-time="2019-11-11 20:29:26Z" duration="0.027372" total="1" passed="1" failed="0" warnings="0" inconclusive="0" skipped="0" asserts="41">
              <properties />
              <test-case id="1363" name="PrefetchPacksDeserializer_Multiple_Packs_With_Indexes()" fullname="GVFS.UnitTests.Prefetch.PrefetchPacksDeserializerTests.PrefetchPacksDeserializer_Multiple_Packs_With_Indexes()" methodname="PrefetchPacksDeserializer_Multiple_Packs_With_Indexes" classname="GVFS.UnitTests.Prefetch.PrefetchPacksDeserializerTests" runstate="Runnable" seed="532912618" result="Passed" start-time="2019-11-11 20:29:25Z" end-time="2019-11-11 20:29:26Z" duration="0.027321" asserts="41">
                <properties />
              </test-case>
            </test-suite>
            <test-suite type="ParameterizedMethod" id="1366" name="PrefetchPacksDeserializer_Multiple_Packs_Without_Indexes" fullname="GVFS.UnitTests.Prefetch.PrefetchPacksDeserializerTests.PrefetchPacksDeserializer_Multiple_Packs_Without_Indexes" classname="GVFS.UnitTests.Prefetch.PrefetchPacksDeserializerTests" runstate="Runnable" testcasecount="1" result="Passed" start-time="2019-11-11 20:29:26Z" end-time="2019-11-11 20:29:26Z" duration="0.000600" total="1" passed="1" failed="0" warnings="0" inconclusive="0" skipped="0" asserts="21">
              <properties />
              <test-case id="1365" name="PrefetchPacksDeserializer_Multiple_Packs_Without_Indexes()" fullname="GVFS.UnitTests.Prefetch.PrefetchPacksDeserializerTests.PrefetchPacksDeserializer_Multiple_Packs_Without_Indexes()" methodname="PrefetchPacksDeserializer_Multiple_Packs_Without_Indexes" classname="GVFS.UnitTests.Prefetch.PrefetchPacksDeserializerTests" runstate="Runnable" seed="1241826722" result="Passed" start-time="2019-11-11 20:29:26Z" end-time="2019-11-11 20:29:26Z" duration="0.000563" asserts="21">
                <properties />
              </test-case>
            </test-suite>
            <test-suite type="ParameterizedMethod" id="1358" name="PrefetchPacksDeserializer_No_Packs_Succeeds" fullname="GVFS.UnitTests.Prefetch.PrefetchPacksDeserializerTests.PrefetchPacksDeserializer_No_Packs_Succeeds" classname="GVFS.UnitTests.Prefetch.PrefetchPacksDeserializerTests" runstate="Runnable" testcasecount="1" result="Passed" start-time="2019-11-11 20:29:26Z" end-time="2019-11-11 20:29:26Z" duration="0.000444" total="1" passed="1" failed="0" warnings="0" inconclusive="0" skipped="0" asserts="1">
              <properties />
              <test-case id="1357" name="PrefetchPacksDeserializer_No_Packs_Succeeds()" fullname="GVFS.UnitTests.Prefetch.PrefetchPacksDeserializerTests.PrefetchPacksDeserializer_No_Packs_Succeeds()" methodname="PrefetchPacksDeserializer_No_Packs_Succeeds" classname="GVFS.UnitTests.Prefetch.PrefetchPacksDeserializerTests" runstate="Runnable" seed="1486711549" result="Passed" start-time="2019-11-11 20:29:26Z" end-time="2019-11-11 20:29:26Z" duration="0.000409" asserts="1">
                <properties />
              </test-case>
            </test-suite>
            <test-suite type="ParameterizedMethod" id="1360" name="PrefetchPacksDeserializer_Single_Pack_With_Index_Receives_Both" fullname="GVFS.UnitTests.Prefetch.PrefetchPacksDeserializerTests.PrefetchPacksDeserializer_Single_Pack_With_Index_Receives_Both" classname="GVFS.UnitTests.Prefetch.PrefetchPacksDeserializerTests" runstate="Runnable" testcasecount="1" result="Passed" start-time="2019-11-11 20:29:26Z" end-time="2019-11-11 20:29:26Z" duration="0.000159" total="1" passed="1" failed="0" warnings="0" inconclusive="0" skipped="0" asserts="5">
              <properties />
              <test-case id="1359" name="PrefetchPacksDeserializer_Single_Pack_With_Index_Receives_Both()" fullname="GVFS.UnitTests.Prefetch.PrefetchPacksDeserializerTests.PrefetchPacksDeserializer_Single_Pack_With_Index_Receives_Both()" methodname="PrefetchPacksDeserializer_Single_Pack_With_Index_Receives_Both" classname="GVFS.UnitTests.Prefetch.PrefetchPacksDeserializerTests" runstate="Runnable" seed="1896604603" result="Passed" start-time="2019-11-11 20:29:26Z" end-time="2019-11-11 20:29:26Z" duration="0.000133" asserts="5">
                <properties />
              </test-case>
            </test-suite>
            <test-suite type="ParameterizedMethod" id="1362" name="PrefetchPacksDeserializer_Single_Pack_Without_Index_Receives_Only_Pack" fullname="GVFS.UnitTests.Prefetch.PrefetchPacksDeserializerTests.PrefetchPacksDeserializer_Single_Pack_Without_Index_Receives_Only_Pack" classname="GVFS.UnitTests.Prefetch.PrefetchPacksDeserializerTests" runstate="Runnable" testcasecount="1" result="Passed" start-time="2019-11-11 20:29:26Z" end-time="2019-11-11 20:29:26Z" duration="0.000174" total="1" passed="1" failed="0" warnings="0" inconclusive="0" skipped="0" asserts="3">
              <properties />
              <test-case id="1361" name="PrefetchPacksDeserializer_Single_Pack_Without_Index_Receives_Only_Pack()" fullname="GVFS.UnitTests.Prefetch.PrefetchPacksDeserializerTests.PrefetchPacksDeserializer_Single_Pack_Without_Index_Receives_Only_Pack()" methodname="PrefetchPacksDeserializer_Single_Pack_Without_Index_Receives_Only_Pack" classname="GVFS.UnitTests.Prefetch.PrefetchPacksDeserializerTests" runstate="Runnable" seed="1565296204" result="Passed" start-time="2019-11-11 20:29:26Z" end-time="2019-11-11 20:29:26Z" duration="0.000109" asserts="3">
                <properties />
              </test-case>
            </test-suite>
          </test-suite>
          <test-suite type="TestFixture" id="1367" name="PrefetchTracingTests" fullname="GVFS.UnitTests.Prefetch.PrefetchTracingTests" classname="GVFS.UnitTests.Prefetch.PrefetchTracingTests" runstate="Runnable" testcasecount="3" result="Passed" start-time="2019-11-11 20:29:26Z" end-time="2019-11-11 20:29:26Z" duration="0.013352" total="3" passed="3" failed="0" warnings="0" inconclusive="0" skipped="0" asserts="8">
            <properties />
            <test-suite type="ParameterizedMethod" id="1369" name="ErrorsForBatchObjectDownloadJob" fullname="GVFS.UnitTests.Prefetch.PrefetchTracingTests.ErrorsForBatchObjectDownloadJob" classname="GVFS.UnitTests.Prefetch.PrefetchTracingTests" runstate="Runnable" testcasecount="1" result="Passed" start-time="2019-11-11 20:29:26Z" end-time="2019-11-11 20:29:26Z" duration="0.005806" total="1" passed="1" failed="0" warnings="0" inconclusive="0" skipped="0" asserts="3">
              <properties />
              <test-case id="1368" name="ErrorsForBatchObjectDownloadJob()" fullname="GVFS.UnitTests.Prefetch.PrefetchTracingTests.ErrorsForBatchObjectDownloadJob()" methodname="ErrorsForBatchObjectDownloadJob" classname="GVFS.UnitTests.Prefetch.PrefetchTracingTests" runstate="Runnable" seed="1828653021" result="Passed" start-time="2019-11-11 20:29:26Z" end-time="2019-11-11 20:29:26Z" duration="0.005776" asserts="3">
                <properties />
              </test-case>
            </test-suite>
            <test-suite type="ParameterizedMethod" id="1373" name="ErrorsForIndexPackFile" fullname="GVFS.UnitTests.Prefetch.PrefetchTracingTests.ErrorsForIndexPackFile" classname="GVFS.UnitTests.Prefetch.PrefetchTracingTests" runstate="Runnable" testcasecount="1" result="Passed" start-time="2019-11-11 20:29:26Z" end-time="2019-11-11 20:29:26Z" duration="0.003893" total="1" passed="1" failed="0" warnings="0" inconclusive="0" skipped="0" asserts="0">
              <properties />
              <test-case id="1372" name="ErrorsForIndexPackFile()" fullname="GVFS.UnitTests.Prefetch.PrefetchTracingTests.ErrorsForIndexPackFile()" methodname="ErrorsForIndexPackFile" classname="GVFS.UnitTests.Prefetch.PrefetchTracingTests" runstate="Runnable" seed="1293036380" result="Passed" start-time="2019-11-11 20:29:26Z" end-time="2019-11-11 20:29:26Z" duration="0.003858" asserts="0">
                <properties />
              </test-case>
            </test-suite>
            <test-suite type="ParameterizedMethod" id="1371" name="SuccessForBatchObjectDownloadJob" fullname="GVFS.UnitTests.Prefetch.PrefetchTracingTests.SuccessForBatchObjectDownloadJob" classname="GVFS.UnitTests.Prefetch.PrefetchTracingTests" runstate="Runnable" testcasecount="1" result="Passed" start-time="2019-11-11 20:29:26Z" end-time="2019-11-11 20:29:26Z" duration="0.003546" total="1" passed="1" failed="0" warnings="0" inconclusive="0" skipped="0" asserts="5">
              <properties />
              <test-case id="1370" name="SuccessForBatchObjectDownloadJob()" fullname="GVFS.UnitTests.Prefetch.PrefetchTracingTests.SuccessForBatchObjectDownloadJob()" methodname="SuccessForBatchObjectDownloadJob" classname="GVFS.UnitTests.Prefetch.PrefetchTracingTests" runstate="Runnable" seed="1984716064" result="Passed" start-time="2019-11-11 20:29:26Z" end-time="2019-11-11 20:29:26Z" duration="0.003495" asserts="5">
                <properties />
              </test-case>
            </test-suite>
          </test-suite>
        </test-suite>
        <test-suite type="TestSuite" id="2187" name="Service" fullname="GVFS.UnitTests.Service" runstate="Runnable" testcasecount="10" result="Passed" start-time="2019-11-11 20:29:15Z" end-time="2019-11-11 20:29:26Z" duration="10.904047" total="10" passed="10" failed="0" warnings="0" inconclusive="0" skipped="0" asserts="122">
          <properties />
          <test-suite type="TestSuite" id="2188" name="Mac" fullname="GVFS.UnitTests.Service.Mac" runstate="Runnable" testcasecount="4" result="Passed" start-time="2019-11-11 20:29:15Z" end-time="2019-11-11 20:29:26Z" duration="10.854010" total="4" passed="4" failed="0" warnings="0" inconclusive="0" skipped="0" asserts="0">
            <properties />
            <test-suite type="TestFixture" id="1259" name="MacServiceTests" fullname="GVFS.UnitTests.Service.Mac.MacServiceTests" classname="GVFS.UnitTests.Service.Mac.MacServiceTests" runstate="Runnable" testcasecount="4" result="Passed" start-time="2019-11-11 20:29:26Z" end-time="2019-11-11 20:29:26Z" duration="0.095037" total="4" passed="4" failed="0" warnings="0" inconclusive="0" skipped="0" asserts="0">
              <properties />
              <test-suite type="ParameterizedMethod" id="1267" name="MountProcessLaunchedUsingCorrectArgs" fullname="GVFS.UnitTests.Service.Mac.MacServiceTests.MountProcessLaunchedUsingCorrectArgs" classname="GVFS.UnitTests.Service.Mac.MacServiceTests" runstate="Runnable" testcasecount="1" result="Passed" start-time="2019-11-11 20:29:26Z" end-time="2019-11-11 20:29:26Z" duration="0.016323" total="1" passed="1" failed="0" warnings="0" inconclusive="0" skipped="0" asserts="0">
                <properties />
                <test-case id="1266" name="MountProcessLaunchedUsingCorrectArgs()" fullname="GVFS.UnitTests.Service.Mac.MacServiceTests.MountProcessLaunchedUsingCorrectArgs()" methodname="MountProcessLaunchedUsingCorrectArgs" classname="GVFS.UnitTests.Service.Mac.MacServiceTests" runstate="Runnable" seed="2113835420" result="Passed" start-time="2019-11-11 20:29:26Z" end-time="2019-11-11 20:29:26Z" duration="0.016291" asserts="0">
                  <properties />
                </test-case>
              </test-suite>
              <test-suite type="ParameterizedMethod" id="1265" name="RepoRegistryMountsOnlyRegisteredRepos" fullname="GVFS.UnitTests.Service.Mac.MacServiceTests.RepoRegistryMountsOnlyRegisteredRepos" classname="GVFS.UnitTests.Service.Mac.MacServiceTests" runstate="Runnable" testcasecount="1" result="Passed" start-time="2019-11-11 20:29:26Z" end-time="2019-11-11 20:29:26Z" duration="0.041114" total="1" passed="1" failed="0" warnings="0" inconclusive="0" skipped="0" asserts="0">
                <properties />
                <test-case id="1264" name="RepoRegistryMountsOnlyRegisteredRepos()" fullname="GVFS.UnitTests.Service.Mac.MacServiceTests.RepoRegistryMountsOnlyRegisteredRepos()" methodname="RepoRegistryMountsOnlyRegisteredRepos" classname="GVFS.UnitTests.Service.Mac.MacServiceTests" runstate="Runnable" seed="681600275" result="Passed" start-time="2019-11-11 20:29:26Z" end-time="2019-11-11 20:29:26Z" duration="0.041073" asserts="0">
                  <properties />
                </test-case>
              </test-suite>
              <test-suite type="ParameterizedMethod" id="1263" name="ServiceHandlesEnablePrjfsRequest" fullname="GVFS.UnitTests.Service.Mac.MacServiceTests.ServiceHandlesEnablePrjfsRequest" classname="GVFS.UnitTests.Service.Mac.MacServiceTests" runstate="Runnable" testcasecount="1" result="Passed" start-time="2019-11-11 20:29:26Z" end-time="2019-11-11 20:29:26Z" duration="0.015390" total="1" passed="1" failed="0" warnings="0" inconclusive="0" skipped="0" asserts="0">
                <properties />
                <test-case id="1262" name="ServiceHandlesEnablePrjfsRequest()" fullname="GVFS.UnitTests.Service.Mac.MacServiceTests.ServiceHandlesEnablePrjfsRequest()" methodname="ServiceHandlesEnablePrjfsRequest" classname="GVFS.UnitTests.Service.Mac.MacServiceTests" runstate="Runnable" seed="1919932300" result="Passed" start-time="2019-11-11 20:29:26Z" end-time="2019-11-11 20:29:26Z" duration="0.015344" asserts="0">
                  <properties />
                </test-case>
              </test-suite>
              <test-suite type="ParameterizedMethod" id="1261" name="ServiceStartTriggersAutoMountForCurrentUser" fullname="GVFS.UnitTests.Service.Mac.MacServiceTests.ServiceStartTriggersAutoMountForCurrentUser" classname="GVFS.UnitTests.Service.Mac.MacServiceTests" runstate="Runnable" testcasecount="1" result="Passed" start-time="2019-11-11 20:29:26Z" end-time="2019-11-11 20:29:26Z" duration="0.022083" total="1" passed="1" failed="0" warnings="0" inconclusive="0" skipped="0" asserts="0">
                <properties />
                <test-case id="1260" name="ServiceStartTriggersAutoMountForCurrentUser()" fullname="GVFS.UnitTests.Service.Mac.MacServiceTests.ServiceStartTriggersAutoMountForCurrentUser()" methodname="ServiceStartTriggersAutoMountForCurrentUser" classname="GVFS.UnitTests.Service.Mac.MacServiceTests" runstate="Runnable" seed="2020867131" result="Passed" start-time="2019-11-11 20:29:26Z" end-time="2019-11-11 20:29:26Z" duration="0.022033" asserts="0">
                  <properties />
                </test-case>
              </test-suite>
            </test-suite>
          </test-suite>
          <test-suite type="TestFixture" id="1246" name="RepoRegistryTests" fullname="GVFS.UnitTests.Service.RepoRegistryTests" classname="GVFS.UnitTests.Service.RepoRegistryTests" runstate="Runnable" testcasecount="6" result="Passed" start-time="2019-11-11 20:29:26Z" end-time="2019-11-11 20:29:26Z" duration="0.050005" total="6" passed="6" failed="0" warnings="0" inconclusive="0" skipped="0" asserts="122">
            <properties />
            <test-suite type="ParameterizedMethod" id="1250" name="ReadRegistry_Upgrade_ExistingVersion1" fullname="GVFS.UnitTests.Service.RepoRegistryTests.ReadRegistry_Upgrade_ExistingVersion1" classname="GVFS.UnitTests.Service.RepoRegistryTests" runstate="Runnable" testcasecount="1" result="Passed" start-time="2019-11-11 20:29:26Z" end-time="2019-11-11 20:29:26Z" duration="0.022650" total="1" passed="1" failed="0" warnings="0" inconclusive="0" skipped="0" asserts="10">
              <properties />
              <test-case id="1249" name="ReadRegistry_Upgrade_ExistingVersion1()" fullname="GVFS.UnitTests.Service.RepoRegistryTests.ReadRegistry_Upgrade_ExistingVersion1()" methodname="ReadRegistry_Upgrade_ExistingVersion1" classname="GVFS.UnitTests.Service.RepoRegistryTests" runstate="Runnable" seed="2077966230" result="Passed" start-time="2019-11-11 20:29:26Z" end-time="2019-11-11 20:29:26Z" duration="0.022588" asserts="10">
                <properties />
              </test-case>
            </test-suite>
            <test-suite type="ParameterizedMethod" id="1252" name="ReadRegistry_Upgrade_NoRegistry" fullname="GVFS.UnitTests.Service.RepoRegistryTests.ReadRegistry_Upgrade_NoRegistry" classname="GVFS.UnitTests.Service.RepoRegistryTests" runstate="Runnable" testcasecount="1" result="Passed" start-time="2019-11-11 20:29:26Z" end-time="2019-11-11 20:29:26Z" duration="0.000511" total="1" passed="1" failed="0" warnings="0" inconclusive="0" skipped="0" asserts="4">
              <properties />
              <test-case id="1251" name="ReadRegistry_Upgrade_NoRegistry()" fullname="GVFS.UnitTests.Service.RepoRegistryTests.ReadRegistry_Upgrade_NoRegistry()" methodname="ReadRegistry_Upgrade_NoRegistry" classname="GVFS.UnitTests.Service.RepoRegistryTests" runstate="Runnable" seed="1150827634" result="Passed" start-time="2019-11-11 20:29:26Z" end-time="2019-11-11 20:29:26Z" duration="0.000479" asserts="4">
                <properties />
              </test-case>
            </test-suite>
            <test-suite type="ParameterizedMethod" id="1258" name="TraceStatus" fullname="GVFS.UnitTests.Service.RepoRegistryTests.TraceStatus" classname="GVFS.UnitTests.Service.RepoRegistryTests" runstate="Runnable" testcasecount="1" result="Passed" start-time="2019-11-11 20:29:26Z" end-time="2019-11-11 20:29:26Z" duration="0.015294" total="1" passed="1" failed="0" warnings="0" inconclusive="0" skipped="0" asserts="23">
              <properties />
              <test-case id="1257" name="TraceStatus()" fullname="GVFS.UnitTests.Service.RepoRegistryTests.TraceStatus()" methodname="TraceStatus" classname="GVFS.UnitTests.Service.RepoRegistryTests" runstate="Runnable" seed="376085066" result="Passed" start-time="2019-11-11 20:29:26Z" end-time="2019-11-11 20:29:26Z" duration="0.015254" asserts="23">
                <properties />
              </test-case>
            </test-suite>
            <test-suite type="ParameterizedMethod" id="1256" name="TryDeactivateRepo" fullname="GVFS.UnitTests.Service.RepoRegistryTests.TryDeactivateRepo" classname="GVFS.UnitTests.Service.RepoRegistryTests" runstate="Runnable" testcasecount="1" result="Passed" start-time="2019-11-11 20:29:26Z" end-time="2019-11-11 20:29:26Z" duration="0.005334" total="1" passed="1" failed="0" warnings="0" inconclusive="0" skipped="0" asserts="24">
              <properties />
              <test-case id="1255" name="TryDeactivateRepo()" fullname="GVFS.UnitTests.Service.RepoRegistryTests.TryDeactivateRepo()" methodname="TryDeactivateRepo" classname="GVFS.UnitTests.Service.RepoRegistryTests" runstate="Runnable" seed="1248436889" result="Passed" start-time="2019-11-11 20:29:26Z" end-time="2019-11-11 20:29:26Z" duration="0.005297" asserts="24">
                <properties />
              </test-case>
            </test-suite>
            <test-suite type="ParameterizedMethod" id="1254" name="TryGetActiveRepos_BeforeAndAfterActivateAndDeactivate" fullname="GVFS.UnitTests.Service.RepoRegistryTests.TryGetActiveRepos_BeforeAndAfterActivateAndDeactivate" classname="GVFS.UnitTests.Service.RepoRegistryTests" runstate="Runnable" testcasecount="1" result="Passed" start-time="2019-11-11 20:29:26Z" end-time="2019-11-11 20:29:26Z" duration="0.005176" total="1" passed="1" failed="0" warnings="0" inconclusive="0" skipped="0" asserts="50">
              <properties />
              <test-case id="1253" name="TryGetActiveRepos_BeforeAndAfterActivateAndDeactivate()" fullname="GVFS.UnitTests.Service.RepoRegistryTests.TryGetActiveRepos_BeforeAndAfterActivateAndDeactivate()" methodname="TryGetActiveRepos_BeforeAndAfterActivateAndDeactivate" classname="GVFS.UnitTests.Service.RepoRegistryTests" runstate="Runnable" seed="974648568" result="Passed" start-time="2019-11-11 20:29:26Z" end-time="2019-11-11 20:29:26Z" duration="0.005130" asserts="50">
                <properties />
              </test-case>
            </test-suite>
            <test-suite type="ParameterizedMethod" id="1248" name="TryRegisterRepo_EmptyRegistry" fullname="GVFS.UnitTests.Service.RepoRegistryTests.TryRegisterRepo_EmptyRegistry" classname="GVFS.UnitTests.Service.RepoRegistryTests" runstate="Runnable" testcasecount="1" result="Passed" start-time="2019-11-11 20:29:26Z" end-time="2019-11-11 20:29:26Z" duration="0.000872" total="1" passed="1" failed="0" warnings="0" inconclusive="0" skipped="0" asserts="11">
              <properties />
              <test-case id="1247" name="TryRegisterRepo_EmptyRegistry()" fullname="GVFS.UnitTests.Service.RepoRegistryTests.TryRegisterRepo_EmptyRegistry()" methodname="TryRegisterRepo_EmptyRegistry" classname="GVFS.UnitTests.Service.RepoRegistryTests" runstate="Runnable" seed="867570166" result="Passed" start-time="2019-11-11 20:29:26Z" end-time="2019-11-11 20:29:26Z" duration="0.000841" asserts="11">
                <properties />
              </test-case>
            </test-suite>
          </test-suite>
        </test-suite>
        <test-suite type="TestSuite" id="2186" name="Tracing" fullname="GVFS.UnitTests.Tracing" runstate="Runnable" testcasecount="5" result="Passed" start-time="2019-11-11 20:29:15Z" end-time="2019-11-11 20:29:26Z" duration="11.145822" total="5" passed="5" failed="0" warnings="0" inconclusive="0" skipped="0" asserts="16">
          <properties />
          <test-suite type="TestFixture" id="1233" name="EventListenerTests" fullname="GVFS.UnitTests.Tracing.EventListenerTests" classname="GVFS.UnitTests.Tracing.EventListenerTests" runstate="Runnable" testcasecount="1" result="Passed" start-time="2019-11-11 20:29:26Z" end-time="2019-11-11 20:29:26Z" duration="0.015722" total="1" passed="1" failed="0" warnings="0" inconclusive="0" skipped="0" asserts="0">
            <properties />
            <test-suite type="ParameterizedMethod" id="1235" name="EventListener_RecordMessage_ExceptionThrownInternally_RaisesFailureEventWithErrorMessage" fullname="GVFS.UnitTests.Tracing.EventListenerTests.EventListener_RecordMessage_ExceptionThrownInternally_RaisesFailureEventWithErrorMessage" classname="GVFS.UnitTests.Tracing.EventListenerTests" runstate="Runnable" testcasecount="1" result="Passed" start-time="2019-11-11 20:29:26Z" end-time="2019-11-11 20:29:26Z" duration="0.015615" total="1" passed="1" failed="0" warnings="0" inconclusive="0" skipped="0" asserts="0">
              <properties />
              <test-case id="1234" name="EventListener_RecordMessage_ExceptionThrownInternally_RaisesFailureEventWithErrorMessage()" fullname="GVFS.UnitTests.Tracing.EventListenerTests.EventListener_RecordMessage_ExceptionThrownInternally_RaisesFailureEventWithErrorMessage()" methodname="EventListener_RecordMessage_ExceptionThrownInternally_RaisesFailureEventWithErrorMessage" classname="GVFS.UnitTests.Tracing.EventListenerTests" runstate="Runnable" seed="1295573398" result="Passed" start-time="2019-11-11 20:29:26Z" end-time="2019-11-11 20:29:26Z" duration="0.015584" asserts="0">
                <properties />
              </test-case>
            </test-suite>
          </test-suite>
          <test-suite type="TestFixture" id="1236" name="QueuedPipeStringWriterTests" fullname="GVFS.UnitTests.Tracing.QueuedPipeStringWriterTests" classname="GVFS.UnitTests.Tracing.QueuedPipeStringWriterTests" runstate="Runnable" testcasecount="3" result="Passed" start-time="2019-11-11 20:29:26Z" end-time="2019-11-11 20:29:26Z" duration="0.197035" total="3" passed="3" failed="0" warnings="0" inconclusive="0" skipped="0" asserts="5">
            <properties />
            <test-suite type="ParameterizedMethod" id="1242" name="GoodPipe_WritesDataAndRaisesStateHealthy" fullname="GVFS.UnitTests.Tracing.QueuedPipeStringWriterTests.GoodPipe_WritesDataAndRaisesStateHealthy" classname="GVFS.UnitTests.Tracing.QueuedPipeStringWriterTests" runstate="Runnable" testcasecount="1" result="Passed" start-time="2019-11-11 20:29:26Z" end-time="2019-11-11 20:29:26Z" duration="0.190582" total="1" passed="1" failed="0" warnings="0" inconclusive="0" skipped="0" asserts="4">
              <properties />
              <test-case id="1241" name="GoodPipe_WritesDataAndRaisesStateHealthy()" fullname="GVFS.UnitTests.Tracing.QueuedPipeStringWriterTests.GoodPipe_WritesDataAndRaisesStateHealthy()" methodname="GoodPipe_WritesDataAndRaisesStateHealthy" classname="GVFS.UnitTests.Tracing.QueuedPipeStringWriterTests" runstate="Runnable" seed="1914263310" result="Passed" start-time="2019-11-11 20:29:26Z" end-time="2019-11-11 20:29:26Z" duration="0.190519" asserts="4">
                <properties />
              </test-case>
            </test-suite>
            <test-suite type="ParameterizedMethod" id="1240" name="MissingPipe_RaisesStateFailing" fullname="GVFS.UnitTests.Tracing.QueuedPipeStringWriterTests.MissingPipe_RaisesStateFailing" classname="GVFS.UnitTests.Tracing.QueuedPipeStringWriterTests" runstate="Runnable" testcasecount="1" result="Passed" start-time="2019-11-11 20:29:26Z" end-time="2019-11-11 20:29:26Z" duration="0.004346" total="1" passed="1" failed="0" warnings="0" inconclusive="0" skipped="0" asserts="1">
              <properties />
              <test-case id="1239" name="MissingPipe_RaisesStateFailing()" fullname="GVFS.UnitTests.Tracing.QueuedPipeStringWriterTests.MissingPipe_RaisesStateFailing()" methodname="MissingPipe_RaisesStateFailing" classname="GVFS.UnitTests.Tracing.QueuedPipeStringWriterTests" runstate="Runnable" seed="762094895" result="Passed" start-time="2019-11-11 20:29:26Z" end-time="2019-11-11 20:29:26Z" duration="0.004218" asserts="1">
                <properties />
              </test-case>
            </test-suite>
            <test-suite type="ParameterizedMethod" id="1238" name="Stop_RaisesStateStopped" fullname="GVFS.UnitTests.Tracing.QueuedPipeStringWriterTests.Stop_RaisesStateStopped" classname="GVFS.UnitTests.Tracing.QueuedPipeStringWriterTests" runstate="Runnable" testcasecount="1" result="Passed" start-time="2019-11-11 20:29:26Z" end-time="2019-11-11 20:29:26Z" duration="0.001980" total="1" passed="1" failed="0" warnings="0" inconclusive="0" skipped="0" asserts="0">
              <properties />
              <test-case id="1237" name="Stop_RaisesStateStopped()" fullname="GVFS.UnitTests.Tracing.QueuedPipeStringWriterTests.Stop_RaisesStateStopped()" methodname="Stop_RaisesStateStopped" classname="GVFS.UnitTests.Tracing.QueuedPipeStringWriterTests" runstate="Runnable" seed="683500118" result="Passed" start-time="2019-11-11 20:29:26Z" end-time="2019-11-11 20:29:26Z" duration="0.001919" asserts="0">
                <properties />
              </test-case>
            </test-suite>
          </test-suite>
          <test-suite type="TestFixture" id="1243" name="TelemetryDaemonEventListenerTests" fullname="GVFS.UnitTests.Tracing.TelemetryDaemonEventListenerTests" classname="GVFS.UnitTests.Tracing.TelemetryDaemonEventListenerTests" runstate="Runnable" testcasecount="1" result="Passed" start-time="2019-11-11 20:29:26Z" end-time="2019-11-11 20:29:26Z" duration="0.028973" total="1" passed="1" failed="0" warnings="0" inconclusive="0" skipped="0" asserts="11">
            <properties />
            <test-suite type="ParameterizedMethod" id="1245" name="TraceMessageDataIsCorrectFormat" fullname="GVFS.UnitTests.Tracing.TelemetryDaemonEventListenerTests.TraceMessageDataIsCorrectFormat" classname="GVFS.UnitTests.Tracing.TelemetryDaemonEventListenerTests" runstate="Runnable" testcasecount="1" result="Passed" start-time="2019-11-11 20:29:26Z" end-time="2019-11-11 20:29:26Z" duration="0.028861" total="1" passed="1" failed="0" warnings="0" inconclusive="0" skipped="0" asserts="11">
              <properties />
              <test-case id="1244" name="TraceMessageDataIsCorrectFormat()" fullname="GVFS.UnitTests.Tracing.TelemetryDaemonEventListenerTests.TraceMessageDataIsCorrectFormat()" methodname="TraceMessageDataIsCorrectFormat" classname="GVFS.UnitTests.Tracing.TelemetryDaemonEventListenerTests" runstate="Runnable" seed="1405391873" result="Passed" start-time="2019-11-11 20:29:26Z" end-time="2019-11-11 20:29:26Z" duration="0.028829" asserts="11">
                <properties />
              </test-case>
            </test-suite>
          </test-suite>
        </test-suite>
        <test-suite type="TestSuite" id="2185" name="Upgrader" fullname="GVFS.UnitTests.Upgrader" runstate="Runnable" testcasecount="31" result="Passed" start-time="2019-11-11 20:29:15Z" end-time="2019-11-11 20:29:29Z" duration="13.847936" total="31" passed="31" failed="0" warnings="0" inconclusive="0" skipped="0" asserts="267">
          <properties />
          <test-suite type="TestFixture" id="1168" name="ProductUpgraderTests" fullname="GVFS.UnitTests.Upgrader.ProductUpgraderTests" classname="GVFS.UnitTests.Upgrader.ProductUpgraderTests" runstate="Runnable" testcasecount="6" result="Passed" start-time="2019-11-11 20:29:26Z" end-time="2019-11-11 20:29:26Z" duration="0.009143" total="6" passed="6" failed="0" warnings="0" inconclusive="0" skipped="0" asserts="75">
            <properties />
            <test-suite type="ParameterizedMethod" id="1178" name="UpgradeAvailableOnFastWhileOnLocalFastRing" fullname="GVFS.UnitTests.Upgrader.ProductUpgraderTests.UpgradeAvailableOnFastWhileOnLocalFastRing" classname="GVFS.UnitTests.Upgrader.ProductUpgraderTests" runstate="Runnable" testcasecount="1" result="Passed" start-time="2019-11-11 20:29:26Z" end-time="2019-11-11 20:29:26Z" duration="0.007186" total="1" passed="1" failed="0" warnings="0" inconclusive="0" skipped="0" asserts="13">
              <properties />
              <test-case id="1177" name="UpgradeAvailableOnFastWhileOnLocalFastRing()" fullname="GVFS.UnitTests.Upgrader.ProductUpgraderTests.UpgradeAvailableOnFastWhileOnLocalFastRing()" methodname="UpgradeAvailableOnFastWhileOnLocalFastRing" classname="GVFS.UnitTests.Upgrader.ProductUpgraderTests" runstate="Runnable" seed="816222356" result="Passed" start-time="2019-11-11 20:29:26Z" end-time="2019-11-11 20:29:26Z" duration="0.007157" asserts="13">
                <properties />
              </test-case>
            </test-suite>
            <test-suite type="ParameterizedMethod" id="1170" name="UpgradeAvailableOnFastWhileOnLocalNoneRing" fullname="GVFS.UnitTests.Upgrader.ProductUpgraderTests.UpgradeAvailableOnFastWhileOnLocalNoneRing" classname="GVFS.UnitTests.Upgrader.ProductUpgraderTests" runstate="Runnable" testcasecount="1" result="Passed" start-time="2019-11-11 20:29:26Z" end-time="2019-11-11 20:29:26Z" duration="0.000686" total="1" passed="1" failed="0" warnings="0" inconclusive="0" skipped="0" asserts="12">
              <properties />
              <test-case id="1169" name="UpgradeAvailableOnFastWhileOnLocalNoneRing()" fullname="GVFS.UnitTests.Upgrader.ProductUpgraderTests.UpgradeAvailableOnFastWhileOnLocalNoneRing()" methodname="UpgradeAvailableOnFastWhileOnLocalNoneRing" classname="GVFS.UnitTests.Upgrader.ProductUpgraderTests" runstate="Runnable" seed="1337132218" result="Passed" start-time="2019-11-11 20:29:26Z" end-time="2019-11-11 20:29:26Z" duration="0.000651" asserts="12">
                <properties />
              </test-case>
            </test-suite>
            <test-suite type="ParameterizedMethod" id="1174" name="UpgradeAvailableOnFastWhileOnLocalSlowRing" fullname="GVFS.UnitTests.Upgrader.ProductUpgraderTests.UpgradeAvailableOnFastWhileOnLocalSlowRing" classname="GVFS.UnitTests.Upgrader.ProductUpgraderTests" runstate="Runnable" testcasecount="1" result="Passed" start-time="2019-11-11 20:29:26Z" end-time="2019-11-11 20:29:26Z" duration="0.000275" total="1" passed="1" failed="0" warnings="0" inconclusive="0" skipped="0" asserts="12">
              <properties />
              <test-case id="1173" name="UpgradeAvailableOnFastWhileOnLocalSlowRing()" fullname="GVFS.UnitTests.Upgrader.ProductUpgraderTests.UpgradeAvailableOnFastWhileOnLocalSlowRing()" methodname="UpgradeAvailableOnFastWhileOnLocalSlowRing" classname="GVFS.UnitTests.Upgrader.ProductUpgraderTests" runstate="Runnable" seed="213466036" result="Passed" start-time="2019-11-11 20:29:26Z" end-time="2019-11-11 20:29:26Z" duration="0.000226" asserts="12">
                <properties />
              </test-case>
            </test-suite>
            <test-suite type="ParameterizedMethod" id="1180" name="UpgradeAvailableOnSlowWhileOnLocalFastRing" fullname="GVFS.UnitTests.Upgrader.ProductUpgraderTests.UpgradeAvailableOnSlowWhileOnLocalFastRing" classname="GVFS.UnitTests.Upgrader.ProductUpgraderTests" runstate="Runnable" testcasecount="1" result="Passed" start-time="2019-11-11 20:29:26Z" end-time="2019-11-11 20:29:26Z" duration="0.000252" total="1" passed="1" failed="0" warnings="0" inconclusive="0" skipped="0" asserts="13">
              <properties />
              <test-case id="1179" name="UpgradeAvailableOnSlowWhileOnLocalFastRing()" fullname="GVFS.UnitTests.Upgrader.ProductUpgraderTests.UpgradeAvailableOnSlowWhileOnLocalFastRing()" methodname="UpgradeAvailableOnSlowWhileOnLocalFastRing" classname="GVFS.UnitTests.Upgrader.ProductUpgraderTests" runstate="Runnable" seed="891631141" result="Passed" start-time="2019-11-11 20:29:26Z" end-time="2019-11-11 20:29:26Z" duration="0.000224" asserts="13">
                <properties />
              </test-case>
            </test-suite>
            <test-suite type="ParameterizedMethod" id="1172" name="UpgradeAvailableOnSlowWhileOnLocalNoneRing" fullname="GVFS.UnitTests.Upgrader.ProductUpgraderTests.UpgradeAvailableOnSlowWhileOnLocalNoneRing" classname="GVFS.UnitTests.Upgrader.ProductUpgraderTests" runstate="Runnable" testcasecount="1" result="Passed" start-time="2019-11-11 20:29:26Z" end-time="2019-11-11 20:29:26Z" duration="0.000309" total="1" passed="1" failed="0" warnings="0" inconclusive="0" skipped="0" asserts="12">
              <properties />
              <test-case id="1171" name="UpgradeAvailableOnSlowWhileOnLocalNoneRing()" fullname="GVFS.UnitTests.Upgrader.ProductUpgraderTests.UpgradeAvailableOnSlowWhileOnLocalNoneRing()" methodname="UpgradeAvailableOnSlowWhileOnLocalNoneRing" classname="GVFS.UnitTests.Upgrader.ProductUpgraderTests" runstate="Runnable" seed="2001001162" result="Passed" start-time="2019-11-11 20:29:26Z" end-time="2019-11-11 20:29:26Z" duration="0.000282" asserts="12">
                <properties />
              </test-case>
            </test-suite>
            <test-suite type="ParameterizedMethod" id="1176" name="UpgradeAvailableOnSlowWhileOnLocalSlowRing" fullname="GVFS.UnitTests.Upgrader.ProductUpgraderTests.UpgradeAvailableOnSlowWhileOnLocalSlowRing" classname="GVFS.UnitTests.Upgrader.ProductUpgraderTests" runstate="Runnable" testcasecount="1" result="Passed" start-time="2019-11-11 20:29:26Z" end-time="2019-11-11 20:29:26Z" duration="0.000278" total="1" passed="1" failed="0" warnings="0" inconclusive="0" skipped="0" asserts="13">
              <properties />
              <test-case id="1175" name="UpgradeAvailableOnSlowWhileOnLocalSlowRing()" fullname="GVFS.UnitTests.Upgrader.ProductUpgraderTests.UpgradeAvailableOnSlowWhileOnLocalSlowRing()" methodname="UpgradeAvailableOnSlowWhileOnLocalSlowRing" classname="GVFS.UnitTests.Upgrader.ProductUpgraderTests" runstate="Runnable" seed="581702943" result="Passed" start-time="2019-11-11 20:29:26Z" end-time="2019-11-11 20:29:26Z" duration="0.000246" asserts="13">
                <properties />
              </test-case>
            </test-suite>
          </test-suite>
          <test-suite type="TestFixture" id="1181" name="UpgradeOrchestratorTests" fullname="GVFS.UnitTests.Upgrader.UpgradeOrchestratorTests" classname="GVFS.UnitTests.Upgrader.UpgradeOrchestratorTests" runstate="Runnable" testcasecount="6" result="Passed" start-time="2019-11-11 20:29:26Z" end-time="2019-11-11 20:29:26Z" duration="0.061034" total="6" passed="6" failed="0" warnings="0" inconclusive="0" skipped="0" asserts="9">
            <properties />
            <test-suite type="ParameterizedMethod" id="1191" name="ExecuteFailsWhenDownloadFails" fullname="GVFS.UnitTests.Upgrader.UpgradeOrchestratorTests.ExecuteFailsWhenDownloadFails" classname="GVFS.UnitTests.Upgrader.UpgradeOrchestratorTests" runstate="Runnable" testcasecount="1" result="Passed" start-time="2019-11-11 20:29:26Z" end-time="2019-11-11 20:29:26Z" duration="0.039546" total="1" passed="1" failed="0" warnings="0" inconclusive="0" skipped="0" asserts="2">
              <properties />
              <test-case id="1190" name="ExecuteFailsWhenDownloadFails()" fullname="GVFS.UnitTests.Upgrader.UpgradeOrchestratorTests.ExecuteFailsWhenDownloadFails()" methodname="ExecuteFailsWhenDownloadFails" classname="GVFS.UnitTests.Upgrader.UpgradeOrchestratorTests" runstate="Runnable" seed="1502076576" result="Passed" start-time="2019-11-11 20:29:26Z" end-time="2019-11-11 20:29:26Z" duration="0.039498" asserts="2">
                <properties />
              </test-case>
            </test-suite>
            <test-suite type="ParameterizedMethod" id="1187" name="ExecuteFailsWhenGetNewVersionFails" fullname="GVFS.UnitTests.Upgrader.UpgradeOrchestratorTests.ExecuteFailsWhenGetNewVersionFails" classname="GVFS.UnitTests.Upgrader.UpgradeOrchestratorTests" runstate="Runnable" testcasecount="1" result="Passed" start-time="2019-11-11 20:29:26Z" end-time="2019-11-11 20:29:26Z" duration="0.007787" total="1" passed="1" failed="0" warnings="0" inconclusive="0" skipped="0" asserts="2">
              <properties />
              <test-case id="1186" name="ExecuteFailsWhenGetNewVersionFails()" fullname="GVFS.UnitTests.Upgrader.UpgradeOrchestratorTests.ExecuteFailsWhenGetNewVersionFails()" methodname="ExecuteFailsWhenGetNewVersionFails" classname="GVFS.UnitTests.Upgrader.UpgradeOrchestratorTests" runstate="Runnable" seed="1713314045" result="Passed" start-time="2019-11-11 20:29:26Z" end-time="2019-11-11 20:29:26Z" duration="0.007734" asserts="2">
                <properties />
              </test-case>
            </test-suite>
            <test-suite type="ParameterizedMethod" id="1189" name="ExecuteFailsWhenPrecheckFails" fullname="GVFS.UnitTests.Upgrader.UpgradeOrchestratorTests.ExecuteFailsWhenPrecheckFails" classname="GVFS.UnitTests.Upgrader.UpgradeOrchestratorTests" runstate="Runnable" testcasecount="1" result="Passed" start-time="2019-11-11 20:29:26Z" end-time="2019-11-11 20:29:26Z" duration="0.002211" total="1" passed="1" failed="0" warnings="0" inconclusive="0" skipped="0" asserts="1">
              <properties />
              <test-case id="1188" name="ExecuteFailsWhenPrecheckFails()" fullname="GVFS.UnitTests.Upgrader.UpgradeOrchestratorTests.ExecuteFailsWhenPrecheckFails()" methodname="ExecuteFailsWhenPrecheckFails" classname="GVFS.UnitTests.Upgrader.UpgradeOrchestratorTests" runstate="Runnable" seed="48058354" result="Passed" start-time="2019-11-11 20:29:26Z" end-time="2019-11-11 20:29:26Z" duration="0.002168" asserts="1">
                <properties />
              </test-case>
            </test-suite>
            <test-suite type="ParameterizedMethod" id="1193" name="ExecuteFailsWhenRunInstallerFails" fullname="GVFS.UnitTests.Upgrader.UpgradeOrchestratorTests.ExecuteFailsWhenRunInstallerFails" classname="GVFS.UnitTests.Upgrader.UpgradeOrchestratorTests" runstate="Runnable" testcasecount="1" result="Passed" start-time="2019-11-11 20:29:26Z" end-time="2019-11-11 20:29:26Z" duration="0.006798" total="1" passed="1" failed="0" warnings="0" inconclusive="0" skipped="0" asserts="2">
              <properties />
              <test-case id="1192" name="ExecuteFailsWhenRunInstallerFails()" fullname="GVFS.UnitTests.Upgrader.UpgradeOrchestratorTests.ExecuteFailsWhenRunInstallerFails()" methodname="ExecuteFailsWhenRunInstallerFails" classname="GVFS.UnitTests.Upgrader.UpgradeOrchestratorTests" runstate="Runnable" seed="642062203" result="Passed" start-time="2019-11-11 20:29:26Z" end-time="2019-11-11 20:29:26Z" duration="0.006741" asserts="2">
                <properties />
              </test-case>
            </test-suite>
            <test-suite type="ParameterizedMethod" id="1185" name="ExecuteSucceedsWhenOnLatestVersion" fullname="GVFS.UnitTests.Upgrader.UpgradeOrchestratorTests.ExecuteSucceedsWhenOnLatestVersion" classname="GVFS.UnitTests.Upgrader.UpgradeOrchestratorTests" runstate="Runnable" testcasecount="1" result="Passed" start-time="2019-11-11 20:29:26Z" end-time="2019-11-11 20:29:26Z" duration="0.003093" total="1" passed="1" failed="0" warnings="0" inconclusive="0" skipped="0" asserts="1">
              <properties />
              <test-case id="1184" name="ExecuteSucceedsWhenOnLatestVersion()" fullname="GVFS.UnitTests.Upgrader.UpgradeOrchestratorTests.ExecuteSucceedsWhenOnLatestVersion()" methodname="ExecuteSucceedsWhenOnLatestVersion" classname="GVFS.UnitTests.Upgrader.UpgradeOrchestratorTests" runstate="Runnable" seed="1222357763" result="Passed" start-time="2019-11-11 20:29:26Z" end-time="2019-11-11 20:29:26Z" duration="0.003032" asserts="1">
                <properties />
              </test-case>
            </test-suite>
            <test-suite type="ParameterizedMethod" id="1183" name="ExecuteSucceedsWhenUpgradeAvailable" fullname="GVFS.UnitTests.Upgrader.UpgradeOrchestratorTests.ExecuteSucceedsWhenUpgradeAvailable" classname="GVFS.UnitTests.Upgrader.UpgradeOrchestratorTests" runstate="Runnable" testcasecount="1" result="Passed" start-time="2019-11-11 20:29:26Z" end-time="2019-11-11 20:29:26Z" duration="0.001378" total="1" passed="1" failed="0" warnings="0" inconclusive="0" skipped="0" asserts="1">
              <properties />
              <test-case id="1182" name="ExecuteSucceedsWhenUpgradeAvailable()" fullname="GVFS.UnitTests.Upgrader.UpgradeOrchestratorTests.ExecuteSucceedsWhenUpgradeAvailable()" methodname="ExecuteSucceedsWhenUpgradeAvailable" classname="GVFS.UnitTests.Upgrader.UpgradeOrchestratorTests" runstate="Runnable" seed="1161451801" result="Passed" start-time="2019-11-11 20:29:26Z" end-time="2019-11-11 20:29:26Z" duration="0.001341" asserts="1">
                <properties />
              </test-case>
            </test-suite>
          </test-suite>
          <test-suite type="TestFixture" id="1194" name="UpgradeOrchestratorWithGitHubUpgraderTests" fullname="GVFS.UnitTests.Upgrader.UpgradeOrchestratorWithGitHubUpgraderTests" classname="GVFS.UnitTests.Upgrader.UpgradeOrchestratorWithGitHubUpgraderTests" runstate="Runnable" testcasecount="19" result="Passed" start-time="2019-11-11 20:29:26Z" end-time="2019-11-11 20:29:29Z" duration="2.631880" total="19" passed="19" failed="0" warnings="0" inconclusive="0" skipped="0" asserts="183">
            <properties />
            <test-suite type="ParameterizedMethod" id="1200" name="AbortOnBlockingProcess" fullname="GVFS.UnitTests.Upgrader.UpgradeOrchestratorWithGitHubUpgraderTests.AbortOnBlockingProcess" classname="GVFS.UnitTests.Upgrader.UpgradeOrchestratorWithGitHubUpgraderTests" runstate="Runnable" testcasecount="1" result="Passed" start-time="2019-11-11 20:29:26Z" end-time="2019-11-11 20:29:29Z" duration="2.610050" total="1" passed="1" failed="0" warnings="0" inconclusive="0" skipped="0" asserts="9">
              <properties />
              <test-case id="1199" name="AbortOnBlockingProcess()" fullname="GVFS.UnitTests.Upgrader.UpgradeOrchestratorWithGitHubUpgraderTests.AbortOnBlockingProcess()" methodname="AbortOnBlockingProcess" classname="GVFS.UnitTests.Upgrader.UpgradeOrchestratorWithGitHubUpgraderTests" runstate="Runnable" seed="1630930" result="Passed" start-time="2019-11-11 20:29:26Z" end-time="2019-11-11 20:29:29Z" duration="2.609988" asserts="9">
                <properties />
              </test-case>
            </test-suite>
            <test-suite type="ParameterizedMethod" id="1198" name="AutoUnmountError" fullname="GVFS.UnitTests.Upgrader.UpgradeOrchestratorWithGitHubUpgraderTests.AutoUnmountError" classname="GVFS.UnitTests.Upgrader.UpgradeOrchestratorWithGitHubUpgraderTests" runstate="Runnable" testcasecount="1" result="Passed" start-time="2019-11-11 20:29:29Z" end-time="2019-11-11 20:29:29Z" duration="0.001135" total="1" passed="1" failed="0" warnings="0" inconclusive="0" skipped="0" asserts="8">
              <properties />
              <test-case id="1197" name="AutoUnmountError()" fullname="GVFS.UnitTests.Upgrader.UpgradeOrchestratorWithGitHubUpgraderTests.AutoUnmountError()" methodname="AutoUnmountError" classname="GVFS.UnitTests.Upgrader.UpgradeOrchestratorWithGitHubUpgraderTests" runstate="Runnable" seed="1139071045" result="Passed" start-time="2019-11-11 20:29:29Z" end-time="2019-11-11 20:29:29Z" duration="0.001073" asserts="8">
                <properties />
              </test-case>
            </test-suite>
            <test-suite type="ParameterizedMethod" id="1202" name="DownloadDirectoryCreationError" fullname="GVFS.UnitTests.Upgrader.UpgradeOrchestratorWithGitHubUpgraderTests.DownloadDirectoryCreationError" classname="GVFS.UnitTests.Upgrader.UpgradeOrchestratorWithGitHubUpgraderTests" runstate="Runnable" testcasecount="1" result="Passed" start-time="2019-11-11 20:29:29Z" end-time="2019-11-11 20:29:29Z" duration="0.000823" total="1" passed="1" failed="0" warnings="0" inconclusive="0" skipped="0" asserts="8">
              <properties />
              <test-case id="1201" name="DownloadDirectoryCreationError()" fullname="GVFS.UnitTests.Upgrader.UpgradeOrchestratorWithGitHubUpgraderTests.DownloadDirectoryCreationError()" methodname="DownloadDirectoryCreationError" classname="GVFS.UnitTests.Upgrader.UpgradeOrchestratorWithGitHubUpgraderTests" runstate="Runnable" seed="1354036863" result="Passed" start-time="2019-11-11 20:29:29Z" end-time="2019-11-11 20:29:29Z" duration="0.000793" asserts="8">
                <properties />
              </test-case>
            </test-suite>
            <test-suite type="ParameterizedMethod" id="1226" name="DryRunDoesNotRunInstallerExes" fullname="GVFS.UnitTests.Upgrader.UpgradeOrchestratorWithGitHubUpgraderTests.DryRunDoesNotRunInstallerExes" classname="GVFS.UnitTests.Upgrader.UpgradeOrchestratorWithGitHubUpgraderTests" runstate="Runnable" testcasecount="1" result="Passed" start-time="2019-11-11 20:29:29Z" end-time="2019-11-11 20:29:29Z" duration="0.005438" total="1" passed="1" failed="0" warnings="0" inconclusive="0" skipped="0" asserts="15">
              <properties />
              <test-case id="1225" name="DryRunDoesNotRunInstallerExes()" fullname="GVFS.UnitTests.Upgrader.UpgradeOrchestratorWithGitHubUpgraderTests.DryRunDoesNotRunInstallerExes()" methodname="DryRunDoesNotRunInstallerExes" classname="GVFS.UnitTests.Upgrader.UpgradeOrchestratorWithGitHubUpgraderTests" runstate="Runnable" seed="733244798" result="Passed" start-time="2019-11-11 20:29:29Z" end-time="2019-11-11 20:29:29Z" duration="0.005407" asserts="15">
                <properties />
              </test-case>
            </test-suite>
            <test-suite type="ParameterizedMethod" id="1232" name="FetchReleaseInfo" fullname="GVFS.UnitTests.Upgrader.UpgradeOrchestratorWithGitHubUpgraderTests.FetchReleaseInfo" classname="GVFS.UnitTests.Upgrader.UpgradeTests" runstate="Runnable" testcasecount="1" result="Passed" start-time="2019-11-11 20:29:29Z" end-time="2019-11-11 20:29:29Z" duration="0.000760" total="1" passed="1" failed="0" warnings="0" inconclusive="0" skipped="0" asserts="13">
              <properties>
                <property name="Category" value="ExceptionExpected" />
              </properties>
              <test-case id="1231" name="FetchReleaseInfo()" fullname="GVFS.UnitTests.Upgrader.UpgradeOrchestratorWithGitHubUpgraderTests.FetchReleaseInfo()" methodname="FetchReleaseInfo" classname="GVFS.UnitTests.Upgrader.UpgradeTests" runstate="Runnable" seed="1066851080" result="Passed" start-time="2019-11-11 20:29:29Z" end-time="2019-11-11 20:29:29Z" duration="0.000724" asserts="13">
                <properties />
              </test-case>
            </test-suite>
            <test-suite type="ParameterizedMethod" id="1222" name="GitCleanupError" fullname="GVFS.UnitTests.Upgrader.UpgradeOrchestratorWithGitHubUpgraderTests.GitCleanupError" classname="GVFS.UnitTests.Upgrader.UpgradeOrchestratorWithGitHubUpgraderTests" runstate="Runnable" testcasecount="1" result="Passed" start-time="2019-11-11 20:29:29Z" end-time="2019-11-11 20:29:29Z" duration="0.002060" total="1" passed="1" failed="0" warnings="0" inconclusive="0" skipped="0" asserts="7">
              <properties />
              <test-case id="1221" name="GitCleanupError()" fullname="GVFS.UnitTests.Upgrader.UpgradeOrchestratorWithGitHubUpgraderTests.GitCleanupError()" methodname="GitCleanupError" classname="GVFS.UnitTests.Upgrader.UpgradeOrchestratorWithGitHubUpgraderTests" runstate="Runnable" seed="859239398" result="Passed" start-time="2019-11-11 20:29:29Z" end-time="2019-11-11 20:29:29Z" duration="0.002033" asserts="7">
                <properties />
              </test-case>
            </test-suite>
            <test-suite type="ParameterizedMethod" id="1206" name="GitDownloadError" fullname="GVFS.UnitTests.Upgrader.UpgradeOrchestratorWithGitHubUpgraderTests.GitDownloadError" classname="GVFS.UnitTests.Upgrader.UpgradeOrchestratorWithGitHubUpgraderTests" runstate="Runnable" testcasecount="1" result="Passed" start-time="2019-11-11 20:29:29Z" end-time="2019-11-11 20:29:29Z" duration="0.000812" total="1" passed="1" failed="0" warnings="0" inconclusive="0" skipped="0" asserts="8">
              <properties />
              <test-case id="1205" name="GitDownloadError()" fullname="GVFS.UnitTests.Upgrader.UpgradeOrchestratorWithGitHubUpgraderTests.GitDownloadError()" methodname="GitDownloadError" classname="GVFS.UnitTests.Upgrader.UpgradeOrchestratorWithGitHubUpgraderTests" runstate="Runnable" seed="1228874424" result="Passed" start-time="2019-11-11 20:29:29Z" end-time="2019-11-11 20:29:29Z" duration="0.000781" asserts="8">
                <properties />
              </test-case>
            </test-suite>
            <test-suite type="ParameterizedMethod" id="1208" name="GitInstallationArgs" fullname="GVFS.UnitTests.Upgrader.UpgradeOrchestratorWithGitHubUpgraderTests.GitInstallationArgs" classname="GVFS.UnitTests.Upgrader.UpgradeOrchestratorWithGitHubUpgraderTests" runstate="Runnable" testcasecount="1" result="Passed" start-time="2019-11-11 20:29:29Z" end-time="2019-11-11 20:29:29Z" duration="0.001341" total="1" passed="1" failed="0" warnings="0" inconclusive="0" skipped="0" asserts="14">
              <properties />
              <test-case id="1207" name="GitInstallationArgs()" fullname="GVFS.UnitTests.Upgrader.UpgradeOrchestratorWithGitHubUpgraderTests.GitInstallationArgs()" methodname="GitInstallationArgs" classname="GVFS.UnitTests.Upgrader.UpgradeOrchestratorWithGitHubUpgraderTests" runstate="Runnable" seed="1570638644" result="Passed" start-time="2019-11-11 20:29:29Z" end-time="2019-11-11 20:29:29Z" duration="0.001309" asserts="14">
                <properties />
              </test-case>
            </test-suite>
            <test-suite type="ParameterizedMethod" id="1212" name="GitInstallerAuthenticodeError" fullname="GVFS.UnitTests.Upgrader.UpgradeOrchestratorWithGitHubUpgraderTests.GitInstallerAuthenticodeError" classname="GVFS.UnitTests.Upgrader.UpgradeOrchestratorWithGitHubUpgraderTests" runstate="Runnable" testcasecount="1" result="Passed" start-time="2019-11-11 20:29:29Z" end-time="2019-11-11 20:29:29Z" duration="0.001018" total="1" passed="1" failed="0" warnings="0" inconclusive="0" skipped="0" asserts="8">
              <properties />
              <test-case id="1211" name="GitInstallerAuthenticodeError()" fullname="GVFS.UnitTests.Upgrader.UpgradeOrchestratorWithGitHubUpgraderTests.GitInstallerAuthenticodeError()" methodname="GitInstallerAuthenticodeError" classname="GVFS.UnitTests.Upgrader.UpgradeOrchestratorWithGitHubUpgraderTests" runstate="Runnable" seed="1432677624" result="Passed" start-time="2019-11-11 20:29:29Z" end-time="2019-11-11 20:29:29Z" duration="0.000979" asserts="8">
                <properties />
              </test-case>
            </test-suite>
            <test-suite type="ParameterizedMethod" id="1210" name="GitInstallError" fullname="GVFS.UnitTests.Upgrader.UpgradeOrchestratorWithGitHubUpgraderTests.GitInstallError" classname="GVFS.UnitTests.Upgrader.UpgradeOrchestratorWithGitHubUpgraderTests" runstate="Runnable" testcasecount="1" result="Passed" start-time="2019-11-11 20:29:29Z" end-time="2019-11-11 20:29:29Z" duration="0.000786" total="1" passed="1" failed="0" warnings="0" inconclusive="0" skipped="0" asserts="8">
              <properties />
              <test-case id="1209" name="GitInstallError()" fullname="GVFS.UnitTests.Upgrader.UpgradeOrchestratorWithGitHubUpgraderTests.GitInstallError()" methodname="GitInstallError" classname="GVFS.UnitTests.Upgrader.UpgradeOrchestratorWithGitHubUpgraderTests" runstate="Runnable" seed="1235630775" result="Passed" start-time="2019-11-11 20:29:29Z" end-time="2019-11-11 20:29:29Z" duration="0.000747" asserts="8">
                <properties />
              </test-case>
            </test-suite>
            <test-suite type="ParameterizedMethod" id="1220" name="GVFSCleanupError" fullname="GVFS.UnitTests.Upgrader.UpgradeOrchestratorWithGitHubUpgraderTests.GVFSCleanupError" classname="GVFS.UnitTests.Upgrader.UpgradeOrchestratorWithGitHubUpgraderTests" runstate="Runnable" testcasecount="1" result="Passed" start-time="2019-11-11 20:29:29Z" end-time="2019-11-11 20:29:29Z" duration="0.000822" total="1" passed="1" failed="0" warnings="0" inconclusive="0" skipped="0" asserts="7">
              <properties />
              <test-case id="1219" name="GVFSCleanupError()" fullname="GVFS.UnitTests.Upgrader.UpgradeOrchestratorWithGitHubUpgraderTests.GVFSCleanupError()" methodname="GVFSCleanupError" classname="GVFS.UnitTests.Upgrader.UpgradeOrchestratorWithGitHubUpgraderTests" runstate="Runnable" seed="321557297" result="Passed" start-time="2019-11-11 20:29:29Z" end-time="2019-11-11 20:29:29Z" duration="0.000775" asserts="7">
                <properties />
              </test-case>
            </test-suite>
            <test-suite type="ParameterizedMethod" id="1204" name="GVFSDownloadError" fullname="GVFS.UnitTests.Upgrader.UpgradeOrchestratorWithGitHubUpgraderTests.GVFSDownloadError" classname="GVFS.UnitTests.Upgrader.UpgradeOrchestratorWithGitHubUpgraderTests" runstate="Runnable" testcasecount="1" result="Passed" start-time="2019-11-11 20:29:29Z" end-time="2019-11-11 20:29:29Z" duration="0.000783" total="1" passed="1" failed="0" warnings="0" inconclusive="0" skipped="0" asserts="8">
              <properties />
              <test-case id="1203" name="GVFSDownloadError()" fullname="GVFS.UnitTests.Upgrader.UpgradeOrchestratorWithGitHubUpgraderTests.GVFSDownloadError()" methodname="GVFSDownloadError" classname="GVFS.UnitTests.Upgrader.UpgradeOrchestratorWithGitHubUpgraderTests" runstate="Runnable" seed="1075143747" result="Passed" start-time="2019-11-11 20:29:29Z" end-time="2019-11-11 20:29:29Z" duration="0.000754" asserts="8">
                <properties />
              </test-case>
            </test-suite>
            <test-suite type="ParameterizedMethod" id="1214" name="GVFSInstallationArgs" fullname="GVFS.UnitTests.Upgrader.UpgradeOrchestratorWithGitHubUpgraderTests.GVFSInstallationArgs" classname="GVFS.UnitTests.Upgrader.UpgradeOrchestratorWithGitHubUpgraderTests" runstate="Runnable" testcasecount="1" result="Passed" start-time="2019-11-11 20:29:29Z" end-time="2019-11-11 20:29:29Z" duration="0.000929" total="1" passed="1" failed="0" warnings="0" inconclusive="0" skipped="0" asserts="15">
              <properties />
              <test-case id="1213" name="GVFSInstallationArgs()" fullname="GVFS.UnitTests.Upgrader.UpgradeOrchestratorWithGitHubUpgraderTests.GVFSInstallationArgs()" methodname="GVFSInstallationArgs" classname="GVFS.UnitTests.Upgrader.UpgradeOrchestratorWithGitHubUpgraderTests" runstate="Runnable" seed="247663518" result="Passed" start-time="2019-11-11 20:29:29Z" end-time="2019-11-11 20:29:29Z" duration="0.000901" asserts="15">
                <properties />
              </test-case>
            </test-suite>
            <test-suite type="ParameterizedMethod" id="1218" name="GVFSInstallerAuthenticodeError" fullname="GVFS.UnitTests.Upgrader.UpgradeOrchestratorWithGitHubUpgraderTests.GVFSInstallerAuthenticodeError" classname="GVFS.UnitTests.Upgrader.UpgradeOrchestratorWithGitHubUpgraderTests" runstate="Runnable" testcasecount="1" result="Passed" start-time="2019-11-11 20:29:29Z" end-time="2019-11-11 20:29:29Z" duration="0.000871" total="1" passed="1" failed="0" warnings="0" inconclusive="0" skipped="0" asserts="8">
              <properties />
              <test-case id="1217" name="GVFSInstallerAuthenticodeError()" fullname="GVFS.UnitTests.Upgrader.UpgradeOrchestratorWithGitHubUpgraderTests.GVFSInstallerAuthenticodeError()" methodname="GVFSInstallerAuthenticodeError" classname="GVFS.UnitTests.Upgrader.UpgradeOrchestratorWithGitHubUpgraderTests" runstate="Runnable" seed="366916448" result="Passed" start-time="2019-11-11 20:29:29Z" end-time="2019-11-11 20:29:29Z" duration="0.000840" asserts="8">
                <properties />
              </test-case>
            </test-suite>
            <test-suite type="ParameterizedMethod" id="1216" name="GVFSInstallError" fullname="GVFS.UnitTests.Upgrader.UpgradeOrchestratorWithGitHubUpgraderTests.GVFSInstallError" classname="GVFS.UnitTests.Upgrader.UpgradeOrchestratorWithGitHubUpgraderTests" runstate="Runnable" testcasecount="1" result="Passed" start-time="2019-11-11 20:29:29Z" end-time="2019-11-11 20:29:29Z" duration="0.000827" total="1" passed="1" failed="0" warnings="0" inconclusive="0" skipped="0" asserts="8">
              <properties />
              <test-case id="1215" name="GVFSInstallError()" fullname="GVFS.UnitTests.Upgrader.UpgradeOrchestratorWithGitHubUpgraderTests.GVFSInstallError()" methodname="GVFSInstallError" classname="GVFS.UnitTests.Upgrader.UpgradeOrchestratorWithGitHubUpgraderTests" runstate="Runnable" seed="890466400" result="Passed" start-time="2019-11-11 20:29:29Z" end-time="2019-11-11 20:29:29Z" duration="0.000772" asserts="8">
                <properties />
              </test-case>
            </test-suite>
            <test-suite type="ParameterizedMethod" id="1230" name="InvalidUpgradeRing" fullname="GVFS.UnitTests.Upgrader.UpgradeOrchestratorWithGitHubUpgraderTests.InvalidUpgradeRing" classname="GVFS.UnitTests.Upgrader.UpgradeTests" runstate="Runnable" testcasecount="1" result="Passed" start-time="2019-11-11 20:29:29Z" end-time="2019-11-11 20:29:29Z" duration="0.000525" total="1" passed="1" failed="0" warnings="0" inconclusive="0" skipped="0" asserts="12">
              <properties />
              <test-case id="1229" name="InvalidUpgradeRing()" fullname="GVFS.UnitTests.Upgrader.UpgradeOrchestratorWithGitHubUpgraderTests.InvalidUpgradeRing()" methodname="InvalidUpgradeRing" classname="GVFS.UnitTests.Upgrader.UpgradeTests" runstate="Runnable" seed="548525228" result="Passed" start-time="2019-11-11 20:29:29Z" end-time="2019-11-11 20:29:29Z" duration="0.000409" asserts="12">
                <properties />
              </test-case>
            </test-suite>
            <test-suite type="ParameterizedMethod" id="1228" name="NoneLocalRing" fullname="GVFS.UnitTests.Upgrader.UpgradeOrchestratorWithGitHubUpgraderTests.NoneLocalRing" classname="GVFS.UnitTests.Upgrader.UpgradeTests" runstate="Runnable" testcasecount="1" result="Passed" start-time="2019-11-11 20:29:29Z" end-time="2019-11-11 20:29:29Z" duration="0.001172" total="1" passed="1" failed="0" warnings="0" inconclusive="0" skipped="0" asserts="12">
              <properties />
              <test-case id="1227" name="NoneLocalRing()" fullname="GVFS.UnitTests.Upgrader.UpgradeOrchestratorWithGitHubUpgraderTests.NoneLocalRing()" methodname="NoneLocalRing" classname="GVFS.UnitTests.Upgrader.UpgradeTests" runstate="Runnable" seed="690904895" result="Passed" start-time="2019-11-11 20:29:29Z" end-time="2019-11-11 20:29:29Z" duration="0.001138" asserts="12">
                <properties />
              </test-case>
            </test-suite>
            <test-suite type="ParameterizedMethod" id="1224" name="RemountReposError" fullname="GVFS.UnitTests.Upgrader.UpgradeOrchestratorWithGitHubUpgraderTests.RemountReposError" classname="GVFS.UnitTests.Upgrader.UpgradeOrchestratorWithGitHubUpgraderTests" runstate="Runnable" testcasecount="1" result="Passed" start-time="2019-11-11 20:29:29Z" end-time="2019-11-11 20:29:29Z" duration="0.000897" total="1" passed="1" failed="0" warnings="0" inconclusive="0" skipped="0" asserts="8">
              <properties />
              <test-case id="1223" name="RemountReposError()" fullname="GVFS.UnitTests.Upgrader.UpgradeOrchestratorWithGitHubUpgraderTests.RemountReposError()" methodname="RemountReposError" classname="GVFS.UnitTests.Upgrader.UpgradeOrchestratorWithGitHubUpgraderTests" runstate="Runnable" seed="581371804" result="Passed" start-time="2019-11-11 20:29:29Z" end-time="2019-11-11 20:29:29Z" duration="0.000864" asserts="8">
                <properties />
              </test-case>
            </test-suite>
            <test-suite type="ParameterizedMethod" id="1196" name="UpgradeNoError" fullname="GVFS.UnitTests.Upgrader.UpgradeOrchestratorWithGitHubUpgraderTests.UpgradeNoError" classname="GVFS.UnitTests.Upgrader.UpgradeOrchestratorWithGitHubUpgraderTests" runstate="Runnable" testcasecount="1" result="Passed" start-time="2019-11-11 20:29:29Z" end-time="2019-11-11 20:29:29Z" duration="0.000587" total="1" passed="1" failed="0" warnings="0" inconclusive="0" skipped="0" asserts="7">
              <properties />
              <test-case id="1195" name="UpgradeNoError()" fullname="GVFS.UnitTests.Upgrader.UpgradeOrchestratorWithGitHubUpgraderTests.UpgradeNoError()" methodname="UpgradeNoError" classname="GVFS.UnitTests.Upgrader.UpgradeOrchestratorWithGitHubUpgraderTests" runstate="Runnable" seed="2034641853" result="Passed" start-time="2019-11-11 20:29:29Z" end-time="2019-11-11 20:29:29Z" duration="0.000560" asserts="7">
                <properties />
              </test-case>
            </test-suite>
          </test-suite>
        </test-suite>
        <test-suite type="TestSuite" id="2183" name="Virtualization" fullname="GVFS.UnitTests.Virtualization" runstate="Runnable" testcasecount="80" result="Passed" start-time="2019-11-11 20:29:15Z" end-time="2019-11-11 20:29:29Z" duration="13.986075" total="78" passed="78" failed="0" warnings="0" inconclusive="0" skipped="0" asserts="1935">
          <properties />
          <test-suite type="TestFixture" id="1001" name="FileSystemCallbacksTests" fullname="GVFS.UnitTests.Virtualization.FileSystemCallbacksTests" classname="GVFS.UnitTests.Virtualization.FileSystemCallbacksTests" runstate="Runnable" testcasecount="10" result="Passed" start-time="2019-11-11 20:29:29Z" end-time="2019-11-11 20:29:29Z" duration="0.082145" total="10" passed="10" failed="0" warnings="0" inconclusive="0" skipped="0" asserts="435">
            <properties />
            <test-suite type="ParameterizedMethod" id="1011" name="BackgroundOperationCountMatchesBackgroundFileSystemTaskRunner" fullname="GVFS.UnitTests.Virtualization.FileSystemCallbacksTests.BackgroundOperationCountMatchesBackgroundFileSystemTaskRunner" classname="GVFS.UnitTests.Virtualization.FileSystemCallbacksTests" runstate="Runnable" testcasecount="1" result="Passed" start-time="2019-11-11 20:29:29Z" end-time="2019-11-11 20:29:29Z" duration="0.010200" total="1" passed="1" failed="0" warnings="0" inconclusive="0" skipped="0" asserts="31">
              <properties />
              <test-case id="1010" name="BackgroundOperationCountMatchesBackgroundFileSystemTaskRunner()" fullname="GVFS.UnitTests.Virtualization.FileSystemCallbacksTests.BackgroundOperationCountMatchesBackgroundFileSystemTaskRunner()" methodname="BackgroundOperationCountMatchesBackgroundFileSystemTaskRunner" classname="GVFS.UnitTests.Virtualization.FileSystemCallbacksTests" runstate="Runnable" seed="1447082145" result="Passed" start-time="2019-11-11 20:29:29Z" end-time="2019-11-11 20:29:29Z" duration="0.010173" asserts="31">
                <properties />
              </test-case>
            </test-suite>
            <test-suite type="ParameterizedMethod" id="1003" name="EmptyStringIsNotInsideDotGitPath" fullname="GVFS.UnitTests.Virtualization.FileSystemCallbacksTests.EmptyStringIsNotInsideDotGitPath" classname="GVFS.UnitTests.Virtualization.FileSystemCallbacksTests" runstate="Runnable" testcasecount="1" result="Passed" start-time="2019-11-11 20:29:29Z" end-time="2019-11-11 20:29:29Z" duration="0.001521" total="1" passed="1" failed="0" warnings="0" inconclusive="0" skipped="0" asserts="26">
              <properties />
              <test-case id="1002" name="EmptyStringIsNotInsideDotGitPath()" fullname="GVFS.UnitTests.Virtualization.FileSystemCallbacksTests.EmptyStringIsNotInsideDotGitPath()" methodname="EmptyStringIsNotInsideDotGitPath" classname="GVFS.UnitTests.Virtualization.FileSystemCallbacksTests" runstate="Runnable" seed="1498333512" result="Passed" start-time="2019-11-11 20:29:29Z" end-time="2019-11-11 20:29:29Z" duration="0.001493" asserts="26">
                <properties />
              </test-case>
            </test-suite>
            <test-suite type="ParameterizedMethod" id="1019" name="FileAndFolderCallbacksScheduleBackgroundTasks" fullname="GVFS.UnitTests.Virtualization.FileSystemCallbacksTests.FileAndFolderCallbacksScheduleBackgroundTasks" classname="GVFS.UnitTests.Virtualization.FileSystemCallbacksTests" runstate="Runnable" testcasecount="1" result="Passed" start-time="2019-11-11 20:29:29Z" end-time="2019-11-11 20:29:29Z" duration="0.012911" total="1" passed="1" failed="0" warnings="0" inconclusive="0" skipped="0" asserts="61">
              <properties />
              <test-case id="1018" name="FileAndFolderCallbacksScheduleBackgroundTasks()" fullname="GVFS.UnitTests.Virtualization.FileSystemCallbacksTests.FileAndFolderCallbacksScheduleBackgroundTasks()" methodname="FileAndFolderCallbacksScheduleBackgroundTasks" classname="GVFS.UnitTests.Virtualization.FileSystemCallbacksTests" runstate="Runnable" seed="1831068726" result="Passed" start-time="2019-11-11 20:29:29Z" end-time="2019-11-11 20:29:29Z" duration="0.012880" asserts="61">
                <properties />
              </test-case>
            </test-suite>
            <test-suite type="ParameterizedMethod" id="1013" name="GetMetadataForHeartBeatDoesNotChangeEventLevelWhenNoPlaceholderHaveBeenCreated" fullname="GVFS.UnitTests.Virtualization.FileSystemCallbacksTests.GetMetadataForHeartBeatDoesNotChangeEventLevelWhenNoPlaceholderHaveBeenCreated" classname="GVFS.UnitTests.Virtualization.FileSystemCallbacksTests" runstate="Runnable" testcasecount="1" result="Passed" start-time="2019-11-11 20:29:29Z" end-time="2019-11-11 20:29:29Z" duration="0.011301" total="1" passed="1" failed="0" warnings="0" inconclusive="0" skipped="0" asserts="38">
              <properties />
              <test-case id="1012" name="GetMetadataForHeartBeatDoesNotChangeEventLevelWhenNoPlaceholderHaveBeenCreated()" fullname="GVFS.UnitTests.Virtualization.FileSystemCallbacksTests.GetMetadataForHeartBeatDoesNotChangeEventLevelWhenNoPlaceholderHaveBeenCreated()" methodname="GetMetadataForHeartBeatDoesNotChangeEventLevelWhenNoPlaceholderHaveBeenCreated" classname="GVFS.UnitTests.Virtualization.FileSystemCallbacksTests" runstate="Runnable" seed="77016525" result="Passed" start-time="2019-11-11 20:29:29Z" end-time="2019-11-11 20:29:29Z" duration="0.011271" asserts="38">
                <properties />
              </test-case>
            </test-suite>
            <test-suite type="ParameterizedMethod" id="1015" name="GetMetadataForHeartBeatDoesSetsEventLevelToInformationalWhenPlaceholdersHaveBeenCreated" fullname="GVFS.UnitTests.Virtualization.FileSystemCallbacksTests.GetMetadataForHeartBeatDoesSetsEventLevelToInformationalWhenPlaceholdersHaveBeenCreated" classname="GVFS.UnitTests.Virtualization.FileSystemCallbacksTests" runstate="Runnable" testcasecount="1" result="Passed" start-time="2019-11-11 20:29:29Z" end-time="2019-11-11 20:29:29Z" duration="0.017300" total="1" passed="1" failed="0" warnings="0" inconclusive="0" skipped="0" asserts="65">
              <properties />
              <test-case id="1014" name="GetMetadataForHeartBeatDoesSetsEventLevelToInformationalWhenPlaceholdersHaveBeenCreated()" fullname="GVFS.UnitTests.Virtualization.FileSystemCallbacksTests.GetMetadataForHeartBeatDoesSetsEventLevelToInformationalWhenPlaceholdersHaveBeenCreated()" methodname="GetMetadataForHeartBeatDoesSetsEventLevelToInformationalWhenPlaceholdersHaveBeenCreated" classname="GVFS.UnitTests.Virtualization.FileSystemCallbacksTests" runstate="Runnable" seed="1784656022" result="Passed" start-time="2019-11-11 20:29:29Z" end-time="2019-11-11 20:29:29Z" duration="0.017274" asserts="65">
                <properties />
              </test-case>
            </test-suite>
            <test-suite type="ParameterizedMethod" id="1009" name="IsPathInsideDotGitIsFalseForNonDotGitPath" fullname="GVFS.UnitTests.Virtualization.FileSystemCallbacksTests.IsPathInsideDotGitIsFalseForNonDotGitPath" classname="GVFS.UnitTests.Virtualization.FileSystemCallbacksTests" runstate="Runnable" testcasecount="1" result="Passed" start-time="2019-11-11 20:29:29Z" end-time="2019-11-11 20:29:29Z" duration="0.001685" total="1" passed="1" failed="0" warnings="0" inconclusive="0" skipped="0" asserts="33">
              <properties />
              <test-case id="1008" name="IsPathInsideDotGitIsFalseForNonDotGitPath()" fullname="GVFS.UnitTests.Virtualization.FileSystemCallbacksTests.IsPathInsideDotGitIsFalseForNonDotGitPath()" methodname="IsPathInsideDotGitIsFalseForNonDotGitPath" classname="GVFS.UnitTests.Virtualization.FileSystemCallbacksTests" runstate="Runnable" seed="167600180" result="Passed" start-time="2019-11-11 20:29:29Z" end-time="2019-11-11 20:29:29Z" duration="0.001661" asserts="33">
                <properties />
              </test-case>
            </test-suite>
            <test-suite type="ParameterizedMethod" id="1007" name="IsPathInsideDotGitIsTrueForDifferentCaseDotGitPath" fullname="GVFS.UnitTests.Virtualization.FileSystemCallbacksTests.IsPathInsideDotGitIsTrueForDifferentCaseDotGitPath" classname="GVFS.UnitTests.Virtualization.FileSystemCallbacksTests" runstate="Runnable" testcasecount="1" result="Passed" start-time="2019-11-11 20:29:29Z" end-time="2019-11-11 20:29:29Z" duration="0.001415" total="1" passed="1" failed="0" warnings="0" inconclusive="0" skipped="0" asserts="28">
              <properties>
                <property name="Category" value="CaseInsensitiveFileSystemOnly" />
              </properties>
              <test-case id="1006" name="IsPathInsideDotGitIsTrueForDifferentCaseDotGitPath()" fullname="GVFS.UnitTests.Virtualization.FileSystemCallbacksTests.IsPathInsideDotGitIsTrueForDifferentCaseDotGitPath()" methodname="IsPathInsideDotGitIsTrueForDifferentCaseDotGitPath" classname="GVFS.UnitTests.Virtualization.FileSystemCallbacksTests" runstate="Runnable" seed="408996435" result="Passed" start-time="2019-11-11 20:29:29Z" end-time="2019-11-11 20:29:29Z" duration="0.001376" asserts="28">
                <properties />
              </test-case>
            </test-suite>
            <test-suite type="ParameterizedMethod" id="1005" name="IsPathInsideDotGitIsTrueForDotGitPath" fullname="GVFS.UnitTests.Virtualization.FileSystemCallbacksTests.IsPathInsideDotGitIsTrueForDotGitPath" classname="GVFS.UnitTests.Virtualization.FileSystemCallbacksTests" runstate="Runnable" testcasecount="1" result="Passed" start-time="2019-11-11 20:29:29Z" end-time="2019-11-11 20:29:29Z" duration="0.001599" total="1" passed="1" failed="0" warnings="0" inconclusive="0" skipped="0" asserts="28">
              <properties />
              <test-case id="1004" name="IsPathInsideDotGitIsTrueForDotGitPath()" fullname="GVFS.UnitTests.Virtualization.FileSystemCallbacksTests.IsPathInsideDotGitIsTrueForDotGitPath()" methodname="IsPathInsideDotGitIsTrueForDotGitPath" classname="GVFS.UnitTests.Virtualization.FileSystemCallbacksTests" runstate="Runnable" seed="1934039556" result="Passed" start-time="2019-11-11 20:29:29Z" end-time="2019-11-11 20:29:29Z" duration="0.001564" asserts="28">
                <properties />
              </test-case>
            </test-suite>
            <test-suite type="ParameterizedMethod" id="1017" name="IsReadyForExternalAcquireLockRequests" fullname="GVFS.UnitTests.Virtualization.FileSystemCallbacksTests.IsReadyForExternalAcquireLockRequests" classname="GVFS.UnitTests.Virtualization.FileSystemCallbacksTests" runstate="Runnable" testcasecount="1" result="Passed" start-time="2019-11-11 20:29:29Z" end-time="2019-11-11 20:29:29Z" duration="0.005642" total="1" passed="1" failed="0" warnings="0" inconclusive="0" skipped="0" asserts="41">
              <properties />
              <test-case id="1016" name="IsReadyForExternalAcquireLockRequests()" fullname="GVFS.UnitTests.Virtualization.FileSystemCallbacksTests.IsReadyForExternalAcquireLockRequests()" methodname="IsReadyForExternalAcquireLockRequests" classname="GVFS.UnitTests.Virtualization.FileSystemCallbacksTests" runstate="Runnable" seed="414014329" result="Passed" start-time="2019-11-11 20:29:29Z" end-time="2019-11-11 20:29:29Z" duration="0.005612" asserts="41">
                <properties />
              </test-case>
            </test-suite>
            <test-suite type="ParameterizedMethod" id="1021" name="TestFileSystemOperationsInvalidateStatusCache" fullname="GVFS.UnitTests.Virtualization.FileSystemCallbacksTests.TestFileSystemOperationsInvalidateStatusCache" classname="GVFS.UnitTests.Virtualization.FileSystemCallbacksTests" runstate="Runnable" testcasecount="1" result="Passed" start-time="2019-11-11 20:29:29Z" end-time="2019-11-11 20:29:29Z" duration="0.018400" total="1" passed="1" failed="0" warnings="0" inconclusive="0" skipped="0" asserts="84">
              <properties />
              <test-case id="1020" name="TestFileSystemOperationsInvalidateStatusCache()" fullname="GVFS.UnitTests.Virtualization.FileSystemCallbacksTests.TestFileSystemOperationsInvalidateStatusCache()" methodname="TestFileSystemOperationsInvalidateStatusCache" classname="GVFS.UnitTests.Virtualization.FileSystemCallbacksTests" runstate="Runnable" seed="1644902455" result="Passed" start-time="2019-11-11 20:29:29Z" end-time="2019-11-11 20:29:29Z" duration="0.018367" asserts="84">
                <properties />
              </test-case>
            </test-suite>
          </test-suite>
          <test-suite type="TestSuite" id="2184" name="Git" fullname="GVFS.UnitTests.Virtualization.Git" runstate="Runnable" testcasecount="66" result="Passed" start-time="2019-11-11 20:29:15Z" end-time="2019-11-11 20:29:29Z" duration="13.981879" total="64" passed="64" failed="0" warnings="0" inconclusive="0" skipped="0" asserts="1152">
            <properties />
            <test-suite type="ParameterizedFixture" id="1081" name="GitIndexEntryTests" fullname="GVFS.UnitTests.Virtualization.Git.GitIndexEntryTests" runstate="Runnable" testcasecount="24" result="Passed" start-time="2019-11-11 20:29:15Z" end-time="2019-11-11 20:29:29Z" duration="13.945102" total="24" passed="24" failed="0" warnings="0" inconclusive="0" skipped="0" asserts="238">
              <properties />
              <test-suite type="TestFixture" id="1056" name="GitIndexEntryTests(False)" fullname="GVFS.UnitTests.Virtualization.Git.GitIndexEntryTests(False)" classname="GVFS.UnitTests.Virtualization.Git.GitIndexEntryTests" runstate="Runnable" testcasecount="12" result="Passed" start-time="2019-11-11 20:29:29Z" end-time="2019-11-11 20:29:29Z" duration="0.010191" total="12" passed="12" failed="0" warnings="0" inconclusive="0" skipped="0" asserts="22">
                <properties />
                <test-suite type="ParameterizedMethod" id="1072" name="AddFolder" fullname="GVFS.UnitTests.Virtualization.Git.GitIndexEntryTests.AddFolder" classname="GVFS.UnitTests.Virtualization.Git.GitIndexEntryTests" runstate="Runnable" testcasecount="1" result="Passed" start-time="2019-11-11 20:29:29Z" end-time="2019-11-11 20:29:29Z" duration="0.002264" total="1" passed="1" failed="0" warnings="0" inconclusive="0" skipped="0" asserts="2">
                  <properties />
                  <test-case id="1071" name="AddFolder()" fullname="GVFS.UnitTests.Virtualization.Git.GitIndexEntryTests(False).AddFolder()" methodname="AddFolder" classname="GVFS.UnitTests.Virtualization.Git.GitIndexEntryTests" runstate="Runnable" seed="1390401075" result="Passed" start-time="2019-11-11 20:29:29Z" end-time="2019-11-11 20:29:29Z" duration="0.002232" asserts="2">
                    <properties />
                  </test-case>
                </test-suite>
                <test-suite type="ParameterizedMethod" id="1080" name="ClearLastParent" fullname="GVFS.UnitTests.Virtualization.Git.GitIndexEntryTests.ClearLastParent" classname="GVFS.UnitTests.Virtualization.Git.GitIndexEntryTests" runstate="Runnable" testcasecount="1" result="Passed" start-time="2019-11-11 20:29:29Z" end-time="2019-11-11 20:29:29Z" duration="0.000746" total="1" passed="1" failed="0" warnings="0" inconclusive="0" skipped="0" asserts="2">
                  <properties />
                  <test-case id="1079" name="ClearLastParent()" fullname="GVFS.UnitTests.Virtualization.Git.GitIndexEntryTests(False).ClearLastParent()" methodname="ClearLastParent" classname="GVFS.UnitTests.Virtualization.Git.GitIndexEntryTests" runstate="Runnable" seed="1908553087" result="Passed" start-time="2019-11-11 20:29:29Z" end-time="2019-11-11 20:29:29Z" duration="0.000714" asserts="2">
                    <properties />
                  </test-case>
                </test-suite>
                <test-suite type="ParameterizedMethod" id="1076" name="NewSimilarRootFolder" fullname="GVFS.UnitTests.Virtualization.Git.GitIndexEntryTests.NewSimilarRootFolder" classname="GVFS.UnitTests.Virtualization.Git.GitIndexEntryTests" runstate="Runnable" testcasecount="1" result="Passed" start-time="2019-11-11 20:29:29Z" end-time="2019-11-11 20:29:29Z" duration="0.000377" total="1" passed="1" failed="0" warnings="0" inconclusive="0" skipped="0" asserts="2">
                  <properties />
                  <test-case id="1075" name="NewSimilarRootFolder()" fullname="GVFS.UnitTests.Virtualization.Git.GitIndexEntryTests(False).NewSimilarRootFolder()" methodname="NewSimilarRootFolder" classname="GVFS.UnitTests.Virtualization.Git.GitIndexEntryTests" runstate="Runnable" seed="223975143" result="Passed" start-time="2019-11-11 20:29:29Z" end-time="2019-11-11 20:29:29Z" duration="0.000344" asserts="2">
                    <properties />
                  </test-case>
                </test-suite>
                <test-suite type="ParameterizedMethod" id="1074" name="RemoveFolder" fullname="GVFS.UnitTests.Virtualization.Git.GitIndexEntryTests.RemoveFolder" classname="GVFS.UnitTests.Virtualization.Git.GitIndexEntryTests" runstate="Runnable" testcasecount="1" result="Passed" start-time="2019-11-11 20:29:29Z" end-time="2019-11-11 20:29:29Z" duration="0.000424" total="1" passed="1" failed="0" warnings="0" inconclusive="0" skipped="0" asserts="2">
                  <properties />
                  <test-case id="1073" name="RemoveFolder()" fullname="GVFS.UnitTests.Virtualization.Git.GitIndexEntryTests(False).RemoveFolder()" methodname="RemoveFolder" classname="GVFS.UnitTests.Virtualization.Git.GitIndexEntryTests" runstate="Runnable" seed="661376724" result="Passed" start-time="2019-11-11 20:29:29Z" end-time="2019-11-11 20:29:29Z" duration="0.000392" asserts="2">
                    <properties />
                  </test-case>
                </test-suite>
                <test-suite type="ParameterizedMethod" id="1062" name="ReplaceFileName" fullname="GVFS.UnitTests.Virtualization.Git.GitIndexEntryTests.ReplaceFileName" classname="GVFS.UnitTests.Virtualization.Git.GitIndexEntryTests" runstate="Runnable" testcasecount="1" result="Passed" start-time="2019-11-11 20:29:29Z" end-time="2019-11-11 20:29:29Z" duration="0.000423" total="1" passed="1" failed="0" warnings="0" inconclusive="0" skipped="0" asserts="2">
                  <properties />
                  <test-case id="1061" name="ReplaceFileName()" fullname="GVFS.UnitTests.Virtualization.Git.GitIndexEntryTests(False).ReplaceFileName()" methodname="ReplaceFileName" classname="GVFS.UnitTests.Virtualization.Git.GitIndexEntryTests" runstate="Runnable" seed="2131387931" result="Passed" start-time="2019-11-11 20:29:29Z" end-time="2019-11-11 20:29:29Z" duration="0.000390" asserts="2">
                    <properties />
                  </test-case>
                </test-suite>
                <test-suite type="ParameterizedMethod" id="1066" name="ReplaceFileNameShorter" fullname="GVFS.UnitTests.Virtualization.Git.GitIndexEntryTests.ReplaceFileNameShorter" classname="GVFS.UnitTests.Virtualization.Git.GitIndexEntryTests" runstate="Runnable" testcasecount="1" result="Passed" start-time="2019-11-11 20:29:29Z" end-time="2019-11-11 20:29:29Z" duration="0.000396" total="1" passed="1" failed="0" warnings="0" inconclusive="0" skipped="0" asserts="2">
                  <properties />
                  <test-case id="1065" name="ReplaceFileNameShorter()" fullname="GVFS.UnitTests.Virtualization.Git.GitIndexEntryTests(False).ReplaceFileNameShorter()" methodname="ReplaceFileNameShorter" classname="GVFS.UnitTests.Virtualization.Git.GitIndexEntryTests" runstate="Runnable" seed="1276196198" result="Passed" start-time="2019-11-11 20:29:29Z" end-time="2019-11-11 20:29:29Z" duration="0.000357" asserts="2">
                    <properties />
                  </test-case>
                </test-suite>
                <test-suite type="ParameterizedMethod" id="1078" name="ReplaceFullPath" fullname="GVFS.UnitTests.Virtualization.Git.GitIndexEntryTests.ReplaceFullPath" classname="GVFS.UnitTests.Virtualization.Git.GitIndexEntryTests" runstate="Runnable" testcasecount="1" result="Passed" start-time="2019-11-11 20:29:29Z" end-time="2019-11-11 20:29:29Z" duration="0.000415" total="1" passed="1" failed="0" warnings="0" inconclusive="0" skipped="0" asserts="2">
                  <properties />
                  <test-case id="1077" name="ReplaceFullPath()" fullname="GVFS.UnitTests.Virtualization.Git.GitIndexEntryTests(False).ReplaceFullPath()" methodname="ReplaceFullPath" classname="GVFS.UnitTests.Virtualization.Git.GitIndexEntryTests" runstate="Runnable" seed="1345862800" result="Passed" start-time="2019-11-11 20:29:29Z" end-time="2019-11-11 20:29:29Z" duration="0.000383" asserts="2">
                    <properties />
                  </test-case>
                </test-suite>
                <test-suite type="ParameterizedMethod" id="1064" name="ReplaceNonASCIIFileName" fullname="GVFS.UnitTests.Virtualization.Git.GitIndexEntryTests.ReplaceNonASCIIFileName" classname="GVFS.UnitTests.Virtualization.Git.GitIndexEntryTests" runstate="Runnable" testcasecount="1" result="Passed" start-time="2019-11-11 20:29:29Z" end-time="2019-11-11 20:29:29Z" duration="0.000378" total="1" passed="1" failed="0" warnings="0" inconclusive="0" skipped="0" asserts="2">
                  <properties />
                  <test-case id="1063" name="ReplaceNonASCIIFileName()" fullname="GVFS.UnitTests.Virtualization.Git.GitIndexEntryTests(False).ReplaceNonASCIIFileName()" methodname="ReplaceNonASCIIFileName" classname="GVFS.UnitTests.Virtualization.Git.GitIndexEntryTests" runstate="Runnable" seed="398688776" result="Passed" start-time="2019-11-11 20:29:29Z" end-time="2019-11-11 20:29:29Z" duration="0.000347" asserts="2">
                    <properties />
                  </test-case>
                </test-suite>
                <test-suite type="ParameterizedMethod" id="1068" name="TestComponentsWithSimilarNames" fullname="GVFS.UnitTests.Virtualization.Git.GitIndexEntryTests.TestComponentsWithSimilarNames" classname="GVFS.UnitTests.Virtualization.Git.GitIndexEntryTests" runstate="Runnable" testcasecount="1" result="Passed" start-time="2019-11-11 20:29:29Z" end-time="2019-11-11 20:29:29Z" duration="0.000532" total="1" passed="1" failed="0" warnings="0" inconclusive="0" skipped="0" asserts="2">
                  <properties />
                  <test-case id="1067" name="TestComponentsWithSimilarNames()" fullname="GVFS.UnitTests.Virtualization.Git.GitIndexEntryTests(False).TestComponentsWithSimilarNames()" methodname="TestComponentsWithSimilarNames" classname="GVFS.UnitTests.Virtualization.Git.GitIndexEntryTests" runstate="Runnable" seed="1417591496" result="Passed" start-time="2019-11-11 20:29:29Z" end-time="2019-11-11 20:29:29Z" duration="0.000482" asserts="2">
                    <properties />
                  </test-case>
                </test-suite>
                <test-suite type="ParameterizedMethod" id="1070" name="TestComponentsWithSimilarNonASCIINames" fullname="GVFS.UnitTests.Virtualization.Git.GitIndexEntryTests.TestComponentsWithSimilarNonASCIINames" classname="GVFS.UnitTests.Virtualization.Git.GitIndexEntryTests" runstate="Runnable" testcasecount="1" result="Passed" start-time="2019-11-11 20:29:29Z" end-time="2019-11-11 20:29:29Z" duration="0.000464" total="1" passed="1" failed="0" warnings="0" inconclusive="0" skipped="0" asserts="2">
                  <properties />
                  <test-case id="1069" name="TestComponentsWithSimilarNonASCIINames()" fullname="GVFS.UnitTests.Virtualization.Git.GitIndexEntryTests(False).TestComponentsWithSimilarNonASCIINames()" methodname="TestComponentsWithSimilarNonASCIINames" classname="GVFS.UnitTests.Virtualization.Git.GitIndexEntryTests" runstate="Runnable" seed="542334905" result="Passed" start-time="2019-11-11 20:29:29Z" end-time="2019-11-11 20:29:29Z" duration="0.000433" asserts="2">
                    <properties />
                  </test-case>
                </test-suite>
                <test-suite type="ParameterizedMethod" id="1058" name="TopLevelPath" fullname="GVFS.UnitTests.Virtualization.Git.GitIndexEntryTests.TopLevelPath" classname="GVFS.UnitTests.Virtualization.Git.GitIndexEntryTests" runstate="Runnable" testcasecount="1" result="Passed" start-time="2019-11-11 20:29:29Z" end-time="2019-11-11 20:29:29Z" duration="0.000309" total="1" passed="1" failed="0" warnings="0" inconclusive="0" skipped="0" asserts="1">
                  <properties />
                  <test-case id="1057" name="TopLevelPath()" fullname="GVFS.UnitTests.Virtualization.Git.GitIndexEntryTests(False).TopLevelPath()" methodname="TopLevelPath" classname="GVFS.UnitTests.Virtualization.Git.GitIndexEntryTests" runstate="Runnable" seed="1144939891" result="Passed" start-time="2019-11-11 20:29:29Z" end-time="2019-11-11 20:29:29Z" duration="0.000260" asserts="1">
                    <properties />
                  </test-case>
                </test-suite>
                <test-suite type="ParameterizedMethod" id="1060" name="TwoLevelPath" fullname="GVFS.UnitTests.Virtualization.Git.GitIndexEntryTests.TwoLevelPath" classname="GVFS.UnitTests.Virtualization.Git.GitIndexEntryTests" runstate="Runnable" testcasecount="1" result="Passed" start-time="2019-11-11 20:29:29Z" end-time="2019-11-11 20:29:29Z" duration="0.000309" total="1" passed="1" failed="0" warnings="0" inconclusive="0" skipped="0" asserts="1">
                  <properties />
                  <test-case id="1059" name="TwoLevelPath()" fullname="GVFS.UnitTests.Virtualization.Git.GitIndexEntryTests(False).TwoLevelPath()" methodname="TwoLevelPath" classname="GVFS.UnitTests.Virtualization.Git.GitIndexEntryTests" runstate="Runnable" seed="1619701613" result="Passed" start-time="2019-11-11 20:29:29Z" end-time="2019-11-11 20:29:29Z" duration="0.000279" asserts="1">
                    <properties />
                  </test-case>
                </test-suite>
              </test-suite>
              <test-suite type="TestFixture" id="1031" name="GitIndexEntryTests(True)" fullname="GVFS.UnitTests.Virtualization.Git.GitIndexEntryTests(True)" classname="GVFS.UnitTests.Virtualization.Git.GitIndexEntryTests" runstate="Runnable" testcasecount="12" result="Passed" start-time="2019-11-11 20:29:29Z" end-time="2019-11-11 20:29:29Z" duration="0.004790" total="12" passed="12" failed="0" warnings="0" inconclusive="0" skipped="0" asserts="216">
                <properties />
                <test-suite type="ParameterizedMethod" id="1047" name="AddFolder" fullname="GVFS.UnitTests.Virtualization.Git.GitIndexEntryTests.AddFolder" classname="GVFS.UnitTests.Virtualization.Git.GitIndexEntryTests" runstate="Runnable" testcasecount="1" result="Passed" start-time="2019-11-11 20:29:29Z" end-time="2019-11-11 20:29:29Z" duration="0.002977" total="1" passed="1" failed="0" warnings="0" inconclusive="0" skipped="0" asserts="18">
                  <properties />
                  <test-case id="1046" name="AddFolder()" fullname="GVFS.UnitTests.Virtualization.Git.GitIndexEntryTests(True).AddFolder()" methodname="AddFolder" classname="GVFS.UnitTests.Virtualization.Git.GitIndexEntryTests" runstate="Runnable" seed="1615665493" result="Passed" start-time="2019-11-11 20:29:29Z" end-time="2019-11-11 20:29:29Z" duration="0.002950" asserts="18">
                    <properties />
                  </test-case>
                </test-suite>
                <test-suite type="ParameterizedMethod" id="1055" name="ClearLastParent" fullname="GVFS.UnitTests.Virtualization.Git.GitIndexEntryTests.ClearLastParent" classname="GVFS.UnitTests.Virtualization.Git.GitIndexEntryTests" runstate="Runnable" testcasecount="1" result="Passed" start-time="2019-11-11 20:29:29Z" end-time="2019-11-11 20:29:29Z" duration="0.000096" total="1" passed="1" failed="0" warnings="0" inconclusive="0" skipped="0" asserts="22">
                  <properties />
                  <test-case id="1054" name="ClearLastParent()" fullname="GVFS.UnitTests.Virtualization.Git.GitIndexEntryTests(True).ClearLastParent()" methodname="ClearLastParent" classname="GVFS.UnitTests.Virtualization.Git.GitIndexEntryTests" runstate="Runnable" seed="578454618" result="Passed" start-time="2019-11-11 20:29:29Z" end-time="2019-11-11 20:29:29Z" duration="0.000068" asserts="22">
                    <properties />
                  </test-case>
                </test-suite>
                <test-suite type="ParameterizedMethod" id="1051" name="NewSimilarRootFolder" fullname="GVFS.UnitTests.Virtualization.Git.GitIndexEntryTests.NewSimilarRootFolder" classname="GVFS.UnitTests.Virtualization.Git.GitIndexEntryTests" runstate="Runnable" testcasecount="1" result="Passed" start-time="2019-11-11 20:29:29Z" end-time="2019-11-11 20:29:29Z" duration="0.000138" total="1" passed="1" failed="0" warnings="0" inconclusive="0" skipped="0" asserts="16">
                  <properties />
                  <test-case id="1050" name="NewSimilarRootFolder()" fullname="GVFS.UnitTests.Virtualization.Git.GitIndexEntryTests(True).NewSimilarRootFolder()" methodname="NewSimilarRootFolder" classname="GVFS.UnitTests.Virtualization.Git.GitIndexEntryTests" runstate="Runnable" seed="1323577108" result="Passed" start-time="2019-11-11 20:29:29Z" end-time="2019-11-11 20:29:29Z" duration="0.000064" asserts="16">
                    <properties />
                  </test-case>
                </test-suite>
                <test-suite type="ParameterizedMethod" id="1049" name="RemoveFolder" fullname="GVFS.UnitTests.Virtualization.Git.GitIndexEntryTests.RemoveFolder" classname="GVFS.UnitTests.Virtualization.Git.GitIndexEntryTests" runstate="Runnable" testcasecount="1" result="Passed" start-time="2019-11-11 20:29:29Z" end-time="2019-11-11 20:29:29Z" duration="0.000082" total="1" passed="1" failed="0" warnings="0" inconclusive="0" skipped="0" asserts="18">
                  <properties />
                  <test-case id="1048" name="RemoveFolder()" fullname="GVFS.UnitTests.Virtualization.Git.GitIndexEntryTests(True).RemoveFolder()" methodname="RemoveFolder" classname="GVFS.UnitTests.Virtualization.Git.GitIndexEntryTests" runstate="Runnable" seed="1105076838" result="Passed" start-time="2019-11-11 20:29:29Z" end-time="2019-11-11 20:29:29Z" duration="0.000058" asserts="18">
                    <properties />
                  </test-case>
                </test-suite>
                <test-suite type="ParameterizedMethod" id="1037" name="ReplaceFileName" fullname="GVFS.UnitTests.Virtualization.Git.GitIndexEntryTests.ReplaceFileName" classname="GVFS.UnitTests.Virtualization.Git.GitIndexEntryTests" runstate="Runnable" testcasecount="1" result="Passed" start-time="2019-11-11 20:29:29Z" end-time="2019-11-11 20:29:29Z" duration="0.000080" total="1" passed="1" failed="0" warnings="0" inconclusive="0" skipped="0" asserts="16">
                  <properties />
                  <test-case id="1036" name="ReplaceFileName()" fullname="GVFS.UnitTests.Virtualization.Git.GitIndexEntryTests(True).ReplaceFileName()" methodname="ReplaceFileName" classname="GVFS.UnitTests.Virtualization.Git.GitIndexEntryTests" runstate="Runnable" seed="433158623" result="Passed" start-time="2019-11-11 20:29:29Z" end-time="2019-11-11 20:29:29Z" duration="0.000056" asserts="16">
                    <properties />
                  </test-case>
                </test-suite>
                <test-suite type="ParameterizedMethod" id="1041" name="ReplaceFileNameShorter" fullname="GVFS.UnitTests.Virtualization.Git.GitIndexEntryTests.ReplaceFileNameShorter" classname="GVFS.UnitTests.Virtualization.Git.GitIndexEntryTests" runstate="Runnable" testcasecount="1" result="Passed" start-time="2019-11-11 20:29:29Z" end-time="2019-11-11 20:29:29Z" duration="0.000094" total="1" passed="1" failed="0" warnings="0" inconclusive="0" skipped="0" asserts="22">
                  <properties />
                  <test-case id="1040" name="ReplaceFileNameShorter()" fullname="GVFS.UnitTests.Virtualization.Git.GitIndexEntryTests(True).ReplaceFileNameShorter()" methodname="ReplaceFileNameShorter" classname="GVFS.UnitTests.Virtualization.Git.GitIndexEntryTests" runstate="Runnable" seed="128685066" result="Passed" start-time="2019-11-11 20:29:29Z" end-time="2019-11-11 20:29:29Z" duration="0.000076" asserts="22">
                    <properties />
                  </test-case>
                </test-suite>
                <test-suite type="ParameterizedMethod" id="1053" name="ReplaceFullPath" fullname="GVFS.UnitTests.Virtualization.Git.GitIndexEntryTests.ReplaceFullPath" classname="GVFS.UnitTests.Virtualization.Git.GitIndexEntryTests" runstate="Runnable" testcasecount="1" result="Passed" start-time="2019-11-11 20:29:29Z" end-time="2019-11-11 20:29:29Z" duration="0.000065" total="1" passed="1" failed="0" warnings="0" inconclusive="0" skipped="0" asserts="18">
                  <properties />
                  <test-case id="1052" name="ReplaceFullPath()" fullname="GVFS.UnitTests.Virtualization.Git.GitIndexEntryTests(True).ReplaceFullPath()" methodname="ReplaceFullPath" classname="GVFS.UnitTests.Virtualization.Git.GitIndexEntryTests" runstate="Runnable" seed="2029261130" result="Passed" start-time="2019-11-11 20:29:29Z" end-time="2019-11-11 20:29:29Z" duration="0.000049" asserts="18">
                    <properties />
                  </test-case>
                </test-suite>
                <test-suite type="ParameterizedMethod" id="1039" name="ReplaceNonASCIIFileName" fullname="GVFS.UnitTests.Virtualization.Git.GitIndexEntryTests.ReplaceNonASCIIFileName" classname="GVFS.UnitTests.Virtualization.Git.GitIndexEntryTests" runstate="Runnable" testcasecount="1" result="Passed" start-time="2019-11-11 20:29:29Z" end-time="2019-11-11 20:29:29Z" duration="0.000852" total="1" passed="1" failed="0" warnings="0" inconclusive="0" skipped="0" asserts="20">
                  <properties />
                  <test-case id="1038" name="ReplaceNonASCIIFileName()" fullname="GVFS.UnitTests.Virtualization.Git.GitIndexEntryTests(True).ReplaceNonASCIIFileName()" methodname="ReplaceNonASCIIFileName" classname="GVFS.UnitTests.Virtualization.Git.GitIndexEntryTests" runstate="Runnable" seed="1481438301" result="Passed" start-time="2019-11-11 20:29:29Z" end-time="2019-11-11 20:29:29Z" duration="0.000827" asserts="20">
                    <properties />
                  </test-case>
                </test-suite>
                <test-suite type="ParameterizedMethod" id="1043" name="TestComponentsWithSimilarNames" fullname="GVFS.UnitTests.Virtualization.Git.GitIndexEntryTests.TestComponentsWithSimilarNames" classname="GVFS.UnitTests.Virtualization.Git.GitIndexEntryTests" runstate="Runnable" testcasecount="1" result="Passed" start-time="2019-11-11 20:29:29Z" end-time="2019-11-11 20:29:29Z" duration="0.000122" total="1" passed="1" failed="0" warnings="0" inconclusive="0" skipped="0" asserts="26">
                  <properties />
                  <test-case id="1042" name="TestComponentsWithSimilarNames()" fullname="GVFS.UnitTests.Virtualization.Git.GitIndexEntryTests(True).TestComponentsWithSimilarNames()" methodname="TestComponentsWithSimilarNames" classname="GVFS.UnitTests.Virtualization.Git.GitIndexEntryTests" runstate="Runnable" seed="1772220963" result="Passed" start-time="2019-11-11 20:29:29Z" end-time="2019-11-11 20:29:29Z" duration="0.000091" asserts="26">
                    <properties />
                  </test-case>
                </test-suite>
                <test-suite type="ParameterizedMethod" id="1045" name="TestComponentsWithSimilarNonASCIINames" fullname="GVFS.UnitTests.Virtualization.Git.GitIndexEntryTests.TestComponentsWithSimilarNonASCIINames" classname="GVFS.UnitTests.Virtualization.Git.GitIndexEntryTests" runstate="Runnable" testcasecount="1" result="Passed" start-time="2019-11-11 20:29:29Z" end-time="2019-11-11 20:29:29Z" duration="0.000074" total="1" passed="1" failed="0" warnings="0" inconclusive="0" skipped="0" asserts="26">
                  <properties />
                  <test-case id="1044" name="TestComponentsWithSimilarNonASCIINames()" fullname="GVFS.UnitTests.Virtualization.Git.GitIndexEntryTests(True).TestComponentsWithSimilarNonASCIINames()" methodname="TestComponentsWithSimilarNonASCIINames" classname="GVFS.UnitTests.Virtualization.Git.GitIndexEntryTests" runstate="Runnable" seed="1435269622" result="Passed" start-time="2019-11-11 20:29:29Z" end-time="2019-11-11 20:29:29Z" duration="0.000056" asserts="26">
                    <properties />
                  </test-case>
                </test-suite>
                <test-suite type="ParameterizedMethod" id="1033" name="TopLevelPath" fullname="GVFS.UnitTests.Virtualization.Git.GitIndexEntryTests.TopLevelPath" classname="GVFS.UnitTests.Virtualization.Git.GitIndexEntryTests" runstate="Runnable" testcasecount="1" result="Passed" start-time="2019-11-11 20:29:29Z" end-time="2019-11-11 20:29:29Z" duration="0.000055" total="1" passed="1" failed="0" warnings="0" inconclusive="0" skipped="0" asserts="6">
                  <properties />
                  <test-case id="1032" name="TopLevelPath()" fullname="GVFS.UnitTests.Virtualization.Git.GitIndexEntryTests(True).TopLevelPath()" methodname="TopLevelPath" classname="GVFS.UnitTests.Virtualization.Git.GitIndexEntryTests" runstate="Runnable" seed="1640234464" result="Passed" start-time="2019-11-11 20:29:29Z" end-time="2019-11-11 20:29:29Z" duration="0.000035" asserts="6">
                    <properties />
                  </test-case>
                </test-suite>
                <test-suite type="ParameterizedMethod" id="1035" name="TwoLevelPath" fullname="GVFS.UnitTests.Virtualization.Git.GitIndexEntryTests.TwoLevelPath" classname="GVFS.UnitTests.Virtualization.Git.GitIndexEntryTests" runstate="Runnable" testcasecount="1" result="Passed" start-time="2019-11-11 20:29:29Z" end-time="2019-11-11 20:29:29Z" duration="0.000052" total="1" passed="1" failed="0" warnings="0" inconclusive="0" skipped="0" asserts="8">
                  <properties />
                  <test-case id="1034" name="TwoLevelPath()" fullname="GVFS.UnitTests.Virtualization.Git.GitIndexEntryTests(True).TwoLevelPath()" methodname="TwoLevelPath" classname="GVFS.UnitTests.Virtualization.Git.GitIndexEntryTests" runstate="Runnable" seed="316599637" result="Passed" start-time="2019-11-11 20:29:29Z" end-time="2019-11-11 20:29:29Z" duration="0.000036" asserts="8">
                    <properties />
                  </test-case>
                </test-suite>
              </test-suite>
            </test-suite>
            <test-suite type="TestFixture" id="1082" name="LazyUTF8StringTests" fullname="GVFS.UnitTests.Virtualization.Git.LazyUTF8StringTests" classname="GVFS.UnitTests.Virtualization.Git.LazyUTF8StringTests" runstate="Runnable" testcasecount="24" result="Passed" start-time="2019-11-11 20:29:29Z" end-time="2019-11-11 20:29:29Z" duration="0.018103" total="24" passed="24" failed="0" warnings="0" inconclusive="0" skipped="0" asserts="51">
              <properties />
              <test-suite type="ParameterizedMethod" id="1100" name="CaseInsensitiveEquals_OneNameLongerEqualsFalse" fullname="GVFS.UnitTests.Virtualization.Git.LazyUTF8StringTests.CaseInsensitiveEquals_OneNameLongerEqualsFalse" classname="GVFS.UnitTests.Virtualization.Git.LazyUTF8StringTests" runstate="Runnable" testcasecount="1" result="Passed" start-time="2019-11-11 20:29:29Z" end-time="2019-11-11 20:29:29Z" duration="0.002095" total="1" passed="1" failed="0" warnings="0" inconclusive="0" skipped="0" asserts="1">
                <properties />
                <test-case id="1099" name="CaseInsensitiveEquals_OneNameLongerEqualsFalse()" fullname="GVFS.UnitTests.Virtualization.Git.LazyUTF8StringTests.CaseInsensitiveEquals_OneNameLongerEqualsFalse()" methodname="CaseInsensitiveEquals_OneNameLongerEqualsFalse" classname="GVFS.UnitTests.Virtualization.Git.LazyUTF8StringTests" runstate="Runnable" seed="1383120987" result="Passed" start-time="2019-11-11 20:29:29Z" end-time="2019-11-11 20:29:29Z" duration="0.002068" asserts="1">
                  <properties />
                </test-case>
              </test-suite>
              <test-suite type="ParameterizedMethod" id="1104" name="CaseInsensitiveEquals_OneNameShorterEqualsFalse" fullname="GVFS.UnitTests.Virtualization.Git.LazyUTF8StringTests.CaseInsensitiveEquals_OneNameShorterEqualsFalse" classname="GVFS.UnitTests.Virtualization.Git.LazyUTF8StringTests" runstate="Runnable" testcasecount="1" result="Passed" start-time="2019-11-11 20:29:29Z" end-time="2019-11-11 20:29:29Z" duration="0.000592" total="1" passed="1" failed="0" warnings="0" inconclusive="0" skipped="0" asserts="1">
                <properties />
                <test-case id="1103" name="CaseInsensitiveEquals_OneNameShorterEqualsFalse()" fullname="GVFS.UnitTests.Virtualization.Git.LazyUTF8StringTests.CaseInsensitiveEquals_OneNameShorterEqualsFalse()" methodname="CaseInsensitiveEquals_OneNameShorterEqualsFalse" classname="GVFS.UnitTests.Virtualization.Git.LazyUTF8StringTests" runstate="Runnable" seed="206367612" result="Passed" start-time="2019-11-11 20:29:29Z" end-time="2019-11-11 20:29:29Z" duration="0.000562" asserts="1">
                  <properties />
                </test-case>
              </test-suite>
              <test-suite type="ParameterizedMethod" id="1088" name="CaseInsensitiveEquals_SameName_EqualsTrue" fullname="GVFS.UnitTests.Virtualization.Git.LazyUTF8StringTests.CaseInsensitiveEquals_SameName_EqualsTrue" classname="GVFS.UnitTests.Virtualization.Git.LazyUTF8StringTests" runstate="Runnable" testcasecount="1" result="Passed" start-time="2019-11-11 20:29:29Z" end-time="2019-11-11 20:29:29Z" duration="0.000435" total="1" passed="1" failed="0" warnings="0" inconclusive="0" skipped="0" asserts="1">
                <properties />
                <test-case id="1087" name="CaseInsensitiveEquals_SameName_EqualsTrue()" fullname="GVFS.UnitTests.Virtualization.Git.LazyUTF8StringTests.CaseInsensitiveEquals_SameName_EqualsTrue()" methodname="CaseInsensitiveEquals_SameName_EqualsTrue" classname="GVFS.UnitTests.Virtualization.Git.LazyUTF8StringTests" runstate="Runnable" seed="1845945086" result="Passed" start-time="2019-11-11 20:29:29Z" end-time="2019-11-11 20:29:29Z" duration="0.000404" asserts="1">
                  <properties />
                </test-case>
              </test-suite>
              <test-suite type="ParameterizedMethod" id="1092" name="CaseInsensitiveEquals_SameNameDifferentCase1_EqualsTrue" fullname="GVFS.UnitTests.Virtualization.Git.LazyUTF8StringTests.CaseInsensitiveEquals_SameNameDifferentCase1_EqualsTrue" classname="GVFS.UnitTests.Virtualization.Git.LazyUTF8StringTests" runstate="Runnable" testcasecount="1" result="Passed" start-time="2019-11-11 20:29:29Z" end-time="2019-11-11 20:29:29Z" duration="0.000656" total="1" passed="1" failed="0" warnings="0" inconclusive="0" skipped="0" asserts="1">
                <properties />
                <test-case id="1091" name="CaseInsensitiveEquals_SameNameDifferentCase1_EqualsTrue()" fullname="GVFS.UnitTests.Virtualization.Git.LazyUTF8StringTests.CaseInsensitiveEquals_SameNameDifferentCase1_EqualsTrue()" methodname="CaseInsensitiveEquals_SameNameDifferentCase1_EqualsTrue" classname="GVFS.UnitTests.Virtualization.Git.LazyUTF8StringTests" runstate="Runnable" seed="1064329754" result="Passed" start-time="2019-11-11 20:29:29Z" end-time="2019-11-11 20:29:29Z" duration="0.000629" asserts="1">
                  <properties />
                </test-case>
              </test-suite>
              <test-suite type="ParameterizedMethod" id="1096" name="CaseInsensitiveEquals_SameNameDifferentCase2_EqualsTrue" fullname="GVFS.UnitTests.Virtualization.Git.LazyUTF8StringTests.CaseInsensitiveEquals_SameNameDifferentCase2_EqualsTrue" classname="GVFS.UnitTests.Virtualization.Git.LazyUTF8StringTests" runstate="Runnable" testcasecount="1" result="Passed" start-time="2019-11-11 20:29:29Z" end-time="2019-11-11 20:29:29Z" duration="0.000533" total="1" passed="1" failed="0" warnings="0" inconclusive="0" skipped="0" asserts="1">
                <properties />
                <test-case id="1095" name="CaseInsensitiveEquals_SameNameDifferentCase2_EqualsTrue()" fullname="GVFS.UnitTests.Virtualization.Git.LazyUTF8StringTests.CaseInsensitiveEquals_SameNameDifferentCase2_EqualsTrue()" methodname="CaseInsensitiveEquals_SameNameDifferentCase2_EqualsTrue" classname="GVFS.UnitTests.Virtualization.Git.LazyUTF8StringTests" runstate="Runnable" seed="965331437" result="Passed" start-time="2019-11-11 20:29:29Z" end-time="2019-11-11 20:29:29Z" duration="0.000509" asserts="1">
                  <properties />
                </test-case>
              </test-suite>
              <test-suite type="ParameterizedMethod" id="1102" name="CaseSensitiveEquals_OneNameLongerEqualsFalse" fullname="GVFS.UnitTests.Virtualization.Git.LazyUTF8StringTests.CaseSensitiveEquals_OneNameLongerEqualsFalse" classname="GVFS.UnitTests.Virtualization.Git.LazyUTF8StringTests" runstate="Runnable" testcasecount="1" result="Passed" start-time="2019-11-11 20:29:29Z" end-time="2019-11-11 20:29:29Z" duration="0.000495" total="1" passed="1" failed="0" warnings="0" inconclusive="0" skipped="0" asserts="1">
                <properties />
                <test-case id="1101" name="CaseSensitiveEquals_OneNameLongerEqualsFalse()" fullname="GVFS.UnitTests.Virtualization.Git.LazyUTF8StringTests.CaseSensitiveEquals_OneNameLongerEqualsFalse()" methodname="CaseSensitiveEquals_OneNameLongerEqualsFalse" classname="GVFS.UnitTests.Virtualization.Git.LazyUTF8StringTests" runstate="Runnable" seed="839414318" result="Passed" start-time="2019-11-11 20:29:29Z" end-time="2019-11-11 20:29:29Z" duration="0.000472" asserts="1">
                  <properties />
                </test-case>
              </test-suite>
              <test-suite type="ParameterizedMethod" id="1106" name="CaseSensitiveEquals_OneNameShorterEqualsFalse" fullname="GVFS.UnitTests.Virtualization.Git.LazyUTF8StringTests.CaseSensitiveEquals_OneNameShorterEqualsFalse" classname="GVFS.UnitTests.Virtualization.Git.LazyUTF8StringTests" runstate="Runnable" testcasecount="1" result="Passed" start-time="2019-11-11 20:29:29Z" end-time="2019-11-11 20:29:29Z" duration="0.000525" total="1" passed="1" failed="0" warnings="0" inconclusive="0" skipped="0" asserts="1">
                <properties />
                <test-case id="1105" name="CaseSensitiveEquals_OneNameShorterEqualsFalse()" fullname="GVFS.UnitTests.Virtualization.Git.LazyUTF8StringTests.CaseSensitiveEquals_OneNameShorterEqualsFalse()" methodname="CaseSensitiveEquals_OneNameShorterEqualsFalse" classname="GVFS.UnitTests.Virtualization.Git.LazyUTF8StringTests" runstate="Runnable" seed="2104766807" result="Passed" start-time="2019-11-11 20:29:29Z" end-time="2019-11-11 20:29:29Z" duration="0.000499" asserts="1">
                  <properties />
                </test-case>
              </test-suite>
              <test-suite type="ParameterizedMethod" id="1090" name="CaseSensitiveEquals_SameName_EqualsTrue" fullname="GVFS.UnitTests.Virtualization.Git.LazyUTF8StringTests.CaseSensitiveEquals_SameName_EqualsTrue" classname="GVFS.UnitTests.Virtualization.Git.LazyUTF8StringTests" runstate="Runnable" testcasecount="1" result="Passed" start-time="2019-11-11 20:29:29Z" end-time="2019-11-11 20:29:29Z" duration="0.000469" total="1" passed="1" failed="0" warnings="0" inconclusive="0" skipped="0" asserts="1">
                <properties />
                <test-case id="1089" name="CaseSensitiveEquals_SameName_EqualsTrue()" fullname="GVFS.UnitTests.Virtualization.Git.LazyUTF8StringTests.CaseSensitiveEquals_SameName_EqualsTrue()" methodname="CaseSensitiveEquals_SameName_EqualsTrue" classname="GVFS.UnitTests.Virtualization.Git.LazyUTF8StringTests" runstate="Runnable" seed="2121978403" result="Passed" start-time="2019-11-11 20:29:29Z" end-time="2019-11-11 20:29:29Z" duration="0.000446" asserts="1">
                  <properties />
                </test-case>
              </test-suite>
              <test-suite type="ParameterizedMethod" id="1094" name="CaseSensitiveEquals_SameNameDifferentCase1_EqualsFalse" fullname="GVFS.UnitTests.Virtualization.Git.LazyUTF8StringTests.CaseSensitiveEquals_SameNameDifferentCase1_EqualsFalse" classname="GVFS.UnitTests.Virtualization.Git.LazyUTF8StringTests" runstate="Runnable" testcasecount="1" result="Passed" start-time="2019-11-11 20:29:29Z" end-time="2019-11-11 20:29:29Z" duration="0.000544" total="1" passed="1" failed="0" warnings="0" inconclusive="0" skipped="0" asserts="1">
                <properties />
                <test-case id="1093" name="CaseSensitiveEquals_SameNameDifferentCase1_EqualsFalse()" fullname="GVFS.UnitTests.Virtualization.Git.LazyUTF8StringTests.CaseSensitiveEquals_SameNameDifferentCase1_EqualsFalse()" methodname="CaseSensitiveEquals_SameNameDifferentCase1_EqualsFalse" classname="GVFS.UnitTests.Virtualization.Git.LazyUTF8StringTests" runstate="Runnable" seed="373721323" result="Passed" start-time="2019-11-11 20:29:29Z" end-time="2019-11-11 20:29:29Z" duration="0.000517" asserts="1">
                  <properties />
                </test-case>
              </test-suite>
              <test-suite type="ParameterizedMethod" id="1098" name="CaseSensitiveEquals_SameNameDifferentCase2_EqualsFalse" fullname="GVFS.UnitTests.Virtualization.Git.LazyUTF8StringTests.CaseSensitiveEquals_SameNameDifferentCase2_EqualsFalse" classname="GVFS.UnitTests.Virtualization.Git.LazyUTF8StringTests" runstate="Runnable" testcasecount="1" result="Passed" start-time="2019-11-11 20:29:29Z" end-time="2019-11-11 20:29:29Z" duration="0.000508" total="1" passed="1" failed="0" warnings="0" inconclusive="0" skipped="0" asserts="1">
                <properties />
                <test-case id="1097" name="CaseSensitiveEquals_SameNameDifferentCase2_EqualsFalse()" fullname="GVFS.UnitTests.Virtualization.Git.LazyUTF8StringTests.CaseSensitiveEquals_SameNameDifferentCase2_EqualsFalse()" methodname="CaseSensitiveEquals_SameNameDifferentCase2_EqualsFalse" classname="GVFS.UnitTests.Virtualization.Git.LazyUTF8StringTests" runstate="Runnable" seed="508666543" result="Passed" start-time="2019-11-11 20:29:29Z" end-time="2019-11-11 20:29:29Z" duration="0.000474" asserts="1">
                  <properties />
                </test-case>
              </test-suite>
              <test-suite type="ParameterizedMethod" id="1114" name="Compare_EqualsGreaterThanZero" fullname="GVFS.UnitTests.Virtualization.Git.LazyUTF8StringTests.Compare_EqualsGreaterThanZero" classname="GVFS.UnitTests.Virtualization.Git.LazyUTF8StringTests" runstate="Runnable" testcasecount="1" result="Passed" start-time="2019-11-11 20:29:29Z" end-time="2019-11-11 20:29:29Z" duration="0.000814" total="1" passed="1" failed="0" warnings="0" inconclusive="0" skipped="0" asserts="2">
                <properties />
                <test-case id="1113" name="Compare_EqualsGreaterThanZero()" fullname="GVFS.UnitTests.Virtualization.Git.LazyUTF8StringTests.Compare_EqualsGreaterThanZero()" methodname="Compare_EqualsGreaterThanZero" classname="GVFS.UnitTests.Virtualization.Git.LazyUTF8StringTests" runstate="Runnable" seed="2058365480" result="Passed" start-time="2019-11-11 20:29:29Z" end-time="2019-11-11 20:29:29Z" duration="0.000784" asserts="2">
                  <properties />
                </test-case>
              </test-suite>
              <test-suite type="ParameterizedMethod" id="1116" name="Compare_EqualsGreaterThanZero2" fullname="GVFS.UnitTests.Virtualization.Git.LazyUTF8StringTests.Compare_EqualsGreaterThanZero2" classname="GVFS.UnitTests.Virtualization.Git.LazyUTF8StringTests" runstate="Runnable" testcasecount="1" result="Passed" start-time="2019-11-11 20:29:29Z" end-time="2019-11-11 20:29:29Z" duration="0.000444" total="1" passed="1" failed="0" warnings="0" inconclusive="0" skipped="0" asserts="2">
                <properties />
                <test-case id="1115" name="Compare_EqualsGreaterThanZero2()" fullname="GVFS.UnitTests.Virtualization.Git.LazyUTF8StringTests.Compare_EqualsGreaterThanZero2()" methodname="Compare_EqualsGreaterThanZero2" classname="GVFS.UnitTests.Virtualization.Git.LazyUTF8StringTests" runstate="Runnable" seed="352926488" result="Passed" start-time="2019-11-11 20:29:29Z" end-time="2019-11-11 20:29:29Z" duration="0.000412" asserts="2">
                  <properties />
                </test-case>
              </test-suite>
              <test-suite type="ParameterizedMethod" id="1110" name="Compare_EqualsLessThanZero" fullname="GVFS.UnitTests.Virtualization.Git.LazyUTF8StringTests.Compare_EqualsLessThanZero" classname="GVFS.UnitTests.Virtualization.Git.LazyUTF8StringTests" runstate="Runnable" testcasecount="1" result="Passed" start-time="2019-11-11 20:29:29Z" end-time="2019-11-11 20:29:29Z" duration="0.000782" total="1" passed="1" failed="0" warnings="0" inconclusive="0" skipped="0" asserts="2">
                <properties />
                <test-case id="1109" name="Compare_EqualsLessThanZero()" fullname="GVFS.UnitTests.Virtualization.Git.LazyUTF8StringTests.Compare_EqualsLessThanZero()" methodname="Compare_EqualsLessThanZero" classname="GVFS.UnitTests.Virtualization.Git.LazyUTF8StringTests" runstate="Runnable" seed="248000452" result="Passed" start-time="2019-11-11 20:29:29Z" end-time="2019-11-11 20:29:29Z" duration="0.000753" asserts="2">
                  <properties />
                </test-case>
              </test-suite>
              <test-suite type="ParameterizedMethod" id="1112" name="Compare_EqualsLessThanZero2" fullname="GVFS.UnitTests.Virtualization.Git.LazyUTF8StringTests.Compare_EqualsLessThanZero2" classname="GVFS.UnitTests.Virtualization.Git.LazyUTF8StringTests" runstate="Runnable" testcasecount="1" result="Passed" start-time="2019-11-11 20:29:29Z" end-time="2019-11-11 20:29:29Z" duration="0.000560" total="1" passed="1" failed="0" warnings="0" inconclusive="0" skipped="0" asserts="2">
                <properties />
                <test-case id="1111" name="Compare_EqualsLessThanZero2()" fullname="GVFS.UnitTests.Virtualization.Git.LazyUTF8StringTests.Compare_EqualsLessThanZero2()" methodname="Compare_EqualsLessThanZero2" classname="GVFS.UnitTests.Virtualization.Git.LazyUTF8StringTests" runstate="Runnable" seed="1285708095" result="Passed" start-time="2019-11-11 20:29:29Z" end-time="2019-11-11 20:29:29Z" duration="0.000528" asserts="2">
                  <properties />
                </test-case>
              </test-suite>
              <test-suite type="ParameterizedMethod" id="1108" name="Compare_EqualsZero" fullname="GVFS.UnitTests.Virtualization.Git.LazyUTF8StringTests.Compare_EqualsZero" classname="GVFS.UnitTests.Virtualization.Git.LazyUTF8StringTests" runstate="Runnable" testcasecount="1" result="Passed" start-time="2019-11-11 20:29:29Z" end-time="2019-11-11 20:29:29Z" duration="0.000506" total="1" passed="1" failed="0" warnings="0" inconclusive="0" skipped="0" asserts="2">
                <properties />
                <test-case id="1107" name="Compare_EqualsZero()" fullname="GVFS.UnitTests.Virtualization.Git.LazyUTF8StringTests.Compare_EqualsZero()" methodname="Compare_EqualsZero" classname="GVFS.UnitTests.Virtualization.Git.LazyUTF8StringTests" runstate="Runnable" seed="474842061" result="Passed" start-time="2019-11-11 20:29:29Z" end-time="2019-11-11 20:29:29Z" duration="0.000474" asserts="2">
                  <properties />
                </test-case>
              </test-suite>
              <test-suite type="ParameterizedMethod" id="1124" name="ExpandAfterShrinkPool_AllocatesDefault" fullname="GVFS.UnitTests.Virtualization.Git.LazyUTF8StringTests.ExpandAfterShrinkPool_AllocatesDefault" classname="GVFS.UnitTests.Virtualization.Git.LazyUTF8StringTests" runstate="Runnable" testcasecount="1" result="Passed" start-time="2019-11-11 20:29:29Z" end-time="2019-11-11 20:29:29Z" duration="0.003527" total="1" passed="1" failed="0" warnings="0" inconclusive="0" skipped="0" asserts="10">
                <properties />
                <test-case id="1123" name="ExpandAfterShrinkPool_AllocatesDefault()" fullname="GVFS.UnitTests.Virtualization.Git.LazyUTF8StringTests.ExpandAfterShrinkPool_AllocatesDefault()" methodname="ExpandAfterShrinkPool_AllocatesDefault" classname="GVFS.UnitTests.Virtualization.Git.LazyUTF8StringTests" runstate="Runnable" seed="618313303" result="Passed" start-time="2019-11-11 20:29:29Z" end-time="2019-11-11 20:29:29Z" duration="0.003476" asserts="10">
                  <properties />
                </test-case>
              </test-suite>
              <test-suite type="ParameterizedMethod" id="1120" name="FreePool_KeepsPoolSize" fullname="GVFS.UnitTests.Virtualization.Git.LazyUTF8StringTests.FreePool_KeepsPoolSize" classname="GVFS.UnitTests.Virtualization.Git.LazyUTF8StringTests" runstate="Runnable" testcasecount="1" result="Passed" start-time="2019-11-11 20:29:29Z" end-time="2019-11-11 20:29:29Z" duration="0.000466" total="1" passed="1" failed="0" warnings="0" inconclusive="0" skipped="0" asserts="2">
                <properties />
                <test-case id="1119" name="FreePool_KeepsPoolSize()" fullname="GVFS.UnitTests.Virtualization.Git.LazyUTF8StringTests.FreePool_KeepsPoolSize()" methodname="FreePool_KeepsPoolSize" classname="GVFS.UnitTests.Virtualization.Git.LazyUTF8StringTests" runstate="Runnable" seed="1683100583" result="Passed" start-time="2019-11-11 20:29:29Z" end-time="2019-11-11 20:29:29Z" duration="0.000436" asserts="2">
                  <properties />
                </test-case>
              </test-suite>
              <test-suite type="ParameterizedMethod" id="1084" name="GetString" fullname="GVFS.UnitTests.Virtualization.Git.LazyUTF8StringTests.GetString" classname="GVFS.UnitTests.Virtualization.Git.LazyUTF8StringTests" runstate="Runnable" testcasecount="1" result="Passed" start-time="2019-11-11 20:29:29Z" end-time="2019-11-11 20:29:29Z" duration="0.000583" total="1" passed="1" failed="0" warnings="0" inconclusive="0" skipped="0" asserts="3">
                <properties />
                <test-case id="1083" name="GetString()" fullname="GVFS.UnitTests.Virtualization.Git.LazyUTF8StringTests.GetString()" methodname="GetString" classname="GVFS.UnitTests.Virtualization.Git.LazyUTF8StringTests" runstate="Runnable" seed="771151014" result="Passed" start-time="2019-11-11 20:29:29Z" end-time="2019-11-11 20:29:29Z" duration="0.000553" asserts="3">
                  <properties />
                </test-case>
              </test-suite>
              <test-suite type="ParameterizedMethod" id="1086" name="GetString_NonASCII" fullname="GVFS.UnitTests.Virtualization.Git.LazyUTF8StringTests.GetString_NonASCII" classname="GVFS.UnitTests.Virtualization.Git.LazyUTF8StringTests" runstate="Runnable" testcasecount="1" result="Passed" start-time="2019-11-11 20:29:29Z" end-time="2019-11-11 20:29:29Z" duration="0.000830" total="1" passed="1" failed="0" warnings="0" inconclusive="0" skipped="0" asserts="4">
                <properties />
                <test-case id="1085" name="GetString_NonASCII()" fullname="GVFS.UnitTests.Virtualization.Git.LazyUTF8StringTests.GetString_NonASCII()" methodname="GetString_NonASCII" classname="GVFS.UnitTests.Virtualization.Git.LazyUTF8StringTests" runstate="Runnable" seed="853429316" result="Passed" start-time="2019-11-11 20:29:29Z" end-time="2019-11-11 20:29:29Z" duration="0.000778" asserts="4">
                  <properties />
                </test-case>
              </test-suite>
              <test-suite type="ParameterizedMethod" id="1130" name="MinimumPoolSize" fullname="GVFS.UnitTests.Virtualization.Git.LazyUTF8StringTests.MinimumPoolSize" classname="GVFS.UnitTests.Virtualization.Git.LazyUTF8StringTests" runstate="Runnable" testcasecount="1" result="Passed" start-time="2019-11-11 20:29:29Z" end-time="2019-11-11 20:29:29Z" duration="0.000330" total="1" passed="1" failed="0" warnings="0" inconclusive="0" skipped="0" asserts="2">
                <properties />
                <test-case id="1129" name="MinimumPoolSize()" fullname="GVFS.UnitTests.Virtualization.Git.LazyUTF8StringTests.MinimumPoolSize()" methodname="MinimumPoolSize" classname="GVFS.UnitTests.Virtualization.Git.LazyUTF8StringTests" runstate="Runnable" seed="1073110070" result="Passed" start-time="2019-11-11 20:29:29Z" end-time="2019-11-11 20:29:29Z" duration="0.000297" asserts="2">
                  <properties />
                </test-case>
              </test-suite>
              <test-suite type="ParameterizedMethod" id="1128" name="NonASCIICharacters_Compare" fullname="GVFS.UnitTests.Virtualization.Git.LazyUTF8StringTests.NonASCIICharacters_Compare" classname="GVFS.UnitTests.Virtualization.Git.LazyUTF8StringTests" runstate="Runnable" testcasecount="1" result="Passed" start-time="2019-11-11 20:29:29Z" end-time="2019-11-11 20:29:29Z" duration="0.000518" total="1" passed="1" failed="0" warnings="0" inconclusive="0" skipped="0" asserts="2">
                <properties />
                <test-case id="1127" name="NonASCIICharacters_Compare()" fullname="GVFS.UnitTests.Virtualization.Git.LazyUTF8StringTests.NonASCIICharacters_Compare()" methodname="NonASCIICharacters_Compare" classname="GVFS.UnitTests.Virtualization.Git.LazyUTF8StringTests" runstate="Runnable" seed="1770962659" result="Passed" start-time="2019-11-11 20:29:29Z" end-time="2019-11-11 20:29:29Z" duration="0.000486" asserts="2">
                  <properties />
                </test-case>
              </test-suite>
              <test-suite type="ParameterizedMethod" id="1118" name="PoolSizeCheck" fullname="GVFS.UnitTests.Virtualization.Git.LazyUTF8StringTests.PoolSizeCheck" classname="GVFS.UnitTests.Virtualization.Git.LazyUTF8StringTests" runstate="Runnable" testcasecount="1" result="Passed" start-time="2019-11-11 20:29:29Z" end-time="2019-11-11 20:29:29Z" duration="0.000536" total="1" passed="1" failed="0" warnings="0" inconclusive="0" skipped="0" asserts="2">
                <properties />
                <test-case id="1117" name="PoolSizeCheck()" fullname="GVFS.UnitTests.Virtualization.Git.LazyUTF8StringTests.PoolSizeCheck()" methodname="PoolSizeCheck" classname="GVFS.UnitTests.Virtualization.Git.LazyUTF8StringTests" runstate="Runnable" seed="622118888" result="Passed" start-time="2019-11-11 20:29:29Z" end-time="2019-11-11 20:29:29Z" duration="0.000509" asserts="2">
                  <properties />
                </test-case>
              </test-suite>
              <test-suite type="ParameterizedMethod" id="1126" name="PoolSizeIncreasesAfterShrinking" fullname="GVFS.UnitTests.Virtualization.Git.LazyUTF8StringTests.PoolSizeIncreasesAfterShrinking" classname="GVFS.UnitTests.Virtualization.Git.LazyUTF8StringTests" runstate="Runnable" testcasecount="1" result="Passed" start-time="2019-11-11 20:29:29Z" end-time="2019-11-11 20:29:29Z" duration="0.000625" total="1" passed="1" failed="0" warnings="0" inconclusive="0" skipped="0" asserts="4">
                <properties />
                <test-case id="1125" name="PoolSizeIncreasesAfterShrinking()" fullname="GVFS.UnitTests.Virtualization.Git.LazyUTF8StringTests.PoolSizeIncreasesAfterShrinking()" methodname="PoolSizeIncreasesAfterShrinking" classname="GVFS.UnitTests.Virtualization.Git.LazyUTF8StringTests" runstate="Runnable" seed="828669984" result="Passed" start-time="2019-11-11 20:29:29Z" end-time="2019-11-11 20:29:29Z" duration="0.000595" asserts="4">
                  <properties />
                </test-case>
              </test-suite>
              <test-suite type="ParameterizedMethod" id="1122" name="ShrinkPool_DecreasesPoolSize" fullname="GVFS.UnitTests.Virtualization.Git.LazyUTF8StringTests.ShrinkPool_DecreasesPoolSize" classname="GVFS.UnitTests.Virtualization.Git.LazyUTF8StringTests" runstate="Runnable" testcasecount="1" result="Passed" start-time="2019-11-11 20:29:29Z" end-time="2019-11-11 20:29:29Z" duration="0.000425" total="1" passed="1" failed="0" warnings="0" inconclusive="0" skipped="0" asserts="2">
                <properties />
                <test-case id="1121" name="ShrinkPool_DecreasesPoolSize()" fullname="GVFS.UnitTests.Virtualization.Git.LazyUTF8StringTests.ShrinkPool_DecreasesPoolSize()" methodname="ShrinkPool_DecreasesPoolSize" classname="GVFS.UnitTests.Virtualization.Git.LazyUTF8StringTests" runstate="Runnable" seed="1754834588" result="Passed" start-time="2019-11-11 20:29:29Z" end-time="2019-11-11 20:29:29Z" duration="0.000391" asserts="2">
                  <properties />
                </test-case>
              </test-suite>
            </test-suite>
            <test-suite type="TestFixture" id="1131" name="SortedFolderEntriesTests" fullname="GVFS.UnitTests.Virtualization.Git.SortedFolderEntriesTests" classname="GVFS.UnitTests.Virtualization.Git.SortedFolderEntriesTests" runstate="Runnable" testcasecount="18" result="Passed" start-time="2019-11-11 20:29:29Z" end-time="2019-11-11 20:29:29Z" duration="0.018638" total="16" passed="16" failed="0" warnings="0" inconclusive="0" skipped="0" asserts="863">
              <properties />
              <test-suite type="ParameterizedMethod" id="1163" name="AddFolderBelowTopLevelIsIncluded" fullname="GVFS.UnitTests.Virtualization.Git.SortedFolderEntriesTests.AddFolderBelowTopLevelIsIncluded" classname="GVFS.UnitTests.Virtualization.Git.SortedFolderEntriesTests" runstate="Runnable" testcasecount="1" result="Passed" start-time="2019-11-11 20:29:29Z" end-time="2019-11-11 20:29:29Z" duration="0.006581" total="1" passed="1" failed="0" warnings="0" inconclusive="0" skipped="0" asserts="62">
                <properties />
                <test-case id="1162" name="AddFolderBelowTopLevelIsIncluded()" fullname="GVFS.UnitTests.Virtualization.Git.SortedFolderEntriesTests.AddFolderBelowTopLevelIsIncluded()" methodname="AddFolderBelowTopLevelIsIncluded" classname="GVFS.UnitTests.Virtualization.Git.SortedFolderEntriesTests" runstate="Runnable" seed="476041592" result="Passed" start-time="2019-11-11 20:29:29Z" end-time="2019-11-11 20:29:29Z" duration="0.006517" asserts="62">
                  <properties />
                </test-case>
              </test-suite>
              <test-suite type="ParameterizedMethod" id="1161" name="AddFolderBelowTopLevelNotIncluded" fullname="GVFS.UnitTests.Virtualization.Git.SortedFolderEntriesTests.AddFolderBelowTopLevelNotIncluded" classname="GVFS.UnitTests.Virtualization.Git.SortedFolderEntriesTests" runstate="Runnable" testcasecount="1" result="Passed" start-time="2019-11-11 20:29:29Z" end-time="2019-11-11 20:29:29Z" duration="0.000664" total="1" passed="1" failed="0" warnings="0" inconclusive="0" skipped="0" asserts="62">
                <properties />
                <test-case id="1160" name="AddFolderBelowTopLevelNotIncluded()" fullname="GVFS.UnitTests.Virtualization.Git.SortedFolderEntriesTests.AddFolderBelowTopLevelNotIncluded()" methodname="AddFolderBelowTopLevelNotIncluded" classname="GVFS.UnitTests.Virtualization.Git.SortedFolderEntriesTests" runstate="Runnable" seed="361967684" result="Passed" start-time="2019-11-11 20:29:29Z" end-time="2019-11-11 20:29:29Z" duration="0.000634" asserts="62">
                  <properties />
                </test-case>
              </test-suite>
              <test-suite type="ParameterizedMethod" id="1153" name="AddFolderWhereParentIncludedIsFalseAndIncluded" fullname="GVFS.UnitTests.Virtualization.Git.SortedFolderEntriesTests.AddFolderWhereParentIncludedIsFalseAndIncluded" classname="GVFS.UnitTests.Virtualization.Git.SortedFolderEntriesTests" runstate="Runnable" testcasecount="1" result="Passed" start-time="2019-11-11 20:29:29Z" end-time="2019-11-11 20:29:29Z" duration="0.000583" total="1" passed="1" failed="0" warnings="0" inconclusive="0" skipped="0" asserts="62">
                <properties />
                <test-case id="1152" name="AddFolderWhereParentIncludedIsFalseAndIncluded()" fullname="GVFS.UnitTests.Virtualization.Git.SortedFolderEntriesTests.AddFolderWhereParentIncludedIsFalseAndIncluded()" methodname="AddFolderWhereParentIncludedIsFalseAndIncluded" classname="GVFS.UnitTests.Virtualization.Git.SortedFolderEntriesTests" runstate="Runnable" seed="330903546" result="Passed" start-time="2019-11-11 20:29:29Z" end-time="2019-11-11 20:29:29Z" duration="0.000554" asserts="62">
                  <properties />
                </test-case>
              </test-suite>
              <test-suite type="ParameterizedMethod" id="1155" name="AddFolderWhereParentIncludedIsTrueAndChildIsIncluded" fullname="GVFS.UnitTests.Virtualization.Git.SortedFolderEntriesTests.AddFolderWhereParentIncludedIsTrueAndChildIsIncluded" classname="GVFS.UnitTests.Virtualization.Git.SortedFolderEntriesTests" runstate="Runnable" testcasecount="1" result="Passed" start-time="2019-11-11 20:29:29Z" end-time="2019-11-11 20:29:29Z" duration="0.000674" total="1" passed="1" failed="0" warnings="0" inconclusive="0" skipped="0" asserts="62">
                <properties />
                <test-case id="1154" name="AddFolderWhereParentIncludedIsTrueAndChildIsIncluded()" fullname="GVFS.UnitTests.Virtualization.Git.SortedFolderEntriesTests.AddFolderWhereParentIncludedIsTrueAndChildIsIncluded()" methodname="AddFolderWhereParentIncludedIsTrueAndChildIsIncluded" classname="GVFS.UnitTests.Virtualization.Git.SortedFolderEntriesTests" runstate="Runnable" seed="1148920082" result="Passed" start-time="2019-11-11 20:29:29Z" end-time="2019-11-11 20:29:29Z" duration="0.000628" asserts="62">
                  <properties />
                </test-case>
              </test-suite>
              <test-suite type="ParameterizedMethod" id="1157" name="AddFolderWhereParentIncludedIsTrueAndChildIsNotIncluded" fullname="GVFS.UnitTests.Virtualization.Git.SortedFolderEntriesTests.AddFolderWhereParentIncludedIsTrueAndChildIsNotIncluded" classname="GVFS.UnitTests.Virtualization.Git.SortedFolderEntriesTests" runstate="Runnable" testcasecount="1" result="Passed" start-time="2019-11-11 20:29:29Z" end-time="2019-11-11 20:29:29Z" duration="0.000602" total="1" passed="1" failed="0" warnings="0" inconclusive="0" skipped="0" asserts="62">
                <properties />
                <test-case id="1156" name="AddFolderWhereParentIncludedIsTrueAndChildIsNotIncluded()" fullname="GVFS.UnitTests.Virtualization.Git.SortedFolderEntriesTests.AddFolderWhereParentIncludedIsTrueAndChildIsNotIncluded()" methodname="AddFolderWhereParentIncludedIsTrueAndChildIsNotIncluded" classname="GVFS.UnitTests.Virtualization.Git.SortedFolderEntriesTests" runstate="Runnable" seed="1053282636" result="Passed" start-time="2019-11-11 20:29:29Z" end-time="2019-11-11 20:29:29Z" duration="0.000571" asserts="62">
                  <properties />
                </test-case>
              </test-suite>
              <test-suite type="ParameterizedMethod" id="1159" name="AddFolderWhereParentIsRecursive" fullname="GVFS.UnitTests.Virtualization.Git.SortedFolderEntriesTests.AddFolderWhereParentIsRecursive" classname="GVFS.UnitTests.Virtualization.Git.SortedFolderEntriesTests" runstate="Runnable" testcasecount="1" result="Passed" start-time="2019-11-11 20:29:29Z" end-time="2019-11-11 20:29:29Z" duration="0.000719" total="1" passed="1" failed="0" warnings="0" inconclusive="0" skipped="0" asserts="62">
                <properties />
                <test-case id="1158" name="AddFolderWhereParentIsRecursive()" fullname="GVFS.UnitTests.Virtualization.Git.SortedFolderEntriesTests.AddFolderWhereParentIsRecursive()" methodname="AddFolderWhereParentIsRecursive" classname="GVFS.UnitTests.Virtualization.Git.SortedFolderEntriesTests" runstate="Runnable" seed="1600342630" result="Passed" start-time="2019-11-11 20:29:29Z" end-time="2019-11-11 20:29:29Z" duration="0.000690" asserts="62">
                  <properties />
                </test-case>
              </test-suite>
              <test-suite type="ParameterizedMethod" id="1143" name="AddItemAtEnd" fullname="GVFS.UnitTests.Virtualization.Git.SortedFolderEntriesTests.AddItemAtEnd" classname="GVFS.UnitTests.Virtualization.Git.SortedFolderEntriesTests" runstate="Runnable" testcasecount="1" result="Passed" start-time="2019-11-11 20:29:29Z" end-time="2019-11-11 20:29:29Z" duration="0.000690" total="1" passed="1" failed="0" warnings="0" inconclusive="0" skipped="0" asserts="58">
                <properties />
                <test-case id="1142" name="AddItemAtEnd()" fullname="GVFS.UnitTests.Virtualization.Git.SortedFolderEntriesTests.AddItemAtEnd()" methodname="AddItemAtEnd" classname="GVFS.UnitTests.Virtualization.Git.SortedFolderEntriesTests" runstate="Runnable" seed="828371220" result="Passed" start-time="2019-11-11 20:29:29Z" end-time="2019-11-11 20:29:29Z" duration="0.000664" asserts="58">
                  <properties />
                </test-case>
              </test-suite>
              <test-suite type="ParameterizedMethod" id="1145" name="AddItemAtTheBeginning" fullname="GVFS.UnitTests.Virtualization.Git.SortedFolderEntriesTests.AddItemAtTheBeginning" classname="GVFS.UnitTests.Virtualization.Git.SortedFolderEntriesTests" runstate="Runnable" testcasecount="1" result="Passed" start-time="2019-11-11 20:29:29Z" end-time="2019-11-11 20:29:29Z" duration="0.000584" total="1" passed="1" failed="0" warnings="0" inconclusive="0" skipped="0" asserts="58">
                <properties />
                <test-case id="1144" name="AddItemAtTheBeginning()" fullname="GVFS.UnitTests.Virtualization.Git.SortedFolderEntriesTests.AddItemAtTheBeginning()" methodname="AddItemAtTheBeginning" classname="GVFS.UnitTests.Virtualization.Git.SortedFolderEntriesTests" runstate="Runnable" seed="530332383" result="Passed" start-time="2019-11-11 20:29:29Z" end-time="2019-11-11 20:29:29Z" duration="0.000550" asserts="58">
                  <properties />
                </test-case>
              </test-suite>
              <test-suite type="ParameterizedMethod" id="1165" name="Clear" fullname="GVFS.UnitTests.Virtualization.Git.SortedFolderEntriesTests.Clear" classname="GVFS.UnitTests.Virtualization.Git.SortedFolderEntriesTests" runstate="Runnable" testcasecount="1" result="Passed" start-time="2019-11-11 20:29:29Z" end-time="2019-11-11 20:29:29Z" duration="0.000653" total="1" passed="1" failed="0" warnings="0" inconclusive="0" skipped="0" asserts="58">
                <properties />
                <test-case id="1164" name="Clear()" fullname="GVFS.UnitTests.Virtualization.Git.SortedFolderEntriesTests.Clear()" methodname="Clear" classname="GVFS.UnitTests.Virtualization.Git.SortedFolderEntriesTests" runstate="Runnable" seed="1629383621" result="Passed" start-time="2019-11-11 20:29:29Z" end-time="2019-11-11 20:29:29Z" duration="0.000607" asserts="58">
                  <properties />
                </test-case>
              </test-suite>
              <test-suite type="ParameterizedMethod" id="1133" name="EmptyFolderEntries_NotFound" fullname="GVFS.UnitTests.Virtualization.Git.SortedFolderEntriesTests.EmptyFolderEntries_NotFound" classname="GVFS.UnitTests.Virtualization.Git.SortedFolderEntriesTests" runstate="Runnable" testcasecount="1" result="Passed" start-time="2019-11-11 20:29:29Z" end-time="2019-11-11 20:29:29Z" duration="0.000414" total="1" passed="1" failed="0" warnings="0" inconclusive="0" skipped="0" asserts="2">
                <properties />
                <test-case id="1132" name="EmptyFolderEntries_NotFound()" fullname="GVFS.UnitTests.Virtualization.Git.SortedFolderEntriesTests.EmptyFolderEntries_NotFound()" methodname="EmptyFolderEntries_NotFound" classname="GVFS.UnitTests.Virtualization.Git.SortedFolderEntriesTests" runstate="Runnable" seed="1484854255" result="Passed" start-time="2019-11-11 20:29:29Z" end-time="2019-11-11 20:29:29Z" duration="0.000387" asserts="2">
                  <properties />
                </test-case>
              </test-suite>
              <test-suite type="ParameterizedMethod" id="1139" name="EntryFoundDifferentCase" fullname="GVFS.UnitTests.Virtualization.Git.SortedFolderEntriesTests.EntryFoundDifferentCase" classname="GVFS.UnitTests.Virtualization.Git.SortedFolderEntriesTests" runstate="Runnable" testcasecount="1" result="Passed" start-time="2019-11-11 20:29:29Z" end-time="2019-11-11 20:29:29Z" duration="0.000527" total="1" passed="1" failed="0" warnings="0" inconclusive="0" skipped="0" asserts="59">
                <properties>
                  <property name="Category" value="CaseInsensitiveFileSystemOnly" />
                </properties>
                <test-case id="1138" name="EntryFoundDifferentCase()" fullname="GVFS.UnitTests.Virtualization.Git.SortedFolderEntriesTests.EntryFoundDifferentCase()" methodname="EntryFoundDifferentCase" classname="GVFS.UnitTests.Virtualization.Git.SortedFolderEntriesTests" runstate="Runnable" seed="993118342" result="Passed" start-time="2019-11-11 20:29:29Z" end-time="2019-11-11 20:29:29Z" duration="0.000497" asserts="59">
                  <properties />
                </test-case>
              </test-suite>
              <test-suite type="ParameterizedMethod" id="1137" name="EntryFoundMatchingCase" fullname="GVFS.UnitTests.Virtualization.Git.SortedFolderEntriesTests.EntryFoundMatchingCase" classname="GVFS.UnitTests.Virtualization.Git.SortedFolderEntriesTests" runstate="Runnable" testcasecount="1" result="Passed" start-time="2019-11-11 20:29:29Z" end-time="2019-11-11 20:29:29Z" duration="0.000505" total="1" passed="1" failed="0" warnings="0" inconclusive="0" skipped="0" asserts="59">
                <properties />
                <test-case id="1136" name="EntryFoundMatchingCase()" fullname="GVFS.UnitTests.Virtualization.Git.SortedFolderEntriesTests.EntryFoundMatchingCase()" methodname="EntryFoundMatchingCase" classname="GVFS.UnitTests.Virtualization.Git.SortedFolderEntriesTests" runstate="Runnable" seed="1170890120" result="Passed" start-time="2019-11-11 20:29:29Z" end-time="2019-11-11 20:29:29Z" duration="0.000477" asserts="59">
                  <properties />
                </test-case>
              </test-suite>
              <test-suite type="ParameterizedMethod" id="1135" name="EntryNotFound" fullname="GVFS.UnitTests.Virtualization.Git.SortedFolderEntriesTests.EntryNotFound" classname="GVFS.UnitTests.Virtualization.Git.SortedFolderEntriesTests" runstate="Runnable" testcasecount="1" result="Passed" start-time="2019-11-11 20:29:29Z" end-time="2019-11-11 20:29:29Z" duration="0.002104" total="1" passed="1" failed="0" warnings="0" inconclusive="0" skipped="0" asserts="59">
                <properties />
                <test-case id="1134" name="EntryNotFound()" fullname="GVFS.UnitTests.Virtualization.Git.SortedFolderEntriesTests.EntryNotFound()" methodname="EntryNotFound" classname="GVFS.UnitTests.Virtualization.Git.SortedFolderEntriesTests" runstate="Runnable" seed="1931685939" result="Passed" start-time="2019-11-11 20:29:29Z" end-time="2019-11-11 20:29:29Z" duration="0.002073" asserts="59">
                  <properties />
                </test-case>
              </test-suite>
              <test-suite type="ParameterizedMethod" id="1151" name="FoldersShouldBeIncludedWhenSparseFolderDataIsEmpty" fullname="GVFS.UnitTests.Virtualization.Git.SortedFolderEntriesTests.FoldersShouldBeIncludedWhenSparseFolderDataIsEmpty" classname="GVFS.UnitTests.Virtualization.Git.SortedFolderEntriesTests" runstate="Runnable" testcasecount="1" result="Passed" start-time="2019-11-11 20:29:29Z" end-time="2019-11-11 20:29:29Z" duration="0.000523" total="1" passed="1" failed="0" warnings="0" inconclusive="0" skipped="0" asserts="62">
                <properties />
                <test-case id="1150" name="FoldersShouldBeIncludedWhenSparseFolderDataIsEmpty()" fullname="GVFS.UnitTests.Virtualization.Git.SortedFolderEntriesTests.FoldersShouldBeIncludedWhenSparseFolderDataIsEmpty()" methodname="FoldersShouldBeIncludedWhenSparseFolderDataIsEmpty" classname="GVFS.UnitTests.Virtualization.Git.SortedFolderEntriesTests" runstate="Runnable" seed="917129598" result="Passed" start-time="2019-11-11 20:29:29Z" end-time="2019-11-11 20:29:29Z" duration="0.000494" asserts="62">
                  <properties />
                </test-case>
              </test-suite>
              <test-suite type="ParameterizedMethod" id="1167" name="SmallEntries" fullname="GVFS.UnitTests.Virtualization.Git.SortedFolderEntriesTests.SmallEntries" classname="GVFS.UnitTests.Virtualization.Git.SortedFolderEntriesTests" runstate="Runnable" testcasecount="1" result="Passed" start-time="2019-11-11 20:29:29Z" end-time="2019-11-11 20:29:29Z" duration="0.000500" total="1" passed="1" failed="0" warnings="0" inconclusive="0" skipped="0" asserts="4">
                <properties />
                <test-case id="1166" name="SmallEntries()" fullname="GVFS.UnitTests.Virtualization.Git.SortedFolderEntriesTests.SmallEntries()" methodname="SmallEntries" classname="GVFS.UnitTests.Virtualization.Git.SortedFolderEntriesTests" runstate="Runnable" seed="1321414450" result="Passed" start-time="2019-11-11 20:29:29Z" end-time="2019-11-11 20:29:29Z" duration="0.000466" asserts="4">
                  <properties />
                </test-case>
              </test-suite>
              <test-suite type="ParameterizedMethod" id="1147" name="ValidateCaseInsensitiveOrderOfDefaultEntries" fullname="GVFS.UnitTests.Virtualization.Git.SortedFolderEntriesTests.ValidateCaseInsensitiveOrderOfDefaultEntries" classname="GVFS.UnitTests.Virtualization.Git.SortedFolderEntriesTests" runstate="Runnable" testcasecount="1" result="Passed" start-time="2019-11-11 20:29:29Z" end-time="2019-11-11 20:29:29Z" duration="0.001130" total="1" passed="1" failed="0" warnings="0" inconclusive="0" skipped="0" asserts="72">
                <properties>
                  <property name="Category" value="CaseInsensitiveFileSystemOnly" />
                </properties>
                <test-case id="1146" name="ValidateCaseInsensitiveOrderOfDefaultEntries()" fullname="GVFS.UnitTests.Virtualization.Git.SortedFolderEntriesTests.ValidateCaseInsensitiveOrderOfDefaultEntries()" methodname="ValidateCaseInsensitiveOrderOfDefaultEntries" classname="GVFS.UnitTests.Virtualization.Git.SortedFolderEntriesTests" runstate="Runnable" seed="84201082" result="Passed" start-time="2019-11-11 20:29:29Z" end-time="2019-11-11 20:29:29Z" duration="0.001071" asserts="72">
                  <properties />
                </test-case>
              </test-suite>
            </test-suite>
          </test-suite>
          <test-suite type="TestFixture" id="1022" name="ObjectPoolTests" fullname="GVFS.UnitTests.Virtualization.ObjectPoolTests" classname="GVFS.UnitTests.Virtualization.ObjectPoolTests" runstate="Runnable" testcasecount="4" result="Passed" start-time="2019-11-11 20:29:29Z" end-time="2019-11-11 20:29:29Z" duration="0.004175" total="4" passed="4" failed="0" warnings="0" inconclusive="0" skipped="0" asserts="348">
            <properties />
            <test-suite type="ParameterizedMethod" id="1030" name="FreeKeepsPoolSize" fullname="GVFS.UnitTests.Virtualization.ObjectPoolTests.FreeKeepsPoolSize" classname="GVFS.UnitTests.Virtualization.ObjectPoolTests" runstate="Runnable" testcasecount="1" result="Passed" start-time="2019-11-11 20:29:29Z" end-time="2019-11-11 20:29:29Z" duration="0.002030" total="1" passed="1" failed="0" warnings="0" inconclusive="0" skipped="0" asserts="221">
              <properties />
              <test-case id="1029" name="FreeKeepsPoolSize()" fullname="GVFS.UnitTests.Virtualization.ObjectPoolTests.FreeKeepsPoolSize()" methodname="FreeKeepsPoolSize" classname="GVFS.UnitTests.Virtualization.ObjectPoolTests" runstate="Runnable" seed="823923871" result="Passed" start-time="2019-11-11 20:29:29Z" end-time="2019-11-11 20:29:29Z" duration="0.002001" asserts="221">
                <properties />
              </test-case>
            </test-suite>
            <test-suite type="ParameterizedMethod" id="1028" name="FreeToZeroAllocatesMinimumSizeNextGet" fullname="GVFS.UnitTests.Virtualization.ObjectPoolTests.FreeToZeroAllocatesMinimumSizeNextGet" classname="GVFS.UnitTests.Virtualization.ObjectPoolTests" runstate="Runnable" testcasecount="1" result="Passed" start-time="2019-11-11 20:29:29Z" end-time="2019-11-11 20:29:29Z" duration="0.000910" total="1" passed="1" failed="0" warnings="0" inconclusive="0" skipped="0" asserts="3">
              <properties />
              <test-case id="1027" name="FreeToZeroAllocatesMinimumSizeNextGet()" fullname="GVFS.UnitTests.Virtualization.ObjectPoolTests.FreeToZeroAllocatesMinimumSizeNextGet()" methodname="FreeToZeroAllocatesMinimumSizeNextGet" classname="GVFS.UnitTests.Virtualization.ObjectPoolTests" runstate="Runnable" seed="153629479" result="Passed" start-time="2019-11-11 20:29:29Z" end-time="2019-11-11 20:29:29Z" duration="0.000859" asserts="3">
                <properties />
              </test-case>
            </test-suite>
            <test-suite type="ParameterizedMethod" id="1026" name="ShrinkKeepsUsedObjectsPlusPercent" fullname="GVFS.UnitTests.Virtualization.ObjectPoolTests.ShrinkKeepsUsedObjectsPlusPercent" classname="GVFS.UnitTests.Virtualization.ObjectPoolTests" runstate="Runnable" testcasecount="1" result="Passed" start-time="2019-11-11 20:29:29Z" end-time="2019-11-11 20:29:29Z" duration="0.000859" total="1" passed="1" failed="0" warnings="0" inconclusive="0" skipped="0" asserts="22">
              <properties />
              <test-case id="1025" name="ShrinkKeepsUsedObjectsPlusPercent()" fullname="GVFS.UnitTests.Virtualization.ObjectPoolTests.ShrinkKeepsUsedObjectsPlusPercent()" methodname="ShrinkKeepsUsedObjectsPlusPercent" classname="GVFS.UnitTests.Virtualization.ObjectPoolTests" runstate="Runnable" seed="1789681889" result="Passed" start-time="2019-11-11 20:29:29Z" end-time="2019-11-11 20:29:29Z" duration="0.000824" asserts="22">
                <properties />
              </test-case>
            </test-suite>
            <test-suite type="ParameterizedMethod" id="1024" name="TestGettingObjects" fullname="GVFS.UnitTests.Virtualization.ObjectPoolTests.TestGettingObjects" classname="GVFS.UnitTests.Virtualization.ObjectPoolTests" runstate="Runnable" testcasecount="1" result="Passed" start-time="2019-11-11 20:29:29Z" end-time="2019-11-11 20:29:29Z" duration="0.000222" total="1" passed="1" failed="0" warnings="0" inconclusive="0" skipped="0" asserts="102">
              <properties />
              <test-case id="1023" name="TestGettingObjects()" fullname="GVFS.UnitTests.Virtualization.ObjectPoolTests.TestGettingObjects()" methodname="TestGettingObjects" classname="GVFS.UnitTests.Virtualization.ObjectPoolTests" runstate="Runnable" seed="1201454907" result="Passed" start-time="2019-11-11 20:29:29Z" end-time="2019-11-11 20:29:29Z" duration="0.000196" asserts="102">
                <properties />
              </test-case>
            </test-suite>
          </test-suite>
        </test-suite>
      </test-suite>
    </test-suite>
  </test-suite>
</test-run>